[2024-10-15T12:47:09.595+0530] {local_task_job_runner.py:123} INFO - ::group::Pre task execution logs
[2024-10-15T12:47:09.603+0530] {taskinstance.py:2612} INFO - Dependencies all met for dep_context=non-requeueable deps ti=<TaskInstance: example_bash_operator.run_after_loop scheduled__2024-10-14T00:00:00+00:00 [queued]>
[2024-10-15T12:47:09.607+0530] {taskinstance.py:2612} INFO - Dependencies all met for dep_context=requeueable deps ti=<TaskInstance: example_bash_operator.run_after_loop scheduled__2024-10-14T00:00:00+00:00 [queued]>
[2024-10-15T12:47:09.607+0530] {taskinstance.py:2865} INFO - Starting attempt 1 of 1
[2024-10-15T12:47:09.622+0530] {taskinstance.py:2888} INFO - Executing <Task(BashOperator): run_after_loop> on 2024-10-14 00:00:00+00:00
[2024-10-15T12:47:09.628+0530] {standard_task_runner.py:72} INFO - Started process 8292 to run task
[2024-10-15T12:47:09.633+0530] {standard_task_runner.py:104} INFO - Running: ['airflow', 'tasks', 'run', 'example_bash_operator', 'run_after_loop', 'scheduled__2024-10-14T00:00:00+00:00', '--job-id', '13', '--raw', '--subdir', '/usr/local/lib/python3.10/dist-packages/airflow/example_dags/example_bash_operator.py', '--cfg-path', '/tmp/tmpa8gr_fb7']
[2024-10-15T12:47:09.635+0530] {standard_task_runner.py:105} INFO - Job 13: Subtask run_after_loop
[2024-10-15T12:47:09.678+0530] {task_command.py:467} INFO - Running <TaskInstance: example_bash_operator.run_after_loop scheduled__2024-10-14T00:00:00+00:00 [running]> on host tce.myguest.virtualbox.org
[2024-10-15T12:47:09.760+0530] {taskinstance.py:3131} INFO - Exporting env vars: AIRFLOW_CTX_DAG_OWNER='airflow' AIRFLOW_CTX_DAG_ID='example_bash_operator' AIRFLOW_CTX_TASK_ID='run_after_loop' AIRFLOW_CTX_EXECUTION_DATE='2024-10-14T00:00:00+00:00' AIRFLOW_CTX_TRY_NUMBER='1' AIRFLOW_CTX_DAG_RUN_ID='scheduled__2024-10-14T00:00:00+00:00'
[2024-10-15T12:47:09.763+0530] {logging_mixin.py:190} INFO - Task instance is in running state
[2024-10-15T12:47:09.763+0530] {logging_mixin.py:190} INFO -  Previous state of the Task instance: queued
[2024-10-15T12:47:09.763+0530] {logging_mixin.py:190} INFO - Current task name:run_after_loop state:running start_date:2024-10-15 07:17:09.603591+00:00
[2024-10-15T12:47:09.763+0530] {logging_mixin.py:190} INFO - Dag name:example_bash_operator and current dag run status:running
[2024-10-15T12:47:09.763+0530] {taskinstance.py:731} INFO - ::endgroup::
[2024-10-15T12:47:09.766+0530] {subprocess.py:63} INFO - Tmp dir root location: /tmp
[2024-10-15T12:47:09.767+0530] {subprocess.py:75} INFO - Running command: ['/usr/bin/bash', '-c', 'echo https://airflow.apache.org/']
[2024-10-15T12:47:09.782+0530] {subprocess.py:86} INFO - Output:
[2024-10-15T12:47:09.782+0530] {subprocess.py:93} INFO - https://airflow.apache.org/
[2024-10-15T12:47:09.783+0530] {subprocess.py:97} INFO - Command exited with return code 0
[2024-10-15T12:47:09.807+0530] {taskinstance.py:340} INFO - ::group::Post task execution logs
[2024-10-15T12:47:09.808+0530] {taskinstance.py:352} INFO - Marking task as SUCCESS. dag_id=example_bash_operator, task_id=run_after_loop, run_id=scheduled__2024-10-14T00:00:00+00:00, execution_date=20241014T000000, start_date=20241015T071709, end_date=20241015T071709
[2024-10-15T12:47:09.822+0530] {logging_mixin.py:190} INFO - Task instance in success state
[2024-10-15T12:47:09.822+0530] {logging_mixin.py:190} INFO -  Previous state of the Task instance: running
[2024-10-15T12:47:09.822+0530] {logging_mixin.py:190} INFO - Dag name:example_bash_operator queued_at:2024-10-15 07:16:36.767315+00:00
[2024-10-15T12:47:09.822+0530] {logging_mixin.py:190} INFO - Task hostname:tce.myguest.virtualbox.org operator:BashOperator
[2024-10-15T12:47:09.833+0530] {local_task_job_runner.py:266} INFO - Task exited with return code 0
[2024-10-15T12:47:09.842+0530] {taskinstance.py:3900} INFO - 0 downstream tasks scheduled from follow-on schedule check
[2024-10-15T12:47:09.842+0530] {local_task_job_runner.py:245} INFO - ::endgroup::
