[2024-10-15T13:05:23.813+0530] {local_task_job_runner.py:123} INFO - ::group::Pre task execution logs
[2024-10-15T13:05:23.821+0530] {taskinstance.py:2612} INFO - Dependencies all met for dep_context=non-requeueable deps ti=<TaskInstance: my_first_dag.print_hello manual__2024-10-15T07:35:19.615868+00:00 [queued]>
[2024-10-15T13:05:23.825+0530] {taskinstance.py:2612} INFO - Dependencies all met for dep_context=requeueable deps ti=<TaskInstance: my_first_dag.print_hello manual__2024-10-15T07:35:19.615868+00:00 [queued]>
[2024-10-15T13:05:23.825+0530] {taskinstance.py:2865} INFO - Starting attempt 1 of 2
[2024-10-15T13:05:23.838+0530] {taskinstance.py:2888} INFO - Executing <Task(PythonOperator): print_hello> on 2024-10-15 07:35:19.615868+00:00
[2024-10-15T13:05:23.843+0530] {standard_task_runner.py:72} INFO - Started process 12498 to run task
[2024-10-15T13:05:23.850+0530] {standard_task_runner.py:104} INFO - Running: ['airflow', 'tasks', 'run', 'my_first_dag', 'print_hello', 'manual__2024-10-15T07:35:19.615868+00:00', '--job-id', '17', '--raw', '--subdir', 'DAGS_FOLDER/my_first_dag.py', '--cfg-path', '/tmp/tmpird_fg44']
[2024-10-15T13:05:23.850+0530] {standard_task_runner.py:105} INFO - Job 17: Subtask print_hello
[2024-10-15T13:05:23.939+0530] {task_command.py:467} INFO - Running <TaskInstance: my_first_dag.print_hello manual__2024-10-15T07:35:19.615868+00:00 [running]> on host tce.myguest.virtualbox.org
[2024-10-15T13:05:24.026+0530] {taskinstance.py:3131} INFO - Exporting env vars: AIRFLOW_CTX_DAG_OWNER='airflow' AIRFLOW_CTX_DAG_ID='my_first_dag' AIRFLOW_CTX_TASK_ID='print_hello' AIRFLOW_CTX_EXECUTION_DATE='2024-10-15T07:35:19.615868+00:00' AIRFLOW_CTX_TRY_NUMBER='1' AIRFLOW_CTX_DAG_RUN_ID='manual__2024-10-15T07:35:19.615868+00:00'
[2024-10-15T13:05:24.027+0530] {logging_mixin.py:190} INFO - Task instance is in running state
[2024-10-15T13:05:24.027+0530] {logging_mixin.py:190} INFO -  Previous state of the Task instance: queued
[2024-10-15T13:05:24.029+0530] {logging_mixin.py:190} INFO - Current task name:print_hello state:running start_date:2024-10-15 07:35:23.821315+00:00
[2024-10-15T13:05:24.030+0530] {logging_mixin.py:190} INFO - Dag name:my_first_dag and current dag run status:running
[2024-10-15T13:05:24.030+0530] {taskinstance.py:731} INFO - ::endgroup::
[2024-10-15T13:05:24.030+0530] {logging_mixin.py:190} INFO - Hello, Airflow!
[2024-10-15T13:05:24.030+0530] {python.py:240} INFO - Done. Returned value was: None
[2024-10-15T13:05:24.037+0530] {taskinstance.py:340} INFO - ::group::Post task execution logs
[2024-10-15T13:05:24.037+0530] {taskinstance.py:352} INFO - Marking task as SUCCESS. dag_id=my_first_dag, task_id=print_hello, run_id=manual__2024-10-15T07:35:19.615868+00:00, execution_date=20241015T073519, start_date=20241015T073523, end_date=20241015T073524
[2024-10-15T13:05:24.049+0530] {logging_mixin.py:190} INFO - Task instance in success state
[2024-10-15T13:05:24.050+0530] {logging_mixin.py:190} INFO -  Previous state of the Task instance: running
[2024-10-15T13:05:24.050+0530] {logging_mixin.py:190} INFO - Dag name:my_first_dag queued_at:2024-10-15 07:35:19.664112+00:00
[2024-10-15T13:05:24.051+0530] {logging_mixin.py:190} INFO - Task hostname:tce.myguest.virtualbox.org operator:PythonOperator
[2024-10-15T13:05:24.069+0530] {local_task_job_runner.py:266} INFO - Task exited with return code 0
[2024-10-15T13:05:24.081+0530] {taskinstance.py:3900} INFO - 0 downstream tasks scheduled from follow-on schedule check
[2024-10-15T13:05:24.082+0530] {local_task_job_runner.py:245} INFO - ::endgroup::
