[2024-10-15T21:48:38.598+0530] {local_task_job_runner.py:123} INFO - ::group::Pre task execution logs
[2024-10-15T21:48:38.608+0530] {taskinstance.py:2612} INFO - Dependencies all met for dep_context=non-requeueable deps ti=<TaskInstance: home_schedule_dag.perform_analytics manual__2024-10-15T16:18:35.739863+00:00 [queued]>
[2024-10-15T21:48:38.614+0530] {taskinstance.py:2612} INFO - Dependencies all met for dep_context=requeueable deps ti=<TaskInstance: home_schedule_dag.perform_analytics manual__2024-10-15T16:18:35.739863+00:00 [queued]>
[2024-10-15T21:48:38.615+0530] {taskinstance.py:2865} INFO - Starting attempt 1 of 11
[2024-10-15T21:48:38.628+0530] {taskinstance.py:2888} INFO - Executing <Task(PythonOperator): perform_analytics> on 2024-10-15 16:18:35.739863+00:00
[2024-10-15T21:48:38.633+0530] {standard_task_runner.py:72} INFO - Started process 18491 to run task
[2024-10-15T21:48:38.639+0530] {standard_task_runner.py:104} INFO - Running: ['airflow', 'tasks', 'run', 'home_schedule_dag', 'perform_analytics', 'manual__2024-10-15T16:18:35.739863+00:00', '--job-id', '24', '--raw', '--subdir', 'DAGS_FOLDER/home_schedule_dag.py', '--cfg-path', '/tmp/tmp1mvd9sxe']
[2024-10-15T21:48:38.642+0530] {standard_task_runner.py:105} INFO - Job 24: Subtask perform_analytics
[2024-10-15T21:48:38.678+0530] {task_command.py:467} INFO - Running <TaskInstance: home_schedule_dag.perform_analytics manual__2024-10-15T16:18:35.739863+00:00 [running]> on host tce.myguest.virtualbox.org
[2024-10-15T21:48:38.738+0530] {taskinstance.py:3131} INFO - Exporting env vars: AIRFLOW_CTX_DAG_OWNER='airflow' AIRFLOW_CTX_DAG_ID='home_schedule_dag' AIRFLOW_CTX_TASK_ID='perform_analytics' AIRFLOW_CTX_EXECUTION_DATE='2024-10-15T16:18:35.739863+00:00' AIRFLOW_CTX_TRY_NUMBER='1' AIRFLOW_CTX_DAG_RUN_ID='manual__2024-10-15T16:18:35.739863+00:00'
[2024-10-15T21:48:38.739+0530] {logging_mixin.py:190} INFO - Task instance is in running state
[2024-10-15T21:48:38.739+0530] {logging_mixin.py:190} INFO -  Previous state of the Task instance: queued
[2024-10-15T21:48:38.739+0530] {logging_mixin.py:190} INFO - Current task name:perform_analytics state:running start_date:2024-10-15 16:18:38.608811+00:00
[2024-10-15T21:48:38.739+0530] {logging_mixin.py:190} INFO - Dag name:home_schedule_dag and current dag run status:running
[2024-10-15T21:48:38.739+0530] {taskinstance.py:731} INFO - ::endgroup::
[2024-10-15T21:48:46.155+0530] {logging_mixin.py:190} INFO - Reading the CSV file...
[2024-10-15T21:48:53.462+0530] {logging_mixin.py:190} INFO - CSV file loaded successfully!
[2024-10-15T21:48:53.463+0530] {logging_mixin.py:190} INFO - DataFrame Schema:
[2024-10-15T21:48:53.465+0530] {logging_mixin.py:190} INFO - root
 |-- id: string (nullable = true)
 |-- date: string (nullable = true)
 |-- price: double (nullable = true)
 |-- bedrooms: string (nullable = true)
 |-- bathrooms: string (nullable = true)
 |-- sqft_living: string (nullable = true)
 |-- sqft_lot: string (nullable = true)
 |-- floors: string (nullable = true)
 |-- waterfront: string (nullable = true)
 |-- view: string (nullable = true)
 |-- condition: string (nullable = true)
 |-- grade: string (nullable = true)
 |-- yr_built: string (nullable = true)
 |-- zipcode: string (nullable = true)
 |-- lat: string (nullable = true)
 |-- long: string (nullable = true)
[2024-10-15T21:48:53.465+0530] {logging_mixin.py:190} INFO - First few rows of the DataFrame:
[2024-10-15T21:48:53.841+0530] {logging_mixin.py:190} INFO - +----------+---------------+---------+--------+---------+-----------+--------+------+----------+-------+---------+-----+--------+-------+-------+--------+
|        id|           date|    price|bedrooms|bathrooms|sqft_living|sqft_lot|floors|waterfront|   view|condition|grade|yr_built|zipcode|    lat|    long|
+----------+---------------+---------+--------+---------+-----------+--------+------+----------+-------+---------+-----+--------+-------+-------+--------+
|        id|           date|     NULL|bedrooms|bathrooms|sqft_living|sqft_lot|floors|waterfront|   view|condition|grade|yr_built|zipcode|    lat|    long|
| 629000615|20141022T000000|1495000.0|       4|     3.25|       3070|   10375|     2|        No|No View|  Average|   10|    1962|  98004|47.5862|-122.198|
|4141800215|20141126T000000|1495000.0|       4|     3.75|       3770|    4000|   2.5|        No|No View|Very Good|    9|    1916|  98122|47.6157|-122.287|
|6448000020|20150129T000000|1490000.0|       4|      2.5|       2420|   18480|     1|        No|No View|     Good|    9|    1967|  98004|47.6214|-122.227|
|9522300010|20150331T000000|1490000.0|       3|      3.5|       4560|   14608|     2|        No|Average|  Average|   12|    1990|  98034|47.6995|-122.228|
+----------+---------------+---------+--------+---------+-----------+--------+------+----------+-------+---------+-----+--------+-------+-------+--------+
only showing top 5 rows
[2024-10-15T21:48:54.243+0530] {logging_mixin.py:190} INFO - Calculating price statistics by zipcode...
[2024-10-15T21:48:55.318+0530] {logging_mixin.py:190} INFO - Price statistics saved to /home/vboxuser/airflow/dags/analytics/price_stats_by_zipcode
[2024-10-15T21:48:55.318+0530] {logging_mixin.py:190} INFO - Analyzing house features...
[2024-10-15T21:48:55.925+0530] {logging_mixin.py:190} INFO - House features analysis saved to /home/vboxuser/airflow/dags/analytics/house_features_analysis
[2024-10-15T21:48:55.926+0530] {logging_mixin.py:190} INFO - Analyzing condition and grade distribution...
[2024-10-15T21:48:56.365+0530] {logging_mixin.py:190} INFO - Condition and grade distribution saved to /home/vboxuser/airflow/dags/analytics/condition_distribution
[2024-10-15T21:48:56.366+0530] {logging_mixin.py:190} INFO - Analyzing waterfront properties...
[2024-10-15T21:48:56.966+0530] {logging_mixin.py:190} INFO - Waterfront analysis saved to /home/vboxuser/airflow/dags/analytics/waterfront_analysis
[2024-10-15T21:48:56.967+0530] {logging_mixin.py:190} INFO - Consolidating CSV files from /home/vboxuser/airflow/dags/analytics/price_stats_by_zipcode into /home/vboxuser/airflow/dags/analytics/price_stats_by_zipcode_final.csv...
[2024-10-15T21:48:56.967+0530] {logging_mixin.py:190} INFO - Consolidated files into /home/vboxuser/airflow/dags/analytics/price_stats_by_zipcode_final.csv
[2024-10-15T21:48:56.968+0530] {logging_mixin.py:190} INFO - Consolidating CSV files from /home/vboxuser/airflow/dags/analytics/house_features_analysis into /home/vboxuser/airflow/dags/analytics/house_features_analysis_final.csv...
[2024-10-15T21:48:56.969+0530] {logging_mixin.py:190} INFO - Consolidated files into /home/vboxuser/airflow/dags/analytics/house_features_analysis_final.csv
[2024-10-15T21:48:56.971+0530] {logging_mixin.py:190} INFO - Consolidating CSV files from /home/vboxuser/airflow/dags/analytics/condition_distribution into /home/vboxuser/airflow/dags/analytics/condition_distribution_final.csv...
[2024-10-15T21:48:56.971+0530] {logging_mixin.py:190} INFO - Consolidated files into /home/vboxuser/airflow/dags/analytics/condition_distribution_final.csv
[2024-10-15T21:48:56.971+0530] {logging_mixin.py:190} INFO - Consolidating CSV files from /home/vboxuser/airflow/dags/analytics/waterfront_analysis into /home/vboxuser/airflow/dags/analytics/waterfront_analysis_final.csv...
[2024-10-15T21:48:56.971+0530] {logging_mixin.py:190} INFO - Consolidated files into /home/vboxuser/airflow/dags/analytics/waterfront_analysis_final.csv
[2024-10-15T21:48:56.972+0530] {logging_mixin.py:190} INFO - Integrating with Google Drive...
[2024-10-15T21:48:57.005+0530] {__init__.py:49} INFO - file_cache is only supported with oauth2client<4.0.0
[2024-10-15T21:48:57.007+0530] {logging_mixin.py:190} INFO - Google Drive authentication successful!
[2024-10-15T21:48:57.008+0530] {logging_mixin.py:190} INFO - Deleting old files from Google Drive folder...
[2024-10-15T21:49:03.986+0530] {logging_mixin.py:190} INFO - Deleted file: price_stats_by_zipcode_final.csv with ID: 1HgO6nA74IVft7ovikntBxaYBiZ8RqOB-
[2024-10-15T21:49:05.316+0530] {http.py:140} WARNING - Encountered 403 Forbidden with reason "insufficientFilePermissions"
[2024-10-15T21:49:05.317+0530] {logging_mixin.py:190} INFO - Error deleting files: <HttpError 403 when requesting https://www.googleapis.com/drive/v3/files/1t1u03ZTia-wSW2Y92aorcd9qEFKTHR5X? returned "The user does not have sufficient permissions for this file.". Details: "[{'message': 'The user does not have sufficient permissions for this file.', 'domain': 'global', 'reason': 'insufficientFilePermissions'}]">
[2024-10-15T21:49:05.318+0530] {logging_mixin.py:190} INFO - Uploading consolidated CSV files to Google Drive...
[2024-10-15T21:49:07.875+0530] {logging_mixin.py:190} INFO - Uploaded price_stats_by_zipcode_final.csv to Google Drive.
[2024-10-15T21:49:10.339+0530] {logging_mixin.py:190} INFO - Uploaded house_features_analysis_final.csv to Google Drive.
[2024-10-15T21:49:13.088+0530] {logging_mixin.py:190} INFO - Uploaded condition_distribution_final.csv to Google Drive.
[2024-10-15T21:49:15.230+0530] {logging_mixin.py:190} INFO - Uploaded waterfront_analysis_final.csv to Google Drive.
[2024-10-15T21:49:15.230+0530] {python.py:240} INFO - Done. Returned value was: None
[2024-10-15T21:49:15.241+0530] {taskinstance.py:340} INFO - ::group::Post task execution logs
[2024-10-15T21:49:15.242+0530] {taskinstance.py:352} INFO - Marking task as SUCCESS. dag_id=home_schedule_dag, task_id=perform_analytics, run_id=manual__2024-10-15T16:18:35.739863+00:00, execution_date=20241015T161835, start_date=20241015T161838, end_date=20241015T161915
[2024-10-15T21:49:15.257+0530] {logging_mixin.py:190} INFO - Task instance in success state
[2024-10-15T21:49:15.257+0530] {logging_mixin.py:190} INFO -  Previous state of the Task instance: running
[2024-10-15T21:49:15.257+0530] {logging_mixin.py:190} INFO - Dag name:home_schedule_dag queued_at:2024-10-15 16:18:35.783881+00:00
[2024-10-15T21:49:15.258+0530] {logging_mixin.py:190} INFO - Task hostname:tce.myguest.virtualbox.org operator:PythonOperator
[2024-10-15T21:49:15.282+0530] {local_task_job_runner.py:266} INFO - Task exited with return code 0
[2024-10-15T21:49:15.297+0530] {taskinstance.py:3900} INFO - 0 downstream tasks scheduled from follow-on schedule check
[2024-10-15T21:49:15.301+0530] {local_task_job_runner.py:245} INFO - ::endgroup::
