[2024-10-15T12:47:14.669+0530] {local_task_job_runner.py:123} INFO - ::group::Pre task execution logs
[2024-10-15T12:47:14.699+0530] {taskinstance.py:2612} INFO - Dependencies all met for dep_context=non-requeueable deps ti=<TaskInstance: example_bash_operator.run_after_loop manual__2024-10-15T07:16:33+00:00 [queued]>
[2024-10-15T12:47:14.721+0530] {taskinstance.py:2612} INFO - Dependencies all met for dep_context=requeueable deps ti=<TaskInstance: example_bash_operator.run_after_loop manual__2024-10-15T07:16:33+00:00 [queued]>
[2024-10-15T12:47:14.722+0530] {taskinstance.py:2865} INFO - Starting attempt 1 of 1
[2024-10-15T12:47:14.776+0530] {taskinstance.py:2888} INFO - Executing <Task(BashOperator): run_after_loop> on 2024-10-15 07:16:33+00:00
[2024-10-15T12:47:14.795+0530] {standard_task_runner.py:72} INFO - Started process 8346 to run task
[2024-10-15T12:47:14.830+0530] {standard_task_runner.py:104} INFO - Running: ['airflow', 'tasks', 'run', 'example_bash_operator', 'run_after_loop', 'manual__2024-10-15T07:16:33+00:00', '--job-id', '14', '--raw', '--subdir', '/usr/local/lib/python3.10/dist-packages/airflow/example_dags/example_bash_operator.py', '--cfg-path', '/tmp/tmpnllj_tfk']
[2024-10-15T12:47:14.840+0530] {standard_task_runner.py:105} INFO - Job 14: Subtask run_after_loop
[2024-10-15T12:47:15.005+0530] {task_command.py:467} INFO - Running <TaskInstance: example_bash_operator.run_after_loop manual__2024-10-15T07:16:33+00:00 [running]> on host tce.myguest.virtualbox.org
[2024-10-15T12:47:15.220+0530] {taskinstance.py:3131} INFO - Exporting env vars: AIRFLOW_CTX_DAG_OWNER='airflow' AIRFLOW_CTX_DAG_ID='example_bash_operator' AIRFLOW_CTX_TASK_ID='run_after_loop' AIRFLOW_CTX_EXECUTION_DATE='2024-10-15T07:16:33+00:00' AIRFLOW_CTX_TRY_NUMBER='1' AIRFLOW_CTX_DAG_RUN_ID='manual__2024-10-15T07:16:33+00:00'
[2024-10-15T12:47:15.223+0530] {logging_mixin.py:190} INFO - Task instance is in running state
[2024-10-15T12:47:15.223+0530] {logging_mixin.py:190} INFO -  Previous state of the Task instance: queued
[2024-10-15T12:47:15.224+0530] {logging_mixin.py:190} INFO - Current task name:run_after_loop state:running start_date:2024-10-15 07:17:14.700552+00:00
[2024-10-15T12:47:15.224+0530] {logging_mixin.py:190} INFO - Dag name:example_bash_operator and current dag run status:running
[2024-10-15T12:47:15.224+0530] {taskinstance.py:731} INFO - ::endgroup::
[2024-10-15T12:47:15.226+0530] {subprocess.py:63} INFO - Tmp dir root location: /tmp
[2024-10-15T12:47:15.228+0530] {subprocess.py:75} INFO - Running command: ['/usr/bin/bash', '-c', 'echo https://airflow.apache.org/']
[2024-10-15T12:47:15.250+0530] {subprocess.py:86} INFO - Output:
[2024-10-15T12:47:15.257+0530] {subprocess.py:93} INFO - https://airflow.apache.org/
[2024-10-15T12:47:15.258+0530] {subprocess.py:97} INFO - Command exited with return code 0
[2024-10-15T12:47:15.323+0530] {taskinstance.py:340} INFO - ::group::Post task execution logs
[2024-10-15T12:47:15.325+0530] {taskinstance.py:352} INFO - Marking task as SUCCESS. dag_id=example_bash_operator, task_id=run_after_loop, run_id=manual__2024-10-15T07:16:33+00:00, execution_date=20241015T071633, start_date=20241015T071714, end_date=20241015T071715
[2024-10-15T12:47:15.370+0530] {logging_mixin.py:190} INFO - Task instance in success state
[2024-10-15T12:47:15.371+0530] {logging_mixin.py:190} INFO -  Previous state of the Task instance: running
[2024-10-15T12:47:15.371+0530] {logging_mixin.py:190} INFO - Dag name:example_bash_operator queued_at:2024-10-15 07:16:36.396802+00:00
[2024-10-15T12:47:15.372+0530] {logging_mixin.py:190} INFO - Task hostname:tce.myguest.virtualbox.org operator:BashOperator
[2024-10-15T12:47:15.402+0530] {local_task_job_runner.py:266} INFO - Task exited with return code 0
[2024-10-15T12:47:15.455+0530] {taskinstance.py:3900} INFO - 0 downstream tasks scheduled from follow-on schedule check
[2024-10-15T12:47:15.456+0530] {local_task_job_runner.py:245} INFO - ::endgroup::
