[2024-10-16T10:03:39.322+0530] {local_task_job_runner.py:123} INFO - ::group::Pre task execution logs
[2024-10-16T10:03:39.330+0530] {taskinstance.py:2612} INFO - Dependencies all met for dep_context=non-requeueable deps ti=<TaskInstance: example_bash_operator.runme_0 scheduled__2024-10-15T00:00:00+00:00 [queued]>
[2024-10-16T10:03:39.336+0530] {taskinstance.py:2612} INFO - Dependencies all met for dep_context=requeueable deps ti=<TaskInstance: example_bash_operator.runme_0 scheduled__2024-10-15T00:00:00+00:00 [queued]>
[2024-10-16T10:03:39.336+0530] {taskinstance.py:2865} INFO - Starting attempt 1 of 1
[2024-10-16T10:03:39.355+0530] {taskinstance.py:2888} INFO - Executing <Task(BashOperator): runme_0> on 2024-10-15 00:00:00+00:00
[2024-10-16T10:03:39.364+0530] {standard_task_runner.py:72} INFO - Started process 3004 to run task
[2024-10-16T10:03:39.371+0530] {standard_task_runner.py:104} INFO - Running: ['airflow', 'tasks', 'run', 'example_bash_operator', 'runme_0', 'scheduled__2024-10-15T00:00:00+00:00', '--job-id', '26', '--raw', '--subdir', '/usr/local/lib/python3.10/dist-packages/airflow/example_dags/example_bash_operator.py', '--cfg-path', '/tmp/tmp1_c8yddq']
[2024-10-16T10:03:39.372+0530] {standard_task_runner.py:105} INFO - Job 26: Subtask runme_0
[2024-10-16T10:03:39.420+0530] {task_command.py:467} INFO - Running <TaskInstance: example_bash_operator.runme_0 scheduled__2024-10-15T00:00:00+00:00 [running]> on host tce.myguest.virtualbox.org
[2024-10-16T10:03:39.473+0530] {taskinstance.py:3131} INFO - Exporting env vars: AIRFLOW_CTX_DAG_OWNER='airflow' AIRFLOW_CTX_DAG_ID='example_bash_operator' AIRFLOW_CTX_TASK_ID='runme_0' AIRFLOW_CTX_EXECUTION_DATE='2024-10-15T00:00:00+00:00' AIRFLOW_CTX_TRY_NUMBER='1' AIRFLOW_CTX_DAG_RUN_ID='scheduled__2024-10-15T00:00:00+00:00'
[2024-10-16T10:03:39.474+0530] {logging_mixin.py:190} INFO - Task instance is in running state
[2024-10-16T10:03:39.474+0530] {logging_mixin.py:190} INFO -  Previous state of the Task instance: queued
[2024-10-16T10:03:39.474+0530] {logging_mixin.py:190} INFO - Current task name:runme_0 state:running start_date:2024-10-16 04:33:39.330805+00:00
[2024-10-16T10:03:39.474+0530] {logging_mixin.py:190} INFO - Dag name:example_bash_operator and current dag run status:running
[2024-10-16T10:03:39.474+0530] {taskinstance.py:731} INFO - ::endgroup::
[2024-10-16T10:03:39.475+0530] {subprocess.py:63} INFO - Tmp dir root location: /tmp
[2024-10-16T10:03:39.475+0530] {subprocess.py:75} INFO - Running command: ['/usr/bin/bash', '-c', 'echo "example_bash_operator__runme_0__20241015" && sleep 1']
[2024-10-16T10:03:39.483+0530] {subprocess.py:86} INFO - Output:
[2024-10-16T10:03:39.485+0530] {subprocess.py:93} INFO - example_bash_operator__runme_0__20241015
[2024-10-16T10:03:40.500+0530] {subprocess.py:97} INFO - Command exited with return code 0
[2024-10-16T10:03:40.523+0530] {taskinstance.py:340} INFO - ::group::Post task execution logs
[2024-10-16T10:03:40.523+0530] {taskinstance.py:352} INFO - Marking task as SUCCESS. dag_id=example_bash_operator, task_id=runme_0, run_id=scheduled__2024-10-15T00:00:00+00:00, execution_date=20241015T000000, start_date=20241016T043339, end_date=20241016T043340
[2024-10-16T10:03:40.531+0530] {logging_mixin.py:190} INFO - Task instance in success state
[2024-10-16T10:03:40.531+0530] {logging_mixin.py:190} INFO -  Previous state of the Task instance: running
[2024-10-16T10:03:40.531+0530] {logging_mixin.py:190} INFO - Dag name:example_bash_operator queued_at:2024-10-16 04:33:37.862635+00:00
[2024-10-16T10:03:40.532+0530] {logging_mixin.py:190} INFO - Task hostname:tce.myguest.virtualbox.org operator:BashOperator
[2024-10-16T10:03:40.541+0530] {local_task_job_runner.py:266} INFO - Task exited with return code 0
[2024-10-16T10:03:40.554+0530] {taskinstance.py:3900} INFO - 0 downstream tasks scheduled from follow-on schedule check
[2024-10-16T10:03:40.554+0530] {local_task_job_runner.py:245} INFO - ::endgroup::
