[2024-10-15T12:46:52.925+0530] {local_task_job_runner.py:123} INFO - ::group::Pre task execution logs
[2024-10-15T12:46:52.936+0530] {taskinstance.py:2612} INFO - Dependencies all met for dep_context=non-requeueable deps ti=<TaskInstance: example_bash_operator.runme_0 manual__2024-10-15T07:16:33+00:00 [queued]>
[2024-10-15T12:46:52.942+0530] {taskinstance.py:2612} INFO - Dependencies all met for dep_context=requeueable deps ti=<TaskInstance: example_bash_operator.runme_0 manual__2024-10-15T07:16:33+00:00 [queued]>
[2024-10-15T12:46:52.942+0530] {taskinstance.py:2865} INFO - Starting attempt 1 of 1
[2024-10-15T12:46:52.957+0530] {taskinstance.py:2888} INFO - Executing <Task(BashOperator): runme_0> on 2024-10-15 07:16:33+00:00
[2024-10-15T12:46:52.960+0530] {standard_task_runner.py:72} INFO - Started process 8038 to run task
[2024-10-15T12:46:52.967+0530] {standard_task_runner.py:104} INFO - Running: ['airflow', 'tasks', 'run', 'example_bash_operator', 'runme_0', 'manual__2024-10-15T07:16:33+00:00', '--job-id', '6', '--raw', '--subdir', '/usr/local/lib/python3.10/dist-packages/airflow/example_dags/example_bash_operator.py', '--cfg-path', '/tmp/tmpix1f_q33']
[2024-10-15T12:46:52.968+0530] {standard_task_runner.py:105} INFO - Job 6: Subtask runme_0
[2024-10-15T12:46:53.025+0530] {task_command.py:467} INFO - Running <TaskInstance: example_bash_operator.runme_0 manual__2024-10-15T07:16:33+00:00 [running]> on host tce.myguest.virtualbox.org
[2024-10-15T12:46:53.095+0530] {taskinstance.py:3131} INFO - Exporting env vars: AIRFLOW_CTX_DAG_OWNER='airflow' AIRFLOW_CTX_DAG_ID='example_bash_operator' AIRFLOW_CTX_TASK_ID='runme_0' AIRFLOW_CTX_EXECUTION_DATE='2024-10-15T07:16:33+00:00' AIRFLOW_CTX_TRY_NUMBER='1' AIRFLOW_CTX_DAG_RUN_ID='manual__2024-10-15T07:16:33+00:00'
[2024-10-15T12:46:53.096+0530] {logging_mixin.py:190} INFO - Task instance is in running state
[2024-10-15T12:46:53.096+0530] {logging_mixin.py:190} INFO -  Previous state of the Task instance: queued
[2024-10-15T12:46:53.096+0530] {logging_mixin.py:190} INFO - Current task name:runme_0 state:running start_date:2024-10-15 07:16:52.936542+00:00
[2024-10-15T12:46:53.096+0530] {logging_mixin.py:190} INFO - Dag name:example_bash_operator and current dag run status:running
[2024-10-15T12:46:53.096+0530] {taskinstance.py:731} INFO - ::endgroup::
[2024-10-15T12:46:53.097+0530] {subprocess.py:63} INFO - Tmp dir root location: /tmp
[2024-10-15T12:46:53.097+0530] {subprocess.py:75} INFO - Running command: ['/usr/bin/bash', '-c', 'echo "example_bash_operator__runme_0__20241015" && sleep 1']
[2024-10-15T12:46:53.107+0530] {subprocess.py:86} INFO - Output:
[2024-10-15T12:46:53.108+0530] {subprocess.py:93} INFO - example_bash_operator__runme_0__20241015
[2024-10-15T12:46:54.109+0530] {subprocess.py:97} INFO - Command exited with return code 0
[2024-10-15T12:46:54.138+0530] {taskinstance.py:340} INFO - ::group::Post task execution logs
[2024-10-15T12:46:54.138+0530] {taskinstance.py:352} INFO - Marking task as SUCCESS. dag_id=example_bash_operator, task_id=runme_0, run_id=manual__2024-10-15T07:16:33+00:00, execution_date=20241015T071633, start_date=20241015T071652, end_date=20241015T071654
[2024-10-15T12:46:54.157+0530] {logging_mixin.py:190} INFO - Task instance in success state
[2024-10-15T12:46:54.158+0530] {logging_mixin.py:190} INFO -  Previous state of the Task instance: running
[2024-10-15T12:46:54.158+0530] {logging_mixin.py:190} INFO - Dag name:example_bash_operator queued_at:2024-10-15 07:16:36.396802+00:00
[2024-10-15T12:46:54.158+0530] {logging_mixin.py:190} INFO - Task hostname:tce.myguest.virtualbox.org operator:BashOperator
[2024-10-15T12:46:54.170+0530] {local_task_job_runner.py:266} INFO - Task exited with return code 0
[2024-10-15T12:46:54.195+0530] {taskinstance.py:3900} INFO - 0 downstream tasks scheduled from follow-on schedule check
[2024-10-15T12:46:54.196+0530] {local_task_job_runner.py:245} INFO - ::endgroup::
