[2024-10-16T16:08:23.596+0530] {local_task_job_runner.py:123} INFO - ::group::Pre task execution logs
[2024-10-16T16:08:23.606+0530] {taskinstance.py:2612} INFO - Dependencies all met for dep_context=non-requeueable deps ti=<TaskInstance: linear_dag.run_model_training manual__2024-10-16T10:38:20.924295+00:00 [queued]>
[2024-10-16T16:08:23.610+0530] {taskinstance.py:2612} INFO - Dependencies all met for dep_context=requeueable deps ti=<TaskInstance: linear_dag.run_model_training manual__2024-10-16T10:38:20.924295+00:00 [queued]>
[2024-10-16T16:08:23.610+0530] {taskinstance.py:2865} INFO - Starting attempt 1 of 2
[2024-10-16T16:08:23.627+0530] {taskinstance.py:2888} INFO - Executing <Task(PythonOperator): run_model_training> on 2024-10-16 10:38:20.924295+00:00
[2024-10-16T16:08:23.633+0530] {standard_task_runner.py:72} INFO - Started process 8171 to run task
[2024-10-16T16:08:23.641+0530] {standard_task_runner.py:104} INFO - Running: ['airflow', 'tasks', 'run', 'linear_dag', 'run_model_training', 'manual__2024-10-16T10:38:20.924295+00:00', '--job-id', '53', '--raw', '--subdir', 'DAGS_FOLDER/linear_dag.py', '--cfg-path', '/tmp/tmpjfkfmzxp']
[2024-10-16T16:08:23.643+0530] {standard_task_runner.py:105} INFO - Job 53: Subtask run_model_training
[2024-10-16T16:08:23.687+0530] {task_command.py:467} INFO - Running <TaskInstance: linear_dag.run_model_training manual__2024-10-16T10:38:20.924295+00:00 [running]> on host tce.myguest.virtualbox.org
[2024-10-16T16:08:23.756+0530] {taskinstance.py:3131} INFO - Exporting env vars: AIRFLOW_CTX_DAG_OWNER='airflow' AIRFLOW_CTX_DAG_ID='linear_dag' AIRFLOW_CTX_TASK_ID='run_model_training' AIRFLOW_CTX_EXECUTION_DATE='2024-10-16T10:38:20.924295+00:00' AIRFLOW_CTX_TRY_NUMBER='1' AIRFLOW_CTX_DAG_RUN_ID='manual__2024-10-16T10:38:20.924295+00:00'
[2024-10-16T16:08:23.758+0530] {logging_mixin.py:190} INFO - Task instance is in running state
[2024-10-16T16:08:23.758+0530] {logging_mixin.py:190} INFO -  Previous state of the Task instance: queued
[2024-10-16T16:08:23.759+0530] {logging_mixin.py:190} INFO - Current task name:run_model_training state:running start_date:2024-10-16 10:38:23.606365+00:00
[2024-10-16T16:08:23.759+0530] {logging_mixin.py:190} INFO - Dag name:linear_dag and current dag run status:running
[2024-10-16T16:08:23.759+0530] {taskinstance.py:731} INFO - ::endgroup::
[2024-10-16T16:08:23.836+0530] {logging_mixin.py:190} INFO - Mean Squared Error: 23432735932.15402
[2024-10-16T16:08:23.836+0530] {logging_mixin.py:190} INFO - R² Score: 0.5952585914166315
[2024-10-16T16:08:23.837+0530] {python.py:240} INFO - Done. Returned value was: None
[2024-10-16T16:08:23.841+0530] {taskinstance.py:340} INFO - ::group::Post task execution logs
[2024-10-16T16:08:23.841+0530] {taskinstance.py:352} INFO - Marking task as SUCCESS. dag_id=linear_dag, task_id=run_model_training, run_id=manual__2024-10-16T10:38:20.924295+00:00, execution_date=20241016T103820, start_date=20241016T103823, end_date=20241016T103823
[2024-10-16T16:08:23.852+0530] {logging_mixin.py:190} INFO - Task instance in success state
[2024-10-16T16:08:23.852+0530] {logging_mixin.py:190} INFO -  Previous state of the Task instance: running
[2024-10-16T16:08:23.852+0530] {logging_mixin.py:190} INFO - Dag name:linear_dag queued_at:2024-10-16 10:38:20.936285+00:00
[2024-10-16T16:08:23.852+0530] {logging_mixin.py:190} INFO - Task hostname:tce.myguest.virtualbox.org operator:PythonOperator
[2024-10-16T16:08:23.896+0530] {local_task_job_runner.py:266} INFO - Task exited with return code 0
[2024-10-16T16:08:23.907+0530] {taskinstance.py:3900} INFO - 0 downstream tasks scheduled from follow-on schedule check
[2024-10-16T16:08:23.907+0530] {local_task_job_runner.py:245} INFO - ::endgroup::
