[2024-10-15T12:46:42.050+0530] {local_task_job_runner.py:123} INFO - ::group::Pre task execution logs
[2024-10-15T12:46:42.060+0530] {taskinstance.py:2612} INFO - Dependencies all met for dep_context=non-requeueable deps ti=<TaskInstance: example_bash_operator.runme_1 scheduled__2024-10-14T00:00:00+00:00 [queued]>
[2024-10-15T12:46:42.066+0530] {taskinstance.py:2612} INFO - Dependencies all met for dep_context=requeueable deps ti=<TaskInstance: example_bash_operator.runme_1 scheduled__2024-10-14T00:00:00+00:00 [queued]>
[2024-10-15T12:46:42.066+0530] {taskinstance.py:2865} INFO - Starting attempt 1 of 1
[2024-10-15T12:46:42.079+0530] {taskinstance.py:2888} INFO - Executing <Task(BashOperator): runme_1> on 2024-10-14 00:00:00+00:00
[2024-10-15T12:46:42.084+0530] {standard_task_runner.py:72} INFO - Started process 7905 to run task
[2024-10-15T12:46:42.088+0530] {standard_task_runner.py:104} INFO - Running: ['airflow', 'tasks', 'run', 'example_bash_operator', 'runme_1', 'scheduled__2024-10-14T00:00:00+00:00', '--job-id', '4', '--raw', '--subdir', '/usr/local/lib/python3.10/dist-packages/airflow/example_dags/example_bash_operator.py', '--cfg-path', '/tmp/tmp059ri61s']
[2024-10-15T12:46:42.089+0530] {standard_task_runner.py:105} INFO - Job 4: Subtask runme_1
[2024-10-15T12:46:42.151+0530] {task_command.py:467} INFO - Running <TaskInstance: example_bash_operator.runme_1 scheduled__2024-10-14T00:00:00+00:00 [running]> on host tce.myguest.virtualbox.org
[2024-10-15T12:46:42.198+0530] {taskinstance.py:3131} INFO - Exporting env vars: AIRFLOW_CTX_DAG_OWNER='airflow' AIRFLOW_CTX_DAG_ID='example_bash_operator' AIRFLOW_CTX_TASK_ID='runme_1' AIRFLOW_CTX_EXECUTION_DATE='2024-10-14T00:00:00+00:00' AIRFLOW_CTX_TRY_NUMBER='1' AIRFLOW_CTX_DAG_RUN_ID='scheduled__2024-10-14T00:00:00+00:00'
[2024-10-15T12:46:42.199+0530] {logging_mixin.py:190} INFO - Task instance is in running state
[2024-10-15T12:46:42.199+0530] {logging_mixin.py:190} INFO -  Previous state of the Task instance: queued
[2024-10-15T12:46:42.199+0530] {logging_mixin.py:190} INFO - Current task name:runme_1 state:running start_date:2024-10-15 07:16:42.060828+00:00
[2024-10-15T12:46:42.199+0530] {logging_mixin.py:190} INFO - Dag name:example_bash_operator and current dag run status:running
[2024-10-15T12:46:42.199+0530] {taskinstance.py:731} INFO - ::endgroup::
[2024-10-15T12:46:42.200+0530] {subprocess.py:63} INFO - Tmp dir root location: /tmp
[2024-10-15T12:46:42.200+0530] {subprocess.py:75} INFO - Running command: ['/usr/bin/bash', '-c', 'echo "example_bash_operator__runme_1__20241014" && sleep 1']
[2024-10-15T12:46:42.206+0530] {subprocess.py:86} INFO - Output:
[2024-10-15T12:46:42.207+0530] {subprocess.py:93} INFO - example_bash_operator__runme_1__20241014
[2024-10-15T12:46:43.209+0530] {subprocess.py:97} INFO - Command exited with return code 0
[2024-10-15T12:46:43.236+0530] {taskinstance.py:340} INFO - ::group::Post task execution logs
[2024-10-15T12:46:43.236+0530] {taskinstance.py:352} INFO - Marking task as SUCCESS. dag_id=example_bash_operator, task_id=runme_1, run_id=scheduled__2024-10-14T00:00:00+00:00, execution_date=20241014T000000, start_date=20241015T071642, end_date=20241015T071643
[2024-10-15T12:46:43.250+0530] {logging_mixin.py:190} INFO - Task instance in success state
[2024-10-15T12:46:43.250+0530] {logging_mixin.py:190} INFO -  Previous state of the Task instance: running
[2024-10-15T12:46:43.251+0530] {logging_mixin.py:190} INFO - Dag name:example_bash_operator queued_at:2024-10-15 07:16:36.767315+00:00
[2024-10-15T12:46:43.251+0530] {logging_mixin.py:190} INFO - Task hostname:tce.myguest.virtualbox.org operator:BashOperator
[2024-10-15T12:46:43.288+0530] {local_task_job_runner.py:266} INFO - Task exited with return code 0
[2024-10-15T12:46:43.319+0530] {taskinstance.py:3900} INFO - 0 downstream tasks scheduled from follow-on schedule check
[2024-10-15T12:46:43.320+0530] {local_task_job_runner.py:245} INFO - ::endgroup::
