[2024-10-15T12:44:30.599+0530] {processor.py:186} INFO - Started process (PID=7097) to work on /usr/local/lib/python3.10/dist-packages/airflow/example_dags/example_dataset_alias_with_no_taskflow.py
[2024-10-15T12:44:30.599+0530] {processor.py:914} INFO - Processing file /usr/local/lib/python3.10/dist-packages/airflow/example_dags/example_dataset_alias_with_no_taskflow.py for tasks to queue
[2024-10-15T12:44:30.602+0530] {logging_mixin.py:190} INFO - [2024-10-15T12:44:30.602+0530] {dagbag.py:588} INFO - Filling up the DagBag from /usr/local/lib/python3.10/dist-packages/airflow/example_dags/example_dataset_alias_with_no_taskflow.py
[2024-10-15T12:44:30.625+0530] {processor.py:925} INFO - DAG(s) 'dataset_s3_bucket_producer_with_no_taskflow', 'dataset_alias_example_alias_producer_with_no_taskflow', 'dataset_s3_bucket_consumer_with_no_taskflow', 'dataset_alias_example_alias_consumer_with_no_taskflow' retrieved from /usr/local/lib/python3.10/dist-packages/airflow/example_dags/example_dataset_alias_with_no_taskflow.py
[2024-10-15T12:44:30.710+0530] {logging_mixin.py:190} INFO - [2024-10-15T12:44:30.710+0530] {override.py:1901} INFO - Created Permission View: can read on DAG:dataset_s3_bucket_producer_with_no_taskflow
[2024-10-15T12:44:30.720+0530] {logging_mixin.py:190} INFO - [2024-10-15T12:44:30.719+0530] {override.py:1901} INFO - Created Permission View: can delete on DAG:dataset_s3_bucket_producer_with_no_taskflow
[2024-10-15T12:44:30.726+0530] {logging_mixin.py:190} INFO - [2024-10-15T12:44:30.726+0530] {override.py:1901} INFO - Created Permission View: can edit on DAG:dataset_s3_bucket_producer_with_no_taskflow
[2024-10-15T12:44:30.739+0530] {logging_mixin.py:190} INFO - [2024-10-15T12:44:30.738+0530] {override.py:1901} INFO - Created Permission View: can read on DAG Run:dataset_s3_bucket_producer_with_no_taskflow
[2024-10-15T12:44:30.746+0530] {logging_mixin.py:190} INFO - [2024-10-15T12:44:30.745+0530] {override.py:1901} INFO - Created Permission View: can delete on DAG Run:dataset_s3_bucket_producer_with_no_taskflow
[2024-10-15T12:44:30.753+0530] {logging_mixin.py:190} INFO - [2024-10-15T12:44:30.753+0530] {override.py:1901} INFO - Created Permission View: menu access on DAG Run:dataset_s3_bucket_producer_with_no_taskflow
[2024-10-15T12:44:30.761+0530] {logging_mixin.py:190} INFO - [2024-10-15T12:44:30.760+0530] {override.py:1901} INFO - Created Permission View: can create on DAG Run:dataset_s3_bucket_producer_with_no_taskflow
[2024-10-15T12:44:30.780+0530] {logging_mixin.py:190} INFO - [2024-10-15T12:44:30.779+0530] {override.py:1901} INFO - Created Permission View: can read on DAG:dataset_alias_example_alias_producer_with_no_taskflow
[2024-10-15T12:44:30.787+0530] {logging_mixin.py:190} INFO - [2024-10-15T12:44:30.787+0530] {override.py:1901} INFO - Created Permission View: can delete on DAG:dataset_alias_example_alias_producer_with_no_taskflow
[2024-10-15T12:44:30.796+0530] {logging_mixin.py:190} INFO - [2024-10-15T12:44:30.796+0530] {override.py:1901} INFO - Created Permission View: can edit on DAG:dataset_alias_example_alias_producer_with_no_taskflow
[2024-10-15T12:44:30.807+0530] {logging_mixin.py:190} INFO - [2024-10-15T12:44:30.807+0530] {override.py:1901} INFO - Created Permission View: can read on DAG Run:dataset_alias_example_alias_producer_with_no_taskflow
[2024-10-15T12:44:30.814+0530] {logging_mixin.py:190} INFO - [2024-10-15T12:44:30.814+0530] {override.py:1901} INFO - Created Permission View: can delete on DAG Run:dataset_alias_example_alias_producer_with_no_taskflow
[2024-10-15T12:44:30.821+0530] {logging_mixin.py:190} INFO - [2024-10-15T12:44:30.821+0530] {override.py:1901} INFO - Created Permission View: menu access on DAG Run:dataset_alias_example_alias_producer_with_no_taskflow
[2024-10-15T12:44:30.829+0530] {logging_mixin.py:190} INFO - [2024-10-15T12:44:30.829+0530] {override.py:1901} INFO - Created Permission View: can create on DAG Run:dataset_alias_example_alias_producer_with_no_taskflow
[2024-10-15T12:44:30.843+0530] {logging_mixin.py:190} INFO - [2024-10-15T12:44:30.842+0530] {override.py:1901} INFO - Created Permission View: can read on DAG:dataset_s3_bucket_consumer_with_no_taskflow
[2024-10-15T12:44:30.850+0530] {logging_mixin.py:190} INFO - [2024-10-15T12:44:30.849+0530] {override.py:1901} INFO - Created Permission View: can delete on DAG:dataset_s3_bucket_consumer_with_no_taskflow
[2024-10-15T12:44:30.856+0530] {logging_mixin.py:190} INFO - [2024-10-15T12:44:30.855+0530] {override.py:1901} INFO - Created Permission View: can edit on DAG:dataset_s3_bucket_consumer_with_no_taskflow
[2024-10-15T12:44:30.865+0530] {logging_mixin.py:190} INFO - [2024-10-15T12:44:30.865+0530] {override.py:1901} INFO - Created Permission View: can read on DAG Run:dataset_s3_bucket_consumer_with_no_taskflow
[2024-10-15T12:44:30.872+0530] {logging_mixin.py:190} INFO - [2024-10-15T12:44:30.872+0530] {override.py:1901} INFO - Created Permission View: can delete on DAG Run:dataset_s3_bucket_consumer_with_no_taskflow
[2024-10-15T12:44:30.878+0530] {logging_mixin.py:190} INFO - [2024-10-15T12:44:30.878+0530] {override.py:1901} INFO - Created Permission View: menu access on DAG Run:dataset_s3_bucket_consumer_with_no_taskflow
[2024-10-15T12:44:30.884+0530] {logging_mixin.py:190} INFO - [2024-10-15T12:44:30.884+0530] {override.py:1901} INFO - Created Permission View: can create on DAG Run:dataset_s3_bucket_consumer_with_no_taskflow
[2024-10-15T12:44:30.898+0530] {logging_mixin.py:190} INFO - [2024-10-15T12:44:30.897+0530] {override.py:1901} INFO - Created Permission View: can read on DAG:dataset_alias_example_alias_consumer_with_no_taskflow
[2024-10-15T12:44:30.904+0530] {logging_mixin.py:190} INFO - [2024-10-15T12:44:30.903+0530] {override.py:1901} INFO - Created Permission View: can delete on DAG:dataset_alias_example_alias_consumer_with_no_taskflow
[2024-10-15T12:44:30.910+0530] {logging_mixin.py:190} INFO - [2024-10-15T12:44:30.910+0530] {override.py:1901} INFO - Created Permission View: can edit on DAG:dataset_alias_example_alias_consumer_with_no_taskflow
[2024-10-15T12:44:30.920+0530] {logging_mixin.py:190} INFO - [2024-10-15T12:44:30.920+0530] {override.py:1901} INFO - Created Permission View: can read on DAG Run:dataset_alias_example_alias_consumer_with_no_taskflow
[2024-10-15T12:44:30.927+0530] {logging_mixin.py:190} INFO - [2024-10-15T12:44:30.927+0530] {override.py:1901} INFO - Created Permission View: can delete on DAG Run:dataset_alias_example_alias_consumer_with_no_taskflow
[2024-10-15T12:44:30.933+0530] {logging_mixin.py:190} INFO - [2024-10-15T12:44:30.933+0530] {override.py:1901} INFO - Created Permission View: menu access on DAG Run:dataset_alias_example_alias_consumer_with_no_taskflow
[2024-10-15T12:44:30.938+0530] {logging_mixin.py:190} INFO - [2024-10-15T12:44:30.938+0530] {override.py:1901} INFO - Created Permission View: can create on DAG Run:dataset_alias_example_alias_consumer_with_no_taskflow
[2024-10-15T12:44:30.939+0530] {logging_mixin.py:190} INFO - [2024-10-15T12:44:30.939+0530] {dag.py:3239} INFO - Sync 4 DAGs
[2024-10-15T12:44:30.948+0530] {logging_mixin.py:190} INFO - [2024-10-15T12:44:30.948+0530] {dag.py:3262} INFO - Creating ORM DAG for dataset_s3_bucket_producer_with_no_taskflow
[2024-10-15T12:44:30.948+0530] {logging_mixin.py:190} INFO - [2024-10-15T12:44:30.948+0530] {dag.py:3262} INFO - Creating ORM DAG for dataset_alias_example_alias_producer_with_no_taskflow
[2024-10-15T12:44:30.949+0530] {logging_mixin.py:190} INFO - [2024-10-15T12:44:30.949+0530] {dag.py:3262} INFO - Creating ORM DAG for dataset_alias_example_alias_consumer_with_no_taskflow
[2024-10-15T12:44:30.949+0530] {logging_mixin.py:190} INFO - [2024-10-15T12:44:30.949+0530] {dag.py:3262} INFO - Creating ORM DAG for dataset_s3_bucket_consumer_with_no_taskflow
[2024-10-15T12:44:30.954+0530] {logging_mixin.py:190} INFO - [2024-10-15T12:44:30.954+0530] {dag.py:4180} INFO - Setting next_dagrun for dataset_alias_example_alias_consumer_with_no_taskflow to None, run_after=None
[2024-10-15T12:44:30.955+0530] {logging_mixin.py:190} INFO - [2024-10-15T12:44:30.955+0530] {dag.py:4180} INFO - Setting next_dagrun for dataset_alias_example_alias_producer_with_no_taskflow to None, run_after=None
[2024-10-15T12:44:30.955+0530] {logging_mixin.py:190} INFO - [2024-10-15T12:44:30.955+0530] {dag.py:4180} INFO - Setting next_dagrun for dataset_s3_bucket_consumer_with_no_taskflow to None, run_after=None
[2024-10-15T12:44:30.956+0530] {logging_mixin.py:190} INFO - [2024-10-15T12:44:30.955+0530] {dag.py:4180} INFO - Setting next_dagrun for dataset_s3_bucket_producer_with_no_taskflow to None, run_after=None
[2024-10-15T12:44:30.977+0530] {processor.py:208} INFO - Processing /usr/local/lib/python3.10/dist-packages/airflow/example_dags/example_dataset_alias_with_no_taskflow.py took 0.387 seconds
[2024-10-15T12:45:29.520+0530] {processor.py:186} INFO - Started process (PID=7246) to work on /usr/local/lib/python3.10/dist-packages/airflow/example_dags/example_dataset_alias_with_no_taskflow.py
[2024-10-15T12:45:29.521+0530] {processor.py:914} INFO - Processing file /usr/local/lib/python3.10/dist-packages/airflow/example_dags/example_dataset_alias_with_no_taskflow.py for tasks to queue
[2024-10-15T12:45:29.523+0530] {logging_mixin.py:190} INFO - [2024-10-15T12:45:29.523+0530] {dagbag.py:588} INFO - Filling up the DagBag from /usr/local/lib/python3.10/dist-packages/airflow/example_dags/example_dataset_alias_with_no_taskflow.py
[2024-10-15T12:45:29.545+0530] {processor.py:925} INFO - DAG(s) 'dataset_alias_example_alias_consumer_with_no_taskflow', 'dataset_s3_bucket_consumer_with_no_taskflow', 'dataset_s3_bucket_producer_with_no_taskflow', 'dataset_alias_example_alias_producer_with_no_taskflow' retrieved from /usr/local/lib/python3.10/dist-packages/airflow/example_dags/example_dataset_alias_with_no_taskflow.py
[2024-10-15T12:45:29.560+0530] {logging_mixin.py:190} INFO - [2024-10-15T12:45:29.559+0530] {dag.py:3239} INFO - Sync 4 DAGs
[2024-10-15T12:45:29.574+0530] {logging_mixin.py:190} INFO - [2024-10-15T12:45:29.574+0530] {dag.py:4180} INFO - Setting next_dagrun for dataset_alias_example_alias_consumer_with_no_taskflow to None, run_after=None
[2024-10-15T12:45:29.576+0530] {logging_mixin.py:190} INFO - [2024-10-15T12:45:29.576+0530] {dag.py:4180} INFO - Setting next_dagrun for dataset_alias_example_alias_producer_with_no_taskflow to None, run_after=None
[2024-10-15T12:45:29.577+0530] {logging_mixin.py:190} INFO - [2024-10-15T12:45:29.577+0530] {dag.py:4180} INFO - Setting next_dagrun for dataset_s3_bucket_consumer_with_no_taskflow to None, run_after=None
[2024-10-15T12:45:29.577+0530] {logging_mixin.py:190} INFO - [2024-10-15T12:45:29.577+0530] {dag.py:4180} INFO - Setting next_dagrun for dataset_s3_bucket_producer_with_no_taskflow to None, run_after=None
[2024-10-15T12:45:29.597+0530] {processor.py:208} INFO - Processing /usr/local/lib/python3.10/dist-packages/airflow/example_dags/example_dataset_alias_with_no_taskflow.py took 0.082 seconds
[2024-10-15T12:46:26.917+0530] {processor.py:186} INFO - Started process (PID=7697) to work on /usr/local/lib/python3.10/dist-packages/airflow/example_dags/example_dataset_alias_with_no_taskflow.py
[2024-10-15T12:46:26.922+0530] {processor.py:914} INFO - Processing file /usr/local/lib/python3.10/dist-packages/airflow/example_dags/example_dataset_alias_with_no_taskflow.py for tasks to queue
[2024-10-15T12:46:26.926+0530] {logging_mixin.py:190} INFO - [2024-10-15T12:46:26.926+0530] {dagbag.py:588} INFO - Filling up the DagBag from /usr/local/lib/python3.10/dist-packages/airflow/example_dags/example_dataset_alias_with_no_taskflow.py
[2024-10-15T12:46:26.954+0530] {processor.py:925} INFO - DAG(s) 'dataset_alias_example_alias_consumer_with_no_taskflow', 'dataset_alias_example_alias_producer_with_no_taskflow', 'dataset_s3_bucket_producer_with_no_taskflow', 'dataset_s3_bucket_consumer_with_no_taskflow' retrieved from /usr/local/lib/python3.10/dist-packages/airflow/example_dags/example_dataset_alias_with_no_taskflow.py
[2024-10-15T12:46:26.979+0530] {logging_mixin.py:190} INFO - [2024-10-15T12:46:26.978+0530] {dag.py:3239} INFO - Sync 4 DAGs
[2024-10-15T12:46:26.998+0530] {logging_mixin.py:190} INFO - [2024-10-15T12:46:26.998+0530] {dag.py:4180} INFO - Setting next_dagrun for dataset_alias_example_alias_consumer_with_no_taskflow to None, run_after=None
[2024-10-15T12:46:27.000+0530] {logging_mixin.py:190} INFO - [2024-10-15T12:46:27.000+0530] {dag.py:4180} INFO - Setting next_dagrun for dataset_alias_example_alias_producer_with_no_taskflow to None, run_after=None
[2024-10-15T12:46:27.001+0530] {logging_mixin.py:190} INFO - [2024-10-15T12:46:27.000+0530] {dag.py:4180} INFO - Setting next_dagrun for dataset_s3_bucket_consumer_with_no_taskflow to None, run_after=None
[2024-10-15T12:46:27.001+0530] {logging_mixin.py:190} INFO - [2024-10-15T12:46:27.001+0530] {dag.py:4180} INFO - Setting next_dagrun for dataset_s3_bucket_producer_with_no_taskflow to None, run_after=None
[2024-10-15T12:46:27.040+0530] {processor.py:208} INFO - Processing /usr/local/lib/python3.10/dist-packages/airflow/example_dags/example_dataset_alias_with_no_taskflow.py took 0.139 seconds
[2024-10-15T12:48:06.881+0530] {processor.py:186} INFO - Started process (PID=8532) to work on /usr/local/lib/python3.10/dist-packages/airflow/example_dags/example_dataset_alias_with_no_taskflow.py
[2024-10-15T12:48:06.883+0530] {processor.py:914} INFO - Processing file /usr/local/lib/python3.10/dist-packages/airflow/example_dags/example_dataset_alias_with_no_taskflow.py for tasks to queue
[2024-10-15T12:48:06.885+0530] {logging_mixin.py:190} INFO - [2024-10-15T12:48:06.885+0530] {dagbag.py:588} INFO - Filling up the DagBag from /usr/local/lib/python3.10/dist-packages/airflow/example_dags/example_dataset_alias_with_no_taskflow.py
[2024-10-15T12:48:06.903+0530] {processor.py:925} INFO - DAG(s) 'dataset_alias_example_alias_consumer_with_no_taskflow', 'dataset_alias_example_alias_producer_with_no_taskflow', 'dataset_s3_bucket_consumer_with_no_taskflow', 'dataset_s3_bucket_producer_with_no_taskflow' retrieved from /usr/local/lib/python3.10/dist-packages/airflow/example_dags/example_dataset_alias_with_no_taskflow.py
[2024-10-15T12:48:06.922+0530] {logging_mixin.py:190} INFO - [2024-10-15T12:48:06.922+0530] {dag.py:3239} INFO - Sync 4 DAGs
[2024-10-15T12:48:06.941+0530] {logging_mixin.py:190} INFO - [2024-10-15T12:48:06.941+0530] {dag.py:4180} INFO - Setting next_dagrun for dataset_alias_example_alias_consumer_with_no_taskflow to None, run_after=None
[2024-10-15T12:48:06.943+0530] {logging_mixin.py:190} INFO - [2024-10-15T12:48:06.942+0530] {dag.py:4180} INFO - Setting next_dagrun for dataset_alias_example_alias_producer_with_no_taskflow to None, run_after=None
[2024-10-15T12:48:06.943+0530] {logging_mixin.py:190} INFO - [2024-10-15T12:48:06.943+0530] {dag.py:4180} INFO - Setting next_dagrun for dataset_s3_bucket_consumer_with_no_taskflow to None, run_after=None
[2024-10-15T12:48:06.944+0530] {logging_mixin.py:190} INFO - [2024-10-15T12:48:06.944+0530] {dag.py:4180} INFO - Setting next_dagrun for dataset_s3_bucket_producer_with_no_taskflow to None, run_after=None
[2024-10-15T12:48:06.963+0530] {processor.py:208} INFO - Processing /usr/local/lib/python3.10/dist-packages/airflow/example_dags/example_dataset_alias_with_no_taskflow.py took 0.088 seconds
[2024-10-15T12:49:00.031+0530] {processor.py:186} INFO - Started process (PID=9064) to work on /usr/local/lib/python3.10/dist-packages/airflow/example_dags/example_dataset_alias_with_no_taskflow.py
[2024-10-15T12:49:00.033+0530] {processor.py:914} INFO - Processing file /usr/local/lib/python3.10/dist-packages/airflow/example_dags/example_dataset_alias_with_no_taskflow.py for tasks to queue
[2024-10-15T12:49:00.036+0530] {logging_mixin.py:190} INFO - [2024-10-15T12:49:00.035+0530] {dagbag.py:588} INFO - Filling up the DagBag from /usr/local/lib/python3.10/dist-packages/airflow/example_dags/example_dataset_alias_with_no_taskflow.py
[2024-10-15T12:49:00.057+0530] {processor.py:925} INFO - DAG(s) 'dataset_s3_bucket_consumer_with_no_taskflow', 'dataset_alias_example_alias_producer_with_no_taskflow', 'dataset_alias_example_alias_consumer_with_no_taskflow', 'dataset_s3_bucket_producer_with_no_taskflow' retrieved from /usr/local/lib/python3.10/dist-packages/airflow/example_dags/example_dataset_alias_with_no_taskflow.py
[2024-10-15T12:49:00.076+0530] {logging_mixin.py:190} INFO - [2024-10-15T12:49:00.075+0530] {dag.py:3239} INFO - Sync 4 DAGs
[2024-10-15T12:49:00.090+0530] {logging_mixin.py:190} INFO - [2024-10-15T12:49:00.090+0530] {dag.py:4180} INFO - Setting next_dagrun for dataset_alias_example_alias_consumer_with_no_taskflow to None, run_after=None
[2024-10-15T12:49:00.092+0530] {logging_mixin.py:190} INFO - [2024-10-15T12:49:00.092+0530] {dag.py:4180} INFO - Setting next_dagrun for dataset_alias_example_alias_producer_with_no_taskflow to None, run_after=None
[2024-10-15T12:49:00.093+0530] {logging_mixin.py:190} INFO - [2024-10-15T12:49:00.093+0530] {dag.py:4180} INFO - Setting next_dagrun for dataset_s3_bucket_consumer_with_no_taskflow to None, run_after=None
[2024-10-15T12:49:00.094+0530] {logging_mixin.py:190} INFO - [2024-10-15T12:49:00.094+0530] {dag.py:4180} INFO - Setting next_dagrun for dataset_s3_bucket_producer_with_no_taskflow to None, run_after=None
[2024-10-15T12:49:00.116+0530] {processor.py:208} INFO - Processing /usr/local/lib/python3.10/dist-packages/airflow/example_dags/example_dataset_alias_with_no_taskflow.py took 0.093 seconds
[2024-10-15T12:49:53.212+0530] {processor.py:186} INFO - Started process (PID=9442) to work on /usr/local/lib/python3.10/dist-packages/airflow/example_dags/example_dataset_alias_with_no_taskflow.py
[2024-10-15T12:49:53.213+0530] {processor.py:914} INFO - Processing file /usr/local/lib/python3.10/dist-packages/airflow/example_dags/example_dataset_alias_with_no_taskflow.py for tasks to queue
[2024-10-15T12:49:53.217+0530] {logging_mixin.py:190} INFO - [2024-10-15T12:49:53.217+0530] {dagbag.py:588} INFO - Filling up the DagBag from /usr/local/lib/python3.10/dist-packages/airflow/example_dags/example_dataset_alias_with_no_taskflow.py
[2024-10-15T12:49:53.251+0530] {processor.py:925} INFO - DAG(s) 'dataset_s3_bucket_producer_with_no_taskflow', 'dataset_alias_example_alias_consumer_with_no_taskflow', 'dataset_s3_bucket_consumer_with_no_taskflow', 'dataset_alias_example_alias_producer_with_no_taskflow' retrieved from /usr/local/lib/python3.10/dist-packages/airflow/example_dags/example_dataset_alias_with_no_taskflow.py
[2024-10-15T12:49:53.277+0530] {logging_mixin.py:190} INFO - [2024-10-15T12:49:53.277+0530] {dag.py:3239} INFO - Sync 4 DAGs
[2024-10-15T12:49:53.299+0530] {logging_mixin.py:190} INFO - [2024-10-15T12:49:53.298+0530] {dag.py:4180} INFO - Setting next_dagrun for dataset_alias_example_alias_consumer_with_no_taskflow to None, run_after=None
[2024-10-15T12:49:53.300+0530] {logging_mixin.py:190} INFO - [2024-10-15T12:49:53.300+0530] {dag.py:4180} INFO - Setting next_dagrun for dataset_alias_example_alias_producer_with_no_taskflow to None, run_after=None
[2024-10-15T12:49:53.301+0530] {logging_mixin.py:190} INFO - [2024-10-15T12:49:53.301+0530] {dag.py:4180} INFO - Setting next_dagrun for dataset_s3_bucket_consumer_with_no_taskflow to None, run_after=None
[2024-10-15T12:49:53.302+0530] {logging_mixin.py:190} INFO - [2024-10-15T12:49:53.302+0530] {dag.py:4180} INFO - Setting next_dagrun for dataset_s3_bucket_producer_with_no_taskflow to None, run_after=None
[2024-10-15T12:49:53.332+0530] {processor.py:208} INFO - Processing /usr/local/lib/python3.10/dist-packages/airflow/example_dags/example_dataset_alias_with_no_taskflow.py took 0.129 seconds
[2024-10-15T12:50:47.371+0530] {processor.py:186} INFO - Started process (PID=9716) to work on /usr/local/lib/python3.10/dist-packages/airflow/example_dags/example_dataset_alias_with_no_taskflow.py
[2024-10-15T12:50:47.373+0530] {processor.py:914} INFO - Processing file /usr/local/lib/python3.10/dist-packages/airflow/example_dags/example_dataset_alias_with_no_taskflow.py for tasks to queue
[2024-10-15T12:50:47.376+0530] {logging_mixin.py:190} INFO - [2024-10-15T12:50:47.375+0530] {dagbag.py:588} INFO - Filling up the DagBag from /usr/local/lib/python3.10/dist-packages/airflow/example_dags/example_dataset_alias_with_no_taskflow.py
[2024-10-15T12:50:47.399+0530] {processor.py:925} INFO - DAG(s) 'dataset_s3_bucket_producer_with_no_taskflow', 'dataset_alias_example_alias_producer_with_no_taskflow', 'dataset_s3_bucket_consumer_with_no_taskflow', 'dataset_alias_example_alias_consumer_with_no_taskflow' retrieved from /usr/local/lib/python3.10/dist-packages/airflow/example_dags/example_dataset_alias_with_no_taskflow.py
[2024-10-15T12:50:47.420+0530] {logging_mixin.py:190} INFO - [2024-10-15T12:50:47.420+0530] {dag.py:3239} INFO - Sync 4 DAGs
[2024-10-15T12:50:47.435+0530] {logging_mixin.py:190} INFO - [2024-10-15T12:50:47.435+0530] {dag.py:4180} INFO - Setting next_dagrun for dataset_alias_example_alias_consumer_with_no_taskflow to None, run_after=None
[2024-10-15T12:50:47.437+0530] {logging_mixin.py:190} INFO - [2024-10-15T12:50:47.437+0530] {dag.py:4180} INFO - Setting next_dagrun for dataset_alias_example_alias_producer_with_no_taskflow to None, run_after=None
[2024-10-15T12:50:47.437+0530] {logging_mixin.py:190} INFO - [2024-10-15T12:50:47.437+0530] {dag.py:4180} INFO - Setting next_dagrun for dataset_s3_bucket_consumer_with_no_taskflow to None, run_after=None
[2024-10-15T12:50:47.438+0530] {logging_mixin.py:190} INFO - [2024-10-15T12:50:47.438+0530] {dag.py:4180} INFO - Setting next_dagrun for dataset_s3_bucket_producer_with_no_taskflow to None, run_after=None
[2024-10-15T12:50:47.458+0530] {processor.py:208} INFO - Processing /usr/local/lib/python3.10/dist-packages/airflow/example_dags/example_dataset_alias_with_no_taskflow.py took 0.094 seconds
[2024-10-15T13:05:18.565+0530] {processor.py:186} INFO - Started process (PID=12431) to work on /usr/local/lib/python3.10/dist-packages/airflow/example_dags/example_dataset_alias_with_no_taskflow.py
[2024-10-15T13:05:18.568+0530] {processor.py:914} INFO - Processing file /usr/local/lib/python3.10/dist-packages/airflow/example_dags/example_dataset_alias_with_no_taskflow.py for tasks to queue
[2024-10-15T13:05:18.570+0530] {logging_mixin.py:190} INFO - [2024-10-15T13:05:18.569+0530] {dagbag.py:588} INFO - Filling up the DagBag from /usr/local/lib/python3.10/dist-packages/airflow/example_dags/example_dataset_alias_with_no_taskflow.py
[2024-10-15T13:05:18.590+0530] {processor.py:925} INFO - DAG(s) 'dataset_s3_bucket_producer_with_no_taskflow', 'dataset_alias_example_alias_producer_with_no_taskflow', 'dataset_alias_example_alias_consumer_with_no_taskflow', 'dataset_s3_bucket_consumer_with_no_taskflow' retrieved from /usr/local/lib/python3.10/dist-packages/airflow/example_dags/example_dataset_alias_with_no_taskflow.py
[2024-10-15T13:05:18.611+0530] {logging_mixin.py:190} INFO - [2024-10-15T13:05:18.611+0530] {dag.py:3239} INFO - Sync 4 DAGs
[2024-10-15T13:05:18.630+0530] {logging_mixin.py:190} INFO - [2024-10-15T13:05:18.630+0530] {dag.py:4180} INFO - Setting next_dagrun for dataset_alias_example_alias_consumer_with_no_taskflow to None, run_after=None
[2024-10-15T13:05:18.632+0530] {logging_mixin.py:190} INFO - [2024-10-15T13:05:18.632+0530] {dag.py:4180} INFO - Setting next_dagrun for dataset_alias_example_alias_producer_with_no_taskflow to None, run_after=None
[2024-10-15T13:05:18.633+0530] {logging_mixin.py:190} INFO - [2024-10-15T13:05:18.633+0530] {dag.py:4180} INFO - Setting next_dagrun for dataset_s3_bucket_consumer_with_no_taskflow to None, run_after=None
[2024-10-15T13:05:18.634+0530] {logging_mixin.py:190} INFO - [2024-10-15T13:05:18.634+0530] {dag.py:4180} INFO - Setting next_dagrun for dataset_s3_bucket_producer_with_no_taskflow to None, run_after=None
[2024-10-15T13:05:18.665+0530] {processor.py:208} INFO - Processing /usr/local/lib/python3.10/dist-packages/airflow/example_dags/example_dataset_alias_with_no_taskflow.py took 0.106 seconds
[2024-10-15T13:06:18.427+0530] {processor.py:186} INFO - Started process (PID=12790) to work on /usr/local/lib/python3.10/dist-packages/airflow/example_dags/example_dataset_alias_with_no_taskflow.py
[2024-10-15T13:06:18.430+0530] {processor.py:914} INFO - Processing file /usr/local/lib/python3.10/dist-packages/airflow/example_dags/example_dataset_alias_with_no_taskflow.py for tasks to queue
[2024-10-15T13:06:18.432+0530] {logging_mixin.py:190} INFO - [2024-10-15T13:06:18.432+0530] {dagbag.py:588} INFO - Filling up the DagBag from /usr/local/lib/python3.10/dist-packages/airflow/example_dags/example_dataset_alias_with_no_taskflow.py
[2024-10-15T13:06:18.450+0530] {processor.py:925} INFO - DAG(s) 'dataset_s3_bucket_producer_with_no_taskflow', 'dataset_s3_bucket_consumer_with_no_taskflow', 'dataset_alias_example_alias_producer_with_no_taskflow', 'dataset_alias_example_alias_consumer_with_no_taskflow' retrieved from /usr/local/lib/python3.10/dist-packages/airflow/example_dags/example_dataset_alias_with_no_taskflow.py
[2024-10-15T13:06:18.465+0530] {logging_mixin.py:190} INFO - [2024-10-15T13:06:18.465+0530] {dag.py:3239} INFO - Sync 4 DAGs
[2024-10-15T13:06:18.485+0530] {logging_mixin.py:190} INFO - [2024-10-15T13:06:18.484+0530] {dag.py:4180} INFO - Setting next_dagrun for dataset_alias_example_alias_consumer_with_no_taskflow to None, run_after=None
[2024-10-15T13:06:18.487+0530] {logging_mixin.py:190} INFO - [2024-10-15T13:06:18.487+0530] {dag.py:4180} INFO - Setting next_dagrun for dataset_alias_example_alias_producer_with_no_taskflow to None, run_after=None
[2024-10-15T13:06:18.488+0530] {logging_mixin.py:190} INFO - [2024-10-15T13:06:18.488+0530] {dag.py:4180} INFO - Setting next_dagrun for dataset_s3_bucket_consumer_with_no_taskflow to None, run_after=None
[2024-10-15T13:06:18.489+0530] {logging_mixin.py:190} INFO - [2024-10-15T13:06:18.489+0530] {dag.py:4180} INFO - Setting next_dagrun for dataset_s3_bucket_producer_with_no_taskflow to None, run_after=None
[2024-10-15T13:06:18.509+0530] {processor.py:208} INFO - Processing /usr/local/lib/python3.10/dist-packages/airflow/example_dags/example_dataset_alias_with_no_taskflow.py took 0.086 seconds
[2024-10-15T13:07:14.027+0530] {processor.py:186} INFO - Started process (PID=12984) to work on /usr/local/lib/python3.10/dist-packages/airflow/example_dags/example_dataset_alias_with_no_taskflow.py
[2024-10-15T13:07:14.029+0530] {processor.py:914} INFO - Processing file /usr/local/lib/python3.10/dist-packages/airflow/example_dags/example_dataset_alias_with_no_taskflow.py for tasks to queue
[2024-10-15T13:07:14.032+0530] {logging_mixin.py:190} INFO - [2024-10-15T13:07:14.031+0530] {dagbag.py:588} INFO - Filling up the DagBag from /usr/local/lib/python3.10/dist-packages/airflow/example_dags/example_dataset_alias_with_no_taskflow.py
[2024-10-15T13:07:14.055+0530] {processor.py:925} INFO - DAG(s) 'dataset_s3_bucket_producer_with_no_taskflow', 'dataset_s3_bucket_consumer_with_no_taskflow', 'dataset_alias_example_alias_producer_with_no_taskflow', 'dataset_alias_example_alias_consumer_with_no_taskflow' retrieved from /usr/local/lib/python3.10/dist-packages/airflow/example_dags/example_dataset_alias_with_no_taskflow.py
[2024-10-15T13:07:14.071+0530] {logging_mixin.py:190} INFO - [2024-10-15T13:07:14.071+0530] {dag.py:3239} INFO - Sync 4 DAGs
[2024-10-15T13:07:14.099+0530] {logging_mixin.py:190} INFO - [2024-10-15T13:07:14.099+0530] {dag.py:4180} INFO - Setting next_dagrun for dataset_alias_example_alias_consumer_with_no_taskflow to None, run_after=None
[2024-10-15T13:07:14.101+0530] {logging_mixin.py:190} INFO - [2024-10-15T13:07:14.101+0530] {dag.py:4180} INFO - Setting next_dagrun for dataset_alias_example_alias_producer_with_no_taskflow to None, run_after=None
[2024-10-15T13:07:14.102+0530] {logging_mixin.py:190} INFO - [2024-10-15T13:07:14.102+0530] {dag.py:4180} INFO - Setting next_dagrun for dataset_s3_bucket_consumer_with_no_taskflow to None, run_after=None
[2024-10-15T13:07:14.103+0530] {logging_mixin.py:190} INFO - [2024-10-15T13:07:14.103+0530] {dag.py:4180} INFO - Setting next_dagrun for dataset_s3_bucket_producer_with_no_taskflow to None, run_after=None
[2024-10-15T13:07:14.126+0530] {processor.py:208} INFO - Processing /usr/local/lib/python3.10/dist-packages/airflow/example_dags/example_dataset_alias_with_no_taskflow.py took 0.106 seconds
[2024-10-15T21:18:44.987+0530] {processor.py:186} INFO - Started process (PID=3978) to work on /usr/local/lib/python3.10/dist-packages/airflow/example_dags/example_dataset_alias_with_no_taskflow.py
[2024-10-15T21:18:44.991+0530] {processor.py:914} INFO - Processing file /usr/local/lib/python3.10/dist-packages/airflow/example_dags/example_dataset_alias_with_no_taskflow.py for tasks to queue
[2024-10-15T21:18:44.994+0530] {logging_mixin.py:190} INFO - [2024-10-15T21:18:44.993+0530] {dagbag.py:588} INFO - Filling up the DagBag from /usr/local/lib/python3.10/dist-packages/airflow/example_dags/example_dataset_alias_with_no_taskflow.py
[2024-10-15T21:18:45.016+0530] {processor.py:925} INFO - DAG(s) 'dataset_s3_bucket_consumer_with_no_taskflow', 'dataset_alias_example_alias_consumer_with_no_taskflow', 'dataset_alias_example_alias_producer_with_no_taskflow', 'dataset_s3_bucket_producer_with_no_taskflow' retrieved from /usr/local/lib/python3.10/dist-packages/airflow/example_dags/example_dataset_alias_with_no_taskflow.py
[2024-10-15T21:18:45.041+0530] {logging_mixin.py:190} INFO - [2024-10-15T21:18:45.040+0530] {dag.py:3239} INFO - Sync 4 DAGs
[2024-10-15T21:18:45.062+0530] {logging_mixin.py:190} INFO - [2024-10-15T21:18:45.062+0530] {dag.py:4180} INFO - Setting next_dagrun for dataset_alias_example_alias_consumer_with_no_taskflow to None, run_after=None
[2024-10-15T21:18:45.065+0530] {logging_mixin.py:190} INFO - [2024-10-15T21:18:45.065+0530] {dag.py:4180} INFO - Setting next_dagrun for dataset_alias_example_alias_producer_with_no_taskflow to None, run_after=None
[2024-10-15T21:18:45.066+0530] {logging_mixin.py:190} INFO - [2024-10-15T21:18:45.066+0530] {dag.py:4180} INFO - Setting next_dagrun for dataset_s3_bucket_consumer_with_no_taskflow to None, run_after=None
[2024-10-15T21:18:45.068+0530] {logging_mixin.py:190} INFO - [2024-10-15T21:18:45.067+0530] {dag.py:4180} INFO - Setting next_dagrun for dataset_s3_bucket_producer_with_no_taskflow to None, run_after=None
[2024-10-15T21:18:45.093+0530] {processor.py:208} INFO - Processing /usr/local/lib/python3.10/dist-packages/airflow/example_dags/example_dataset_alias_with_no_taskflow.py took 0.112 seconds
[2024-10-15T21:19:43.732+0530] {processor.py:186} INFO - Started process (PID=4234) to work on /usr/local/lib/python3.10/dist-packages/airflow/example_dags/example_dataset_alias_with_no_taskflow.py
[2024-10-15T21:19:43.733+0530] {processor.py:914} INFO - Processing file /usr/local/lib/python3.10/dist-packages/airflow/example_dags/example_dataset_alias_with_no_taskflow.py for tasks to queue
[2024-10-15T21:19:43.735+0530] {logging_mixin.py:190} INFO - [2024-10-15T21:19:43.735+0530] {dagbag.py:588} INFO - Filling up the DagBag from /usr/local/lib/python3.10/dist-packages/airflow/example_dags/example_dataset_alias_with_no_taskflow.py
[2024-10-15T21:19:43.760+0530] {processor.py:925} INFO - DAG(s) 'dataset_s3_bucket_consumer_with_no_taskflow', 'dataset_s3_bucket_producer_with_no_taskflow', 'dataset_alias_example_alias_producer_with_no_taskflow', 'dataset_alias_example_alias_consumer_with_no_taskflow' retrieved from /usr/local/lib/python3.10/dist-packages/airflow/example_dags/example_dataset_alias_with_no_taskflow.py
[2024-10-15T21:19:43.783+0530] {logging_mixin.py:190} INFO - [2024-10-15T21:19:43.783+0530] {dag.py:3239} INFO - Sync 4 DAGs
[2024-10-15T21:19:43.806+0530] {logging_mixin.py:190} INFO - [2024-10-15T21:19:43.806+0530] {dag.py:4180} INFO - Setting next_dagrun for dataset_alias_example_alias_consumer_with_no_taskflow to None, run_after=None
[2024-10-15T21:19:43.809+0530] {logging_mixin.py:190} INFO - [2024-10-15T21:19:43.809+0530] {dag.py:4180} INFO - Setting next_dagrun for dataset_alias_example_alias_producer_with_no_taskflow to None, run_after=None
[2024-10-15T21:19:43.813+0530] {logging_mixin.py:190} INFO - [2024-10-15T21:19:43.812+0530] {dag.py:4180} INFO - Setting next_dagrun for dataset_s3_bucket_consumer_with_no_taskflow to None, run_after=None
[2024-10-15T21:19:43.813+0530] {logging_mixin.py:190} INFO - [2024-10-15T21:19:43.813+0530] {dag.py:4180} INFO - Setting next_dagrun for dataset_s3_bucket_producer_with_no_taskflow to None, run_after=None
[2024-10-15T21:19:43.880+0530] {processor.py:208} INFO - Processing /usr/local/lib/python3.10/dist-packages/airflow/example_dags/example_dataset_alias_with_no_taskflow.py took 0.166 seconds
[2024-10-15T21:20:45.937+0530] {processor.py:186} INFO - Started process (PID=4579) to work on /usr/local/lib/python3.10/dist-packages/airflow/example_dags/example_dataset_alias_with_no_taskflow.py
[2024-10-15T21:20:45.944+0530] {processor.py:914} INFO - Processing file /usr/local/lib/python3.10/dist-packages/airflow/example_dags/example_dataset_alias_with_no_taskflow.py for tasks to queue
[2024-10-15T21:20:45.947+0530] {logging_mixin.py:190} INFO - [2024-10-15T21:20:45.946+0530] {dagbag.py:588} INFO - Filling up the DagBag from /usr/local/lib/python3.10/dist-packages/airflow/example_dags/example_dataset_alias_with_no_taskflow.py
[2024-10-15T21:20:45.993+0530] {processor.py:925} INFO - DAG(s) 'dataset_alias_example_alias_consumer_with_no_taskflow', 'dataset_alias_example_alias_producer_with_no_taskflow', 'dataset_s3_bucket_producer_with_no_taskflow', 'dataset_s3_bucket_consumer_with_no_taskflow' retrieved from /usr/local/lib/python3.10/dist-packages/airflow/example_dags/example_dataset_alias_with_no_taskflow.py
[2024-10-15T21:20:46.040+0530] {logging_mixin.py:190} INFO - [2024-10-15T21:20:46.040+0530] {dag.py:3239} INFO - Sync 4 DAGs
[2024-10-15T21:20:46.076+0530] {logging_mixin.py:190} INFO - [2024-10-15T21:20:46.076+0530] {dag.py:4180} INFO - Setting next_dagrun for dataset_alias_example_alias_consumer_with_no_taskflow to None, run_after=None
[2024-10-15T21:20:46.078+0530] {logging_mixin.py:190} INFO - [2024-10-15T21:20:46.078+0530] {dag.py:4180} INFO - Setting next_dagrun for dataset_alias_example_alias_producer_with_no_taskflow to None, run_after=None
[2024-10-15T21:20:46.079+0530] {logging_mixin.py:190} INFO - [2024-10-15T21:20:46.079+0530] {dag.py:4180} INFO - Setting next_dagrun for dataset_s3_bucket_consumer_with_no_taskflow to None, run_after=None
[2024-10-15T21:20:46.080+0530] {logging_mixin.py:190} INFO - [2024-10-15T21:20:46.080+0530] {dag.py:4180} INFO - Setting next_dagrun for dataset_s3_bucket_producer_with_no_taskflow to None, run_after=None
[2024-10-15T21:20:46.108+0530] {processor.py:208} INFO - Processing /usr/local/lib/python3.10/dist-packages/airflow/example_dags/example_dataset_alias_with_no_taskflow.py took 0.189 seconds
[2024-10-15T21:21:42.198+0530] {processor.py:186} INFO - Started process (PID=4799) to work on /usr/local/lib/python3.10/dist-packages/airflow/example_dags/example_dataset_alias_with_no_taskflow.py
[2024-10-15T21:21:42.199+0530] {processor.py:914} INFO - Processing file /usr/local/lib/python3.10/dist-packages/airflow/example_dags/example_dataset_alias_with_no_taskflow.py for tasks to queue
[2024-10-15T21:21:42.201+0530] {logging_mixin.py:190} INFO - [2024-10-15T21:21:42.201+0530] {dagbag.py:588} INFO - Filling up the DagBag from /usr/local/lib/python3.10/dist-packages/airflow/example_dags/example_dataset_alias_with_no_taskflow.py
[2024-10-15T21:21:42.229+0530] {processor.py:925} INFO - DAG(s) 'dataset_s3_bucket_consumer_with_no_taskflow', 'dataset_alias_example_alias_producer_with_no_taskflow', 'dataset_alias_example_alias_consumer_with_no_taskflow', 'dataset_s3_bucket_producer_with_no_taskflow' retrieved from /usr/local/lib/python3.10/dist-packages/airflow/example_dags/example_dataset_alias_with_no_taskflow.py
[2024-10-15T21:21:42.253+0530] {logging_mixin.py:190} INFO - [2024-10-15T21:21:42.253+0530] {dag.py:3239} INFO - Sync 4 DAGs
[2024-10-15T21:21:42.275+0530] {logging_mixin.py:190} INFO - [2024-10-15T21:21:42.275+0530] {dag.py:4180} INFO - Setting next_dagrun for dataset_alias_example_alias_consumer_with_no_taskflow to None, run_after=None
[2024-10-15T21:21:42.277+0530] {logging_mixin.py:190} INFO - [2024-10-15T21:21:42.277+0530] {dag.py:4180} INFO - Setting next_dagrun for dataset_alias_example_alias_producer_with_no_taskflow to None, run_after=None
[2024-10-15T21:21:42.278+0530] {logging_mixin.py:190} INFO - [2024-10-15T21:21:42.278+0530] {dag.py:4180} INFO - Setting next_dagrun for dataset_s3_bucket_consumer_with_no_taskflow to None, run_after=None
[2024-10-15T21:21:42.279+0530] {logging_mixin.py:190} INFO - [2024-10-15T21:21:42.279+0530] {dag.py:4180} INFO - Setting next_dagrun for dataset_s3_bucket_producer_with_no_taskflow to None, run_after=None
[2024-10-15T21:21:42.306+0530] {processor.py:208} INFO - Processing /usr/local/lib/python3.10/dist-packages/airflow/example_dags/example_dataset_alias_with_no_taskflow.py took 0.114 seconds
[2024-10-15T21:22:40.264+0530] {processor.py:186} INFO - Started process (PID=4889) to work on /usr/local/lib/python3.10/dist-packages/airflow/example_dags/example_dataset_alias_with_no_taskflow.py
[2024-10-15T21:22:40.265+0530] {processor.py:914} INFO - Processing file /usr/local/lib/python3.10/dist-packages/airflow/example_dags/example_dataset_alias_with_no_taskflow.py for tasks to queue
[2024-10-15T21:22:40.268+0530] {logging_mixin.py:190} INFO - [2024-10-15T21:22:40.268+0530] {dagbag.py:588} INFO - Filling up the DagBag from /usr/local/lib/python3.10/dist-packages/airflow/example_dags/example_dataset_alias_with_no_taskflow.py
[2024-10-15T21:22:40.294+0530] {processor.py:925} INFO - DAG(s) 'dataset_s3_bucket_consumer_with_no_taskflow', 'dataset_s3_bucket_producer_with_no_taskflow', 'dataset_alias_example_alias_producer_with_no_taskflow', 'dataset_alias_example_alias_consumer_with_no_taskflow' retrieved from /usr/local/lib/python3.10/dist-packages/airflow/example_dags/example_dataset_alias_with_no_taskflow.py
[2024-10-15T21:22:40.316+0530] {logging_mixin.py:190} INFO - [2024-10-15T21:22:40.316+0530] {dag.py:3239} INFO - Sync 4 DAGs
[2024-10-15T21:22:40.337+0530] {logging_mixin.py:190} INFO - [2024-10-15T21:22:40.337+0530] {dag.py:4180} INFO - Setting next_dagrun for dataset_alias_example_alias_consumer_with_no_taskflow to None, run_after=None
[2024-10-15T21:22:40.340+0530] {logging_mixin.py:190} INFO - [2024-10-15T21:22:40.340+0530] {dag.py:4180} INFO - Setting next_dagrun for dataset_alias_example_alias_producer_with_no_taskflow to None, run_after=None
[2024-10-15T21:22:40.341+0530] {logging_mixin.py:190} INFO - [2024-10-15T21:22:40.341+0530] {dag.py:4180} INFO - Setting next_dagrun for dataset_s3_bucket_consumer_with_no_taskflow to None, run_after=None
[2024-10-15T21:22:40.342+0530] {logging_mixin.py:190} INFO - [2024-10-15T21:22:40.342+0530] {dag.py:4180} INFO - Setting next_dagrun for dataset_s3_bucket_producer_with_no_taskflow to None, run_after=None
[2024-10-15T21:22:40.367+0530] {processor.py:208} INFO - Processing /usr/local/lib/python3.10/dist-packages/airflow/example_dags/example_dataset_alias_with_no_taskflow.py took 0.109 seconds
[2024-10-15T21:27:08.453+0530] {processor.py:186} INFO - Started process (PID=7115) to work on /usr/local/lib/python3.10/dist-packages/airflow/example_dags/example_dataset_alias_with_no_taskflow.py
[2024-10-15T21:27:08.454+0530] {processor.py:914} INFO - Processing file /usr/local/lib/python3.10/dist-packages/airflow/example_dags/example_dataset_alias_with_no_taskflow.py for tasks to queue
[2024-10-15T21:27:08.456+0530] {logging_mixin.py:190} INFO - [2024-10-15T21:27:08.456+0530] {dagbag.py:588} INFO - Filling up the DagBag from /usr/local/lib/python3.10/dist-packages/airflow/example_dags/example_dataset_alias_with_no_taskflow.py
[2024-10-15T21:27:08.476+0530] {processor.py:925} INFO - DAG(s) 'dataset_s3_bucket_consumer_with_no_taskflow', 'dataset_alias_example_alias_producer_with_no_taskflow', 'dataset_alias_example_alias_consumer_with_no_taskflow', 'dataset_s3_bucket_producer_with_no_taskflow' retrieved from /usr/local/lib/python3.10/dist-packages/airflow/example_dags/example_dataset_alias_with_no_taskflow.py
[2024-10-15T21:27:08.490+0530] {logging_mixin.py:190} INFO - [2024-10-15T21:27:08.490+0530] {dag.py:3239} INFO - Sync 4 DAGs
[2024-10-15T21:27:08.505+0530] {logging_mixin.py:190} INFO - [2024-10-15T21:27:08.505+0530] {dag.py:4180} INFO - Setting next_dagrun for dataset_alias_example_alias_consumer_with_no_taskflow to None, run_after=None
[2024-10-15T21:27:08.507+0530] {logging_mixin.py:190} INFO - [2024-10-15T21:27:08.507+0530] {dag.py:4180} INFO - Setting next_dagrun for dataset_alias_example_alias_producer_with_no_taskflow to None, run_after=None
[2024-10-15T21:27:08.511+0530] {logging_mixin.py:190} INFO - [2024-10-15T21:27:08.511+0530] {dag.py:4180} INFO - Setting next_dagrun for dataset_s3_bucket_consumer_with_no_taskflow to None, run_after=None
[2024-10-15T21:27:08.512+0530] {logging_mixin.py:190} INFO - [2024-10-15T21:27:08.512+0530] {dag.py:4180} INFO - Setting next_dagrun for dataset_s3_bucket_producer_with_no_taskflow to None, run_after=None
[2024-10-15T21:27:08.533+0530] {processor.py:208} INFO - Processing /usr/local/lib/python3.10/dist-packages/airflow/example_dags/example_dataset_alias_with_no_taskflow.py took 0.086 seconds
[2024-10-15T21:29:39.595+0530] {processor.py:186} INFO - Started process (PID=8474) to work on /usr/local/lib/python3.10/dist-packages/airflow/example_dags/example_dataset_alias_with_no_taskflow.py
[2024-10-15T21:29:39.597+0530] {processor.py:914} INFO - Processing file /usr/local/lib/python3.10/dist-packages/airflow/example_dags/example_dataset_alias_with_no_taskflow.py for tasks to queue
[2024-10-15T21:29:39.600+0530] {logging_mixin.py:190} INFO - [2024-10-15T21:29:39.599+0530] {dagbag.py:588} INFO - Filling up the DagBag from /usr/local/lib/python3.10/dist-packages/airflow/example_dags/example_dataset_alias_with_no_taskflow.py
[2024-10-15T21:29:39.623+0530] {processor.py:925} INFO - DAG(s) 'dataset_s3_bucket_consumer_with_no_taskflow', 'dataset_s3_bucket_producer_with_no_taskflow', 'dataset_alias_example_alias_consumer_with_no_taskflow', 'dataset_alias_example_alias_producer_with_no_taskflow' retrieved from /usr/local/lib/python3.10/dist-packages/airflow/example_dags/example_dataset_alias_with_no_taskflow.py
[2024-10-15T21:29:39.639+0530] {logging_mixin.py:190} INFO - [2024-10-15T21:29:39.639+0530] {dag.py:3239} INFO - Sync 4 DAGs
[2024-10-15T21:29:39.656+0530] {logging_mixin.py:190} INFO - [2024-10-15T21:29:39.655+0530] {dag.py:4180} INFO - Setting next_dagrun for dataset_alias_example_alias_consumer_with_no_taskflow to None, run_after=None
[2024-10-15T21:29:39.658+0530] {logging_mixin.py:190} INFO - [2024-10-15T21:29:39.657+0530] {dag.py:4180} INFO - Setting next_dagrun for dataset_alias_example_alias_producer_with_no_taskflow to None, run_after=None
[2024-10-15T21:29:39.659+0530] {logging_mixin.py:190} INFO - [2024-10-15T21:29:39.659+0530] {dag.py:4180} INFO - Setting next_dagrun for dataset_s3_bucket_consumer_with_no_taskflow to None, run_after=None
[2024-10-15T21:29:39.660+0530] {logging_mixin.py:190} INFO - [2024-10-15T21:29:39.660+0530] {dag.py:4180} INFO - Setting next_dagrun for dataset_s3_bucket_producer_with_no_taskflow to None, run_after=None
[2024-10-15T21:29:39.687+0530] {processor.py:208} INFO - Processing /usr/local/lib/python3.10/dist-packages/airflow/example_dags/example_dataset_alias_with_no_taskflow.py took 0.099 seconds
[2024-10-15T21:32:09.779+0530] {processor.py:186} INFO - Started process (PID=9913) to work on /usr/local/lib/python3.10/dist-packages/airflow/example_dags/example_dataset_alias_with_no_taskflow.py
[2024-10-15T21:32:09.782+0530] {processor.py:914} INFO - Processing file /usr/local/lib/python3.10/dist-packages/airflow/example_dags/example_dataset_alias_with_no_taskflow.py for tasks to queue
[2024-10-15T21:32:09.785+0530] {logging_mixin.py:190} INFO - [2024-10-15T21:32:09.785+0530] {dagbag.py:588} INFO - Filling up the DagBag from /usr/local/lib/python3.10/dist-packages/airflow/example_dags/example_dataset_alias_with_no_taskflow.py
[2024-10-15T21:32:09.806+0530] {processor.py:925} INFO - DAG(s) 'dataset_s3_bucket_consumer_with_no_taskflow', 'dataset_s3_bucket_producer_with_no_taskflow', 'dataset_alias_example_alias_consumer_with_no_taskflow', 'dataset_alias_example_alias_producer_with_no_taskflow' retrieved from /usr/local/lib/python3.10/dist-packages/airflow/example_dags/example_dataset_alias_with_no_taskflow.py
[2024-10-15T21:32:09.821+0530] {logging_mixin.py:190} INFO - [2024-10-15T21:32:09.820+0530] {dag.py:3239} INFO - Sync 4 DAGs
[2024-10-15T21:32:09.836+0530] {logging_mixin.py:190} INFO - [2024-10-15T21:32:09.836+0530] {dag.py:4180} INFO - Setting next_dagrun for dataset_alias_example_alias_consumer_with_no_taskflow to None, run_after=None
[2024-10-15T21:32:09.838+0530] {logging_mixin.py:190} INFO - [2024-10-15T21:32:09.838+0530] {dag.py:4180} INFO - Setting next_dagrun for dataset_alias_example_alias_producer_with_no_taskflow to None, run_after=None
[2024-10-15T21:32:09.839+0530] {logging_mixin.py:190} INFO - [2024-10-15T21:32:09.839+0530] {dag.py:4180} INFO - Setting next_dagrun for dataset_s3_bucket_consumer_with_no_taskflow to None, run_after=None
[2024-10-15T21:32:09.840+0530] {logging_mixin.py:190} INFO - [2024-10-15T21:32:09.840+0530] {dag.py:4180} INFO - Setting next_dagrun for dataset_s3_bucket_producer_with_no_taskflow to None, run_after=None
[2024-10-15T21:32:09.863+0530] {processor.py:208} INFO - Processing /usr/local/lib/python3.10/dist-packages/airflow/example_dags/example_dataset_alias_with_no_taskflow.py took 0.091 seconds
[2024-10-15T21:35:01.574+0530] {processor.py:186} INFO - Started process (PID=11428) to work on /usr/local/lib/python3.10/dist-packages/airflow/example_dags/example_dataset_alias_with_no_taskflow.py
[2024-10-15T21:35:01.578+0530] {processor.py:914} INFO - Processing file /usr/local/lib/python3.10/dist-packages/airflow/example_dags/example_dataset_alias_with_no_taskflow.py for tasks to queue
[2024-10-15T21:35:01.581+0530] {logging_mixin.py:190} INFO - [2024-10-15T21:35:01.580+0530] {dagbag.py:588} INFO - Filling up the DagBag from /usr/local/lib/python3.10/dist-packages/airflow/example_dags/example_dataset_alias_with_no_taskflow.py
[2024-10-15T21:35:01.606+0530] {processor.py:925} INFO - DAG(s) 'dataset_s3_bucket_producer_with_no_taskflow', 'dataset_alias_example_alias_producer_with_no_taskflow', 'dataset_s3_bucket_consumer_with_no_taskflow', 'dataset_alias_example_alias_consumer_with_no_taskflow' retrieved from /usr/local/lib/python3.10/dist-packages/airflow/example_dags/example_dataset_alias_with_no_taskflow.py
[2024-10-15T21:35:01.623+0530] {logging_mixin.py:190} INFO - [2024-10-15T21:35:01.623+0530] {dag.py:3239} INFO - Sync 4 DAGs
[2024-10-15T21:35:01.639+0530] {logging_mixin.py:190} INFO - [2024-10-15T21:35:01.639+0530] {dag.py:4180} INFO - Setting next_dagrun for dataset_alias_example_alias_consumer_with_no_taskflow to None, run_after=None
[2024-10-15T21:35:01.642+0530] {logging_mixin.py:190} INFO - [2024-10-15T21:35:01.642+0530] {dag.py:4180} INFO - Setting next_dagrun for dataset_alias_example_alias_producer_with_no_taskflow to None, run_after=None
[2024-10-15T21:35:01.643+0530] {logging_mixin.py:190} INFO - [2024-10-15T21:35:01.643+0530] {dag.py:4180} INFO - Setting next_dagrun for dataset_s3_bucket_consumer_with_no_taskflow to None, run_after=None
[2024-10-15T21:35:01.643+0530] {logging_mixin.py:190} INFO - [2024-10-15T21:35:01.643+0530] {dag.py:4180} INFO - Setting next_dagrun for dataset_s3_bucket_producer_with_no_taskflow to None, run_after=None
[2024-10-15T21:35:01.666+0530] {processor.py:208} INFO - Processing /usr/local/lib/python3.10/dist-packages/airflow/example_dags/example_dataset_alias_with_no_taskflow.py took 0.099 seconds
[2024-10-15T21:38:05.274+0530] {processor.py:186} INFO - Started process (PID=13424) to work on /usr/local/lib/python3.10/dist-packages/airflow/example_dags/example_dataset_alias_with_no_taskflow.py
[2024-10-15T21:38:05.277+0530] {processor.py:914} INFO - Processing file /usr/local/lib/python3.10/dist-packages/airflow/example_dags/example_dataset_alias_with_no_taskflow.py for tasks to queue
[2024-10-15T21:38:05.279+0530] {logging_mixin.py:190} INFO - [2024-10-15T21:38:05.279+0530] {dagbag.py:588} INFO - Filling up the DagBag from /usr/local/lib/python3.10/dist-packages/airflow/example_dags/example_dataset_alias_with_no_taskflow.py
[2024-10-15T21:38:05.298+0530] {processor.py:925} INFO - DAG(s) 'dataset_alias_example_alias_producer_with_no_taskflow', 'dataset_s3_bucket_consumer_with_no_taskflow', 'dataset_alias_example_alias_consumer_with_no_taskflow', 'dataset_s3_bucket_producer_with_no_taskflow' retrieved from /usr/local/lib/python3.10/dist-packages/airflow/example_dags/example_dataset_alias_with_no_taskflow.py
[2024-10-15T21:38:05.314+0530] {logging_mixin.py:190} INFO - [2024-10-15T21:38:05.314+0530] {dag.py:3239} INFO - Sync 4 DAGs
[2024-10-15T21:38:05.328+0530] {logging_mixin.py:190} INFO - [2024-10-15T21:38:05.328+0530] {dag.py:4180} INFO - Setting next_dagrun for dataset_alias_example_alias_consumer_with_no_taskflow to None, run_after=None
[2024-10-15T21:38:05.330+0530] {logging_mixin.py:190} INFO - [2024-10-15T21:38:05.330+0530] {dag.py:4180} INFO - Setting next_dagrun for dataset_alias_example_alias_producer_with_no_taskflow to None, run_after=None
[2024-10-15T21:38:05.331+0530] {logging_mixin.py:190} INFO - [2024-10-15T21:38:05.331+0530] {dag.py:4180} INFO - Setting next_dagrun for dataset_s3_bucket_consumer_with_no_taskflow to None, run_after=None
[2024-10-15T21:38:05.332+0530] {logging_mixin.py:190} INFO - [2024-10-15T21:38:05.331+0530] {dag.py:4180} INFO - Setting next_dagrun for dataset_s3_bucket_producer_with_no_taskflow to None, run_after=None
[2024-10-15T21:38:05.348+0530] {processor.py:208} INFO - Processing /usr/local/lib/python3.10/dist-packages/airflow/example_dags/example_dataset_alias_with_no_taskflow.py took 0.080 seconds
[2024-10-15T21:41:23.317+0530] {processor.py:186} INFO - Started process (PID=15289) to work on /usr/local/lib/python3.10/dist-packages/airflow/example_dags/example_dataset_alias_with_no_taskflow.py
[2024-10-15T21:41:23.320+0530] {processor.py:914} INFO - Processing file /usr/local/lib/python3.10/dist-packages/airflow/example_dags/example_dataset_alias_with_no_taskflow.py for tasks to queue
[2024-10-15T21:41:23.324+0530] {logging_mixin.py:190} INFO - [2024-10-15T21:41:23.323+0530] {dagbag.py:588} INFO - Filling up the DagBag from /usr/local/lib/python3.10/dist-packages/airflow/example_dags/example_dataset_alias_with_no_taskflow.py
[2024-10-15T21:41:23.358+0530] {processor.py:925} INFO - DAG(s) 'dataset_s3_bucket_consumer_with_no_taskflow', 'dataset_s3_bucket_producer_with_no_taskflow', 'dataset_alias_example_alias_consumer_with_no_taskflow', 'dataset_alias_example_alias_producer_with_no_taskflow' retrieved from /usr/local/lib/python3.10/dist-packages/airflow/example_dags/example_dataset_alias_with_no_taskflow.py
[2024-10-15T21:41:23.383+0530] {logging_mixin.py:190} INFO - [2024-10-15T21:41:23.383+0530] {dag.py:3239} INFO - Sync 4 DAGs
[2024-10-15T21:41:23.409+0530] {logging_mixin.py:190} INFO - [2024-10-15T21:41:23.408+0530] {dag.py:4180} INFO - Setting next_dagrun for dataset_alias_example_alias_consumer_with_no_taskflow to None, run_after=None
[2024-10-15T21:41:23.413+0530] {logging_mixin.py:190} INFO - [2024-10-15T21:41:23.412+0530] {dag.py:4180} INFO - Setting next_dagrun for dataset_alias_example_alias_producer_with_no_taskflow to None, run_after=None
[2024-10-15T21:41:23.415+0530] {logging_mixin.py:190} INFO - [2024-10-15T21:41:23.415+0530] {dag.py:4180} INFO - Setting next_dagrun for dataset_s3_bucket_consumer_with_no_taskflow to None, run_after=None
[2024-10-15T21:41:23.417+0530] {logging_mixin.py:190} INFO - [2024-10-15T21:41:23.416+0530] {dag.py:4180} INFO - Setting next_dagrun for dataset_s3_bucket_producer_with_no_taskflow to None, run_after=None
[2024-10-15T21:41:23.450+0530] {processor.py:208} INFO - Processing /usr/local/lib/python3.10/dist-packages/airflow/example_dags/example_dataset_alias_with_no_taskflow.py took 0.147 seconds
[2024-10-15T21:46:00.704+0530] {processor.py:186} INFO - Started process (PID=17789) to work on /usr/local/lib/python3.10/dist-packages/airflow/example_dags/example_dataset_alias_with_no_taskflow.py
[2024-10-15T21:46:00.706+0530] {processor.py:914} INFO - Processing file /usr/local/lib/python3.10/dist-packages/airflow/example_dags/example_dataset_alias_with_no_taskflow.py for tasks to queue
[2024-10-15T21:46:00.708+0530] {logging_mixin.py:190} INFO - [2024-10-15T21:46:00.708+0530] {dagbag.py:588} INFO - Filling up the DagBag from /usr/local/lib/python3.10/dist-packages/airflow/example_dags/example_dataset_alias_with_no_taskflow.py
[2024-10-15T21:46:00.732+0530] {processor.py:925} INFO - DAG(s) 'dataset_alias_example_alias_producer_with_no_taskflow', 'dataset_s3_bucket_consumer_with_no_taskflow', 'dataset_s3_bucket_producer_with_no_taskflow', 'dataset_alias_example_alias_consumer_with_no_taskflow' retrieved from /usr/local/lib/python3.10/dist-packages/airflow/example_dags/example_dataset_alias_with_no_taskflow.py
[2024-10-15T21:46:00.754+0530] {logging_mixin.py:190} INFO - [2024-10-15T21:46:00.754+0530] {dag.py:3239} INFO - Sync 4 DAGs
[2024-10-15T21:46:00.770+0530] {logging_mixin.py:190} INFO - [2024-10-15T21:46:00.769+0530] {dag.py:4180} INFO - Setting next_dagrun for dataset_alias_example_alias_consumer_with_no_taskflow to None, run_after=None
[2024-10-15T21:46:00.771+0530] {logging_mixin.py:190} INFO - [2024-10-15T21:46:00.771+0530] {dag.py:4180} INFO - Setting next_dagrun for dataset_alias_example_alias_producer_with_no_taskflow to None, run_after=None
[2024-10-15T21:46:00.772+0530] {logging_mixin.py:190} INFO - [2024-10-15T21:46:00.772+0530] {dag.py:4180} INFO - Setting next_dagrun for dataset_s3_bucket_consumer_with_no_taskflow to None, run_after=None
[2024-10-15T21:46:00.773+0530] {logging_mixin.py:190} INFO - [2024-10-15T21:46:00.773+0530] {dag.py:4180} INFO - Setting next_dagrun for dataset_s3_bucket_producer_with_no_taskflow to None, run_after=None
[2024-10-15T21:46:00.794+0530] {processor.py:208} INFO - Processing /usr/local/lib/python3.10/dist-packages/airflow/example_dags/example_dataset_alias_with_no_taskflow.py took 0.095 seconds
[2024-10-15T21:49:25.865+0530] {processor.py:186} INFO - Started process (PID=19082) to work on /usr/local/lib/python3.10/dist-packages/airflow/example_dags/example_dataset_alias_with_no_taskflow.py
[2024-10-15T21:49:25.868+0530] {processor.py:914} INFO - Processing file /usr/local/lib/python3.10/dist-packages/airflow/example_dags/example_dataset_alias_with_no_taskflow.py for tasks to queue
[2024-10-15T21:49:25.871+0530] {logging_mixin.py:190} INFO - [2024-10-15T21:49:25.870+0530] {dagbag.py:588} INFO - Filling up the DagBag from /usr/local/lib/python3.10/dist-packages/airflow/example_dags/example_dataset_alias_with_no_taskflow.py
[2024-10-15T21:49:25.904+0530] {processor.py:925} INFO - DAG(s) 'dataset_s3_bucket_consumer_with_no_taskflow', 'dataset_alias_example_alias_consumer_with_no_taskflow', 'dataset_alias_example_alias_producer_with_no_taskflow', 'dataset_s3_bucket_producer_with_no_taskflow' retrieved from /usr/local/lib/python3.10/dist-packages/airflow/example_dags/example_dataset_alias_with_no_taskflow.py
[2024-10-15T21:49:25.930+0530] {logging_mixin.py:190} INFO - [2024-10-15T21:49:25.930+0530] {dag.py:3239} INFO - Sync 4 DAGs
[2024-10-15T21:49:25.949+0530] {logging_mixin.py:190} INFO - [2024-10-15T21:49:25.949+0530] {dag.py:4180} INFO - Setting next_dagrun for dataset_alias_example_alias_consumer_with_no_taskflow to None, run_after=None
[2024-10-15T21:49:25.951+0530] {logging_mixin.py:190} INFO - [2024-10-15T21:49:25.951+0530] {dag.py:4180} INFO - Setting next_dagrun for dataset_alias_example_alias_producer_with_no_taskflow to None, run_after=None
[2024-10-15T21:49:25.952+0530] {logging_mixin.py:190} INFO - [2024-10-15T21:49:25.952+0530] {dag.py:4180} INFO - Setting next_dagrun for dataset_s3_bucket_consumer_with_no_taskflow to None, run_after=None
[2024-10-15T21:49:25.953+0530] {logging_mixin.py:190} INFO - [2024-10-15T21:49:25.953+0530] {dag.py:4180} INFO - Setting next_dagrun for dataset_s3_bucket_producer_with_no_taskflow to None, run_after=None
[2024-10-15T21:49:25.972+0530] {processor.py:208} INFO - Processing /usr/local/lib/python3.10/dist-packages/airflow/example_dags/example_dataset_alias_with_no_taskflow.py took 0.117 seconds
[2024-10-15T21:50:37.466+0530] {processor.py:186} INFO - Started process (PID=19463) to work on /usr/local/lib/python3.10/dist-packages/airflow/example_dags/example_dataset_alias_with_no_taskflow.py
[2024-10-15T21:50:37.468+0530] {processor.py:914} INFO - Processing file /usr/local/lib/python3.10/dist-packages/airflow/example_dags/example_dataset_alias_with_no_taskflow.py for tasks to queue
[2024-10-15T21:50:37.470+0530] {logging_mixin.py:190} INFO - [2024-10-15T21:50:37.470+0530] {dagbag.py:588} INFO - Filling up the DagBag from /usr/local/lib/python3.10/dist-packages/airflow/example_dags/example_dataset_alias_with_no_taskflow.py
[2024-10-15T21:50:37.499+0530] {processor.py:925} INFO - DAG(s) 'dataset_s3_bucket_consumer_with_no_taskflow', 'dataset_s3_bucket_producer_with_no_taskflow', 'dataset_alias_example_alias_producer_with_no_taskflow', 'dataset_alias_example_alias_consumer_with_no_taskflow' retrieved from /usr/local/lib/python3.10/dist-packages/airflow/example_dags/example_dataset_alias_with_no_taskflow.py
[2024-10-15T21:50:37.520+0530] {logging_mixin.py:190} INFO - [2024-10-15T21:50:37.520+0530] {dag.py:3239} INFO - Sync 4 DAGs
[2024-10-15T21:50:37.536+0530] {logging_mixin.py:190} INFO - [2024-10-15T21:50:37.536+0530] {dag.py:4180} INFO - Setting next_dagrun for dataset_alias_example_alias_consumer_with_no_taskflow to None, run_after=None
[2024-10-15T21:50:37.538+0530] {logging_mixin.py:190} INFO - [2024-10-15T21:50:37.538+0530] {dag.py:4180} INFO - Setting next_dagrun for dataset_alias_example_alias_producer_with_no_taskflow to None, run_after=None
[2024-10-15T21:50:37.539+0530] {logging_mixin.py:190} INFO - [2024-10-15T21:50:37.539+0530] {dag.py:4180} INFO - Setting next_dagrun for dataset_s3_bucket_consumer_with_no_taskflow to None, run_after=None
[2024-10-15T21:50:37.540+0530] {logging_mixin.py:190} INFO - [2024-10-15T21:50:37.539+0530] {dag.py:4180} INFO - Setting next_dagrun for dataset_s3_bucket_producer_with_no_taskflow to None, run_after=None
[2024-10-15T21:50:37.561+0530] {processor.py:208} INFO - Processing /usr/local/lib/python3.10/dist-packages/airflow/example_dags/example_dataset_alias_with_no_taskflow.py took 0.110 seconds
[2024-10-15T21:51:36.255+0530] {processor.py:186} INFO - Started process (PID=19544) to work on /usr/local/lib/python3.10/dist-packages/airflow/example_dags/example_dataset_alias_with_no_taskflow.py
[2024-10-15T21:51:36.259+0530] {processor.py:914} INFO - Processing file /usr/local/lib/python3.10/dist-packages/airflow/example_dags/example_dataset_alias_with_no_taskflow.py for tasks to queue
[2024-10-15T21:51:36.266+0530] {logging_mixin.py:190} INFO - [2024-10-15T21:51:36.265+0530] {dagbag.py:588} INFO - Filling up the DagBag from /usr/local/lib/python3.10/dist-packages/airflow/example_dags/example_dataset_alias_with_no_taskflow.py
[2024-10-15T21:51:36.292+0530] {processor.py:925} INFO - DAG(s) 'dataset_s3_bucket_producer_with_no_taskflow', 'dataset_alias_example_alias_consumer_with_no_taskflow', 'dataset_s3_bucket_consumer_with_no_taskflow', 'dataset_alias_example_alias_producer_with_no_taskflow' retrieved from /usr/local/lib/python3.10/dist-packages/airflow/example_dags/example_dataset_alias_with_no_taskflow.py
[2024-10-15T21:51:36.328+0530] {logging_mixin.py:190} INFO - [2024-10-15T21:51:36.328+0530] {dag.py:3239} INFO - Sync 4 DAGs
[2024-10-15T21:51:36.353+0530] {logging_mixin.py:190} INFO - [2024-10-15T21:51:36.352+0530] {dag.py:4180} INFO - Setting next_dagrun for dataset_alias_example_alias_consumer_with_no_taskflow to None, run_after=None
[2024-10-15T21:51:36.356+0530] {logging_mixin.py:190} INFO - [2024-10-15T21:51:36.355+0530] {dag.py:4180} INFO - Setting next_dagrun for dataset_alias_example_alias_producer_with_no_taskflow to None, run_after=None
[2024-10-15T21:51:36.358+0530] {logging_mixin.py:190} INFO - [2024-10-15T21:51:36.358+0530] {dag.py:4180} INFO - Setting next_dagrun for dataset_s3_bucket_consumer_with_no_taskflow to None, run_after=None
[2024-10-15T21:51:36.359+0530] {logging_mixin.py:190} INFO - [2024-10-15T21:51:36.359+0530] {dag.py:4180} INFO - Setting next_dagrun for dataset_s3_bucket_producer_with_no_taskflow to None, run_after=None
[2024-10-15T21:51:36.390+0530] {processor.py:208} INFO - Processing /usr/local/lib/python3.10/dist-packages/airflow/example_dags/example_dataset_alias_with_no_taskflow.py took 0.140 seconds
                                                                                                                                                                                                                                