[2024-10-15T12:43:56.495+0530] {processor.py:186} INFO - Started process (PID=6850) to work on /usr/local/lib/python3.10/dist-packages/airflow/example_dags/example_params_ui_tutorial.py
[2024-10-15T12:43:56.498+0530] {processor.py:914} INFO - Processing file /usr/local/lib/python3.10/dist-packages/airflow/example_dags/example_params_ui_tutorial.py for tasks to queue
[2024-10-15T12:43:56.506+0530] {logging_mixin.py:190} INFO - [2024-10-15T12:43:56.506+0530] {dagbag.py:588} INFO - Filling up the DagBag from /usr/local/lib/python3.10/dist-packages/airflow/example_dags/example_params_ui_tutorial.py
[2024-10-15T12:43:56.552+0530] {processor.py:925} INFO - DAG(s) 'example_params_ui_tutorial' retrieved from /usr/local/lib/python3.10/dist-packages/airflow/example_dags/example_params_ui_tutorial.py
[2024-10-15T12:43:56.750+0530] {logging_mixin.py:190} INFO - [2024-10-15T12:43:56.749+0530] {override.py:1901} INFO - Created Permission View: can read on DAG:example_params_ui_tutorial
[2024-10-15T12:43:56.761+0530] {logging_mixin.py:190} INFO - [2024-10-15T12:43:56.761+0530] {override.py:1901} INFO - Created Permission View: can delete on DAG:example_params_ui_tutorial
[2024-10-15T12:43:56.770+0530] {logging_mixin.py:190} INFO - [2024-10-15T12:43:56.769+0530] {override.py:1901} INFO - Created Permission View: can edit on DAG:example_params_ui_tutorial
[2024-10-15T12:43:56.783+0530] {logging_mixin.py:190} INFO - [2024-10-15T12:43:56.783+0530] {override.py:1901} INFO - Created Permission View: can read on DAG Run:example_params_ui_tutorial
[2024-10-15T12:43:56.793+0530] {logging_mixin.py:190} INFO - [2024-10-15T12:43:56.792+0530] {override.py:1901} INFO - Created Permission View: can delete on DAG Run:example_params_ui_tutorial
[2024-10-15T12:43:56.801+0530] {logging_mixin.py:190} INFO - [2024-10-15T12:43:56.801+0530] {override.py:1901} INFO - Created Permission View: menu access on DAG Run:example_params_ui_tutorial
[2024-10-15T12:43:56.809+0530] {logging_mixin.py:190} INFO - [2024-10-15T12:43:56.809+0530] {override.py:1901} INFO - Created Permission View: can create on DAG Run:example_params_ui_tutorial
[2024-10-15T12:43:56.809+0530] {logging_mixin.py:190} INFO - [2024-10-15T12:43:56.809+0530] {dag.py:3239} INFO - Sync 1 DAGs
[2024-10-15T12:43:56.819+0530] {logging_mixin.py:190} INFO - [2024-10-15T12:43:56.819+0530] {dag.py:3262} INFO - Creating ORM DAG for example_params_ui_tutorial
[2024-10-15T12:43:56.819+0530] {logging_mixin.py:190} INFO - [2024-10-15T12:43:56.819+0530] {dag.py:4180} INFO - Setting next_dagrun for example_params_ui_tutorial to None, run_after=None
[2024-10-15T12:43:56.847+0530] {processor.py:208} INFO - Processing /usr/local/lib/python3.10/dist-packages/airflow/example_dags/example_params_ui_tutorial.py took 0.384 seconds
[2024-10-15T12:45:00.691+0530] {processor.py:186} INFO - Started process (PID=7130) to work on /usr/local/lib/python3.10/dist-packages/airflow/example_dags/example_params_ui_tutorial.py
[2024-10-15T12:45:00.692+0530] {processor.py:914} INFO - Processing file /usr/local/lib/python3.10/dist-packages/airflow/example_dags/example_params_ui_tutorial.py for tasks to queue
[2024-10-15T12:45:00.694+0530] {logging_mixin.py:190} INFO - [2024-10-15T12:45:00.694+0530] {dagbag.py:588} INFO - Filling up the DagBag from /usr/local/lib/python3.10/dist-packages/airflow/example_dags/example_params_ui_tutorial.py
[2024-10-15T12:45:00.702+0530] {processor.py:925} INFO - DAG(s) 'example_params_ui_tutorial' retrieved from /usr/local/lib/python3.10/dist-packages/airflow/example_dags/example_params_ui_tutorial.py
[2024-10-15T12:45:00.739+0530] {logging_mixin.py:190} INFO - [2024-10-15T12:45:00.739+0530] {dag.py:3239} INFO - Sync 1 DAGs
[2024-10-15T12:45:00.749+0530] {logging_mixin.py:190} INFO - [2024-10-15T12:45:00.749+0530] {dag.py:4180} INFO - Setting next_dagrun for example_params_ui_tutorial to None, run_after=None
[2024-10-15T12:45:00.767+0530] {processor.py:208} INFO - Processing /usr/local/lib/python3.10/dist-packages/airflow/example_dags/example_params_ui_tutorial.py took 0.084 seconds
[2024-10-15T12:45:56.368+0530] {processor.py:186} INFO - Started process (PID=7309) to work on /usr/local/lib/python3.10/dist-packages/airflow/example_dags/example_params_ui_tutorial.py
[2024-10-15T12:45:56.372+0530] {processor.py:914} INFO - Processing file /usr/local/lib/python3.10/dist-packages/airflow/example_dags/example_params_ui_tutorial.py for tasks to queue
[2024-10-15T12:45:56.374+0530] {logging_mixin.py:190} INFO - [2024-10-15T12:45:56.374+0530] {dagbag.py:588} INFO - Filling up the DagBag from /usr/local/lib/python3.10/dist-packages/airflow/example_dags/example_params_ui_tutorial.py
[2024-10-15T12:45:56.388+0530] {processor.py:925} INFO - DAG(s) 'example_params_ui_tutorial' retrieved from /usr/local/lib/python3.10/dist-packages/airflow/example_dags/example_params_ui_tutorial.py
[2024-10-15T12:45:56.424+0530] {logging_mixin.py:190} INFO - [2024-10-15T12:45:56.424+0530] {dag.py:3239} INFO - Sync 1 DAGs
[2024-10-15T12:45:56.435+0530] {logging_mixin.py:190} INFO - [2024-10-15T12:45:56.435+0530] {dag.py:4180} INFO - Setting next_dagrun for example_params_ui_tutorial to None, run_after=None
[2024-10-15T12:45:56.457+0530] {processor.py:208} INFO - Processing /usr/local/lib/python3.10/dist-packages/airflow/example_dags/example_params_ui_tutorial.py took 0.097 seconds
[2024-10-15T12:47:31.853+0530] {processor.py:186} INFO - Started process (PID=8490) to work on /usr/local/lib/python3.10/dist-packages/airflow/example_dags/example_params_ui_tutorial.py
[2024-10-15T12:47:31.857+0530] {processor.py:914} INFO - Processing file /usr/local/lib/python3.10/dist-packages/airflow/example_dags/example_params_ui_tutorial.py for tasks to queue
[2024-10-15T12:47:31.859+0530] {logging_mixin.py:190} INFO - [2024-10-15T12:47:31.858+0530] {dagbag.py:588} INFO - Filling up the DagBag from /usr/local/lib/python3.10/dist-packages/airflow/example_dags/example_params_ui_tutorial.py
[2024-10-15T12:47:31.868+0530] {processor.py:925} INFO - DAG(s) 'example_params_ui_tutorial' retrieved from /usr/local/lib/python3.10/dist-packages/airflow/example_dags/example_params_ui_tutorial.py
[2024-10-15T12:47:31.916+0530] {logging_mixin.py:190} INFO - [2024-10-15T12:47:31.916+0530] {dag.py:3239} INFO - Sync 1 DAGs
[2024-10-15T12:47:31.932+0530] {logging_mixin.py:190} INFO - [2024-10-15T12:47:31.932+0530] {dag.py:4180} INFO - Setting next_dagrun for example_params_ui_tutorial to None, run_after=None
[2024-10-15T12:47:31.962+0530] {processor.py:208} INFO - Processing /usr/local/lib/python3.10/dist-packages/airflow/example_dags/example_params_ui_tutorial.py took 0.113 seconds
[2024-10-15T12:48:30.843+0530] {processor.py:186} INFO - Started process (PID=8852) to work on /usr/local/lib/python3.10/dist-packages/airflow/example_dags/example_params_ui_tutorial.py
[2024-10-15T12:48:30.847+0530] {processor.py:914} INFO - Processing file /usr/local/lib/python3.10/dist-packages/airflow/example_dags/example_params_ui_tutorial.py for tasks to queue
[2024-10-15T12:48:30.848+0530] {logging_mixin.py:190} INFO - [2024-10-15T12:48:30.848+0530] {dagbag.py:588} INFO - Filling up the DagBag from /usr/local/lib/python3.10/dist-packages/airflow/example_dags/example_params_ui_tutorial.py
[2024-10-15T12:48:30.856+0530] {processor.py:925} INFO - DAG(s) 'example_params_ui_tutorial' retrieved from /usr/local/lib/python3.10/dist-packages/airflow/example_dags/example_params_ui_tutorial.py
[2024-10-15T12:48:30.889+0530] {logging_mixin.py:190} INFO - [2024-10-15T12:48:30.889+0530] {dag.py:3239} INFO - Sync 1 DAGs
[2024-10-15T12:48:30.898+0530] {logging_mixin.py:190} INFO - [2024-10-15T12:48:30.898+0530] {dag.py:4180} INFO - Setting next_dagrun for example_params_ui_tutorial to None, run_after=None
[2024-10-15T12:48:30.918+0530] {processor.py:208} INFO - Processing /usr/local/lib/python3.10/dist-packages/airflow/example_dags/example_params_ui_tutorial.py took 0.081 seconds
[2024-10-15T12:49:22.933+0530] {processor.py:186} INFO - Started process (PID=9286) to work on /usr/local/lib/python3.10/dist-packages/airflow/example_dags/example_params_ui_tutorial.py
[2024-10-15T12:49:22.934+0530] {processor.py:914} INFO - Processing file /usr/local/lib/python3.10/dist-packages/airflow/example_dags/example_params_ui_tutorial.py for tasks to queue
[2024-10-15T12:49:22.936+0530] {logging_mixin.py:190} INFO - [2024-10-15T12:49:22.935+0530] {dagbag.py:588} INFO - Filling up the DagBag from /usr/local/lib/python3.10/dist-packages/airflow/example_dags/example_params_ui_tutorial.py
[2024-10-15T12:49:22.948+0530] {processor.py:925} INFO - DAG(s) 'example_params_ui_tutorial' retrieved from /usr/local/lib/python3.10/dist-packages/airflow/example_dags/example_params_ui_tutorial.py
[2024-10-15T12:49:22.992+0530] {logging_mixin.py:190} INFO - [2024-10-15T12:49:22.992+0530] {dag.py:3239} INFO - Sync 1 DAGs
[2024-10-15T12:49:23.003+0530] {logging_mixin.py:190} INFO - [2024-10-15T12:49:23.003+0530] {dag.py:4180} INFO - Setting next_dagrun for example_params_ui_tutorial to None, run_after=None
[2024-10-15T12:49:23.032+0530] {processor.py:208} INFO - Processing /usr/local/lib/python3.10/dist-packages/airflow/example_dags/example_params_ui_tutorial.py took 0.105 seconds
[2024-10-15T12:50:12.398+0530] {processor.py:186} INFO - Started process (PID=9465) to work on /usr/local/lib/python3.10/dist-packages/airflow/example_dags/example_params_ui_tutorial.py
[2024-10-15T12:50:12.399+0530] {processor.py:914} INFO - Processing file /usr/local/lib/python3.10/dist-packages/airflow/example_dags/example_params_ui_tutorial.py for tasks to queue
[2024-10-15T12:50:12.401+0530] {logging_mixin.py:190} INFO - [2024-10-15T12:50:12.400+0530] {dagbag.py:588} INFO - Filling up the DagBag from /usr/local/lib/python3.10/dist-packages/airflow/example_dags/example_params_ui_tutorial.py
[2024-10-15T12:50:12.409+0530] {processor.py:925} INFO - DAG(s) 'example_params_ui_tutorial' retrieved from /usr/local/lib/python3.10/dist-packages/airflow/example_dags/example_params_ui_tutorial.py
[2024-10-15T12:50:12.445+0530] {logging_mixin.py:190} INFO - [2024-10-15T12:50:12.445+0530] {dag.py:3239} INFO - Sync 1 DAGs
[2024-10-15T12:50:12.455+0530] {logging_mixin.py:190} INFO - [2024-10-15T12:50:12.455+0530] {dag.py:4180} INFO - Setting next_dagrun for example_params_ui_tutorial to None, run_after=None
[2024-10-15T12:50:12.473+0530] {processor.py:208} INFO - Processing /usr/local/lib/python3.10/dist-packages/airflow/example_dags/example_params_ui_tutorial.py took 0.081 seconds
[2024-10-15T12:51:05.705+0530] {processor.py:186} INFO - Started process (PID=9736) to work on /usr/local/lib/python3.10/dist-packages/airflow/example_dags/example_params_ui_tutorial.py
[2024-10-15T12:51:05.706+0530] {processor.py:914} INFO - Processing file /usr/local/lib/python3.10/dist-packages/airflow/example_dags/example_params_ui_tutorial.py for tasks to queue
[2024-10-15T12:51:05.708+0530] {logging_mixin.py:190} INFO - [2024-10-15T12:51:05.708+0530] {dagbag.py:588} INFO - Filling up the DagBag from /usr/local/lib/python3.10/dist-packages/airflow/example_dags/example_params_ui_tutorial.py
[2024-10-15T12:51:05.716+0530] {processor.py:925} INFO - DAG(s) 'example_params_ui_tutorial' retrieved from /usr/local/lib/python3.10/dist-packages/airflow/example_dags/example_params_ui_tutorial.py
[2024-10-15T12:51:05.748+0530] {logging_mixin.py:190} INFO - [2024-10-15T12:51:05.748+0530] {dag.py:3239} INFO - Sync 1 DAGs
[2024-10-15T12:51:05.757+0530] {logging_mixin.py:190} INFO - [2024-10-15T12:51:05.757+0530] {dag.py:4180} INFO - Setting next_dagrun for example_params_ui_tutorial to None, run_after=None
[2024-10-15T12:51:05.776+0530] {processor.py:208} INFO - Processing /usr/local/lib/python3.10/dist-packages/airflow/example_dags/example_params_ui_tutorial.py took 0.076 seconds
[2024-10-15T13:04:50.138+0530] {processor.py:186} INFO - Started process (PID=12257) to work on /usr/local/lib/python3.10/dist-packages/airflow/example_dags/example_params_ui_tutorial.py
[2024-10-15T13:04:50.140+0530] {processor.py:914} INFO - Processing file /usr/local/lib/python3.10/dist-packages/airflow/example_dags/example_params_ui_tutorial.py for tasks to queue
[2024-10-15T13:04:50.142+0530] {logging_mixin.py:190} INFO - [2024-10-15T13:04:50.142+0530] {dagbag.py:588} INFO - Filling up the DagBag from /usr/local/lib/python3.10/dist-packages/airflow/example_dags/example_params_ui_tutorial.py
[2024-10-15T13:04:50.160+0530] {processor.py:925} INFO - DAG(s) 'example_params_ui_tutorial' retrieved from /usr/local/lib/python3.10/dist-packages/airflow/example_dags/example_params_ui_tutorial.py
[2024-10-15T13:04:50.205+0530] {logging_mixin.py:190} INFO - [2024-10-15T13:04:50.205+0530] {dag.py:3239} INFO - Sync 1 DAGs
[2024-10-15T13:04:50.218+0530] {logging_mixin.py:190} INFO - [2024-10-15T13:04:50.218+0530] {dag.py:4180} INFO - Setting next_dagrun for example_params_ui_tutorial to None, run_after=None
[2024-10-15T13:04:50.236+0530] {processor.py:208} INFO - Processing /usr/local/lib/python3.10/dist-packages/airflow/example_dags/example_params_ui_tutorial.py took 0.108 seconds
[2024-10-15T13:05:50.058+0530] {processor.py:186} INFO - Started process (PID=12666) to work on /usr/local/lib/python3.10/dist-packages/airflow/example_dags/example_params_ui_tutorial.py
[2024-10-15T13:05:50.060+0530] {processor.py:914} INFO - Processing file /usr/local/lib/python3.10/dist-packages/airflow/example_dags/example_params_ui_tutorial.py for tasks to queue
[2024-10-15T13:05:50.062+0530] {logging_mixin.py:190} INFO - [2024-10-15T13:05:50.062+0530] {dagbag.py:588} INFO - Filling up the DagBag from /usr/local/lib/python3.10/dist-packages/airflow/example_dags/example_params_ui_tutorial.py
[2024-10-15T13:05:50.074+0530] {processor.py:925} INFO - DAG(s) 'example_params_ui_tutorial' retrieved from /usr/local/lib/python3.10/dist-packages/airflow/example_dags/example_params_ui_tutorial.py
[2024-10-15T13:05:50.114+0530] {logging_mixin.py:190} INFO - [2024-10-15T13:05:50.113+0530] {dag.py:3239} INFO - Sync 1 DAGs
[2024-10-15T13:05:50.124+0530] {logging_mixin.py:190} INFO - [2024-10-15T13:05:50.124+0530] {dag.py:4180} INFO - Setting next_dagrun for example_params_ui_tutorial to None, run_after=None
[2024-10-15T13:05:50.145+0530] {processor.py:208} INFO - Processing /usr/local/lib/python3.10/dist-packages/airflow/example_dags/example_params_ui_tutorial.py took 0.094 seconds
[2024-10-15T13:06:45.831+0530] {processor.py:186} INFO - Started process (PID=12918) to work on /usr/local/lib/python3.10/dist-packages/airflow/example_dags/example_params_ui_tutorial.py
[2024-10-15T13:06:45.832+0530] {processor.py:914} INFO - Processing file /usr/local/lib/python3.10/dist-packages/airflow/example_dags/example_params_ui_tutorial.py for tasks to queue
[2024-10-15T13:06:45.834+0530] {logging_mixin.py:190} INFO - [2024-10-15T13:06:45.834+0530] {dagbag.py:588} INFO - Filling up the DagBag from /usr/local/lib/python3.10/dist-packages/airflow/example_dags/example_params_ui_tutorial.py
[2024-10-15T13:06:45.843+0530] {processor.py:925} INFO - DAG(s) 'example_params_ui_tutorial' retrieved from /usr/local/lib/python3.10/dist-packages/airflow/example_dags/example_params_ui_tutorial.py
[2024-10-15T13:06:45.884+0530] {logging_mixin.py:190} INFO - [2024-10-15T13:06:45.883+0530] {dag.py:3239} INFO - Sync 1 DAGs
[2024-10-15T13:06:45.896+0530] {logging_mixin.py:190} INFO - [2024-10-15T13:06:45.895+0530] {dag.py:4180} INFO - Setting next_dagrun for example_params_ui_tutorial to None, run_after=None
[2024-10-15T13:06:45.923+0530] {processor.py:208} INFO - Processing /usr/local/lib/python3.10/dist-packages/airflow/example_dags/example_params_ui_tutorial.py took 0.098 seconds
[2024-10-15T13:07:38.735+0530] {processor.py:186} INFO - Started process (PID=13014) to work on /usr/local/lib/python3.10/dist-packages/airflow/example_dags/example_params_ui_tutorial.py
[2024-10-15T13:07:38.736+0530] {processor.py:914} INFO - Processing file /usr/local/lib/python3.10/dist-packages/airflow/example_dags/example_params_ui_tutorial.py for tasks to queue
[2024-10-15T13:07:38.738+0530] {logging_mixin.py:190} INFO - [2024-10-15T13:07:38.738+0530] {dagbag.py:588} INFO - Filling up the DagBag from /usr/local/lib/python3.10/dist-packages/airflow/example_dags/example_params_ui_tutorial.py
[2024-10-15T13:07:38.749+0530] {processor.py:925} INFO - DAG(s) 'example_params_ui_tutorial' retrieved from /usr/local/lib/python3.10/dist-packages/airflow/example_dags/example_params_ui_tutorial.py
[2024-10-15T13:07:38.794+0530] {logging_mixin.py:190} INFO - [2024-10-15T13:07:38.793+0530] {dag.py:3239} INFO - Sync 1 DAGs
[2024-10-15T13:07:38.808+0530] {logging_mixin.py:190} INFO - [2024-10-15T13:07:38.808+0530] {dag.py:4180} INFO - Setting next_dagrun for example_params_ui_tutorial to None, run_after=None
[2024-10-15T13:07:38.828+0530] {processor.py:208} INFO - Processing /usr/local/lib/python3.10/dist-packages/airflow/example_dags/example_params_ui_tutorial.py took 0.098 seconds
[2024-10-15T21:18:17.452+0530] {processor.py:186} INFO - Started process (PID=3935) to work on /usr/local/lib/python3.10/dist-packages/airflow/example_dags/example_params_ui_tutorial.py
[2024-10-15T21:18:17.457+0530] {processor.py:914} INFO - Processing file /usr/local/lib/python3.10/dist-packages/airflow/example_dags/example_params_ui_tutorial.py for tasks to queue
[2024-10-15T21:18:17.459+0530] {logging_mixin.py:190} INFO - [2024-10-15T21:18:17.459+0530] {dagbag.py:588} INFO - Filling up the DagBag from /usr/local/lib/python3.10/dist-packages/airflow/example_dags/example_params_ui_tutorial.py
[2024-10-15T21:18:17.466+0530] {processor.py:925} INFO - DAG(s) 'example_params_ui_tutorial' retrieved from /usr/local/lib/python3.10/dist-packages/airflow/example_dags/example_params_ui_tutorial.py
[2024-10-15T21:18:17.499+0530] {logging_mixin.py:190} INFO - [2024-10-15T21:18:17.499+0530] {dag.py:3239} INFO - Sync 1 DAGs
[2024-10-15T21:18:17.509+0530] {logging_mixin.py:190} INFO - [2024-10-15T21:18:17.509+0530] {dag.py:4180} INFO - Setting next_dagrun for example_params_ui_tutorial to None, run_after=None
[2024-10-15T21:18:17.529+0530] {processor.py:208} INFO - Processing /usr/local/lib/python3.10/dist-packages/airflow/example_dags/example_params_ui_tutorial.py took 0.082 seconds
[2024-10-15T21:19:14.529+0530] {processor.py:186} INFO - Started process (PID=4017) to work on /usr/local/lib/python3.10/dist-packages/airflow/example_dags/example_params_ui_tutorial.py
[2024-10-15T21:19:14.533+0530] {processor.py:914} INFO - Processing file /usr/local/lib/python3.10/dist-packages/airflow/example_dags/example_params_ui_tutorial.py for tasks to queue
[2024-10-15T21:19:14.536+0530] {logging_mixin.py:190} INFO - [2024-10-15T21:19:14.535+0530] {dagbag.py:588} INFO - Filling up the DagBag from /usr/local/lib/python3.10/dist-packages/airflow/example_dags/example_params_ui_tutorial.py
[2024-10-15T21:19:14.544+0530] {processor.py:925} INFO - DAG(s) 'example_params_ui_tutorial' retrieved from /usr/local/lib/python3.10/dist-packages/airflow/example_dags/example_params_ui_tutorial.py
[2024-10-15T21:19:14.584+0530] {logging_mixin.py:190} INFO - [2024-10-15T21:19:14.584+0530] {dag.py:3239} INFO - Sync 1 DAGs
[2024-10-15T21:19:14.604+0530] {logging_mixin.py:190} INFO - [2024-10-15T21:19:14.604+0530] {dag.py:4180} INFO - Setting next_dagrun for example_params_ui_tutorial to None, run_after=None
[2024-10-15T21:19:14.625+0530] {processor.py:208} INFO - Processing /usr/local/lib/python3.10/dist-packages/airflow/example_dags/example_params_ui_tutorial.py took 0.102 seconds
[2024-10-15T21:20:14.384+0530] {processor.py:186} INFO - Started process (PID=4476) to work on /usr/local/lib/python3.10/dist-packages/airflow/example_dags/example_params_ui_tutorial.py
[2024-10-15T21:20:14.386+0530] {processor.py:914} INFO - Processing file /usr/local/lib/python3.10/dist-packages/airflow/example_dags/example_params_ui_tutorial.py for tasks to queue
[2024-10-15T21:20:14.388+0530] {logging_mixin.py:190} INFO - [2024-10-15T21:20:14.388+0530] {dagbag.py:588} INFO - Filling up the DagBag from /usr/local/lib/python3.10/dist-packages/airflow/example_dags/example_params_ui_tutorial.py
[2024-10-15T21:20:14.398+0530] {processor.py:925} INFO - DAG(s) 'example_params_ui_tutorial' retrieved from /usr/local/lib/python3.10/dist-packages/airflow/example_dags/example_params_ui_tutorial.py
[2024-10-15T21:20:14.442+0530] {logging_mixin.py:190} INFO - [2024-10-15T21:20:14.442+0530] {dag.py:3239} INFO - Sync 1 DAGs
[2024-10-15T21:20:14.457+0530] {logging_mixin.py:190} INFO - [2024-10-15T21:20:14.456+0530] {dag.py:4180} INFO - Setting next_dagrun for example_params_ui_tutorial to None, run_after=None
[2024-10-15T21:20:14.485+0530] {processor.py:208} INFO - Processing /usr/local/lib/python3.10/dist-packages/airflow/example_dags/example_params_ui_tutorial.py took 0.108 seconds
[2024-10-15T21:21:11.700+0530] {processor.py:186} INFO - Started process (PID=4757) to work on /usr/local/lib/python3.10/dist-packages/airflow/example_dags/example_params_ui_tutorial.py
[2024-10-15T21:21:11.705+0530] {processor.py:914} INFO - Processing file /usr/local/lib/python3.10/dist-packages/airflow/example_dags/example_params_ui_tutorial.py for tasks to queue
[2024-10-15T21:21:11.707+0530] {logging_mixin.py:190} INFO - [2024-10-15T21:21:11.706+0530] {dagbag.py:588} INFO - Filling up the DagBag from /usr/local/lib/python3.10/dist-packages/airflow/example_dags/example_params_ui_tutorial.py
[2024-10-15T21:21:11.726+0530] {processor.py:925} INFO - DAG(s) 'example_params_ui_tutorial' retrieved from /usr/local/lib/python3.10/dist-packages/airflow/example_dags/example_params_ui_tutorial.py
[2024-10-15T21:21:11.782+0530] {logging_mixin.py:190} INFO - [2024-10-15T21:21:11.782+0530] {dag.py:3239} INFO - Sync 1 DAGs
[2024-10-15T21:21:11.821+0530] {logging_mixin.py:190} INFO - [2024-10-15T21:21:11.821+0530] {dag.py:4180} INFO - Setting next_dagrun for example_params_ui_tutorial to None, run_after=None
[2024-10-15T21:21:11.850+0530] {processor.py:208} INFO - Processing /usr/local/lib/python3.10/dist-packages/airflow/example_dags/example_params_ui_tutorial.py took 0.156 seconds
[2024-10-15T21:22:05.503+0530] {processor.py:186} INFO - Started process (PID=4834) to work on /usr/local/lib/python3.10/dist-packages/airflow/example_dags/example_params_ui_tutorial.py
[2024-10-15T21:22:05.506+0530] {processor.py:914} INFO - Processing file /usr/local/lib/python3.10/dist-packages/airflow/example_dags/example_params_ui_tutorial.py for tasks to queue
[2024-10-15T21:22:05.508+0530] {logging_mixin.py:190} INFO - [2024-10-15T21:22:05.508+0530] {dagbag.py:588} INFO - Filling up the DagBag from /usr/local/lib/python3.10/dist-packages/airflow/example_dags/example_params_ui_tutorial.py
[2024-10-15T21:22:05.521+0530] {processor.py:925} INFO - DAG(s) 'example_params_ui_tutorial' retrieved from /usr/local/lib/python3.10/dist-packages/airflow/example_dags/example_params_ui_tutorial.py
[2024-10-15T21:22:05.566+0530] {logging_mixin.py:190} INFO - [2024-10-15T21:22:05.566+0530] {dag.py:3239} INFO - Sync 1 DAGs
[2024-10-15T21:22:05.580+0530] {logging_mixin.py:190} INFO - [2024-10-15T21:22:05.579+0530] {dag.py:4180} INFO - Setting next_dagrun for example_params_ui_tutorial to None, run_after=None
[2024-10-15T21:22:05.607+0530] {processor.py:208} INFO - Processing /usr/local/lib/python3.10/dist-packages/airflow/example_dags/example_params_ui_tutorial.py took 0.109 seconds
[2024-10-15T21:26:39.918+0530] {processor.py:186} INFO - Started process (PID=7082) to work on /usr/local/lib/python3.10/dist-packages/airflow/example_dags/example_params_ui_tutorial.py
[2024-10-15T21:26:39.920+0530] {processor.py:914} INFO - Processing file /usr/local/lib/python3.10/dist-packages/airflow/example_dags/example_params_ui_tutorial.py for tasks to queue
[2024-10-15T21:26:39.923+0530] {logging_mixin.py:190} INFO - [2024-10-15T21:26:39.923+0530] {dagbag.py:588} INFO - Filling up the DagBag from /usr/local/lib/python3.10/dist-packages/airflow/example_dags/example_params_ui_tutorial.py
[2024-10-15T21:26:39.937+0530] {processor.py:925} INFO - DAG(s) 'example_params_ui_tutorial' retrieved from /usr/local/lib/python3.10/dist-packages/airflow/example_dags/example_params_ui_tutorial.py
[2024-10-15T21:26:39.992+0530] {logging_mixin.py:190} INFO - [2024-10-15T21:26:39.992+0530] {dag.py:3239} INFO - Sync 1 DAGs
[2024-10-15T21:26:40.005+0530] {logging_mixin.py:190} INFO - [2024-10-15T21:26:40.005+0530] {dag.py:4180} INFO - Setting next_dagrun for example_params_ui_tutorial to None, run_after=None
[2024-10-15T21:26:40.033+0530] {processor.py:208} INFO - Processing /usr/local/lib/python3.10/dist-packages/airflow/example_dags/example_params_ui_tutorial.py took 0.122 seconds
[2024-10-15T21:28:40.083+0530] {processor.py:186} INFO - Started process (PID=7948) to work on /usr/local/lib/python3.10/dist-packages/airflow/example_dags/example_params_ui_tutorial.py
[2024-10-15T21:28:40.093+0530] {processor.py:914} INFO - Processing file /usr/local/lib/python3.10/dist-packages/airflow/example_dags/example_params_ui_tutorial.py for tasks to queue
[2024-10-15T21:28:40.096+0530] {logging_mixin.py:190} INFO - [2024-10-15T21:28:40.095+0530] {dagbag.py:588} INFO - Filling up the DagBag from /usr/local/lib/python3.10/dist-packages/airflow/example_dags/example_params_ui_tutorial.py
[2024-10-15T21:28:40.104+0530] {processor.py:925} INFO - DAG(s) 'example_params_ui_tutorial' retrieved from /usr/local/lib/python3.10/dist-packages/airflow/example_dags/example_params_ui_tutorial.py
[2024-10-15T21:28:40.162+0530] {logging_mixin.py:190} INFO - [2024-10-15T21:28:40.162+0530] {dag.py:3239} INFO - Sync 1 DAGs
[2024-10-15T21:28:40.184+0530] {logging_mixin.py:190} INFO - [2024-10-15T21:28:40.184+0530] {dag.py:4180} INFO - Setting next_dagrun for example_params_ui_tutorial to None, run_after=None
[2024-10-15T21:28:40.248+0530] {processor.py:208} INFO - Processing /usr/local/lib/python3.10/dist-packages/airflow/example_dags/example_params_ui_tutorial.py took 0.175 seconds
[2024-10-15T21:31:10.270+0530] {processor.py:186} INFO - Started process (PID=9479) to work on /usr/local/lib/python3.10/dist-packages/airflow/example_dags/example_params_ui_tutorial.py
[2024-10-15T21:31:10.274+0530] {processor.py:914} INFO - Processing file /usr/local/lib/python3.10/dist-packages/airflow/example_dags/example_params_ui_tutorial.py for tasks to queue
[2024-10-15T21:31:10.276+0530] {logging_mixin.py:190} INFO - [2024-10-15T21:31:10.276+0530] {dagbag.py:588} INFO - Filling up the DagBag from /usr/local/lib/python3.10/dist-packages/airflow/example_dags/example_params_ui_tutorial.py
[2024-10-15T21:31:10.288+0530] {processor.py:925} INFO - DAG(s) 'example_params_ui_tutorial' retrieved from /usr/local/lib/python3.10/dist-packages/airflow/example_dags/example_params_ui_tutorial.py
[2024-10-15T21:31:10.352+0530] {logging_mixin.py:190} INFO - [2024-10-15T21:31:10.352+0530] {dag.py:3239} INFO - Sync 1 DAGs
[2024-10-15T21:31:10.366+0530] {logging_mixin.py:190} INFO - [2024-10-15T21:31:10.365+0530] {dag.py:4180} INFO - Setting next_dagrun for example_params_ui_tutorial to None, run_after=None
[2024-10-15T21:31:10.405+0530] {processor.py:208} INFO - Processing /usr/local/lib/python3.10/dist-packages/airflow/example_dags/example_params_ui_tutorial.py took 0.142 seconds
[2024-10-15T21:33:40.368+0530] {processor.py:186} INFO - Started process (PID=10888) to work on /usr/local/lib/python3.10/dist-packages/airflow/example_dags/example_params_ui_tutorial.py
[2024-10-15T21:33:40.372+0530] {processor.py:914} INFO - Processing file /usr/local/lib/python3.10/dist-packages/airflow/example_dags/example_params_ui_tutorial.py for tasks to queue
[2024-10-15T21:33:40.375+0530] {logging_mixin.py:190} INFO - [2024-10-15T21:33:40.374+0530] {dagbag.py:588} INFO - Filling up the DagBag from /usr/local/lib/python3.10/dist-packages/airflow/example_dags/example_params_ui_tutorial.py
[2024-10-15T21:33:40.382+0530] {processor.py:925} INFO - DAG(s) 'example_params_ui_tutorial' retrieved from /usr/local/lib/python3.10/dist-packages/airflow/example_dags/example_params_ui_tutorial.py
[2024-10-15T21:33:40.417+0530] {logging_mixin.py:190} INFO - [2024-10-15T21:33:40.416+0530] {dag.py:3239} INFO - Sync 1 DAGs
[2024-10-15T21:33:40.427+0530] {logging_mixin.py:190} INFO - [2024-10-15T21:33:40.427+0530] {dag.py:4180} INFO - Setting next_dagrun for example_params_ui_tutorial to None, run_after=None
[2024-10-15T21:33:40.458+0530] {processor.py:208} INFO - Processing /usr/local/lib/python3.10/dist-packages/airflow/example_dags/example_params_ui_tutorial.py took 0.096 seconds
[2024-10-15T21:36:33.365+0530] {processor.py:186} INFO - Started process (PID=12421) to work on /usr/local/lib/python3.10/dist-packages/airflow/example_dags/example_params_ui_tutorial.py
[2024-10-15T21:36:33.368+0530] {processor.py:914} INFO - Processing file /usr/local/lib/python3.10/dist-packages/airflow/example_dags/example_params_ui_tutorial.py for tasks to queue
[2024-10-15T21:36:33.371+0530] {logging_mixin.py:190} INFO - [2024-10-15T21:36:33.370+0530] {dagbag.py:588} INFO - Filling up the DagBag from /usr/local/lib/python3.10/dist-packages/airflow/example_dags/example_params_ui_tutorial.py
[2024-10-15T21:36:33.383+0530] {processor.py:925} INFO - DAG(s) 'example_params_ui_tutorial' retrieved from /usr/local/lib/python3.10/dist-packages/airflow/example_dags/example_params_ui_tutorial.py
[2024-10-15T21:36:33.431+0530] {logging_mixin.py:190} INFO - [2024-10-15T21:36:33.431+0530] {dag.py:3239} INFO - Sync 1 DAGs
[2024-10-15T21:36:33.452+0530] {logging_mixin.py:190} INFO - [2024-10-15T21:36:33.452+0530] {dag.py:4180} INFO - Setting next_dagrun for example_params_ui_tutorial to None, run_after=None
[2024-10-15T21:36:33.476+0530] {processor.py:208} INFO - Processing /usr/local/lib/python3.10/dist-packages/airflow/example_dags/example_params_ui_tutorial.py took 0.117 seconds
[2024-10-15T21:40:51.986+0530] {processor.py:186} INFO - Started process (PID=15251) to work on /usr/local/lib/python3.10/dist-packages/airflow/example_dags/example_params_ui_tutorial.py
[2024-10-15T21:40:51.990+0530] {processor.py:914} INFO - Processing file /usr/local/lib/python3.10/dist-packages/airflow/example_dags/example_params_ui_tutorial.py for tasks to queue
[2024-10-15T21:40:51.993+0530] {logging_mixin.py:190} INFO - [2024-10-15T21:40:51.992+0530] {dagbag.py:588} INFO - Filling up the DagBag from /usr/local/lib/python3.10/dist-packages/airflow/example_dags/example_params_ui_tutorial.py
[2024-10-15T21:40:52.001+0530] {processor.py:925} INFO - DAG(s) 'example_params_ui_tutorial' retrieved from /usr/local/lib/python3.10/dist-packages/airflow/example_dags/example_params_ui_tutorial.py
[2024-10-15T21:40:52.037+0530] {logging_mixin.py:190} INFO - [2024-10-15T21:40:52.037+0530] {dag.py:3239} INFO - Sync 1 DAGs
[2024-10-15T21:40:52.046+0530] {logging_mixin.py:190} INFO - [2024-10-15T21:40:52.046+0530] {dag.py:4180} INFO - Setting next_dagrun for example_params_ui_tutorial to None, run_after=None
[2024-10-15T21:40:52.061+0530] {processor.py:208} INFO - Processing /usr/local/lib/python3.10/dist-packages/airflow/example_dags/example_params_ui_tutorial.py took 0.084 seconds
[2024-10-15T21:42:52.723+0530] {processor.py:186} INFO - Started process (PID=16156) to work on /usr/local/lib/python3.10/dist-packages/airflow/example_dags/example_params_ui_tutorial.py
[2024-10-15T21:42:52.727+0530] {processor.py:914} INFO - Processing file /usr/local/lib/python3.10/dist-packages/airflow/example_dags/example_params_ui_tutorial.py for tasks to queue
[2024-10-15T21:42:52.730+0530] {logging_mixin.py:190} INFO - [2024-10-15T21:42:52.729+0530] {dagbag.py:588} INFO - Filling up the DagBag from /usr/local/lib/python3.10/dist-packages/airflow/example_dags/example_params_ui_tutorial.py
[2024-10-15T21:42:52.740+0530] {processor.py:925} INFO - DAG(s) 'example_params_ui_tutorial' retrieved from /usr/local/lib/python3.10/dist-packages/airflow/example_dags/example_params_ui_tutorial.py
[2024-10-15T21:42:52.785+0530] {logging_mixin.py:190} INFO - [2024-10-15T21:42:52.785+0530] {dag.py:3239} INFO - Sync 1 DAGs
[2024-10-15T21:42:52.798+0530] {logging_mixin.py:190} INFO - [2024-10-15T21:42:52.797+0530] {dag.py:4180} INFO - Setting next_dagrun for example_params_ui_tutorial to None, run_after=None
[2024-10-15T21:42:52.831+0530] {processor.py:208} INFO - Processing /usr/local/lib/python3.10/dist-packages/airflow/example_dags/example_params_ui_tutorial.py took 0.115 seconds
[2024-10-15T21:45:30.449+0530] {processor.py:186} INFO - Started process (PID=17744) to work on /usr/local/lib/python3.10/dist-packages/airflow/example_dags/example_params_ui_tutorial.py
[2024-10-15T21:45:30.453+0530] {processor.py:914} INFO - Processing file /usr/local/lib/python3.10/dist-packages/airflow/example_dags/example_params_ui_tutorial.py for tasks to queue
[2024-10-15T21:45:30.455+0530] {logging_mixin.py:190} INFO - [2024-10-15T21:45:30.455+0530] {dagbag.py:588} INFO - Filling up the DagBag from /usr/local/lib/python3.10/dist-packages/airflow/example_dags/example_params_ui_tutorial.py
[2024-10-15T21:45:30.462+0530] {processor.py:925} INFO - DAG(s) 'example_params_ui_tutorial' retrieved from /usr/local/lib/python3.10/dist-packages/airflow/example_dags/example_params_ui_tutorial.py
[2024-10-15T21:45:30.500+0530] {logging_mixin.py:190} INFO - [2024-10-15T21:45:30.500+0530] {dag.py:3239} INFO - Sync 1 DAGs
[2024-10-15T21:45:30.509+0530] {logging_mixin.py:190} INFO - [2024-10-15T21:45:30.509+0530] {dag.py:4180} INFO - Setting next_dagrun for example_params_ui_tutorial to None, run_after=None
[2024-10-15T21:45:30.524+0530] {processor.py:208} INFO - Processing /usr/local/lib/python3.10/dist-packages/airflow/example_dags/example_params_ui_tutorial.py took 0.080 seconds
[2024-10-15T21:46:29.251+0530] {processor.py:186} INFO - Started process (PID=17897) to work on /usr/local/lib/python3.10/dist-packages/airflow/example_dags/example_params_ui_tutorial.py
[2024-10-15T21:46:29.252+0530] {processor.py:914} INFO - Processing file /usr/local/lib/python3.10/dist-packages/airflow/example_dags/example_params_ui_tutorial.py for tasks to queue
[2024-10-15T21:46:29.253+0530] {logging_mixin.py:190} INFO - [2024-10-15T21:46:29.253+0530] {dagbag.py:588} INFO - Filling up the DagBag from /usr/local/lib/python3.10/dist-packages/airflow/example_dags/example_params_ui_tutorial.py
[2024-10-15T21:46:29.263+0530] {processor.py:925} INFO - DAG(s) 'example_params_ui_tutorial' retrieved from /usr/local/lib/python3.10/dist-packages/airflow/example_dags/example_params_ui_tutorial.py
[2024-10-15T21:46:29.313+0530] {logging_mixin.py:190} INFO - [2024-10-15T21:46:29.312+0530] {dag.py:3239} INFO - Sync 1 DAGs
[2024-10-15T21:46:29.326+0530] {logging_mixin.py:190} INFO - [2024-10-15T21:46:29.326+0530] {dag.py:4180} INFO - Setting next_dagrun for example_params_ui_tutorial to None, run_after=None
[2024-10-15T21:46:29.357+0530] {processor.py:208} INFO - Processing /usr/local/lib/python3.10/dist-packages/airflow/example_dags/example_params_ui_tutorial.py took 0.114 seconds
[2024-10-15T21:48:15.160+0530] {processor.py:186} INFO - Started process (PID=18389) to work on /usr/local/lib/python3.10/dist-packages/airflow/example_dags/example_params_ui_tutorial.py
[2024-10-15T21:48:15.161+0530] {processor.py:914} INFO - Processing file /usr/local/lib/python3.10/dist-packages/airflow/example_dags/example_params_ui_tutorial.py for tasks to queue
[2024-10-15T21:48:15.163+0530] {logging_mixin.py:190} INFO - [2024-10-15T21:48:15.163+0530] {dagbag.py:588} INFO - Filling up the DagBag from /usr/local/lib/python3.10/dist-packages/airflow/example_dags/example_params_ui_tutorial.py
[2024-10-15T21:48:15.171+0530] {processor.py:925} INFO - DAG(s) 'example_params_ui_tutorial' retrieved from /usr/local/lib/python3.10/dist-packages/airflow/example_dags/example_params_ui_tutorial.py
[2024-10-15T21:48:15.211+0530] {logging_mixin.py:190} INFO - [2024-10-15T21:48:15.210+0530] {dag.py:3239} INFO - Sync 1 DAGs
[2024-10-15T21:48:15.222+0530] {logging_mixin.py:190} INFO - [2024-10-15T21:48:15.222+0530] {dag.py:4180} INFO - Setting next_dagrun for example_params_ui_tutorial to None, run_after=None
[2024-10-15T21:48:15.241+0530] {processor.py:208} INFO - Processing /usr/local/lib/python3.10/dist-packages/airflow/example_dags/example_params_ui_tutorial.py took 0.087 seconds
[2024-10-15T21:49:58.460+0530] {processor.py:186} INFO - Started process (PID=19240) to work on /usr/local/lib/python3.10/dist-packages/airflow/example_dags/example_params_ui_tutorial.py
[2024-10-15T21:49:58.466+0530] {processor.py:914} INFO - Processing file /usr/local/lib/python3.10/dist-packages/airflow/example_dags/example_params_ui_tutorial.py for tasks to queue
[2024-10-15T21:49:58.468+0530] {logging_mixin.py:190} INFO - [2024-10-15T21:49:58.467+0530] {dagbag.py:588} INFO - Filling up the DagBag from /usr/local/lib/python3.10/dist-packages/airflow/example_dags/example_params_ui_tutorial.py
[2024-10-15T21:49:58.475+0530] {processor.py:925} INFO - DAG(s) 'example_params_ui_tutorial' retrieved from /usr/local/lib/python3.10/dist-packages/airflow/example_dags/example_params_ui_tutorial.py
[2024-10-15T21:49:58.510+0530] {logging_mixin.py:190} INFO - [2024-10-15T21:49:58.510+0530] {dag.py:3239} INFO - Sync 1 DAGs
[2024-10-15T21:49:58.520+0530] {logging_mixin.py:190} INFO - [2024-10-15T21:49:58.520+0530] {dag.py:4180} INFO - Setting next_dagrun for example_params_ui_tutorial to None, run_after=None
[2024-10-15T21:49:58.536+0530] {processor.py:208} INFO - Processing /usr/local/lib/python3.10/dist-packages/airflow/example_dags/example_params_ui_tutorial.py took 0.083 seconds
[2024-10-15T21:50:59.192+0530] {processor.py:186} INFO - Started process (PID=19494) to work on /usr/local/lib/python3.10/dist-packages/airflow/example_dags/example_params_ui_tutorial.py
[2024-10-15T21:50:59.200+0530] {processor.py:914} INFO - Processing file /usr/local/lib/python3.10/dist-packages/airflow/example_dags/example_params_ui_tutorial.py for tasks to queue
[2024-10-15T21:50:59.203+0530] {logging_mixin.py:190} INFO - [2024-10-15T21:50:59.202+0530] {dagbag.py:588} INFO - Filling up the DagBag from /usr/local/lib/python3.10/dist-packages/airflow/example_dags/example_params_ui_tutorial.py
[2024-10-15T21:50:59.214+0530] {processor.py:925} INFO - DAG(s) 'example_params_ui_tutorial' retrieved from /usr/local/lib/python3.10/dist-packages/airflow/example_dags/example_params_ui_tutorial.py
[2024-10-15T21:50:59.255+0530] {logging_mixin.py:190} INFO - [2024-10-15T21:50:59.255+0530] {dag.py:3239} INFO - Sync 1 DAGs
[2024-10-15T21:50:59.266+0530] {logging_mixin.py:190} INFO - [2024-10-15T21:50:59.266+0530] {dag.py:4180} INFO - Setting next_dagrun for example_params_ui_tutorial to None, run_after=None
[2024-10-15T21:50:59.287+0530] {processor.py:208} INFO - Processing /usr/local/lib/python3.10/dist-packages/airflow/example_dags/example_params_ui_tutorial.py took 0.105 seconds
[2024-10-15T21:51:58.722+0530] {processor.py:186} INFO - Started process (PID=19568) to work on /usr/local/lib/python3.10/dist-packages/airflow/example_dags/example_params_ui_tutorial.py
[2024-10-15T21:51:58.725+0530] {processor.py:914} INFO - Processing file /usr/local/lib/python3.10/dist-packages/airflow/example_dags/example_params_ui_tutorial.py for tasks to queue
[2024-10-15T21:51:58.728+0530] {logging_mixin.py:190} INFO - [2024-10-15T21:51:58.727+0530] {dagbag.py:588} INFO - Filling up the DagBag from /usr/local/lib/python3.10/dist-packages/airflow/example_dags/example_params_ui_tutorial.py
[2024-10-15T21:51:58.745+0530] {processor.py:925} INFO - DAG(s) 'example_params_ui_tutorial' retrieved from /usr/local/lib/python3.10/dist-packages/airflow/example_dags/example_params_ui_tutorial.py
[2024-10-15T21:51:58.790+0530] {logging_mixin.py:190} INFO - [2024-10-15T21:51:58.789+0530] {dag.py:3239} INFO - Sync 1 DAGs
[2024-10-15T21:51:58.808+0530] {logging_mixin.py:190} INFO - [2024-10-15T21:51:58.808+0530] {dag.py:4180} INFO - Setting next_dagrun for example_params_ui_tutorial to None, run_after=None
[2024-10-15T21:51:58.837+0530] {processor.py:208} INFO - Processing /usr/local/lib/python3.10/dist-packages/airflow/example_dags/example_params_ui_tutorial.py took 0.121 seconds
                                                                                                                                                                                                                                                                                                                                                                                                                                                                                                                                                                                                                                                                                                                          