[2024-10-15T12:44:33.353+0530] {processor.py:186} INFO - Started process (PID=7100) to work on /usr/local/lib/python3.10/dist-packages/airflow/example_dags/example_dataset_alias.py
[2024-10-15T12:44:33.354+0530] {processor.py:914} INFO - Processing file /usr/local/lib/python3.10/dist-packages/airflow/example_dags/example_dataset_alias.py for tasks to queue
[2024-10-15T12:44:33.356+0530] {logging_mixin.py:190} INFO - [2024-10-15T12:44:33.356+0530] {dagbag.py:588} INFO - Filling up the DagBag from /usr/local/lib/python3.10/dist-packages/airflow/example_dags/example_dataset_alias.py
[2024-10-15T12:44:33.374+0530] {processor.py:925} INFO - DAG(s) 'dataset_alias_example_alias_consumer', 'dataset_s3_bucket_consumer', 'dataset_alias_example_alias_producer', 'dataset_s3_bucket_producer' retrieved from /usr/local/lib/python3.10/dist-packages/airflow/example_dags/example_dataset_alias.py
[2024-10-15T12:44:33.445+0530] {logging_mixin.py:190} INFO - [2024-10-15T12:44:33.444+0530] {override.py:1901} INFO - Created Permission View: can read on DAG:dataset_alias_example_alias_consumer
[2024-10-15T12:44:33.455+0530] {logging_mixin.py:190} INFO - [2024-10-15T12:44:33.454+0530] {override.py:1901} INFO - Created Permission View: can delete on DAG:dataset_alias_example_alias_consumer
[2024-10-15T12:44:33.462+0530] {logging_mixin.py:190} INFO - [2024-10-15T12:44:33.462+0530] {override.py:1901} INFO - Created Permission View: can edit on DAG:dataset_alias_example_alias_consumer
[2024-10-15T12:44:33.473+0530] {logging_mixin.py:190} INFO - [2024-10-15T12:44:33.473+0530] {override.py:1901} INFO - Created Permission View: can read on DAG Run:dataset_alias_example_alias_consumer
[2024-10-15T12:44:33.481+0530] {logging_mixin.py:190} INFO - [2024-10-15T12:44:33.480+0530] {override.py:1901} INFO - Created Permission View: can delete on DAG Run:dataset_alias_example_alias_consumer
[2024-10-15T12:44:33.487+0530] {logging_mixin.py:190} INFO - [2024-10-15T12:44:33.487+0530] {override.py:1901} INFO - Created Permission View: menu access on DAG Run:dataset_alias_example_alias_consumer
[2024-10-15T12:44:33.494+0530] {logging_mixin.py:190} INFO - [2024-10-15T12:44:33.494+0530] {override.py:1901} INFO - Created Permission View: can create on DAG Run:dataset_alias_example_alias_consumer
[2024-10-15T12:44:33.508+0530] {logging_mixin.py:190} INFO - [2024-10-15T12:44:33.508+0530] {override.py:1901} INFO - Created Permission View: can read on DAG:dataset_s3_bucket_consumer
[2024-10-15T12:44:33.516+0530] {logging_mixin.py:190} INFO - [2024-10-15T12:44:33.515+0530] {override.py:1901} INFO - Created Permission View: can delete on DAG:dataset_s3_bucket_consumer
[2024-10-15T12:44:33.522+0530] {logging_mixin.py:190} INFO - [2024-10-15T12:44:33.522+0530] {override.py:1901} INFO - Created Permission View: can edit on DAG:dataset_s3_bucket_consumer
[2024-10-15T12:44:33.533+0530] {logging_mixin.py:190} INFO - [2024-10-15T12:44:33.533+0530] {override.py:1901} INFO - Created Permission View: can read on DAG Run:dataset_s3_bucket_consumer
[2024-10-15T12:44:33.541+0530] {logging_mixin.py:190} INFO - [2024-10-15T12:44:33.540+0530] {override.py:1901} INFO - Created Permission View: can delete on DAG Run:dataset_s3_bucket_consumer
[2024-10-15T12:44:33.548+0530] {logging_mixin.py:190} INFO - [2024-10-15T12:44:33.548+0530] {override.py:1901} INFO - Created Permission View: menu access on DAG Run:dataset_s3_bucket_consumer
[2024-10-15T12:44:33.556+0530] {logging_mixin.py:190} INFO - [2024-10-15T12:44:33.556+0530] {override.py:1901} INFO - Created Permission View: can create on DAG Run:dataset_s3_bucket_consumer
[2024-10-15T12:44:33.571+0530] {logging_mixin.py:190} INFO - [2024-10-15T12:44:33.570+0530] {override.py:1901} INFO - Created Permission View: can read on DAG:dataset_alias_example_alias_producer
[2024-10-15T12:44:33.577+0530] {logging_mixin.py:190} INFO - [2024-10-15T12:44:33.577+0530] {override.py:1901} INFO - Created Permission View: can delete on DAG:dataset_alias_example_alias_producer
[2024-10-15T12:44:33.583+0530] {logging_mixin.py:190} INFO - [2024-10-15T12:44:33.583+0530] {override.py:1901} INFO - Created Permission View: can edit on DAG:dataset_alias_example_alias_producer
[2024-10-15T12:44:33.592+0530] {logging_mixin.py:190} INFO - [2024-10-15T12:44:33.592+0530] {override.py:1901} INFO - Created Permission View: can read on DAG Run:dataset_alias_example_alias_producer
[2024-10-15T12:44:33.598+0530] {logging_mixin.py:190} INFO - [2024-10-15T12:44:33.597+0530] {override.py:1901} INFO - Created Permission View: can delete on DAG Run:dataset_alias_example_alias_producer
[2024-10-15T12:44:33.605+0530] {logging_mixin.py:190} INFO - [2024-10-15T12:44:33.604+0530] {override.py:1901} INFO - Created Permission View: menu access on DAG Run:dataset_alias_example_alias_producer
[2024-10-15T12:44:33.611+0530] {logging_mixin.py:190} INFO - [2024-10-15T12:44:33.610+0530] {override.py:1901} INFO - Created Permission View: can create on DAG Run:dataset_alias_example_alias_producer
[2024-10-15T12:44:33.626+0530] {logging_mixin.py:190} INFO - [2024-10-15T12:44:33.625+0530] {override.py:1901} INFO - Created Permission View: can read on DAG:dataset_s3_bucket_producer
[2024-10-15T12:44:33.633+0530] {logging_mixin.py:190} INFO - [2024-10-15T12:44:33.632+0530] {override.py:1901} INFO - Created Permission View: can delete on DAG:dataset_s3_bucket_producer
[2024-10-15T12:44:33.639+0530] {logging_mixin.py:190} INFO - [2024-10-15T12:44:33.638+0530] {override.py:1901} INFO - Created Permission View: can edit on DAG:dataset_s3_bucket_producer
[2024-10-15T12:44:33.649+0530] {logging_mixin.py:190} INFO - [2024-10-15T12:44:33.649+0530] {override.py:1901} INFO - Created Permission View: can read on DAG Run:dataset_s3_bucket_producer
[2024-10-15T12:44:33.655+0530] {logging_mixin.py:190} INFO - [2024-10-15T12:44:33.655+0530] {override.py:1901} INFO - Created Permission View: can delete on DAG Run:dataset_s3_bucket_producer
[2024-10-15T12:44:33.662+0530] {logging_mixin.py:190} INFO - [2024-10-15T12:44:33.662+0530] {override.py:1901} INFO - Created Permission View: menu access on DAG Run:dataset_s3_bucket_producer
[2024-10-15T12:44:33.669+0530] {logging_mixin.py:190} INFO - [2024-10-15T12:44:33.669+0530] {override.py:1901} INFO - Created Permission View: can create on DAG Run:dataset_s3_bucket_producer
[2024-10-15T12:44:33.669+0530] {logging_mixin.py:190} INFO - [2024-10-15T12:44:33.669+0530] {dag.py:3239} INFO - Sync 4 DAGs
[2024-10-15T12:44:33.679+0530] {logging_mixin.py:190} INFO - [2024-10-15T12:44:33.678+0530] {dag.py:3262} INFO - Creating ORM DAG for dataset_s3_bucket_consumer
[2024-10-15T12:44:33.679+0530] {logging_mixin.py:190} INFO - [2024-10-15T12:44:33.679+0530] {dag.py:3262} INFO - Creating ORM DAG for dataset_s3_bucket_producer
[2024-10-15T12:44:33.680+0530] {logging_mixin.py:190} INFO - [2024-10-15T12:44:33.680+0530] {dag.py:3262} INFO - Creating ORM DAG for dataset_alias_example_alias_consumer
[2024-10-15T12:44:33.680+0530] {logging_mixin.py:190} INFO - [2024-10-15T12:44:33.680+0530] {dag.py:3262} INFO - Creating ORM DAG for dataset_alias_example_alias_producer
[2024-10-15T12:44:33.686+0530] {logging_mixin.py:190} INFO - [2024-10-15T12:44:33.686+0530] {dag.py:4180} INFO - Setting next_dagrun for dataset_alias_example_alias_consumer to None, run_after=None
[2024-10-15T12:44:33.686+0530] {logging_mixin.py:190} INFO - [2024-10-15T12:44:33.686+0530] {dag.py:4180} INFO - Setting next_dagrun for dataset_alias_example_alias_producer to None, run_after=None
[2024-10-15T12:44:33.687+0530] {logging_mixin.py:190} INFO - [2024-10-15T12:44:33.687+0530] {dag.py:4180} INFO - Setting next_dagrun for dataset_s3_bucket_consumer to None, run_after=None
[2024-10-15T12:44:33.687+0530] {logging_mixin.py:190} INFO - [2024-10-15T12:44:33.687+0530] {dag.py:4180} INFO - Setting next_dagrun for dataset_s3_bucket_producer to None, run_after=None
[2024-10-15T12:44:33.707+0530] {processor.py:208} INFO - Processing /usr/local/lib/python3.10/dist-packages/airflow/example_dags/example_dataset_alias.py took 0.360 seconds
[2024-10-15T12:45:31.725+0530] {processor.py:186} INFO - Started process (PID=7249) to work on /usr/local/lib/python3.10/dist-packages/airflow/example_dags/example_dataset_alias.py
[2024-10-15T12:45:31.726+0530] {processor.py:914} INFO - Processing file /usr/local/lib/python3.10/dist-packages/airflow/example_dags/example_dataset_alias.py for tasks to queue
[2024-10-15T12:45:31.727+0530] {logging_mixin.py:190} INFO - [2024-10-15T12:45:31.727+0530] {dagbag.py:588} INFO - Filling up the DagBag from /usr/local/lib/python3.10/dist-packages/airflow/example_dags/example_dataset_alias.py
[2024-10-15T12:45:31.749+0530] {processor.py:925} INFO - DAG(s) 'dataset_s3_bucket_consumer', 'dataset_alias_example_alias_consumer', 'dataset_s3_bucket_producer', 'dataset_alias_example_alias_producer' retrieved from /usr/local/lib/python3.10/dist-packages/airflow/example_dags/example_dataset_alias.py
[2024-10-15T12:45:31.765+0530] {logging_mixin.py:190} INFO - [2024-10-15T12:45:31.765+0530] {dag.py:3239} INFO - Sync 4 DAGs
[2024-10-15T12:45:31.782+0530] {logging_mixin.py:190} INFO - [2024-10-15T12:45:31.782+0530] {dag.py:4180} INFO - Setting next_dagrun for dataset_alias_example_alias_consumer to None, run_after=None
[2024-10-15T12:45:31.785+0530] {logging_mixin.py:190} INFO - [2024-10-15T12:45:31.785+0530] {dag.py:4180} INFO - Setting next_dagrun for dataset_alias_example_alias_producer to None, run_after=None
[2024-10-15T12:45:31.786+0530] {logging_mixin.py:190} INFO - [2024-10-15T12:45:31.786+0530] {dag.py:4180} INFO - Setting next_dagrun for dataset_s3_bucket_consumer to None, run_after=None
[2024-10-15T12:45:31.787+0530] {logging_mixin.py:190} INFO - [2024-10-15T12:45:31.786+0530] {dag.py:4180} INFO - Setting next_dagrun for dataset_s3_bucket_producer to None, run_after=None
[2024-10-15T12:45:31.810+0530] {processor.py:208} INFO - Processing /usr/local/lib/python3.10/dist-packages/airflow/example_dags/example_dataset_alias.py took 0.091 seconds
[2024-10-15T12:46:28.772+0530] {processor.py:186} INFO - Started process (PID=7724) to work on /usr/local/lib/python3.10/dist-packages/airflow/example_dags/example_dataset_alias.py
[2024-10-15T12:46:28.773+0530] {processor.py:914} INFO - Processing file /usr/local/lib/python3.10/dist-packages/airflow/example_dags/example_dataset_alias.py for tasks to queue
[2024-10-15T12:46:28.776+0530] {logging_mixin.py:190} INFO - [2024-10-15T12:46:28.776+0530] {dagbag.py:588} INFO - Filling up the DagBag from /usr/local/lib/python3.10/dist-packages/airflow/example_dags/example_dataset_alias.py
[2024-10-15T12:46:28.810+0530] {processor.py:925} INFO - DAG(s) 'dataset_alias_example_alias_consumer', 'dataset_s3_bucket_consumer', 'dataset_alias_example_alias_producer', 'dataset_s3_bucket_producer' retrieved from /usr/local/lib/python3.10/dist-packages/airflow/example_dags/example_dataset_alias.py
[2024-10-15T12:46:28.839+0530] {logging_mixin.py:190} INFO - [2024-10-15T12:46:28.838+0530] {dag.py:3239} INFO - Sync 4 DAGs
[2024-10-15T12:46:28.861+0530] {logging_mixin.py:190} INFO - [2024-10-15T12:46:28.860+0530] {dag.py:4180} INFO - Setting next_dagrun for dataset_alias_example_alias_consumer to None, run_after=None
[2024-10-15T12:46:28.864+0530] {logging_mixin.py:190} INFO - [2024-10-15T12:46:28.863+0530] {dag.py:4180} INFO - Setting next_dagrun for dataset_alias_example_alias_producer to None, run_after=None
[2024-10-15T12:46:28.864+0530] {logging_mixin.py:190} INFO - [2024-10-15T12:46:28.864+0530] {dag.py:4180} INFO - Setting next_dagrun for dataset_s3_bucket_consumer to None, run_after=None
[2024-10-15T12:46:28.865+0530] {logging_mixin.py:190} INFO - [2024-10-15T12:46:28.865+0530] {dag.py:4180} INFO - Setting next_dagrun for dataset_s3_bucket_producer to None, run_after=None
[2024-10-15T12:46:28.898+0530] {processor.py:208} INFO - Processing /usr/local/lib/python3.10/dist-packages/airflow/example_dags/example_dataset_alias.py took 0.135 seconds
[2024-10-15T12:48:08.181+0530] {processor.py:186} INFO - Started process (PID=8536) to work on /usr/local/lib/python3.10/dist-packages/airflow/example_dags/example_dataset_alias.py
[2024-10-15T12:48:08.184+0530] {processor.py:914} INFO - Processing file /usr/local/lib/python3.10/dist-packages/airflow/example_dags/example_dataset_alias.py for tasks to queue
[2024-10-15T12:48:08.187+0530] {logging_mixin.py:190} INFO - [2024-10-15T12:48:08.187+0530] {dagbag.py:588} INFO - Filling up the DagBag from /usr/local/lib/python3.10/dist-packages/airflow/example_dags/example_dataset_alias.py
[2024-10-15T12:48:08.225+0530] {processor.py:925} INFO - DAG(s) 'dataset_s3_bucket_consumer', 'dataset_alias_example_alias_producer', 'dataset_s3_bucket_producer', 'dataset_alias_example_alias_consumer' retrieved from /usr/local/lib/python3.10/dist-packages/airflow/example_dags/example_dataset_alias.py
[2024-10-15T12:48:08.248+0530] {logging_mixin.py:190} INFO - [2024-10-15T12:48:08.247+0530] {dag.py:3239} INFO - Sync 4 DAGs
[2024-10-15T12:48:08.270+0530] {logging_mixin.py:190} INFO - [2024-10-15T12:48:08.270+0530] {dag.py:4180} INFO - Setting next_dagrun for dataset_alias_example_alias_consumer to None, run_after=None
[2024-10-15T12:48:08.273+0530] {logging_mixin.py:190} INFO - [2024-10-15T12:48:08.273+0530] {dag.py:4180} INFO - Setting next_dagrun for dataset_alias_example_alias_producer to None, run_after=None
[2024-10-15T12:48:08.274+0530] {logging_mixin.py:190} INFO - [2024-10-15T12:48:08.274+0530] {dag.py:4180} INFO - Setting next_dagrun for dataset_s3_bucket_consumer to None, run_after=None
[2024-10-15T12:48:08.275+0530] {logging_mixin.py:190} INFO - [2024-10-15T12:48:08.274+0530] {dag.py:4180} INFO - Setting next_dagrun for dataset_s3_bucket_producer to None, run_after=None
[2024-10-15T12:48:08.302+0530] {processor.py:208} INFO - Processing /usr/local/lib/python3.10/dist-packages/airflow/example_dags/example_dataset_alias.py took 0.129 seconds
[2024-10-15T12:49:02.431+0530] {processor.py:186} INFO - Started process (PID=9066) to work on /usr/local/lib/python3.10/dist-packages/airflow/example_dags/example_dataset_alias.py
[2024-10-15T12:49:02.433+0530] {processor.py:914} INFO - Processing file /usr/local/lib/python3.10/dist-packages/airflow/example_dags/example_dataset_alias.py for tasks to queue
[2024-10-15T12:49:02.435+0530] {logging_mixin.py:190} INFO - [2024-10-15T12:49:02.434+0530] {dagbag.py:588} INFO - Filling up the DagBag from /usr/local/lib/python3.10/dist-packages/airflow/example_dags/example_dataset_alias.py
[2024-10-15T12:49:02.455+0530] {processor.py:925} INFO - DAG(s) 'dataset_alias_example_alias_consumer', 'dataset_s3_bucket_producer', 'dataset_alias_example_alias_producer', 'dataset_s3_bucket_consumer' retrieved from /usr/local/lib/python3.10/dist-packages/airflow/example_dags/example_dataset_alias.py
[2024-10-15T12:49:02.472+0530] {logging_mixin.py:190} INFO - [2024-10-15T12:49:02.472+0530] {dag.py:3239} INFO - Sync 4 DAGs
[2024-10-15T12:49:02.499+0530] {logging_mixin.py:190} INFO - [2024-10-15T12:49:02.498+0530] {dag.py:4180} INFO - Setting next_dagrun for dataset_alias_example_alias_consumer to None, run_after=None
[2024-10-15T12:49:02.501+0530] {logging_mixin.py:190} INFO - [2024-10-15T12:49:02.500+0530] {dag.py:4180} INFO - Setting next_dagrun for dataset_alias_example_alias_producer to None, run_after=None
[2024-10-15T12:49:02.501+0530] {logging_mixin.py:190} INFO - [2024-10-15T12:49:02.501+0530] {dag.py:4180} INFO - Setting next_dagrun for dataset_s3_bucket_consumer to None, run_after=None
[2024-10-15T12:49:02.502+0530] {logging_mixin.py:190} INFO - [2024-10-15T12:49:02.502+0530] {dag.py:4180} INFO - Setting next_dagrun for dataset_s3_bucket_producer to None, run_after=None
[2024-10-15T12:49:02.530+0530] {processor.py:208} INFO - Processing /usr/local/lib/python3.10/dist-packages/airflow/example_dags/example_dataset_alias.py took 0.106 seconds
[2024-10-15T12:50:17.678+0530] {processor.py:186} INFO - Started process (PID=9496) to work on /usr/local/lib/python3.10/dist-packages/airflow/example_dags/example_dataset_alias.py
[2024-10-15T12:50:17.680+0530] {processor.py:914} INFO - Processing file /usr/local/lib/python3.10/dist-packages/airflow/example_dags/example_dataset_alias.py for tasks to queue
[2024-10-15T12:50:17.687+0530] {logging_mixin.py:190} INFO - [2024-10-15T12:50:17.686+0530] {dagbag.py:588} INFO - Filling up the DagBag from /usr/local/lib/python3.10/dist-packages/airflow/example_dags/example_dataset_alias.py
[2024-10-15T12:50:17.745+0530] {processor.py:925} INFO - DAG(s) 'dataset_s3_bucket_consumer', 'dataset_alias_example_alias_producer', 'dataset_s3_bucket_producer', 'dataset_alias_example_alias_consumer' retrieved from /usr/local/lib/python3.10/dist-packages/airflow/example_dags/example_dataset_alias.py
[2024-10-15T12:50:17.788+0530] {logging_mixin.py:190} INFO - [2024-10-15T12:50:17.787+0530] {dag.py:3239} INFO - Sync 4 DAGs
[2024-10-15T12:50:17.834+0530] {logging_mixin.py:190} INFO - [2024-10-15T12:50:17.833+0530] {dag.py:4180} INFO - Setting next_dagrun for dataset_alias_example_alias_consumer to None, run_after=None
[2024-10-15T12:50:17.839+0530] {logging_mixin.py:190} INFO - [2024-10-15T12:50:17.839+0530] {dag.py:4180} INFO - Setting next_dagrun for dataset_alias_example_alias_producer to None, run_after=None
[2024-10-15T12:50:17.842+0530] {logging_mixin.py:190} INFO - [2024-10-15T12:50:17.841+0530] {dag.py:4180} INFO - Setting next_dagrun for dataset_s3_bucket_consumer to None, run_after=None
[2024-10-15T12:50:17.844+0530] {logging_mixin.py:190} INFO - [2024-10-15T12:50:17.844+0530] {dag.py:4180} INFO - Setting next_dagrun for dataset_s3_bucket_producer to None, run_after=None
[2024-10-15T12:50:17.938+0530] {processor.py:208} INFO - Processing /usr/local/lib/python3.10/dist-packages/airflow/example_dags/example_dataset_alias.py took 0.275 seconds
[2024-10-15T12:51:10.265+0530] {processor.py:186} INFO - Started process (PID=9745) to work on /usr/local/lib/python3.10/dist-packages/airflow/example_dags/example_dataset_alias.py
[2024-10-15T12:51:10.266+0530] {processor.py:914} INFO - Processing file /usr/local/lib/python3.10/dist-packages/airflow/example_dags/example_dataset_alias.py for tasks to queue
[2024-10-15T12:51:10.268+0530] {logging_mixin.py:190} INFO - [2024-10-15T12:51:10.268+0530] {dagbag.py:588} INFO - Filling up the DagBag from /usr/local/lib/python3.10/dist-packages/airflow/example_dags/example_dataset_alias.py
[2024-10-15T12:51:10.302+0530] {processor.py:925} INFO - DAG(s) 'dataset_alias_example_alias_producer', 'dataset_s3_bucket_consumer', 'dataset_alias_example_alias_consumer', 'dataset_s3_bucket_producer' retrieved from /usr/local/lib/python3.10/dist-packages/airflow/example_dags/example_dataset_alias.py
[2024-10-15T12:51:10.318+0530] {logging_mixin.py:190} INFO - [2024-10-15T12:51:10.318+0530] {dag.py:3239} INFO - Sync 4 DAGs
[2024-10-15T12:51:10.332+0530] {logging_mixin.py:190} INFO - [2024-10-15T12:51:10.332+0530] {dag.py:4180} INFO - Setting next_dagrun for dataset_alias_example_alias_consumer to None, run_after=None
[2024-10-15T12:51:10.334+0530] {logging_mixin.py:190} INFO - [2024-10-15T12:51:10.334+0530] {dag.py:4180} INFO - Setting next_dagrun for dataset_alias_example_alias_producer to None, run_after=None
[2024-10-15T12:51:10.334+0530] {logging_mixin.py:190} INFO - [2024-10-15T12:51:10.334+0530] {dag.py:4180} INFO - Setting next_dagrun for dataset_s3_bucket_consumer to None, run_after=None
[2024-10-15T12:51:10.335+0530] {logging_mixin.py:190} INFO - [2024-10-15T12:51:10.335+0530] {dag.py:4180} INFO - Setting next_dagrun for dataset_s3_bucket_producer to None, run_after=None
[2024-10-15T12:51:10.356+0530] {processor.py:208} INFO - Processing /usr/local/lib/python3.10/dist-packages/airflow/example_dags/example_dataset_alias.py took 0.095 seconds
[2024-10-15T13:05:20.118+0530] {processor.py:186} INFO - Started process (PID=12434) to work on /usr/local/lib/python3.10/dist-packages/airflow/example_dags/example_dataset_alias.py
[2024-10-15T13:05:20.124+0530] {processor.py:914} INFO - Processing file /usr/local/lib/python3.10/dist-packages/airflow/example_dags/example_dataset_alias.py for tasks to queue
[2024-10-15T13:05:20.127+0530] {logging_mixin.py:190} INFO - [2024-10-15T13:05:20.127+0530] {dagbag.py:588} INFO - Filling up the DagBag from /usr/local/lib/python3.10/dist-packages/airflow/example_dags/example_dataset_alias.py
[2024-10-15T13:05:20.155+0530] {processor.py:925} INFO - DAG(s) 'dataset_alias_example_alias_consumer', 'dataset_s3_bucket_consumer', 'dataset_s3_bucket_producer', 'dataset_alias_example_alias_producer' retrieved from /usr/local/lib/python3.10/dist-packages/airflow/example_dags/example_dataset_alias.py
[2024-10-15T13:05:20.173+0530] {logging_mixin.py:190} INFO - [2024-10-15T13:05:20.173+0530] {dag.py:3239} INFO - Sync 4 DAGs
[2024-10-15T13:05:20.190+0530] {logging_mixin.py:190} INFO - [2024-10-15T13:05:20.190+0530] {dag.py:4180} INFO - Setting next_dagrun for dataset_alias_example_alias_consumer to None, run_after=None
[2024-10-15T13:05:20.193+0530] {logging_mixin.py:190} INFO - [2024-10-15T13:05:20.193+0530] {dag.py:4180} INFO - Setting next_dagrun for dataset_alias_example_alias_producer to None, run_after=None
[2024-10-15T13:05:20.194+0530] {logging_mixin.py:190} INFO - [2024-10-15T13:05:20.194+0530] {dag.py:4180} INFO - Setting next_dagrun for dataset_s3_bucket_consumer to None, run_after=None
[2024-10-15T13:05:20.197+0530] {logging_mixin.py:190} INFO - [2024-10-15T13:05:20.197+0530] {dag.py:4180} INFO - Setting next_dagrun for dataset_s3_bucket_producer to None, run_after=None
[2024-10-15T13:05:20.228+0530] {processor.py:208} INFO - Processing /usr/local/lib/python3.10/dist-packages/airflow/example_dags/example_dataset_alias.py took 0.115 seconds
[2024-10-15T13:06:20.831+0530] {processor.py:186} INFO - Started process (PID=12824) to work on /usr/local/lib/python3.10/dist-packages/airflow/example_dags/example_dataset_alias.py
[2024-10-15T13:06:20.835+0530] {processor.py:914} INFO - Processing file /usr/local/lib/python3.10/dist-packages/airflow/example_dags/example_dataset_alias.py for tasks to queue
[2024-10-15T13:06:20.837+0530] {logging_mixin.py:190} INFO - [2024-10-15T13:06:20.837+0530] {dagbag.py:588} INFO - Filling up the DagBag from /usr/local/lib/python3.10/dist-packages/airflow/example_dags/example_dataset_alias.py
[2024-10-15T13:06:20.864+0530] {processor.py:925} INFO - DAG(s) 'dataset_alias_example_alias_producer', 'dataset_s3_bucket_consumer', 'dataset_alias_example_alias_consumer', 'dataset_s3_bucket_producer' retrieved from /usr/local/lib/python3.10/dist-packages/airflow/example_dags/example_dataset_alias.py
[2024-10-15T13:06:20.895+0530] {logging_mixin.py:190} INFO - [2024-10-15T13:06:20.895+0530] {dag.py:3239} INFO - Sync 4 DAGs
[2024-10-15T13:06:20.935+0530] {logging_mixin.py:190} INFO - [2024-10-15T13:06:20.935+0530] {dag.py:4180} INFO - Setting next_dagrun for dataset_alias_example_alias_consumer to None, run_after=None
[2024-10-15T13:06:20.939+0530] {logging_mixin.py:190} INFO - [2024-10-15T13:06:20.939+0530] {dag.py:4180} INFO - Setting next_dagrun for dataset_alias_example_alias_producer to None, run_after=None
[2024-10-15T13:06:20.940+0530] {logging_mixin.py:190} INFO - [2024-10-15T13:06:20.940+0530] {dag.py:4180} INFO - Setting next_dagrun for dataset_s3_bucket_consumer to None, run_after=None
[2024-10-15T13:06:20.943+0530] {logging_mixin.py:190} INFO - [2024-10-15T13:06:20.943+0530] {dag.py:4180} INFO - Setting next_dagrun for dataset_s3_bucket_producer to None, run_after=None
[2024-10-15T13:06:20.983+0530] {processor.py:208} INFO - Processing /usr/local/lib/python3.10/dist-packages/airflow/example_dags/example_dataset_alias.py took 0.161 seconds
[2024-10-15T13:07:16.375+0530] {processor.py:186} INFO - Started process (PID=12987) to work on /usr/local/lib/python3.10/dist-packages/airflow/example_dags/example_dataset_alias.py
[2024-10-15T13:07:16.376+0530] {processor.py:914} INFO - Processing file /usr/local/lib/python3.10/dist-packages/airflow/example_dags/example_dataset_alias.py for tasks to queue
[2024-10-15T13:07:16.379+0530] {logging_mixin.py:190} INFO - [2024-10-15T13:07:16.378+0530] {dagbag.py:588} INFO - Filling up the DagBag from /usr/local/lib/python3.10/dist-packages/airflow/example_dags/example_dataset_alias.py
[2024-10-15T13:07:16.399+0530] {processor.py:925} INFO - DAG(s) 'dataset_s3_bucket_consumer', 'dataset_alias_example_alias_consumer', 'dataset_alias_example_alias_producer', 'dataset_s3_bucket_producer' retrieved from /usr/local/lib/python3.10/dist-packages/airflow/example_dags/example_dataset_alias.py
[2024-10-15T13:07:16.414+0530] {logging_mixin.py:190} INFO - [2024-10-15T13:07:16.413+0530] {dag.py:3239} INFO - Sync 4 DAGs
[2024-10-15T13:07:16.432+0530] {logging_mixin.py:190} INFO - [2024-10-15T13:07:16.432+0530] {dag.py:4180} INFO - Setting next_dagrun for dataset_alias_example_alias_consumer to None, run_after=None
[2024-10-15T13:07:16.434+0530] {logging_mixin.py:190} INFO - [2024-10-15T13:07:16.433+0530] {dag.py:4180} INFO - Setting next_dagrun for dataset_alias_example_alias_producer to None, run_after=None
[2024-10-15T13:07:16.434+0530] {logging_mixin.py:190} INFO - [2024-10-15T13:07:16.434+0530] {dag.py:4180} INFO - Setting next_dagrun for dataset_s3_bucket_consumer to None, run_after=None
[2024-10-15T13:07:16.435+0530] {logging_mixin.py:190} INFO - [2024-10-15T13:07:16.435+0530] {dag.py:4180} INFO - Setting next_dagrun for dataset_s3_bucket_producer to None, run_after=None
[2024-10-15T13:07:16.459+0530] {processor.py:208} INFO - Processing /usr/local/lib/python3.10/dist-packages/airflow/example_dags/example_dataset_alias.py took 0.089 seconds
[2024-10-15T21:18:47.582+0530] {processor.py:186} INFO - Started process (PID=3980) to work on /usr/local/lib/python3.10/dist-packages/airflow/example_dags/example_dataset_alias.py
[2024-10-15T21:18:47.587+0530] {processor.py:914} INFO - Processing file /usr/local/lib/python3.10/dist-packages/airflow/example_dags/example_dataset_alias.py for tasks to queue
[2024-10-15T21:18:47.589+0530] {logging_mixin.py:190} INFO - [2024-10-15T21:18:47.589+0530] {dagbag.py:588} INFO - Filling up the DagBag from /usr/local/lib/python3.10/dist-packages/airflow/example_dags/example_dataset_alias.py
[2024-10-15T21:18:47.608+0530] {processor.py:925} INFO - DAG(s) 'dataset_alias_example_alias_consumer', 'dataset_s3_bucket_producer', 'dataset_alias_example_alias_producer', 'dataset_s3_bucket_consumer' retrieved from /usr/local/lib/python3.10/dist-packages/airflow/example_dags/example_dataset_alias.py
[2024-10-15T21:18:47.628+0530] {logging_mixin.py:190} INFO - [2024-10-15T21:18:47.627+0530] {dag.py:3239} INFO - Sync 4 DAGs
[2024-10-15T21:18:47.644+0530] {logging_mixin.py:190} INFO - [2024-10-15T21:18:47.644+0530] {dag.py:4180} INFO - Setting next_dagrun for dataset_alias_example_alias_consumer to None, run_after=None
[2024-10-15T21:18:47.646+0530] {logging_mixin.py:190} INFO - [2024-10-15T21:18:47.646+0530] {dag.py:4180} INFO - Setting next_dagrun for dataset_alias_example_alias_producer to None, run_after=None
[2024-10-15T21:18:47.647+0530] {logging_mixin.py:190} INFO - [2024-10-15T21:18:47.647+0530] {dag.py:4180} INFO - Setting next_dagrun for dataset_s3_bucket_consumer to None, run_after=None
[2024-10-15T21:18:47.648+0530] {logging_mixin.py:190} INFO - [2024-10-15T21:18:47.648+0530] {dag.py:4180} INFO - Setting next_dagrun for dataset_s3_bucket_producer to None, run_after=None
[2024-10-15T21:18:47.680+0530] {processor.py:208} INFO - Processing /usr/local/lib/python3.10/dist-packages/airflow/example_dags/example_dataset_alias.py took 0.103 seconds
[2024-10-15T21:19:46.377+0530] {processor.py:186} INFO - Started process (PID=4254) to work on /usr/local/lib/python3.10/dist-packages/airflow/example_dags/example_dataset_alias.py
[2024-10-15T21:19:46.380+0530] {processor.py:914} INFO - Processing file /usr/local/lib/python3.10/dist-packages/airflow/example_dags/example_dataset_alias.py for tasks to queue
[2024-10-15T21:19:46.382+0530] {logging_mixin.py:190} INFO - [2024-10-15T21:19:46.382+0530] {dagbag.py:588} INFO - Filling up the DagBag from /usr/local/lib/python3.10/dist-packages/airflow/example_dags/example_dataset_alias.py
[2024-10-15T21:19:46.403+0530] {processor.py:925} INFO - DAG(s) 'dataset_alias_example_alias_producer', 'dataset_s3_bucket_consumer', 'dataset_alias_example_alias_consumer', 'dataset_s3_bucket_producer' retrieved from /usr/local/lib/python3.10/dist-packages/airflow/example_dags/example_dataset_alias.py
[2024-10-15T21:19:46.429+0530] {logging_mixin.py:190} INFO - [2024-10-15T21:19:46.428+0530] {dag.py:3239} INFO - Sync 4 DAGs
[2024-10-15T21:19:46.462+0530] {logging_mixin.py:190} INFO - [2024-10-15T21:19:46.462+0530] {dag.py:4180} INFO - Setting next_dagrun for dataset_alias_example_alias_consumer to None, run_after=None
[2024-10-15T21:19:46.464+0530] {logging_mixin.py:190} INFO - [2024-10-15T21:19:46.464+0530] {dag.py:4180} INFO - Setting next_dagrun for dataset_alias_example_alias_producer to None, run_after=None
[2024-10-15T21:19:46.465+0530] {logging_mixin.py:190} INFO - [2024-10-15T21:19:46.465+0530] {dag.py:4180} INFO - Setting next_dagrun for dataset_s3_bucket_consumer to None, run_after=None
[2024-10-15T21:19:46.465+0530] {logging_mixin.py:190} INFO - [2024-10-15T21:19:46.465+0530] {dag.py:4180} INFO - Setting next_dagrun for dataset_s3_bucket_producer to None, run_after=None
[2024-10-15T21:19:46.488+0530] {processor.py:208} INFO - Processing /usr/local/lib/python3.10/dist-packages/airflow/example_dags/example_dataset_alias.py took 0.117 seconds
[2024-10-15T21:20:47.522+0530] {processor.py:186} INFO - Started process (PID=4629) to work on /usr/local/lib/python3.10/dist-packages/airflow/example_dags/example_dataset_alias.py
[2024-10-15T21:20:47.523+0530] {processor.py:914} INFO - Processing file /usr/local/lib/python3.10/dist-packages/airflow/example_dags/example_dataset_alias.py for tasks to queue
[2024-10-15T21:20:47.525+0530] {logging_mixin.py:190} INFO - [2024-10-15T21:20:47.525+0530] {dagbag.py:588} INFO - Filling up the DagBag from /usr/local/lib/python3.10/dist-packages/airflow/example_dags/example_dataset_alias.py
[2024-10-15T21:20:47.558+0530] {processor.py:925} INFO - DAG(s) 'dataset_s3_bucket_consumer', 'dataset_alias_example_alias_consumer', 'dataset_s3_bucket_producer', 'dataset_alias_example_alias_producer' retrieved from /usr/local/lib/python3.10/dist-packages/airflow/example_dags/example_dataset_alias.py
[2024-10-15T21:20:47.588+0530] {logging_mixin.py:190} INFO - [2024-10-15T21:20:47.587+0530] {dag.py:3239} INFO - Sync 4 DAGs
[2024-10-15T21:20:47.611+0530] {logging_mixin.py:190} INFO - [2024-10-15T21:20:47.611+0530] {dag.py:4180} INFO - Setting next_dagrun for dataset_alias_example_alias_consumer to None, run_after=None
[2024-10-15T21:20:47.613+0530] {logging_mixin.py:190} INFO - [2024-10-15T21:20:47.613+0530] {dag.py:4180} INFO - Setting next_dagrun for dataset_alias_example_alias_producer to None, run_after=None
[2024-10-15T21:20:47.614+0530] {logging_mixin.py:190} INFO - [2024-10-15T21:20:47.614+0530] {dag.py:4180} INFO - Setting next_dagrun for dataset_s3_bucket_consumer to None, run_after=None
[2024-10-15T21:20:47.614+0530] {logging_mixin.py:190} INFO - [2024-10-15T21:20:47.614+0530] {dag.py:4180} INFO - Setting next_dagrun for dataset_s3_bucket_producer to None, run_after=None
[2024-10-15T21:20:47.639+0530] {processor.py:208} INFO - Processing /usr/local/lib/python3.10/dist-packages/airflow/example_dags/example_dataset_alias.py took 0.124 seconds
[2024-10-15T21:21:44.720+0530] {processor.py:186} INFO - Started process (PID=4801) to work on /usr/local/lib/python3.10/dist-packages/airflow/example_dags/example_dataset_alias.py
[2024-10-15T21:21:44.722+0530] {processor.py:914} INFO - Processing file /usr/local/lib/python3.10/dist-packages/airflow/example_dags/example_dataset_alias.py for tasks to queue
[2024-10-15T21:21:44.725+0530] {logging_mixin.py:190} INFO - [2024-10-15T21:21:44.725+0530] {dagbag.py:588} INFO - Filling up the DagBag from /usr/local/lib/python3.10/dist-packages/airflow/example_dags/example_dataset_alias.py
[2024-10-15T21:21:44.754+0530] {processor.py:925} INFO - DAG(s) 'dataset_alias_example_alias_consumer', 'dataset_alias_example_alias_producer', 'dataset_s3_bucket_consumer', 'dataset_s3_bucket_producer' retrieved from /usr/local/lib/python3.10/dist-packages/airflow/example_dags/example_dataset_alias.py
[2024-10-15T21:21:44.774+0530] {logging_mixin.py:190} INFO - [2024-10-15T21:21:44.774+0530] {dag.py:3239} INFO - Sync 4 DAGs
[2024-10-15T21:21:44.792+0530] {logging_mixin.py:190} INFO - [2024-10-15T21:21:44.792+0530] {dag.py:4180} INFO - Setting next_dagrun for dataset_alias_example_alias_consumer to None, run_after=None
[2024-10-15T21:21:44.794+0530] {logging_mixin.py:190} INFO - [2024-10-15T21:21:44.794+0530] {dag.py:4180} INFO - Setting next_dagrun for dataset_alias_example_alias_producer to None, run_after=None
[2024-10-15T21:21:44.795+0530] {logging_mixin.py:190} INFO - [2024-10-15T21:21:44.795+0530] {dag.py:4180} INFO - Setting next_dagrun for dataset_s3_bucket_consumer to None, run_after=None
[2024-10-15T21:21:44.796+0530] {logging_mixin.py:190} INFO - [2024-10-15T21:21:44.795+0530] {dag.py:4180} INFO - Setting next_dagrun for dataset_s3_bucket_producer to None, run_after=None
[2024-10-15T21:21:44.820+0530] {processor.py:208} INFO - Processing /usr/local/lib/python3.10/dist-packages/airflow/example_dags/example_dataset_alias.py took 0.108 seconds
[2024-10-15T21:22:41.954+0530] {processor.py:186} INFO - Started process (PID=4892) to work on /usr/local/lib/python3.10/dist-packages/airflow/example_dags/example_dataset_alias.py
[2024-10-15T21:22:41.956+0530] {processor.py:914} INFO - Processing file /usr/local/lib/python3.10/dist-packages/airflow/example_dags/example_dataset_alias.py for tasks to queue
[2024-10-15T21:22:41.958+0530] {logging_mixin.py:190} INFO - [2024-10-15T21:22:41.958+0530] {dagbag.py:588} INFO - Filling up the DagBag from /usr/local/lib/python3.10/dist-packages/airflow/example_dags/example_dataset_alias.py
[2024-10-15T21:22:41.984+0530] {processor.py:925} INFO - DAG(s) 'dataset_s3_bucket_consumer', 'dataset_s3_bucket_producer', 'dataset_alias_example_alias_consumer', 'dataset_alias_example_alias_producer' retrieved from /usr/local/lib/python3.10/dist-packages/airflow/example_dags/example_dataset_alias.py
[2024-10-15T21:22:42.004+0530] {logging_mixin.py:190} INFO - [2024-10-15T21:22:42.004+0530] {dag.py:3239} INFO - Sync 4 DAGs
[2024-10-15T21:22:42.019+0530] {logging_mixin.py:190} INFO - [2024-10-15T21:22:42.019+0530] {dag.py:4180} INFO - Setting next_dagrun for dataset_alias_example_alias_consumer to None, run_after=None
[2024-10-15T21:22:42.022+0530] {logging_mixin.py:190} INFO - [2024-10-15T21:22:42.022+0530] {dag.py:4180} INFO - Setting next_dagrun for dataset_alias_example_alias_producer to None, run_after=None
[2024-10-15T21:22:42.037+0530] {logging_mixin.py:190} INFO - [2024-10-15T21:22:42.037+0530] {dag.py:4180} INFO - Setting next_dagrun for dataset_s3_bucket_consumer to None, run_after=None
[2024-10-15T21:22:42.038+0530] {logging_mixin.py:190} INFO - [2024-10-15T21:22:42.038+0530] {dag.py:4180} INFO - Setting next_dagrun for dataset_s3_bucket_producer to None, run_after=None
[2024-10-15T21:22:42.067+0530] {processor.py:208} INFO - Processing /usr/local/lib/python3.10/dist-packages/airflow/example_dags/example_dataset_alias.py took 0.118 seconds
[2024-10-15T21:27:10.883+0530] {processor.py:186} INFO - Started process (PID=7119) to work on /usr/local/lib/python3.10/dist-packages/airflow/example_dags/example_dataset_alias.py
[2024-10-15T21:27:10.887+0530] {processor.py:914} INFO - Processing file /usr/local/lib/python3.10/dist-packages/airflow/example_dags/example_dataset_alias.py for tasks to queue
[2024-10-15T21:27:10.890+0530] {logging_mixin.py:190} INFO - [2024-10-15T21:27:10.889+0530] {dagbag.py:588} INFO - Filling up the DagBag from /usr/local/lib/python3.10/dist-packages/airflow/example_dags/example_dataset_alias.py
[2024-10-15T21:27:10.909+0530] {processor.py:925} INFO - DAG(s) 'dataset_alias_example_alias_consumer', 'dataset_alias_example_alias_producer', 'dataset_s3_bucket_producer', 'dataset_s3_bucket_consumer' retrieved from /usr/local/lib/python3.10/dist-packages/airflow/example_dags/example_dataset_alias.py
[2024-10-15T21:27:10.926+0530] {logging_mixin.py:190} INFO - [2024-10-15T21:27:10.925+0530] {dag.py:3239} INFO - Sync 4 DAGs
[2024-10-15T21:27:10.941+0530] {logging_mixin.py:190} INFO - [2024-10-15T21:27:10.941+0530] {dag.py:4180} INFO - Setting next_dagrun for dataset_alias_example_alias_consumer to None, run_after=None
[2024-10-15T21:27:10.943+0530] {logging_mixin.py:190} INFO - [2024-10-15T21:27:10.943+0530] {dag.py:4180} INFO - Setting next_dagrun for dataset_alias_example_alias_producer to None, run_after=None
[2024-10-15T21:27:10.945+0530] {logging_mixin.py:190} INFO - [2024-10-15T21:27:10.945+0530] {dag.py:4180} INFO - Setting next_dagrun for dataset_s3_bucket_consumer to None, run_after=None
[2024-10-15T21:27:10.946+0530] {logging_mixin.py:190} INFO - [2024-10-15T21:27:10.946+0530] {dag.py:4180} INFO - Setting next_dagrun for dataset_s3_bucket_producer to None, run_after=None
[2024-10-15T21:27:10.967+0530] {processor.py:208} INFO - Processing /usr/local/lib/python3.10/dist-packages/airflow/example_dags/example_dataset_alias.py took 0.089 seconds
[2024-10-15T21:29:41.281+0530] {processor.py:186} INFO - Started process (PID=8476) to work on /usr/local/lib/python3.10/dist-packages/airflow/example_dags/example_dataset_alias.py
[2024-10-15T21:29:41.285+0530] {processor.py:914} INFO - Processing file /usr/local/lib/python3.10/dist-packages/airflow/example_dags/example_dataset_alias.py for tasks to queue
[2024-10-15T21:29:41.288+0530] {logging_mixin.py:190} INFO - [2024-10-15T21:29:41.288+0530] {dagbag.py:588} INFO - Filling up the DagBag from /usr/local/lib/python3.10/dist-packages/airflow/example_dags/example_dataset_alias.py
[2024-10-15T21:29:41.318+0530] {processor.py:925} INFO - DAG(s) 'dataset_s3_bucket_producer', 'dataset_alias_example_alias_producer', 'dataset_s3_bucket_consumer', 'dataset_alias_example_alias_consumer' retrieved from /usr/local/lib/python3.10/dist-packages/airflow/example_dags/example_dataset_alias.py
[2024-10-15T21:29:41.339+0530] {logging_mixin.py:190} INFO - [2024-10-15T21:29:41.339+0530] {dag.py:3239} INFO - Sync 4 DAGs
[2024-10-15T21:29:41.356+0530] {logging_mixin.py:190} INFO - [2024-10-15T21:29:41.356+0530] {dag.py:4180} INFO - Setting next_dagrun for dataset_alias_example_alias_consumer to None, run_after=None
[2024-10-15T21:29:41.358+0530] {logging_mixin.py:190} INFO - [2024-10-15T21:29:41.358+0530] {dag.py:4180} INFO - Setting next_dagrun for dataset_alias_example_alias_producer to None, run_after=None
[2024-10-15T21:29:41.360+0530] {logging_mixin.py:190} INFO - [2024-10-15T21:29:41.359+0530] {dag.py:4180} INFO - Setting next_dagrun for dataset_s3_bucket_consumer to None, run_after=None
[2024-10-15T21:29:41.360+0530] {logging_mixin.py:190} INFO - [2024-10-15T21:29:41.360+0530] {dag.py:4180} INFO - Setting next_dagrun for dataset_s3_bucket_producer to None, run_after=None
[2024-10-15T21:29:41.383+0530] {processor.py:208} INFO - Processing /usr/local/lib/python3.10/dist-packages/airflow/example_dags/example_dataset_alias.py took 0.117 seconds
[2024-10-15T21:32:11.454+0530] {processor.py:186} INFO - Started process (PID=9916) to work on /usr/local/lib/python3.10/dist-packages/airflow/example_dags/example_dataset_alias.py
[2024-10-15T21:32:11.458+0530] {processor.py:914} INFO - Processing file /usr/local/lib/python3.10/dist-packages/airflow/example_dags/example_dataset_alias.py for tasks to queue
[2024-10-15T21:32:11.461+0530] {logging_mixin.py:190} INFO - [2024-10-15T21:32:11.460+0530] {dagbag.py:588} INFO - Filling up the DagBag from /usr/local/lib/python3.10/dist-packages/airflow/example_dags/example_dataset_alias.py
[2024-10-15T21:32:11.481+0530] {processor.py:925} INFO - DAG(s) 'dataset_alias_example_alias_producer', 'dataset_alias_example_alias_consumer', 'dataset_s3_bucket_producer', 'dataset_s3_bucket_consumer' retrieved from /usr/local/lib/python3.10/dist-packages/airflow/example_dags/example_dataset_alias.py
[2024-10-15T21:32:11.495+0530] {logging_mixin.py:190} INFO - [2024-10-15T21:32:11.495+0530] {dag.py:3239} INFO - Sync 4 DAGs
[2024-10-15T21:32:11.511+0530] {logging_mixin.py:190} INFO - [2024-10-15T21:32:11.511+0530] {dag.py:4180} INFO - Setting next_dagrun for dataset_alias_example_alias_consumer to None, run_after=None
[2024-10-15T21:32:11.513+0530] {logging_mixin.py:190} INFO - [2024-10-15T21:32:11.513+0530] {dag.py:4180} INFO - Setting next_dagrun for dataset_alias_example_alias_producer to None, run_after=None
[2024-10-15T21:32:11.514+0530] {logging_mixin.py:190} INFO - [2024-10-15T21:32:11.514+0530] {dag.py:4180} INFO - Setting next_dagrun for dataset_s3_bucket_consumer to None, run_after=None
[2024-10-15T21:32:11.514+0530] {logging_mixin.py:190} INFO - [2024-10-15T21:32:11.514+0530] {dag.py:4180} INFO - Setting next_dagrun for dataset_s3_bucket_producer to None, run_after=None
[2024-10-15T21:32:11.534+0530] {processor.py:208} INFO - Processing /usr/local/lib/python3.10/dist-packages/airflow/example_dags/example_dataset_alias.py took 0.085 seconds
[2024-10-15T21:35:04.147+0530] {processor.py:186} INFO - Started process (PID=11431) to work on /usr/local/lib/python3.10/dist-packages/airflow/example_dags/example_dataset_alias.py
[2024-10-15T21:35:04.151+0530] {processor.py:914} INFO - Processing file /usr/local/lib/python3.10/dist-packages/airflow/example_dags/example_dataset_alias.py for tasks to queue
[2024-10-15T21:35:04.153+0530] {logging_mixin.py:190} INFO - [2024-10-15T21:35:04.153+0530] {dagbag.py:588} INFO - Filling up the DagBag from /usr/local/lib/python3.10/dist-packages/airflow/example_dags/example_dataset_alias.py
[2024-10-15T21:35:04.175+0530] {processor.py:925} INFO - DAG(s) 'dataset_s3_bucket_producer', 'dataset_alias_example_alias_producer', 'dataset_alias_example_alias_consumer', 'dataset_s3_bucket_consumer' retrieved from /usr/local/lib/python3.10/dist-packages/airflow/example_dags/example_dataset_alias.py
[2024-10-15T21:35:04.192+0530] {logging_mixin.py:190} INFO - [2024-10-15T21:35:04.191+0530] {dag.py:3239} INFO - Sync 4 DAGs
[2024-10-15T21:35:04.207+0530] {logging_mixin.py:190} INFO - [2024-10-15T21:35:04.207+0530] {dag.py:4180} INFO - Setting next_dagrun for dataset_alias_example_alias_consumer to None, run_after=None
[2024-10-15T21:35:04.210+0530] {logging_mixin.py:190} INFO - [2024-10-15T21:35:04.210+0530] {dag.py:4180} INFO - Setting next_dagrun for dataset_alias_example_alias_producer to None, run_after=None
[2024-10-15T21:35:04.214+0530] {logging_mixin.py:190} INFO - [2024-10-15T21:35:04.213+0530] {dag.py:4180} INFO - Setting next_dagrun for dataset_s3_bucket_consumer to None, run_after=None
[2024-10-15T21:35:04.215+0530] {logging_mixin.py:190} INFO - [2024-10-15T21:35:04.215+0530] {dag.py:4180} INFO - Setting next_dagrun for dataset_s3_bucket_producer to None, run_after=None
[2024-10-15T21:35:04.260+0530] {processor.py:208} INFO - Processing /usr/local/lib/python3.10/dist-packages/airflow/example_dags/example_dataset_alias.py took 0.121 seconds
[2024-10-15T21:38:07.708+0530] {processor.py:186} INFO - Started process (PID=13426) to work on /usr/local/lib/python3.10/dist-packages/airflow/example_dags/example_dataset_alias.py
[2024-10-15T21:38:07.712+0530] {processor.py:914} INFO - Processing file /usr/local/lib/python3.10/dist-packages/airflow/example_dags/example_dataset_alias.py for tasks to queue
[2024-10-15T21:38:07.714+0530] {logging_mixin.py:190} INFO - [2024-10-15T21:38:07.714+0530] {dagbag.py:588} INFO - Filling up the DagBag from /usr/local/lib/python3.10/dist-packages/airflow/example_dags/example_dataset_alias.py
[2024-10-15T21:38:07.734+0530] {processor.py:925} INFO - DAG(s) 'dataset_alias_example_alias_consumer', 'dataset_s3_bucket_consumer', 'dataset_s3_bucket_producer', 'dataset_alias_example_alias_producer' retrieved from /usr/local/lib/python3.10/dist-packages/airflow/example_dags/example_dataset_alias.py
[2024-10-15T21:38:07.749+0530] {logging_mixin.py:190} INFO - [2024-10-15T21:38:07.749+0530] {dag.py:3239} INFO - Sync 4 DAGs
[2024-10-15T21:38:07.765+0530] {logging_mixin.py:190} INFO - [2024-10-15T21:38:07.765+0530] {dag.py:4180} INFO - Setting next_dagrun for dataset_alias_example_alias_consumer to None, run_after=None
[2024-10-15T21:38:07.767+0530] {logging_mixin.py:190} INFO - [2024-10-15T21:38:07.767+0530] {dag.py:4180} INFO - Setting next_dagrun for dataset_alias_example_alias_producer to None, run_after=None
[2024-10-15T21:38:07.768+0530] {logging_mixin.py:190} INFO - [2024-10-15T21:38:07.768+0530] {dag.py:4180} INFO - Setting next_dagrun for dataset_s3_bucket_consumer to None, run_after=None
[2024-10-15T21:38:07.768+0530] {logging_mixin.py:190} INFO - [2024-10-15T21:38:07.768+0530] {dag.py:4180} INFO - Setting next_dagrun for dataset_s3_bucket_producer to None, run_after=None
[2024-10-15T21:38:07.788+0530] {processor.py:208} INFO - Processing /usr/local/lib/python3.10/dist-packages/airflow/example_dags/example_dataset_alias.py took 0.091 seconds
[2024-10-15T21:41:25.060+0530] {processor.py:186} INFO - Started process (PID=15292) to work on /usr/local/lib/python3.10/dist-packages/airflow/example_dags/example_dataset_alias.py
[2024-10-15T21:41:25.064+0530] {processor.py:914} INFO - Processing file /usr/local/lib/python3.10/dist-packages/airflow/example_dags/example_dataset_alias.py for tasks to queue
[2024-10-15T21:41:25.067+0530] {logging_mixin.py:190} INFO - [2024-10-15T21:41:25.066+0530] {dagbag.py:588} INFO - Filling up the DagBag from /usr/local/lib/python3.10/dist-packages/airflow/example_dags/example_dataset_alias.py
[2024-10-15T21:41:25.086+0530] {processor.py:925} INFO - DAG(s) 'dataset_s3_bucket_producer', 'dataset_alias_example_alias_producer', 'dataset_alias_example_alias_consumer', 'dataset_s3_bucket_consumer' retrieved from /usr/local/lib/python3.10/dist-packages/airflow/example_dags/example_dataset_alias.py
[2024-10-15T21:41:25.102+0530] {logging_mixin.py:190} INFO - [2024-10-15T21:41:25.101+0530] {dag.py:3239} INFO - Sync 4 DAGs
[2024-10-15T21:41:25.117+0530] {logging_mixin.py:190} INFO - [2024-10-15T21:41:25.117+0530] {dag.py:4180} INFO - Setting next_dagrun for dataset_alias_example_alias_consumer to None, run_after=None
[2024-10-15T21:41:25.119+0530] {logging_mixin.py:190} INFO - [2024-10-15T21:41:25.119+0530] {dag.py:4180} INFO - Setting next_dagrun for dataset_alias_example_alias_producer to None, run_after=None
[2024-10-15T21:41:25.120+0530] {logging_mixin.py:190} INFO - [2024-10-15T21:41:25.120+0530] {dag.py:4180} INFO - Setting next_dagrun for dataset_s3_bucket_consumer to None, run_after=None
[2024-10-15T21:41:25.120+0530] {logging_mixin.py:190} INFO - [2024-10-15T21:41:25.120+0530] {dag.py:4180} INFO - Setting next_dagrun for dataset_s3_bucket_producer to None, run_after=None
[2024-10-15T21:41:25.140+0530] {processor.py:208} INFO - Processing /usr/local/lib/python3.10/dist-packages/airflow/example_dags/example_dataset_alias.py took 0.086 seconds
[2024-10-15T21:46:03.173+0530] {processor.py:186} INFO - Started process (PID=17791) to work on /usr/local/lib/python3.10/dist-packages/airflow/example_dags/example_dataset_alias.py
[2024-10-15T21:46:03.180+0530] {processor.py:914} INFO - Processing file /usr/local/lib/python3.10/dist-packages/airflow/example_dags/example_dataset_alias.py for tasks to queue
[2024-10-15T21:46:03.184+0530] {logging_mixin.py:190} INFO - [2024-10-15T21:46:03.184+0530] {dagbag.py:588} INFO - Filling up the DagBag from /usr/local/lib/python3.10/dist-packages/airflow/example_dags/example_dataset_alias.py
[2024-10-15T21:46:03.222+0530] {processor.py:925} INFO - DAG(s) 'dataset_s3_bucket_producer', 'dataset_alias_example_alias_producer', 'dataset_s3_bucket_consumer', 'dataset_alias_example_alias_consumer' retrieved from /usr/local/lib/python3.10/dist-packages/airflow/example_dags/example_dataset_alias.py
[2024-10-15T21:46:03.238+0530] {logging_mixin.py:190} INFO - [2024-10-15T21:46:03.238+0530] {dag.py:3239} INFO - Sync 4 DAGs
[2024-10-15T21:46:03.262+0530] {logging_mixin.py:190} INFO - [2024-10-15T21:46:03.262+0530] {dag.py:4180} INFO - Setting next_dagrun for dataset_alias_example_alias_consumer to None, run_after=None
[2024-10-15T21:46:03.264+0530] {logging_mixin.py:190} INFO - [2024-10-15T21:46:03.264+0530] {dag.py:4180} INFO - Setting next_dagrun for dataset_alias_example_alias_producer to None, run_after=None
[2024-10-15T21:46:03.266+0530] {logging_mixin.py:190} INFO - [2024-10-15T21:46:03.266+0530] {dag.py:4180} INFO - Setting next_dagrun for dataset_s3_bucket_consumer to None, run_after=None
[2024-10-15T21:46:03.267+0530] {logging_mixin.py:190} INFO - [2024-10-15T21:46:03.266+0530] {dag.py:4180} INFO - Setting next_dagrun for dataset_s3_bucket_producer to None, run_after=None
[2024-10-15T21:46:03.296+0530] {processor.py:208} INFO - Processing /usr/local/lib/python3.10/dist-packages/airflow/example_dags/example_dataset_alias.py took 0.134 seconds
[2024-10-15T21:49:27.438+0530] {processor.py:186} INFO - Started process (PID=19119) to work on /usr/local/lib/python3.10/dist-packages/airflow/example_dags/example_dataset_alias.py
[2024-10-15T21:49:27.441+0530] {processor.py:914} INFO - Processing file /usr/local/lib/python3.10/dist-packages/airflow/example_dags/example_dataset_alias.py for tasks to queue
[2024-10-15T21:49:27.444+0530] {logging_mixin.py:190} INFO - [2024-10-15T21:49:27.444+0530] {dagbag.py:588} INFO - Filling up the DagBag from /usr/local/lib/python3.10/dist-packages/airflow/example_dags/example_dataset_alias.py
[2024-10-15T21:49:27.480+0530] {processor.py:925} INFO - DAG(s) 'dataset_alias_example_alias_producer', 'dataset_s3_bucket_consumer', 'dataset_s3_bucket_producer', 'dataset_alias_example_alias_consumer' retrieved from /usr/local/lib/python3.10/dist-packages/airflow/example_dags/example_dataset_alias.py
[2024-10-15T21:49:27.508+0530] {logging_mixin.py:190} INFO - [2024-10-15T21:49:27.508+0530] {dag.py:3239} INFO - Sync 4 DAGs
[2024-10-15T21:49:27.527+0530] {logging_mixin.py:190} INFO - [2024-10-15T21:49:27.527+0530] {dag.py:4180} INFO - Setting next_dagrun for dataset_alias_example_alias_consumer to None, run_after=None
[2024-10-15T21:49:27.530+0530] {logging_mixin.py:190} INFO - [2024-10-15T21:49:27.530+0530] {dag.py:4180} INFO - Setting next_dagrun for dataset_alias_example_alias_producer to None, run_after=None
[2024-10-15T21:49:27.532+0530] {logging_mixin.py:190} INFO - [2024-10-15T21:49:27.532+0530] {dag.py:4180} INFO - Setting next_dagrun for dataset_s3_bucket_consumer to None, run_after=None
[2024-10-15T21:49:27.534+0530] {logging_mixin.py:190} INFO - [2024-10-15T21:49:27.533+0530] {dag.py:4180} INFO - Setting next_dagrun for dataset_s3_bucket_producer to None, run_after=None
[2024-10-15T21:49:27.561+0530] {processor.py:208} INFO - Processing /usr/local/lib/python3.10/dist-packages/airflow/example_dags/example_dataset_alias.py took 0.135 seconds
[2024-10-15T21:50:40.118+0530] {processor.py:186} INFO - Started process (PID=19471) to work on /usr/local/lib/python3.10/dist-packages/airflow/example_dags/example_dataset_alias.py
[2024-10-15T21:50:40.120+0530] {processor.py:914} INFO - Processing file /usr/local/lib/python3.10/dist-packages/airflow/example_dags/example_dataset_alias.py for tasks to queue
[2024-10-15T21:50:40.130+0530] {logging_mixin.py:190} INFO - [2024-10-15T21:50:40.130+0530] {dagbag.py:588} INFO - Filling up the DagBag from /usr/local/lib/python3.10/dist-packages/airflow/example_dags/example_dataset_alias.py
[2024-10-15T21:50:40.179+0530] {processor.py:925} INFO - DAG(s) 'dataset_alias_example_alias_producer', 'dataset_s3_bucket_consumer', 'dataset_alias_example_alias_consumer', 'dataset_s3_bucket_producer' retrieved from /usr/local/lib/python3.10/dist-packages/airflow/example_dags/example_dataset_alias.py
[2024-10-15T21:50:40.213+0530] {logging_mixin.py:190} INFO - [2024-10-15T21:50:40.212+0530] {dag.py:3239} INFO - Sync 4 DAGs
[2024-10-15T21:50:40.239+0530] {logging_mixin.py:190} INFO - [2024-10-15T21:50:40.239+0530] {dag.py:4180} INFO - Setting next_dagrun for dataset_alias_example_alias_consumer to None, run_after=None
[2024-10-15T21:50:40.244+0530] {logging_mixin.py:190} INFO - [2024-10-15T21:50:40.244+0530] {dag.py:4180} INFO - Setting next_dagrun for dataset_alias_example_alias_producer to None, run_after=None
[2024-10-15T21:50:40.245+0530] {logging_mixin.py:190} INFO - [2024-10-15T21:50:40.245+0530] {dag.py:4180} INFO - Setting next_dagrun for dataset_s3_bucket_consumer to None, run_after=None
[2024-10-15T21:50:40.246+0530] {logging_mixin.py:190} INFO - [2024-10-15T21:50:40.246+0530] {dag.py:4180} INFO - Setting next_dagrun for dataset_s3_bucket_producer to None, run_after=None
[2024-10-15T21:50:40.342+0530] {processor.py:208} INFO - Processing /usr/local/lib/python3.10/dist-packages/airflow/example_dags/example_dataset_alias.py took 0.232 seconds
[2024-10-15T21:51:38.653+0530] {processor.py:186} INFO - Started process (PID=19548) to work on /usr/local/lib/python3.10/dist-packages/airflow/example_dags/example_dataset_alias.py
[2024-10-15T21:51:38.656+0530] {processor.py:914} INFO - Processing file /usr/local/lib/python3.10/dist-packages/airflow/example_dags/example_dataset_alias.py for tasks to queue
[2024-10-15T21:51:38.659+0530] {logging_mixin.py:190} INFO - [2024-10-15T21:51:38.658+0530] {dagbag.py:588} INFO - Filling up the DagBag from /usr/local/lib/python3.10/dist-packages/airflow/example_dags/example_dataset_alias.py
[2024-10-15T21:51:38.684+0530] {processor.py:925} INFO - DAG(s) 'dataset_s3_bucket_consumer', 'dataset_alias_example_alias_producer', 'dataset_alias_example_alias_consumer', 'dataset_s3_bucket_producer' retrieved from /usr/local/lib/python3.10/dist-packages/airflow/example_dags/example_dataset_alias.py
[2024-10-15T21:51:38.707+0530] {logging_mixin.py:190} INFO - [2024-10-15T21:51:38.707+0530] {dag.py:3239} INFO - Sync 4 DAGs
[2024-10-15T21:51:38.749+0530] {logging_mixin.py:190} INFO - [2024-10-15T21:51:38.749+0530] {dag.py:4180} INFO - Setting next_dagrun for dataset_alias_example_alias_consumer to None, run_after=None
[2024-10-15T21:51:38.751+0530] {logging_mixin.py:190} INFO - [2024-10-15T21:51:38.751+0530] {dag.py:4180} INFO - Setting next_dagrun for dataset_alias_example_alias_producer to None, run_after=None
[2024-10-15T21:51:38.754+0530] {logging_mixin.py:190} INFO - [2024-10-15T21:51:38.754+0530] {dag.py:4180} INFO - Setting next_dagrun for dataset_s3_bucket_consumer to None, run_after=None
[2024-10-15T21:51:38.755+0530] {logging_mixin.py:190} INFO - [2024-10-15T21:51:38.755+0530] {dag.py:4180} INFO - Setting next_dagrun for dataset_s3_bucket_producer to None, run_after=None
[2024-10-15T21:51:38.807+0530] {processor.py:208} INFO - Processing /usr/local/lib/python3.10/dist-packages/airflow/example_dags/example_dataset_alias.py took 0.162 seconds
                                                                                                                                                                                                                                                                                                                                                                                                                                                                                                                                                                                                                                                                                                                                                                                                                                                                                                                                                                                                                                                                                                                                                                                                                                                                                                                                                                                                                                                                                                                                                                                                                                                                                                                                                                                                                                                                                                                                                                                                                                          