[2024-10-15T12:43:52.496+0530] {processor.py:186} INFO - Started process (PID=6840) to work on /usr/local/lib/python3.10/dist-packages/airflow/example_dags/example_trigger_controller_dag.py
[2024-10-15T12:43:52.497+0530] {processor.py:914} INFO - Processing file /usr/local/lib/python3.10/dist-packages/airflow/example_dags/example_trigger_controller_dag.py for tasks to queue
[2024-10-15T12:43:52.503+0530] {logging_mixin.py:190} INFO - [2024-10-15T12:43:52.501+0530] {dagbag.py:588} INFO - Filling up the DagBag from /usr/local/lib/python3.10/dist-packages/airflow/example_dags/example_trigger_controller_dag.py
[2024-10-15T12:43:52.514+0530] {processor.py:925} INFO - DAG(s) 'example_trigger_controller_dag' retrieved from /usr/local/lib/python3.10/dist-packages/airflow/example_dags/example_trigger_controller_dag.py
[2024-10-15T12:43:52.624+0530] {logging_mixin.py:190} INFO - [2024-10-15T12:43:52.624+0530] {override.py:1901} INFO - Created Permission View: can read on DAG:example_trigger_controller_dag
[2024-10-15T12:43:52.638+0530] {logging_mixin.py:190} INFO - [2024-10-15T12:43:52.638+0530] {override.py:1901} INFO - Created Permission View: can delete on DAG:example_trigger_controller_dag
[2024-10-15T12:43:52.651+0530] {logging_mixin.py:190} INFO - [2024-10-15T12:43:52.651+0530] {override.py:1901} INFO - Created Permission View: can edit on DAG:example_trigger_controller_dag
[2024-10-15T12:43:52.663+0530] {logging_mixin.py:190} INFO - [2024-10-15T12:43:52.663+0530] {override.py:1901} INFO - Created Permission View: can read on DAG Run:example_trigger_controller_dag
[2024-10-15T12:43:52.670+0530] {logging_mixin.py:190} INFO - [2024-10-15T12:43:52.670+0530] {override.py:1901} INFO - Created Permission View: can delete on DAG Run:example_trigger_controller_dag
[2024-10-15T12:43:52.679+0530] {logging_mixin.py:190} INFO - [2024-10-15T12:43:52.678+0530] {override.py:1901} INFO - Created Permission View: menu access on DAG Run:example_trigger_controller_dag
[2024-10-15T12:43:52.690+0530] {logging_mixin.py:190} INFO - [2024-10-15T12:43:52.689+0530] {override.py:1901} INFO - Created Permission View: can create on DAG Run:example_trigger_controller_dag
[2024-10-15T12:43:52.690+0530] {logging_mixin.py:190} INFO - [2024-10-15T12:43:52.690+0530] {dag.py:3239} INFO - Sync 1 DAGs
[2024-10-15T12:43:52.704+0530] {logging_mixin.py:190} INFO - [2024-10-15T12:43:52.704+0530] {dag.py:3262} INFO - Creating ORM DAG for example_trigger_controller_dag
[2024-10-15T12:43:52.710+0530] {logging_mixin.py:190} INFO - [2024-10-15T12:43:52.710+0530] {dag.py:4180} INFO - Setting next_dagrun for example_trigger_controller_dag to 2021-01-01 00:00:00+00:00, run_after=2021-01-01 00:00:00+00:00
[2024-10-15T12:43:52.727+0530] {processor.py:208} INFO - Processing /usr/local/lib/python3.10/dist-packages/airflow/example_dags/example_trigger_controller_dag.py took 0.236 seconds
[2024-10-15T12:44:57.820+0530] {processor.py:186} INFO - Started process (PID=7127) to work on /usr/local/lib/python3.10/dist-packages/airflow/example_dags/example_trigger_controller_dag.py
[2024-10-15T12:44:57.824+0530] {processor.py:914} INFO - Processing file /usr/local/lib/python3.10/dist-packages/airflow/example_dags/example_trigger_controller_dag.py for tasks to queue
[2024-10-15T12:44:57.826+0530] {logging_mixin.py:190} INFO - [2024-10-15T12:44:57.826+0530] {dagbag.py:588} INFO - Filling up the DagBag from /usr/local/lib/python3.10/dist-packages/airflow/example_dags/example_trigger_controller_dag.py
[2024-10-15T12:44:57.834+0530] {processor.py:925} INFO - DAG(s) 'example_trigger_controller_dag' retrieved from /usr/local/lib/python3.10/dist-packages/airflow/example_dags/example_trigger_controller_dag.py
[2024-10-15T12:44:57.849+0530] {logging_mixin.py:190} INFO - [2024-10-15T12:44:57.849+0530] {dag.py:3239} INFO - Sync 1 DAGs
[2024-10-15T12:44:57.870+0530] {logging_mixin.py:190} INFO - [2024-10-15T12:44:57.870+0530] {dag.py:4180} INFO - Setting next_dagrun for example_trigger_controller_dag to 2021-01-01 00:00:00+00:00, run_after=2021-01-01 00:00:00+00:00
[2024-10-15T12:44:57.888+0530] {processor.py:208} INFO - Processing /usr/local/lib/python3.10/dist-packages/airflow/example_dags/example_trigger_controller_dag.py took 0.075 seconds
[2024-10-15T12:45:52.817+0530] {processor.py:186} INFO - Started process (PID=7280) to work on /usr/local/lib/python3.10/dist-packages/airflow/example_dags/example_trigger_controller_dag.py
[2024-10-15T12:45:52.821+0530] {processor.py:914} INFO - Processing file /usr/local/lib/python3.10/dist-packages/airflow/example_dags/example_trigger_controller_dag.py for tasks to queue
[2024-10-15T12:45:52.824+0530] {logging_mixin.py:190} INFO - [2024-10-15T12:45:52.824+0530] {dagbag.py:588} INFO - Filling up the DagBag from /usr/local/lib/python3.10/dist-packages/airflow/example_dags/example_trigger_controller_dag.py
[2024-10-15T12:45:52.830+0530] {processor.py:925} INFO - DAG(s) 'example_trigger_controller_dag' retrieved from /usr/local/lib/python3.10/dist-packages/airflow/example_dags/example_trigger_controller_dag.py
[2024-10-15T12:45:52.842+0530] {logging_mixin.py:190} INFO - [2024-10-15T12:45:52.842+0530] {dag.py:3239} INFO - Sync 1 DAGs
[2024-10-15T12:45:52.857+0530] {logging_mixin.py:190} INFO - [2024-10-15T12:45:52.856+0530] {dag.py:4180} INFO - Setting next_dagrun for example_trigger_controller_dag to 2021-01-01 00:00:00+00:00, run_after=2021-01-01 00:00:00+00:00
[2024-10-15T12:45:52.874+0530] {processor.py:208} INFO - Processing /usr/local/lib/python3.10/dist-packages/airflow/example_dags/example_trigger_controller_dag.py took 0.063 seconds
[2024-10-15T12:47:28.311+0530] {processor.py:186} INFO - Started process (PID=8487) to work on /usr/local/lib/python3.10/dist-packages/airflow/example_dags/example_trigger_controller_dag.py
[2024-10-15T12:47:28.314+0530] {processor.py:914} INFO - Processing file /usr/local/lib/python3.10/dist-packages/airflow/example_dags/example_trigger_controller_dag.py for tasks to queue
[2024-10-15T12:47:28.322+0530] {logging_mixin.py:190} INFO - [2024-10-15T12:47:28.321+0530] {dagbag.py:588} INFO - Filling up the DagBag from /usr/local/lib/python3.10/dist-packages/airflow/example_dags/example_trigger_controller_dag.py
[2024-10-15T12:47:28.347+0530] {processor.py:925} INFO - DAG(s) 'example_trigger_controller_dag' retrieved from /usr/local/lib/python3.10/dist-packages/airflow/example_dags/example_trigger_controller_dag.py
[2024-10-15T12:47:28.388+0530] {logging_mixin.py:190} INFO - [2024-10-15T12:47:28.388+0530] {dag.py:3239} INFO - Sync 1 DAGs
[2024-10-15T12:47:28.457+0530] {logging_mixin.py:190} INFO - [2024-10-15T12:47:28.456+0530] {dag.py:4180} INFO - Setting next_dagrun for example_trigger_controller_dag to 2021-01-01 00:00:00+00:00, run_after=2021-01-01 00:00:00+00:00
[2024-10-15T12:47:28.516+0530] {processor.py:208} INFO - Processing /usr/local/lib/python3.10/dist-packages/airflow/example_dags/example_trigger_controller_dag.py took 0.222 seconds
[2024-10-15T12:48:28.638+0530] {processor.py:186} INFO - Started process (PID=8849) to work on /usr/local/lib/python3.10/dist-packages/airflow/example_dags/example_trigger_controller_dag.py
[2024-10-15T12:48:28.639+0530] {processor.py:914} INFO - Processing file /usr/local/lib/python3.10/dist-packages/airflow/example_dags/example_trigger_controller_dag.py for tasks to queue
[2024-10-15T12:48:28.642+0530] {logging_mixin.py:190} INFO - [2024-10-15T12:48:28.641+0530] {dagbag.py:588} INFO - Filling up the DagBag from /usr/local/lib/python3.10/dist-packages/airflow/example_dags/example_trigger_controller_dag.py
[2024-10-15T12:48:28.648+0530] {processor.py:925} INFO - DAG(s) 'example_trigger_controller_dag' retrieved from /usr/local/lib/python3.10/dist-packages/airflow/example_dags/example_trigger_controller_dag.py
[2024-10-15T12:48:28.662+0530] {logging_mixin.py:190} INFO - [2024-10-15T12:48:28.662+0530] {dag.py:3239} INFO - Sync 1 DAGs
[2024-10-15T12:48:28.678+0530] {logging_mixin.py:190} INFO - [2024-10-15T12:48:28.678+0530] {dag.py:4180} INFO - Setting next_dagrun for example_trigger_controller_dag to 2021-01-01 00:00:00+00:00, run_after=2021-01-01 00:00:00+00:00
[2024-10-15T12:48:28.694+0530] {processor.py:208} INFO - Processing /usr/local/lib/python3.10/dist-packages/airflow/example_dags/example_trigger_controller_dag.py took 0.061 seconds
[2024-10-15T12:49:20.304+0530] {processor.py:186} INFO - Started process (PID=9268) to work on /usr/local/lib/python3.10/dist-packages/airflow/example_dags/example_trigger_controller_dag.py
[2024-10-15T12:49:20.305+0530] {processor.py:914} INFO - Processing file /usr/local/lib/python3.10/dist-packages/airflow/example_dags/example_trigger_controller_dag.py for tasks to queue
[2024-10-15T12:49:20.307+0530] {logging_mixin.py:190} INFO - [2024-10-15T12:49:20.307+0530] {dagbag.py:588} INFO - Filling up the DagBag from /usr/local/lib/python3.10/dist-packages/airflow/example_dags/example_trigger_controller_dag.py
[2024-10-15T12:49:20.313+0530] {processor.py:925} INFO - DAG(s) 'example_trigger_controller_dag' retrieved from /usr/local/lib/python3.10/dist-packages/airflow/example_dags/example_trigger_controller_dag.py
[2024-10-15T12:49:20.331+0530] {logging_mixin.py:190} INFO - [2024-10-15T12:49:20.331+0530] {dag.py:3239} INFO - Sync 1 DAGs
[2024-10-15T12:49:20.359+0530] {logging_mixin.py:190} INFO - [2024-10-15T12:49:20.359+0530] {dag.py:4180} INFO - Setting next_dagrun for example_trigger_controller_dag to 2021-01-01 00:00:00+00:00, run_after=2021-01-01 00:00:00+00:00
[2024-10-15T12:49:20.382+0530] {processor.py:208} INFO - Processing /usr/local/lib/python3.10/dist-packages/airflow/example_dags/example_trigger_controller_dag.py took 0.084 seconds
[2024-10-15T12:50:09.680+0530] {processor.py:186} INFO - Started process (PID=9461) to work on /usr/local/lib/python3.10/dist-packages/airflow/example_dags/example_trigger_controller_dag.py
[2024-10-15T12:50:09.681+0530] {processor.py:914} INFO - Processing file /usr/local/lib/python3.10/dist-packages/airflow/example_dags/example_trigger_controller_dag.py for tasks to queue
[2024-10-15T12:50:09.683+0530] {logging_mixin.py:190} INFO - [2024-10-15T12:50:09.683+0530] {dagbag.py:588} INFO - Filling up the DagBag from /usr/local/lib/python3.10/dist-packages/airflow/example_dags/example_trigger_controller_dag.py
[2024-10-15T12:50:09.690+0530] {processor.py:925} INFO - DAG(s) 'example_trigger_controller_dag' retrieved from /usr/local/lib/python3.10/dist-packages/airflow/example_dags/example_trigger_controller_dag.py
[2024-10-15T12:50:09.706+0530] {logging_mixin.py:190} INFO - [2024-10-15T12:50:09.706+0530] {dag.py:3239} INFO - Sync 1 DAGs
[2024-10-15T12:50:09.726+0530] {logging_mixin.py:190} INFO - [2024-10-15T12:50:09.726+0530] {dag.py:4180} INFO - Setting next_dagrun for example_trigger_controller_dag to 2021-01-01 00:00:00+00:00, run_after=2021-01-01 00:00:00+00:00
[2024-10-15T12:50:09.754+0530] {processor.py:208} INFO - Processing /usr/local/lib/python3.10/dist-packages/airflow/example_dags/example_trigger_controller_dag.py took 0.082 seconds
[2024-10-15T12:51:03.231+0530] {processor.py:186} INFO - Started process (PID=9733) to work on /usr/local/lib/python3.10/dist-packages/airflow/example_dags/example_trigger_controller_dag.py
[2024-10-15T12:51:03.232+0530] {processor.py:914} INFO - Processing file /usr/local/lib/python3.10/dist-packages/airflow/example_dags/example_trigger_controller_dag.py for tasks to queue
[2024-10-15T12:51:03.233+0530] {logging_mixin.py:190} INFO - [2024-10-15T12:51:03.233+0530] {dagbag.py:588} INFO - Filling up the DagBag from /usr/local/lib/python3.10/dist-packages/airflow/example_dags/example_trigger_controller_dag.py
[2024-10-15T12:51:03.240+0530] {processor.py:925} INFO - DAG(s) 'example_trigger_controller_dag' retrieved from /usr/local/lib/python3.10/dist-packages/airflow/example_dags/example_trigger_controller_dag.py
[2024-10-15T12:51:03.254+0530] {logging_mixin.py:190} INFO - [2024-10-15T12:51:03.254+0530] {dag.py:3239} INFO - Sync 1 DAGs
[2024-10-15T12:51:03.270+0530] {logging_mixin.py:190} INFO - [2024-10-15T12:51:03.270+0530] {dag.py:4180} INFO - Setting next_dagrun for example_trigger_controller_dag to 2021-01-01 00:00:00+00:00, run_after=2021-01-01 00:00:00+00:00
[2024-10-15T12:51:03.289+0530] {processor.py:208} INFO - Processing /usr/local/lib/python3.10/dist-packages/airflow/example_dags/example_trigger_controller_dag.py took 0.064 seconds
[2024-10-15T13:04:47.527+0530] {processor.py:186} INFO - Started process (PID=12249) to work on /usr/local/lib/python3.10/dist-packages/airflow/example_dags/example_trigger_controller_dag.py
[2024-10-15T13:04:47.531+0530] {processor.py:914} INFO - Processing file /usr/local/lib/python3.10/dist-packages/airflow/example_dags/example_trigger_controller_dag.py for tasks to queue
[2024-10-15T13:04:47.536+0530] {logging_mixin.py:190} INFO - [2024-10-15T13:04:47.536+0530] {dagbag.py:588} INFO - Filling up the DagBag from /usr/local/lib/python3.10/dist-packages/airflow/example_dags/example_trigger_controller_dag.py
[2024-10-15T13:04:47.551+0530] {processor.py:925} INFO - DAG(s) 'example_trigger_controller_dag' retrieved from /usr/local/lib/python3.10/dist-packages/airflow/example_dags/example_trigger_controller_dag.py
[2024-10-15T13:04:47.574+0530] {logging_mixin.py:190} INFO - [2024-10-15T13:04:47.573+0530] {dag.py:3239} INFO - Sync 1 DAGs
[2024-10-15T13:04:47.592+0530] {logging_mixin.py:190} INFO - [2024-10-15T13:04:47.591+0530] {dag.py:4180} INFO - Setting next_dagrun for example_trigger_controller_dag to 2021-01-01 00:00:00+00:00, run_after=2021-01-01 00:00:00+00:00
[2024-10-15T13:04:47.621+0530] {processor.py:208} INFO - Processing /usr/local/lib/python3.10/dist-packages/airflow/example_dags/example_trigger_controller_dag.py took 0.110 seconds
[2024-10-15T13:05:47.197+0530] {processor.py:186} INFO - Started process (PID=12663) to work on /usr/local/lib/python3.10/dist-packages/airflow/example_dags/example_trigger_controller_dag.py
[2024-10-15T13:05:47.200+0530] {processor.py:914} INFO - Processing file /usr/local/lib/python3.10/dist-packages/airflow/example_dags/example_trigger_controller_dag.py for tasks to queue
[2024-10-15T13:05:47.203+0530] {logging_mixin.py:190} INFO - [2024-10-15T13:05:47.202+0530] {dagbag.py:588} INFO - Filling up the DagBag from /usr/local/lib/python3.10/dist-packages/airflow/example_dags/example_trigger_controller_dag.py
[2024-10-15T13:05:47.209+0530] {processor.py:925} INFO - DAG(s) 'example_trigger_controller_dag' retrieved from /usr/local/lib/python3.10/dist-packages/airflow/example_dags/example_trigger_controller_dag.py
[2024-10-15T13:05:47.224+0530] {logging_mixin.py:190} INFO - [2024-10-15T13:05:47.224+0530] {dag.py:3239} INFO - Sync 1 DAGs
[2024-10-15T13:05:47.248+0530] {logging_mixin.py:190} INFO - [2024-10-15T13:05:47.247+0530] {dag.py:4180} INFO - Setting next_dagrun for example_trigger_controller_dag to 2021-01-01 00:00:00+00:00, run_after=2021-01-01 00:00:00+00:00
[2024-10-15T13:05:47.270+0530] {processor.py:208} INFO - Processing /usr/local/lib/python3.10/dist-packages/airflow/example_dags/example_trigger_controller_dag.py took 0.079 seconds
[2024-10-15T13:06:43.209+0530] {processor.py:186} INFO - Started process (PID=12914) to work on /usr/local/lib/python3.10/dist-packages/airflow/example_dags/example_trigger_controller_dag.py
[2024-10-15T13:06:43.211+0530] {processor.py:914} INFO - Processing file /usr/local/lib/python3.10/dist-packages/airflow/example_dags/example_trigger_controller_dag.py for tasks to queue
[2024-10-15T13:06:43.216+0530] {logging_mixin.py:190} INFO - [2024-10-15T13:06:43.215+0530] {dagbag.py:588} INFO - Filling up the DagBag from /usr/local/lib/python3.10/dist-packages/airflow/example_dags/example_trigger_controller_dag.py
[2024-10-15T13:06:43.230+0530] {processor.py:925} INFO - DAG(s) 'example_trigger_controller_dag' retrieved from /usr/local/lib/python3.10/dist-packages/airflow/example_dags/example_trigger_controller_dag.py
[2024-10-15T13:06:43.247+0530] {logging_mixin.py:190} INFO - [2024-10-15T13:06:43.247+0530] {dag.py:3239} INFO - Sync 1 DAGs
[2024-10-15T13:06:43.264+0530] {logging_mixin.py:190} INFO - [2024-10-15T13:06:43.264+0530] {dag.py:4180} INFO - Setting next_dagrun for example_trigger_controller_dag to 2021-01-01 00:00:00+00:00, run_after=2021-01-01 00:00:00+00:00
[2024-10-15T13:06:43.286+0530] {processor.py:208} INFO - Processing /usr/local/lib/python3.10/dist-packages/airflow/example_dags/example_trigger_controller_dag.py took 0.092 seconds
[2024-10-15T13:07:35.402+0530] {processor.py:186} INFO - Started process (PID=13011) to work on /usr/local/lib/python3.10/dist-packages/airflow/example_dags/example_trigger_controller_dag.py
[2024-10-15T13:07:35.403+0530] {processor.py:914} INFO - Processing file /usr/local/lib/python3.10/dist-packages/airflow/example_dags/example_trigger_controller_dag.py for tasks to queue
[2024-10-15T13:07:35.406+0530] {logging_mixin.py:190} INFO - [2024-10-15T13:07:35.405+0530] {dagbag.py:588} INFO - Filling up the DagBag from /usr/local/lib/python3.10/dist-packages/airflow/example_dags/example_trigger_controller_dag.py
[2024-10-15T13:07:35.414+0530] {processor.py:925} INFO - DAG(s) 'example_trigger_controller_dag' retrieved from /usr/local/lib/python3.10/dist-packages/airflow/example_dags/example_trigger_controller_dag.py
[2024-10-15T13:07:35.427+0530] {logging_mixin.py:190} INFO - [2024-10-15T13:07:35.427+0530] {dag.py:3239} INFO - Sync 1 DAGs
[2024-10-15T13:07:35.442+0530] {logging_mixin.py:190} INFO - [2024-10-15T13:07:35.442+0530] {dag.py:4180} INFO - Setting next_dagrun for example_trigger_controller_dag to 2021-01-01 00:00:00+00:00, run_after=2021-01-01 00:00:00+00:00
[2024-10-15T13:07:35.461+0530] {processor.py:208} INFO - Processing /usr/local/lib/python3.10/dist-packages/airflow/example_dags/example_trigger_controller_dag.py took 0.065 seconds
[2024-10-15T21:18:13.877+0530] {processor.py:186} INFO - Started process (PID=3926) to work on /usr/local/lib/python3.10/dist-packages/airflow/example_dags/example_trigger_controller_dag.py
[2024-10-15T21:18:13.881+0530] {processor.py:914} INFO - Processing file /usr/local/lib/python3.10/dist-packages/airflow/example_dags/example_trigger_controller_dag.py for tasks to queue
[2024-10-15T21:18:13.883+0530] {logging_mixin.py:190} INFO - [2024-10-15T21:18:13.883+0530] {dagbag.py:588} INFO - Filling up the DagBag from /usr/local/lib/python3.10/dist-packages/airflow/example_dags/example_trigger_controller_dag.py
[2024-10-15T21:18:13.889+0530] {processor.py:925} INFO - DAG(s) 'example_trigger_controller_dag' retrieved from /usr/local/lib/python3.10/dist-packages/airflow/example_dags/example_trigger_controller_dag.py
[2024-10-15T21:18:13.902+0530] {logging_mixin.py:190} INFO - [2024-10-15T21:18:13.901+0530] {dag.py:3239} INFO - Sync 1 DAGs
[2024-10-15T21:18:13.918+0530] {logging_mixin.py:190} INFO - [2024-10-15T21:18:13.918+0530] {dag.py:4180} INFO - Setting next_dagrun for example_trigger_controller_dag to 2021-01-01 00:00:00+00:00, run_after=2021-01-01 00:00:00+00:00
[2024-10-15T21:18:13.937+0530] {processor.py:208} INFO - Processing /usr/local/lib/python3.10/dist-packages/airflow/example_dags/example_trigger_controller_dag.py took 0.065 seconds
[2024-10-15T21:19:10.991+0530] {processor.py:186} INFO - Started process (PID=4014) to work on /usr/local/lib/python3.10/dist-packages/airflow/example_dags/example_trigger_controller_dag.py
[2024-10-15T21:19:10.993+0530] {processor.py:914} INFO - Processing file /usr/local/lib/python3.10/dist-packages/airflow/example_dags/example_trigger_controller_dag.py for tasks to queue
[2024-10-15T21:19:10.995+0530] {logging_mixin.py:190} INFO - [2024-10-15T21:19:10.995+0530] {dagbag.py:588} INFO - Filling up the DagBag from /usr/local/lib/python3.10/dist-packages/airflow/example_dags/example_trigger_controller_dag.py
[2024-10-15T21:19:11.001+0530] {processor.py:925} INFO - DAG(s) 'example_trigger_controller_dag' retrieved from /usr/local/lib/python3.10/dist-packages/airflow/example_dags/example_trigger_controller_dag.py
[2024-10-15T21:19:11.016+0530] {logging_mixin.py:190} INFO - [2024-10-15T21:19:11.015+0530] {dag.py:3239} INFO - Sync 1 DAGs
[2024-10-15T21:19:11.039+0530] {logging_mixin.py:190} INFO - [2024-10-15T21:19:11.039+0530] {dag.py:4180} INFO - Setting next_dagrun for example_trigger_controller_dag to 2021-01-01 00:00:00+00:00, run_after=2021-01-01 00:00:00+00:00
[2024-10-15T21:19:11.066+0530] {processor.py:208} INFO - Processing /usr/local/lib/python3.10/dist-packages/airflow/example_dags/example_trigger_controller_dag.py took 0.083 seconds
[2024-10-15T21:20:10.722+0530] {processor.py:186} INFO - Started process (PID=4473) to work on /usr/local/lib/python3.10/dist-packages/airflow/example_dags/example_trigger_controller_dag.py
[2024-10-15T21:20:10.726+0530] {processor.py:914} INFO - Processing file /usr/local/lib/python3.10/dist-packages/airflow/example_dags/example_trigger_controller_dag.py for tasks to queue
[2024-10-15T21:20:10.728+0530] {logging_mixin.py:190} INFO - [2024-10-15T21:20:10.728+0530] {dagbag.py:588} INFO - Filling up the DagBag from /usr/local/lib/python3.10/dist-packages/airflow/example_dags/example_trigger_controller_dag.py
[2024-10-15T21:20:10.734+0530] {processor.py:925} INFO - DAG(s) 'example_trigger_controller_dag' retrieved from /usr/local/lib/python3.10/dist-packages/airflow/example_dags/example_trigger_controller_dag.py
[2024-10-15T21:20:10.746+0530] {logging_mixin.py:190} INFO - [2024-10-15T21:20:10.746+0530] {dag.py:3239} INFO - Sync 1 DAGs
[2024-10-15T21:20:10.760+0530] {logging_mixin.py:190} INFO - [2024-10-15T21:20:10.760+0530] {dag.py:4180} INFO - Setting next_dagrun for example_trigger_controller_dag to 2021-01-01 00:00:00+00:00, run_after=2021-01-01 00:00:00+00:00
[2024-10-15T21:20:10.780+0530] {processor.py:208} INFO - Processing /usr/local/lib/python3.10/dist-packages/airflow/example_dags/example_trigger_controller_dag.py took 0.064 seconds
[2024-10-15T21:21:08.546+0530] {processor.py:186} INFO - Started process (PID=4751) to work on /usr/local/lib/python3.10/dist-packages/airflow/example_dags/example_trigger_controller_dag.py
[2024-10-15T21:21:08.550+0530] {processor.py:914} INFO - Processing file /usr/local/lib/python3.10/dist-packages/airflow/example_dags/example_trigger_controller_dag.py for tasks to queue
[2024-10-15T21:21:08.552+0530] {logging_mixin.py:190} INFO - [2024-10-15T21:21:08.552+0530] {dagbag.py:588} INFO - Filling up the DagBag from /usr/local/lib/python3.10/dist-packages/airflow/example_dags/example_trigger_controller_dag.py
[2024-10-15T21:21:08.558+0530] {processor.py:925} INFO - DAG(s) 'example_trigger_controller_dag' retrieved from /usr/local/lib/python3.10/dist-packages/airflow/example_dags/example_trigger_controller_dag.py
[2024-10-15T21:21:08.569+0530] {logging_mixin.py:190} INFO - [2024-10-15T21:21:08.569+0530] {dag.py:3239} INFO - Sync 1 DAGs
[2024-10-15T21:21:08.584+0530] {logging_mixin.py:190} INFO - [2024-10-15T21:21:08.584+0530] {dag.py:4180} INFO - Setting next_dagrun for example_trigger_controller_dag to 2021-01-01 00:00:00+00:00, run_after=2021-01-01 00:00:00+00:00
[2024-10-15T21:21:08.605+0530] {processor.py:208} INFO - Processing /usr/local/lib/python3.10/dist-packages/airflow/example_dags/example_trigger_controller_dag.py took 0.063 seconds
[2024-10-15T21:22:02.650+0530] {processor.py:186} INFO - Started process (PID=4830) to work on /usr/local/lib/python3.10/dist-packages/airflow/example_dags/example_trigger_controller_dag.py
[2024-10-15T21:22:02.652+0530] {processor.py:914} INFO - Processing file /usr/local/lib/python3.10/dist-packages/airflow/example_dags/example_trigger_controller_dag.py for tasks to queue
[2024-10-15T21:22:02.656+0530] {logging_mixin.py:190} INFO - [2024-10-15T21:22:02.656+0530] {dagbag.py:588} INFO - Filling up the DagBag from /usr/local/lib/python3.10/dist-packages/airflow/example_dags/example_trigger_controller_dag.py
[2024-10-15T21:22:02.665+0530] {processor.py:925} INFO - DAG(s) 'example_trigger_controller_dag' retrieved from /usr/local/lib/python3.10/dist-packages/airflow/example_dags/example_trigger_controller_dag.py
[2024-10-15T21:22:02.682+0530] {logging_mixin.py:190} INFO - [2024-10-15T21:22:02.682+0530] {dag.py:3239} INFO - Sync 1 DAGs
[2024-10-15T21:22:02.702+0530] {logging_mixin.py:190} INFO - [2024-10-15T21:22:02.701+0530] {dag.py:4180} INFO - Setting next_dagrun for example_trigger_controller_dag to 2021-01-01 00:00:00+00:00, run_after=2021-01-01 00:00:00+00:00
[2024-10-15T21:22:02.730+0530] {processor.py:208} INFO - Processing /usr/local/lib/python3.10/dist-packages/airflow/example_dags/example_trigger_controller_dag.py took 0.088 seconds
[2024-10-15T21:26:36.167+0530] {processor.py:186} INFO - Started process (PID=7079) to work on /usr/local/lib/python3.10/dist-packages/airflow/example_dags/example_trigger_controller_dag.py
[2024-10-15T21:26:36.171+0530] {processor.py:914} INFO - Processing file /usr/local/lib/python3.10/dist-packages/airflow/example_dags/example_trigger_controller_dag.py for tasks to queue
[2024-10-15T21:26:36.175+0530] {logging_mixin.py:190} INFO - [2024-10-15T21:26:36.174+0530] {dagbag.py:588} INFO - Filling up the DagBag from /usr/local/lib/python3.10/dist-packages/airflow/example_dags/example_trigger_controller_dag.py
[2024-10-15T21:26:36.187+0530] {processor.py:925} INFO - DAG(s) 'example_trigger_controller_dag' retrieved from /usr/local/lib/python3.10/dist-packages/airflow/example_dags/example_trigger_controller_dag.py
[2024-10-15T21:26:36.218+0530] {logging_mixin.py:190} INFO - [2024-10-15T21:26:36.218+0530] {dag.py:3239} INFO - Sync 1 DAGs
[2024-10-15T21:26:36.243+0530] {logging_mixin.py:190} INFO - [2024-10-15T21:26:36.243+0530] {dag.py:4180} INFO - Setting next_dagrun for example_trigger_controller_dag to 2021-01-01 00:00:00+00:00, run_after=2021-01-01 00:00:00+00:00
[2024-10-15T21:26:36.269+0530] {processor.py:208} INFO - Processing /usr/local/lib/python3.10/dist-packages/airflow/example_dags/example_trigger_controller_dag.py took 0.110 seconds
[2024-10-15T21:28:37.320+0530] {processor.py:186} INFO - Started process (PID=7942) to work on /usr/local/lib/python3.10/dist-packages/airflow/example_dags/example_trigger_controller_dag.py
[2024-10-15T21:28:37.323+0530] {processor.py:914} INFO - Processing file /usr/local/lib/python3.10/dist-packages/airflow/example_dags/example_trigger_controller_dag.py for tasks to queue
[2024-10-15T21:28:37.325+0530] {logging_mixin.py:190} INFO - [2024-10-15T21:28:37.325+0530] {dagbag.py:588} INFO - Filling up the DagBag from /usr/local/lib/python3.10/dist-packages/airflow/example_dags/example_trigger_controller_dag.py
[2024-10-15T21:28:37.335+0530] {processor.py:925} INFO - DAG(s) 'example_trigger_controller_dag' retrieved from /usr/local/lib/python3.10/dist-packages/airflow/example_dags/example_trigger_controller_dag.py
[2024-10-15T21:28:37.356+0530] {logging_mixin.py:190} INFO - [2024-10-15T21:28:37.356+0530] {dag.py:3239} INFO - Sync 1 DAGs
[2024-10-15T21:28:37.373+0530] {logging_mixin.py:190} INFO - [2024-10-15T21:28:37.372+0530] {dag.py:4180} INFO - Setting next_dagrun for example_trigger_controller_dag to 2021-01-01 00:00:00+00:00, run_after=2021-01-01 00:00:00+00:00
[2024-10-15T21:28:37.395+0530] {processor.py:208} INFO - Processing /usr/local/lib/python3.10/dist-packages/airflow/example_dags/example_trigger_controller_dag.py took 0.082 seconds
[2024-10-15T21:31:07.472+0530] {processor.py:186} INFO - Started process (PID=9472) to work on /usr/local/lib/python3.10/dist-packages/airflow/example_dags/example_trigger_controller_dag.py
[2024-10-15T21:31:07.476+0530] {processor.py:914} INFO - Processing file /usr/local/lib/python3.10/dist-packages/airflow/example_dags/example_trigger_controller_dag.py for tasks to queue
[2024-10-15T21:31:07.479+0530] {logging_mixin.py:190} INFO - [2024-10-15T21:31:07.479+0530] {dagbag.py:588} INFO - Filling up the DagBag from /usr/local/lib/python3.10/dist-packages/airflow/example_dags/example_trigger_controller_dag.py
[2024-10-15T21:31:07.489+0530] {processor.py:925} INFO - DAG(s) 'example_trigger_controller_dag' retrieved from /usr/local/lib/python3.10/dist-packages/airflow/example_dags/example_trigger_controller_dag.py
[2024-10-15T21:31:07.508+0530] {logging_mixin.py:190} INFO - [2024-10-15T21:31:07.508+0530] {dag.py:3239} INFO - Sync 1 DAGs
[2024-10-15T21:31:07.533+0530] {logging_mixin.py:190} INFO - [2024-10-15T21:31:07.532+0530] {dag.py:4180} INFO - Setting next_dagrun for example_trigger_controller_dag to 2021-01-01 00:00:00+00:00, run_after=2021-01-01 00:00:00+00:00
[2024-10-15T21:31:07.560+0530] {processor.py:208} INFO - Processing /usr/local/lib/python3.10/dist-packages/airflow/example_dags/example_trigger_controller_dag.py took 0.095 seconds
[2024-10-15T21:33:37.677+0530] {processor.py:186} INFO - Started process (PID=10885) to work on /usr/local/lib/python3.10/dist-packages/airflow/example_dags/example_trigger_controller_dag.py
[2024-10-15T21:33:37.681+0530] {processor.py:914} INFO - Processing file /usr/local/lib/python3.10/dist-packages/airflow/example_dags/example_trigger_controller_dag.py for tasks to queue
[2024-10-15T21:33:37.683+0530] {logging_mixin.py:190} INFO - [2024-10-15T21:33:37.683+0530] {dagbag.py:588} INFO - Filling up the DagBag from /usr/local/lib/python3.10/dist-packages/airflow/example_dags/example_trigger_controller_dag.py
[2024-10-15T21:33:37.690+0530] {processor.py:925} INFO - DAG(s) 'example_trigger_controller_dag' retrieved from /usr/local/lib/python3.10/dist-packages/airflow/example_dags/example_trigger_controller_dag.py
[2024-10-15T21:33:37.704+0530] {logging_mixin.py:190} INFO - [2024-10-15T21:33:37.704+0530] {dag.py:3239} INFO - Sync 1 DAGs
[2024-10-15T21:33:37.723+0530] {logging_mixin.py:190} INFO - [2024-10-15T21:33:37.723+0530] {dag.py:4180} INFO - Setting next_dagrun for example_trigger_controller_dag to 2021-01-01 00:00:00+00:00, run_after=2021-01-01 00:00:00+00:00
[2024-10-15T21:33:37.744+0530] {processor.py:208} INFO - Processing /usr/local/lib/python3.10/dist-packages/airflow/example_dags/example_trigger_controller_dag.py took 0.073 seconds
[2024-10-15T21:36:30.891+0530] {processor.py:186} INFO - Started process (PID=12417) to work on /usr/local/lib/python3.10/dist-packages/airflow/example_dags/example_trigger_controller_dag.py
[2024-10-15T21:36:30.901+0530] {processor.py:914} INFO - Processing file /usr/local/lib/python3.10/dist-packages/airflow/example_dags/example_trigger_controller_dag.py for tasks to queue
[2024-10-15T21:36:30.906+0530] {logging_mixin.py:190} INFO - [2024-10-15T21:36:30.906+0530] {dagbag.py:588} INFO - Filling up the DagBag from /usr/local/lib/python3.10/dist-packages/airflow/example_dags/example_trigger_controller_dag.py
[2024-10-15T21:36:30.924+0530] {processor.py:925} INFO - DAG(s) 'example_trigger_controller_dag' retrieved from /usr/local/lib/python3.10/dist-packages/airflow/example_dags/example_trigger_controller_dag.py
[2024-10-15T21:36:30.938+0530] {logging_mixin.py:190} INFO - [2024-10-15T21:36:30.938+0530] {dag.py:3239} INFO - Sync 1 DAGs
[2024-10-15T21:36:30.964+0530] {logging_mixin.py:190} INFO - [2024-10-15T21:36:30.963+0530] {dag.py:4180} INFO - Setting next_dagrun for example_trigger_controller_dag to 2021-01-01 00:00:00+00:00, run_after=2021-01-01 00:00:00+00:00
[2024-10-15T21:36:30.984+0530] {processor.py:208} INFO - Processing /usr/local/lib/python3.10/dist-packages/airflow/example_dags/example_trigger_controller_dag.py took 0.102 seconds
[2024-10-15T21:40:47.898+0530] {processor.py:186} INFO - Started process (PID=15245) to work on /usr/local/lib/python3.10/dist-packages/airflow/example_dags/example_trigger_controller_dag.py
[2024-10-15T21:40:47.903+0530] {processor.py:914} INFO - Processing file /usr/local/lib/python3.10/dist-packages/airflow/example_dags/example_trigger_controller_dag.py for tasks to queue
[2024-10-15T21:40:47.907+0530] {logging_mixin.py:190} INFO - [2024-10-15T21:40:47.907+0530] {dagbag.py:588} INFO - Filling up the DagBag from /usr/local/lib/python3.10/dist-packages/airflow/example_dags/example_trigger_controller_dag.py
[2024-10-15T21:40:47.925+0530] {processor.py:925} INFO - DAG(s) 'example_trigger_controller_dag' retrieved from /usr/local/lib/python3.10/dist-packages/airflow/example_dags/example_trigger_controller_dag.py
[2024-10-15T21:40:47.950+0530] {logging_mixin.py:190} INFO - [2024-10-15T21:40:47.950+0530] {dag.py:3239} INFO - Sync 1 DAGs
[2024-10-15T21:40:47.969+0530] {logging_mixin.py:190} INFO - [2024-10-15T21:40:47.969+0530] {dag.py:4180} INFO - Setting next_dagrun for example_trigger_controller_dag to 2021-01-01 00:00:00+00:00, run_after=2021-01-01 00:00:00+00:00
[2024-10-15T21:40:47.990+0530] {processor.py:208} INFO - Processing /usr/local/lib/python3.10/dist-packages/airflow/example_dags/example_trigger_controller_dag.py took 0.105 seconds
[2024-10-15T21:42:49.858+0530] {processor.py:186} INFO - Started process (PID=16153) to work on /usr/local/lib/python3.10/dist-packages/airflow/example_dags/example_trigger_controller_dag.py
[2024-10-15T21:42:49.861+0530] {processor.py:914} INFO - Processing file /usr/local/lib/python3.10/dist-packages/airflow/example_dags/example_trigger_controller_dag.py for tasks to queue
[2024-10-15T21:42:49.864+0530] {logging_mixin.py:190} INFO - [2024-10-15T21:42:49.863+0530] {dagbag.py:588} INFO - Filling up the DagBag from /usr/local/lib/python3.10/dist-packages/airflow/example_dags/example_trigger_controller_dag.py
[2024-10-15T21:42:49.869+0530] {processor.py:925} INFO - DAG(s) 'example_trigger_controller_dag' retrieved from /usr/local/lib/python3.10/dist-packages/airflow/example_dags/example_trigger_controller_dag.py
[2024-10-15T21:42:49.884+0530] {logging_mixin.py:190} INFO - [2024-10-15T21:42:49.884+0530] {dag.py:3239} INFO - Sync 1 DAGs
[2024-10-15T21:42:49.899+0530] {logging_mixin.py:190} INFO - [2024-10-15T21:42:49.899+0530] {dag.py:4180} INFO - Setting next_dagrun for example_trigger_controller_dag to 2021-01-01 00:00:00+00:00, run_after=2021-01-01 00:00:00+00:00
[2024-10-15T21:42:49.918+0530] {processor.py:208} INFO - Processing /usr/local/lib/python3.10/dist-packages/airflow/example_dags/example_trigger_controller_dag.py took 0.070 seconds
[2024-10-15T21:45:28.416+0530] {processor.py:186} INFO - Started process (PID=17738) to work on /usr/local/lib/python3.10/dist-packages/airflow/example_dags/example_trigger_controller_dag.py
[2024-10-15T21:45:28.419+0530] {processor.py:914} INFO - Processing file /usr/local/lib/python3.10/dist-packages/airflow/example_dags/example_trigger_controller_dag.py for tasks to queue
[2024-10-15T21:45:28.422+0530] {logging_mixin.py:190} INFO - [2024-10-15T21:45:28.422+0530] {dagbag.py:588} INFO - Filling up the DagBag from /usr/local/lib/python3.10/dist-packages/airflow/example_dags/example_trigger_controller_dag.py
[2024-10-15T21:45:28.437+0530] {processor.py:925} INFO - DAG(s) 'example_trigger_controller_dag' retrieved from /usr/local/lib/python3.10/dist-packages/airflow/example_dags/example_trigger_controller_dag.py
[2024-10-15T21:45:28.452+0530] {logging_mixin.py:190} INFO - [2024-10-15T21:45:28.452+0530] {dag.py:3239} INFO - Sync 1 DAGs
[2024-10-15T21:45:28.478+0530] {logging_mixin.py:190} INFO - [2024-10-15T21:45:28.478+0530] {dag.py:4180} INFO - Setting next_dagrun for example_trigger_controller_dag to 2021-01-01 00:00:00+00:00, run_after=2021-01-01 00:00:00+00:00
[2024-10-15T21:45:28.501+0530] {processor.py:208} INFO - Processing /usr/local/lib/python3.10/dist-packages/airflow/example_dags/example_trigger_controller_dag.py took 0.099 seconds
[2024-10-15T21:46:26.256+0530] {processor.py:186} INFO - Started process (PID=17894) to work on /usr/local/lib/python3.10/dist-packages/airflow/example_dags/example_trigger_controller_dag.py
[2024-10-15T21:46:26.262+0530] {processor.py:914} INFO - Processing file /usr/local/lib/python3.10/dist-packages/airflow/example_dags/example_trigger_controller_dag.py for tasks to queue
[2024-10-15T21:46:26.265+0530] {logging_mixin.py:190} INFO - [2024-10-15T21:46:26.264+0530] {dagbag.py:588} INFO - Filling up the DagBag from /usr/local/lib/python3.10/dist-packages/airflow/example_dags/example_trigger_controller_dag.py
[2024-10-15T21:46:26.277+0530] {processor.py:925} INFO - DAG(s) 'example_trigger_controller_dag' retrieved from /usr/local/lib/python3.10/dist-packages/airflow/example_dags/example_trigger_controller_dag.py
[2024-10-15T21:46:26.302+0530] {logging_mixin.py:190} INFO - [2024-10-15T21:46:26.301+0530] {dag.py:3239} INFO - Sync 1 DAGs
[2024-10-15T21:46:26.333+0530] {logging_mixin.py:190} INFO - [2024-10-15T21:46:26.333+0530] {dag.py:4180} INFO - Setting next_dagrun for example_trigger_controller_dag to 2021-01-01 00:00:00+00:00, run_after=2021-01-01 00:00:00+00:00
[2024-10-15T21:46:26.367+0530] {processor.py:208} INFO - Processing /usr/local/lib/python3.10/dist-packages/airflow/example_dags/example_trigger_controller_dag.py took 0.121 seconds
[2024-10-15T21:48:12.391+0530] {processor.py:186} INFO - Started process (PID=18384) to work on /usr/local/lib/python3.10/dist-packages/airflow/example_dags/example_trigger_controller_dag.py
[2024-10-15T21:48:12.392+0530] {processor.py:914} INFO - Processing file /usr/local/lib/python3.10/dist-packages/airflow/example_dags/example_trigger_controller_dag.py for tasks to queue
[2024-10-15T21:48:12.395+0530] {logging_mixin.py:190} INFO - [2024-10-15T21:48:12.394+0530] {dagbag.py:588} INFO - Filling up the DagBag from /usr/local/lib/python3.10/dist-packages/airflow/example_dags/example_trigger_controller_dag.py
[2024-10-15T21:48:12.403+0530] {processor.py:925} INFO - DAG(s) 'example_trigger_controller_dag' retrieved from /usr/local/lib/python3.10/dist-packages/airflow/example_dags/example_trigger_controller_dag.py
[2024-10-15T21:48:12.418+0530] {logging_mixin.py:190} INFO - [2024-10-15T21:48:12.418+0530] {dag.py:3239} INFO - Sync 1 DAGs
[2024-10-15T21:48:12.435+0530] {logging_mixin.py:190} INFO - [2024-10-15T21:48:12.435+0530] {dag.py:4180} INFO - Setting next_dagrun for example_trigger_controller_dag to 2021-01-01 00:00:00+00:00, run_after=2021-01-01 00:00:00+00:00
[2024-10-15T21:48:12.456+0530] {processor.py:208} INFO - Processing /usr/local/lib/python3.10/dist-packages/airflow/example_dags/example_trigger_controller_dag.py took 0.073 seconds
[2024-10-15T21:49:55.637+0530] {processor.py:186} INFO - Started process (PID=19237) to work on /usr/local/lib/python3.10/dist-packages/airflow/example_dags/example_trigger_controller_dag.py
[2024-10-15T21:49:55.640+0530] {processor.py:914} INFO - Processing file /usr/local/lib/python3.10/dist-packages/airflow/example_dags/example_trigger_controller_dag.py for tasks to queue
[2024-10-15T21:49:55.644+0530] {logging_mixin.py:190} INFO - [2024-10-15T21:49:55.643+0530] {dagbag.py:588} INFO - Filling up the DagBag from /usr/local/lib/python3.10/dist-packages/airflow/example_dags/example_trigger_controller_dag.py
[2024-10-15T21:49:55.650+0530] {processor.py:925} INFO - DAG(s) 'example_trigger_controller_dag' retrieved from /usr/local/lib/python3.10/dist-packages/airflow/example_dags/example_trigger_controller_dag.py
[2024-10-15T21:49:55.669+0530] {logging_mixin.py:190} INFO - [2024-10-15T21:49:55.669+0530] {dag.py:3239} INFO - Sync 1 DAGs
[2024-10-15T21:49:55.684+0530] {logging_mixin.py:190} INFO - [2024-10-15T21:49:55.684+0530] {dag.py:4180} INFO - Setting next_dagrun for example_trigger_controller_dag to 2021-01-01 00:00:00+00:00, run_after=2021-01-01 00:00:00+00:00
[2024-10-15T21:49:55.701+0530] {processor.py:208} INFO - Processing /usr/local/lib/python3.10/dist-packages/airflow/example_dags/example_trigger_controller_dag.py took 0.074 seconds
[2024-10-15T21:50:55.856+0530] {processor.py:186} INFO - Started process (PID=19491) to work on /usr/local/lib/python3.10/dist-packages/airflow/example_dags/example_trigger_controller_dag.py
[2024-10-15T21:50:55.859+0530] {processor.py:914} INFO - Processing file /usr/local/lib/python3.10/dist-packages/airflow/example_dags/example_trigger_controller_dag.py for tasks to queue
[2024-10-15T21:50:55.862+0530] {logging_mixin.py:190} INFO - [2024-10-15T21:50:55.862+0530] {dagbag.py:588} INFO - Filling up the DagBag from /usr/local/lib/python3.10/dist-packages/airflow/example_dags/example_trigger_controller_dag.py
[2024-10-15T21:50:55.868+0530] {processor.py:925} INFO - DAG(s) 'example_trigger_controller_dag' retrieved from /usr/local/lib/python3.10/dist-packages/airflow/example_dags/example_trigger_controller_dag.py
[2024-10-15T21:50:55.880+0530] {logging_mixin.py:190} INFO - [2024-10-15T21:50:55.880+0530] {dag.py:3239} INFO - Sync 1 DAGs
[2024-10-15T21:50:55.903+0530] {logging_mixin.py:190} INFO - [2024-10-15T21:50:55.903+0530] {dag.py:4180} INFO - Setting next_dagrun for example_trigger_controller_dag to 2021-01-01 00:00:00+00:00, run_after=2021-01-01 00:00:00+00:00
[2024-10-15T21:50:55.921+0530] {processor.py:208} INFO - Processing /usr/local/lib/python3.10/dist-packages/airflow/example_dags/example_trigger_controller_dag.py took 0.071 seconds
[2024-10-15T21:51:55.932+0530] {processor.py:186} INFO - Started process (PID=19565) to work on /usr/local/lib/python3.10/dist-packages/airflow/example_dags/example_trigger_controller_dag.py
[2024-10-15T21:51:55.935+0530] {processor.py:914} INFO - Processing file /usr/local/lib/python3.10/dist-packages/airflow/example_dags/example_trigger_controller_dag.py for tasks to queue
[2024-10-15T21:51:55.940+0530] {logging_mixin.py:190} INFO - [2024-10-15T21:51:55.940+0530] {dagbag.py:588} INFO - Filling up the DagBag from /usr/local/lib/python3.10/dist-packages/airflow/example_dags/example_trigger_controller_dag.py
[2024-10-15T21:51:55.956+0530] {processor.py:925} INFO - DAG(s) 'example_trigger_controller_dag' retrieved from /usr/local/lib/python3.10/dist-packages/airflow/example_dags/example_trigger_controller_dag.py
[2024-10-15T21:51:55.970+0530] {logging_mixin.py:190} INFO - [2024-10-15T21:51:55.969+0530] {dag.py:3239} INFO - Sync 1 DAGs
[2024-10-15T21:51:55.995+0530] {logging_mixin.py:190} INFO - [2024-10-15T21:51:55.995+0530] {dag.py:4180} INFO - Setting next_dagrun for example_trigger_controller_dag to 2021-01-01 00:00:00+00:00, run_after=2021-01-01 00:00:00+00:00
[2024-10-15T21:51:56.017+0530] {processor.py:208} INFO - Processing /usr/local/lib/python3.10/dist-packages/airflow/example_dags/example_trigger_controller_dag.py took 0.098 seconds
                                                                                                                                                                                                                                                                                                                                                                                                                                                                                                                                                                                                                                                                                                                                                                                                                                                                                                                                                                                                                                                                                                                                                                                                                                                                                                                                                                                                                   