[2024-10-15T12:44:41.302+0530] {processor.py:186} INFO - Started process (PID=7109) to work on /usr/local/lib/python3.10/dist-packages/airflow/example_dags/example_bash_operator.py
[2024-10-15T12:44:41.303+0530] {processor.py:914} INFO - Processing file /usr/local/lib/python3.10/dist-packages/airflow/example_dags/example_bash_operator.py for tasks to queue
[2024-10-15T12:44:41.305+0530] {logging_mixin.py:190} INFO - [2024-10-15T12:44:41.304+0530] {dagbag.py:588} INFO - Filling up the DagBag from /usr/local/lib/python3.10/dist-packages/airflow/example_dags/example_bash_operator.py
[2024-10-15T12:44:41.316+0530] {processor.py:925} INFO - DAG(s) 'example_bash_operator' retrieved from /usr/local/lib/python3.10/dist-packages/airflow/example_dags/example_bash_operator.py
[2024-10-15T12:44:41.394+0530] {logging_mixin.py:190} INFO - [2024-10-15T12:44:41.394+0530] {override.py:1901} INFO - Created Permission View: can read on DAG:example_bash_operator
[2024-10-15T12:44:41.404+0530] {logging_mixin.py:190} INFO - [2024-10-15T12:44:41.404+0530] {override.py:1901} INFO - Created Permission View: can delete on DAG:example_bash_operator
[2024-10-15T12:44:41.410+0530] {logging_mixin.py:190} INFO - [2024-10-15T12:44:41.410+0530] {override.py:1901} INFO - Created Permission View: can edit on DAG:example_bash_operator
[2024-10-15T12:44:41.423+0530] {logging_mixin.py:190} INFO - [2024-10-15T12:44:41.422+0530] {override.py:1901} INFO - Created Permission View: can read on DAG Run:example_bash_operator
[2024-10-15T12:44:41.431+0530] {logging_mixin.py:190} INFO - [2024-10-15T12:44:41.430+0530] {override.py:1901} INFO - Created Permission View: can delete on DAG Run:example_bash_operator
[2024-10-15T12:44:41.438+0530] {logging_mixin.py:190} INFO - [2024-10-15T12:44:41.437+0530] {override.py:1901} INFO - Created Permission View: menu access on DAG Run:example_bash_operator
[2024-10-15T12:44:41.443+0530] {logging_mixin.py:190} INFO - [2024-10-15T12:44:41.443+0530] {override.py:1901} INFO - Created Permission View: can create on DAG Run:example_bash_operator
[2024-10-15T12:44:41.444+0530] {logging_mixin.py:190} INFO - [2024-10-15T12:44:41.443+0530] {dag.py:3239} INFO - Sync 1 DAGs
[2024-10-15T12:44:41.453+0530] {logging_mixin.py:190} INFO - [2024-10-15T12:44:41.453+0530] {dag.py:3262} INFO - Creating ORM DAG for example_bash_operator
[2024-10-15T12:44:41.460+0530] {logging_mixin.py:190} INFO - [2024-10-15T12:44:41.459+0530] {dag.py:4180} INFO - Setting next_dagrun for example_bash_operator to 2024-10-14 00:00:00+00:00, run_after=2024-10-15 00:00:00+00:00
[2024-10-15T12:44:41.475+0530] {processor.py:208} INFO - Processing /usr/local/lib/python3.10/dist-packages/airflow/example_dags/example_bash_operator.py took 0.178 seconds
[2024-10-15T12:45:37.560+0530] {processor.py:186} INFO - Started process (PID=7257) to work on /usr/local/lib/python3.10/dist-packages/airflow/example_dags/example_bash_operator.py
[2024-10-15T12:45:37.561+0530] {processor.py:914} INFO - Processing file /usr/local/lib/python3.10/dist-packages/airflow/example_dags/example_bash_operator.py for tasks to queue
[2024-10-15T12:45:37.563+0530] {logging_mixin.py:190} INFO - [2024-10-15T12:45:37.563+0530] {dagbag.py:588} INFO - Filling up the DagBag from /usr/local/lib/python3.10/dist-packages/airflow/example_dags/example_bash_operator.py
[2024-10-15T12:45:37.577+0530] {processor.py:925} INFO - DAG(s) 'example_bash_operator' retrieved from /usr/local/lib/python3.10/dist-packages/airflow/example_dags/example_bash_operator.py
[2024-10-15T12:45:37.598+0530] {logging_mixin.py:190} INFO - [2024-10-15T12:45:37.598+0530] {dag.py:3239} INFO - Sync 1 DAGs
[2024-10-15T12:45:37.639+0530] {logging_mixin.py:190} INFO - [2024-10-15T12:45:37.639+0530] {dag.py:4180} INFO - Setting next_dagrun for example_bash_operator to 2024-10-14 00:00:00+00:00, run_after=2024-10-15 00:00:00+00:00
[2024-10-15T12:45:37.669+0530] {processor.py:208} INFO - Processing /usr/local/lib/python3.10/dist-packages/airflow/example_dags/example_bash_operator.py took 0.116 seconds
[2024-10-15T12:46:36.128+0530] {processor.py:186} INFO - Started process (PID=7828) to work on /usr/local/lib/python3.10/dist-packages/airflow/example_dags/example_bash_operator.py
[2024-10-15T12:46:36.132+0530] {processor.py:914} INFO - Processing file /usr/local/lib/python3.10/dist-packages/airflow/example_dags/example_bash_operator.py for tasks to queue
[2024-10-15T12:46:36.136+0530] {logging_mixin.py:190} INFO - [2024-10-15T12:46:36.136+0530] {dagbag.py:588} INFO - Filling up the DagBag from /usr/local/lib/python3.10/dist-packages/airflow/example_dags/example_bash_operator.py
[2024-10-15T12:46:36.160+0530] {processor.py:925} INFO - DAG(s) 'example_bash_operator' retrieved from /usr/local/lib/python3.10/dist-packages/airflow/example_dags/example_bash_operator.py
[2024-10-15T12:46:36.182+0530] {logging_mixin.py:190} INFO - [2024-10-15T12:46:36.182+0530] {dag.py:3239} INFO - Sync 1 DAGs
[2024-10-15T12:46:36.200+0530] {logging_mixin.py:190} INFO - [2024-10-15T12:46:36.200+0530] {dag.py:4180} INFO - Setting next_dagrun for example_bash_operator to 2024-10-14 00:00:00+00:00, run_after=2024-10-15 00:00:00+00:00
[2024-10-15T12:46:36.219+0530] {processor.py:208} INFO - Processing /usr/local/lib/python3.10/dist-packages/airflow/example_dags/example_bash_operator.py took 0.098 seconds
[2024-10-15T12:48:14.900+0530] {processor.py:186} INFO - Started process (PID=8744) to work on /usr/local/lib/python3.10/dist-packages/airflow/example_dags/example_bash_operator.py
[2024-10-15T12:48:14.903+0530] {processor.py:914} INFO - Processing file /usr/local/lib/python3.10/dist-packages/airflow/example_dags/example_bash_operator.py for tasks to queue
[2024-10-15T12:48:14.905+0530] {logging_mixin.py:190} INFO - [2024-10-15T12:48:14.905+0530] {dagbag.py:588} INFO - Filling up the DagBag from /usr/local/lib/python3.10/dist-packages/airflow/example_dags/example_bash_operator.py
[2024-10-15T12:48:14.917+0530] {processor.py:925} INFO - DAG(s) 'example_bash_operator' retrieved from /usr/local/lib/python3.10/dist-packages/airflow/example_dags/example_bash_operator.py
[2024-10-15T12:48:14.936+0530] {logging_mixin.py:190} INFO - [2024-10-15T12:48:14.936+0530] {dag.py:3239} INFO - Sync 1 DAGs
[2024-10-15T12:48:14.953+0530] {logging_mixin.py:190} INFO - [2024-10-15T12:48:14.953+0530] {dag.py:4180} INFO - Setting next_dagrun for example_bash_operator to 2024-10-15 00:00:00+00:00, run_after=2024-10-16 00:00:00+00:00
[2024-10-15T12:48:14.968+0530] {processor.py:208} INFO - Processing /usr/local/lib/python3.10/dist-packages/airflow/example_dags/example_bash_operator.py took 0.074 seconds
[2024-10-15T12:49:31.081+0530] {processor.py:186} INFO - Started process (PID=9354) to work on /usr/local/lib/python3.10/dist-packages/airflow/example_dags/example_bash_operator.py
[2024-10-15T12:49:31.084+0530] {processor.py:914} INFO - Processing file /usr/local/lib/python3.10/dist-packages/airflow/example_dags/example_bash_operator.py for tasks to queue
[2024-10-15T12:49:31.089+0530] {logging_mixin.py:190} INFO - [2024-10-15T12:49:31.086+0530] {dagbag.py:588} INFO - Filling up the DagBag from /usr/local/lib/python3.10/dist-packages/airflow/example_dags/example_bash_operator.py
[2024-10-15T12:49:31.115+0530] {processor.py:925} INFO - DAG(s) 'example_bash_operator' retrieved from /usr/local/lib/python3.10/dist-packages/airflow/example_dags/example_bash_operator.py
[2024-10-15T12:49:31.165+0530] {logging_mixin.py:190} INFO - [2024-10-15T12:49:31.165+0530] {dag.py:3239} INFO - Sync 1 DAGs
[2024-10-15T12:49:31.205+0530] {logging_mixin.py:190} INFO - [2024-10-15T12:49:31.201+0530] {dag.py:4180} INFO - Setting next_dagrun for example_bash_operator to 2024-10-15 00:00:00+00:00, run_after=2024-10-16 00:00:00+00:00
[2024-10-15T12:49:31.241+0530] {processor.py:208} INFO - Processing /usr/local/lib/python3.10/dist-packages/airflow/example_dags/example_bash_operator.py took 0.173 seconds
[2024-10-15T12:50:49.074+0530] {processor.py:186} INFO - Started process (PID=9718) to work on /usr/local/lib/python3.10/dist-packages/airflow/example_dags/example_bash_operator.py
[2024-10-15T12:50:49.082+0530] {processor.py:914} INFO - Processing file /usr/local/lib/python3.10/dist-packages/airflow/example_dags/example_bash_operator.py for tasks to queue
[2024-10-15T12:50:49.087+0530] {logging_mixin.py:190} INFO - [2024-10-15T12:50:49.086+0530] {dagbag.py:588} INFO - Filling up the DagBag from /usr/local/lib/python3.10/dist-packages/airflow/example_dags/example_bash_operator.py
[2024-10-15T12:50:49.106+0530] {processor.py:925} INFO - DAG(s) 'example_bash_operator' retrieved from /usr/local/lib/python3.10/dist-packages/airflow/example_dags/example_bash_operator.py
[2024-10-15T12:50:49.131+0530] {logging_mixin.py:190} INFO - [2024-10-15T12:50:49.131+0530] {dag.py:3239} INFO - Sync 1 DAGs
[2024-10-15T12:50:49.160+0530] {logging_mixin.py:190} INFO - [2024-10-15T12:50:49.159+0530] {dag.py:4180} INFO - Setting next_dagrun for example_bash_operator to 2024-10-15 00:00:00+00:00, run_after=2024-10-16 00:00:00+00:00
[2024-10-15T12:50:49.190+0530] {processor.py:208} INFO - Processing /usr/local/lib/python3.10/dist-packages/airflow/example_dags/example_bash_operator.py took 0.122 seconds
[2024-10-15T13:05:31.725+0530] {processor.py:186} INFO - Started process (PID=12581) to work on /usr/local/lib/python3.10/dist-packages/airflow/example_dags/example_bash_operator.py
[2024-10-15T13:05:31.728+0530] {processor.py:914} INFO - Processing file /usr/local/lib/python3.10/dist-packages/airflow/example_dags/example_bash_operator.py for tasks to queue
[2024-10-15T13:05:31.730+0530] {logging_mixin.py:190} INFO - [2024-10-15T13:05:31.729+0530] {dagbag.py:588} INFO - Filling up the DagBag from /usr/local/lib/python3.10/dist-packages/airflow/example_dags/example_bash_operator.py
[2024-10-15T13:05:31.742+0530] {processor.py:925} INFO - DAG(s) 'example_bash_operator' retrieved from /usr/local/lib/python3.10/dist-packages/airflow/example_dags/example_bash_operator.py
[2024-10-15T13:05:31.775+0530] {logging_mixin.py:190} INFO - [2024-10-15T13:05:31.774+0530] {dag.py:3239} INFO - Sync 1 DAGs
[2024-10-15T13:05:31.797+0530] {logging_mixin.py:190} INFO - [2024-10-15T13:05:31.797+0530] {dag.py:4180} INFO - Setting next_dagrun for example_bash_operator to 2024-10-15 00:00:00+00:00, run_after=2024-10-16 00:00:00+00:00
[2024-10-15T13:05:31.816+0530] {processor.py:208} INFO - Processing /usr/local/lib/python3.10/dist-packages/airflow/example_dags/example_bash_operator.py took 0.097 seconds
[2024-10-15T13:06:27.590+0530] {processor.py:186} INFO - Started process (PID=12868) to work on /usr/local/lib/python3.10/dist-packages/airflow/example_dags/example_bash_operator.py
[2024-10-15T13:06:27.594+0530] {processor.py:914} INFO - Processing file /usr/local/lib/python3.10/dist-packages/airflow/example_dags/example_bash_operator.py for tasks to queue
[2024-10-15T13:06:27.596+0530] {logging_mixin.py:190} INFO - [2024-10-15T13:06:27.596+0530] {dagbag.py:588} INFO - Filling up the DagBag from /usr/local/lib/python3.10/dist-packages/airflow/example_dags/example_bash_operator.py
[2024-10-15T13:06:27.608+0530] {processor.py:925} INFO - DAG(s) 'example_bash_operator' retrieved from /usr/local/lib/python3.10/dist-packages/airflow/example_dags/example_bash_operator.py
[2024-10-15T13:06:27.628+0530] {logging_mixin.py:190} INFO - [2024-10-15T13:06:27.628+0530] {dag.py:3239} INFO - Sync 1 DAGs
[2024-10-15T13:06:27.648+0530] {logging_mixin.py:190} INFO - [2024-10-15T13:06:27.648+0530] {dag.py:4180} INFO - Setting next_dagrun for example_bash_operator to 2024-10-15 00:00:00+00:00, run_after=2024-10-16 00:00:00+00:00
[2024-10-15T13:06:27.665+0530] {processor.py:208} INFO - Processing /usr/local/lib/python3.10/dist-packages/airflow/example_dags/example_bash_operator.py took 0.080 seconds
[2024-10-15T13:07:46.693+0530] {processor.py:186} INFO - Started process (PID=13086) to work on /usr/local/lib/python3.10/dist-packages/airflow/example_dags/example_bash_operator.py
[2024-10-15T13:07:46.696+0530] {processor.py:914} INFO - Processing file /usr/local/lib/python3.10/dist-packages/airflow/example_dags/example_bash_operator.py for tasks to queue
[2024-10-15T13:07:46.699+0530] {logging_mixin.py:190} INFO - [2024-10-15T13:07:46.699+[2024-10-15T21:18:55.133+0530] {processor.py:186} INFO - Started process (PID=3989) to work on /usr/local/lib/python3.10/dist-packages/airflow/example_dags/example_bash_operator.py
[2024-10-15T21:18:55.135+0530] {processor.py:914} INFO - Processing file /usr/local/lib/python3.10/dist-packages/airflow/example_dags/example_bash_operator.py for tasks to queue
[2024-10-15T21:18:55.137+0530] {logging_mixin.py:190} INFO - [2024-10-15T21:18:55.137+0530] {dagbag.py:588} INFO - Filling up the DagBag from /usr/local/lib/python3.10/dist-packages/airflow/example_dags/example_bash_operator.py
[2024-10-15T21:18:55.151+0530] {processor.py:925} INFO - DAG(s) 'example_bash_operator' retrieved from /usr/local/lib/python3.10/dist-packages/airflow/example_dags/example_bash_operator.py
[2024-10-15T21:18:55.176+0530] {logging_mixin.py:190} INFO - [2024-10-15T21:18:55.176+0530] {dag.py:3239} INFO - Sync 1 DAGs
[2024-10-15T21:18:55.196+0530] {logging_mixin.py:190} INFO - [2024-10-15T21:18:55.196+0530] {dag.py:4180} INFO - Setting next_dagrun for example_bash_operator to 2024-10-15 00:00:00+00:00, run_after=2024-10-16 00:00:00+00:00
[2024-10-15T21:18:55.226+0530] {processor.py:208} INFO - Processing /usr/local/lib/python3.10/dist-packages/airflow/example_dags/example_bash_operator.py took 0.098 seconds
[2024-10-15T21:19:55.569+0530] {processor.py:186} INFO - Started process (PID=4391) to work on /usr/local/lib/python3.10/dist-packages/airflow/example_dags/example_bash_operator.py
[2024-10-15T21:19:55.570+0530] {processor.py:914} INFO - Processing file /usr/local/lib/python3.10/dist-packages/airflow/example_dags/example_bash_operator.py for tasks to queue
[2024-10-15T21:19:55.573+0530] {logging_mixin.py:190} INFO - [2024-10-15T21:19:55.572+0530] {dagbag.py:588} INFO - Filling up the DagBag from /usr/local/lib/python3.10/dist-packages/airflow/example_dags/example_bash_operator.py
[2024-10-15T21:19:55.598+0530] {processor.py:925} INFO - DAG(s) 'example_bash_operator' retrieved from /usr/local/lib/python3.10/dist-packages/airflow/example_dags/example_bash_operator.py
[2024-10-15T21:19:55.643+0530] {logging_mixin.py:190} INFO - [2024-10-15T21:19:55.642+0530] {dag.py:3239} INFO - Sync 1 DAGs
[2024-10-15T21:19:55.671+0530] {logging_mixin.py:190} INFO - [2024-10-15T21:19:55.671+0530] {dag.py:4180} INFO - Setting next_dagrun for example_bash_operator to 2024-10-15 00:00:00+00:00, run_after=2024-10-16 00:00:00+00:00
[2024-10-15T21:19:55.707+0530] {processor.py:208} INFO - Processing /usr/local/lib/python3.10/dist-packages/airflow/example_dags/example_bash_operator.py took 0.146 seconds
[2024-10-15T21:20:55.277+0530] {processor.py:186} INFO - Started process (PID=4731) to work on /usr/local/lib/python3.10/dist-packages/airflow/example_dags/example_bash_operator.py
[2024-10-15T21:20:55.284+0530] {processor.py:914} INFO - Processing file /usr/local/lib/python3.10/dist-packages/airflow/example_dags/example_bash_operator.py for tasks to queue
[2024-10-15T21:20:55.288+0530] {logging_mixin.py:190} INFO - [2024-10-15T21:20:55.288+0530] {dagbag.py:588} INFO - Filling up the DagBag from /usr/local/lib/python3.10/dist-packages/airflow/example_dags/example_bash_operator.py
[2024-10-15T21:20:55.308+0530] {processor.py:925} INFO - DAG(s) 'example_bash_operator' retrieved from /usr/local/lib/python3.10/dist-packages/airflow/example_dags/example_bash_operator.py
[2024-10-15T21:20:55.341+0530] {logging_mixin.py:190} INFO - [2024-10-15T21:20:55.341+0530] {dag.py:3239} INFO - Sync 1 DAGs
[2024-10-15T21:20:55.368+0530] {logging_mixin.py:190} INFO - [2024-10-15T21:20:55.367+0530] {dag.py:4180} INFO - Setting next_dagrun for example_bash_operator to 2024-10-15 00:00:00+00:00, run_after=2024-10-16 00:00:00+00:00
[2024-10-15T21:20:55.396+0530] {processor.py:208} INFO - Processing /usr/local/lib/python3.10/dist-packages/airflow/example_dags/example_bash_operator.py took 0.125 seconds
[2024-10-15T21:22:19.343+0530] {processor.py:186} INFO - Started process (PID=4856) to work on /usr/local/lib/python3.10/dist-packages/airflow/example_dags/example_bash_operator.py
[2024-10-15T21:22:19.345+0530] {processor.py:914} INFO - Processing file /usr/local/lib/python3.10/dist-packages/airflow/example_dags/example_bash_operator.py for tasks to queue
[2024-10-15T21:22:19.347+0530] {logging_mixin.py:190} INFO - [2024-10-15T21:22:19.347+0530] {dagbag.py:588} INFO - Filling up the DagBag from /usr/local/lib/python3.10/dist-packages/airflow/example_dags/example_bash_operator.py
[2024-10-15T21:22:19.360+0530] {processor.py:925} INFO - DAG(s) 'example_bash_operator' retrieved from /usr/local/lib/python3.10/dist-packages/airflow/example_dags/example_bash_operator.py
[2024-10-15T21:22:19.379+0530] {logging_mixin.py:190} INFO - [2024-10-15T21:22:19.378+0530] {dag.py:3239} INFO - Sync 1 DAGs
[2024-10-15T21:22:19.395+0530] {logging_mixin.py:190} INFO - [2024-10-15T21:22:19.394+0530] {dag.py:4180} INFO - Setting next_dagrun for example_bash_operator to 2024-10-15 00:00:00+00:00, run_after=2024-10-16 00:00:00+00:00
[2024-10-15T21:22:19.422+0530] {processor.py:208} INFO - Processing /usr/local/lib/python3.10/dist-packages/airflow/example_dags/example_bash_operator.py took 0.084 seconds
[2024-10-15T21:27:17.598+0530] {processor.py:186} INFO - Started process (PID=7128) to work on /usr/local/lib/python3.10/dist-packages/airflow/example_dags/example_bash_operator.py
[2024-10-15T21:27:17.601+0530] {processor.py:914} INFO - Processing file /usr/local/lib/python3.10/dist-packages/airflow/example_dags/example_bash_operator.py for tasks to queue
[2024-10-15T21:27:17.603+0530] {logging_mixin.py:190} INFO - [2024-10-15T21:27:17.603+0530] {dagbag.py:588} INFO - Filling up the DagBag from /usr/local/lib/python3.10/dist-packages/airflow/example_dags/example_bash_operator.py
[2024-10-15T21:27:17.620+0530] {processor.py:925} INFO - DAG(s) 'example_bash_operator' retrieved from /usr/local/lib/python3.10/dist-packages/airflow/example_dags/example_bash_operator.py
[2024-10-15T21:27:17.638+0530] {logging_mixin.py:190} INFO - [2024-10-15T21:27:17.638+0530] {dag.py:3239} INFO - Sync 1 DAGs
[2024-10-15T21:27:17.656+0530] {logging_mixin.py:190} INFO - [2024-10-15T21:27:17.656+0530] {dag.py:4180} INFO - Setting next_dagrun for example_bash_operator to 2024-10-15 00:00:00+00:00, run_after=2024-10-16 00:00:00+00:00
[2024-10-15T21:27:17.673+0530] {processor.py:208} INFO - Processing /usr/local/lib/python3.10/dist-packages/airflow/example_dags/example_bash_operator.py took 0.081 seconds
[2024-10-15T21:29:48.869+0530] {processor.py:186} INFO - Started process (PID=8486) to work on /usr/local/lib/python3.10/dist-packages/airflow/example_dags/example_bash_operator.py
[2024-10-15T21:29:48.871+0530] {processor.py:914} INFO - Processing file /usr/local/lib/python3.10/dist-packages/airflow/example_dags/example_bash_operator.py for tasks to queue
[2024-10-15T21:29:48.874+0530] {logging_mixin.py:190} INFO - [2024-10-15T21:29:48.874+0530] {dagbag.py:588} INFO - Filling up the DagBag from /usr/local/lib/python3.10/dist-packages/airflow/example_dags/example_bash_operator.py
[2024-10-15T21:29:48.908+0530] {processor.py:925} INFO - DAG(s) 'example_bash_operator' retrieved from /usr/local/lib/python3.10/dist-packages/airflow/example_dags/example_bash_operator.py
[2024-10-15T21:29:48.934+0530] {logging_mixin.py:190} INFO - [2024-10-15T21:29:48.934+0530] {dag.py:3239} INFO - Sync 1 DAGs
[2024-10-15T21:29:48.959+0530] {logging_mixin.py:190} INFO - [2024-10-15T21:29:48.959+0530] {dag.py:4180} INFO - Setting next_dagrun for example_bash_operator to 2024-10-15 00:00:00+00:00, run_after=2024-10-16 00:00:00+00:00
[2024-10-15T21:29:48.992+0530] {processor.py:208} INFO - Processing /usr/local/lib/python3.10/dist-packages/airflow/example_dags/example_bash_operator.py took 0.132 seconds
[2024-10-15T21:32:18.948+0530] {processor.py:186} INFO - Started process (PID=9926) to work on /usr/local/lib/python3.10/dist-packages/airflow/example_dags/example_bash_operator.py
[2024-10-15T21:32:18.950+0530] {processor.py:914} INFO - Processing file /usr/local/lib/python3.10/dist-packages/airflow/example_dags/example_bash_operator.py for tasks to queue
[2024-10-15T21:32:18.953+0530] {logging_mixin.py:190} INFO - [2024-10-15T21:32:18.953+0530] {dagbag.py:588} INFO - Filling up the DagBag from /usr/local/lib/python3.10/dist-packages/airflow/example_dags/example_bash_operator.py
[2024-10-15T21:32:18.968+0530] {processor.py:925} INFO - DAG(s) 'example_bash_operator' retrieved from /usr/local/lib/python3.10/dist-packages/airflow/example_dags/example_bash_operator.py
[2024-10-15T21:32:19.005+0530] {logging_mixin.py:190} INFO - [2024-10-15T21:32:19.004+0530] {dag.py:3239} INFO - Sync 1 DAGs
[2024-10-15T21:32:19.033+0530] {logging_mixin.py:190} INFO - [2024-10-15T21:32:19.032+0530] {dag.py:4180} INFO - Setting next_dagrun for example_bash_operator to 2024-10-15 00:00:00+00:00, run_after=2024-10-16 00:00:00+00:00
[2024-10-15T21:32:19.062+0530] {processor.py:208} INFO - Processing /usr/local/lib/python3.10/dist-packages/airflow/example_dags/example_bash_operator.py took 0.128 seconds
[2024-10-15T21:35:10.807+0530] {processor.py:186} INFO - Started process (PID=11442) to work on /usr/local/lib/python3.10/dist-packages/airflow/example_dags/example_bash_operator.py
[2024-10-15T21:35:10.816+0530] {processor.py:914} INFO - Processing file /usr/local/lib/python3.10/dist-packages/airflow/example_dags/example_bash_operator.py for tasks to queue
[2024-10-15T21:35:10.818+0530] {logging_mixin.py:190} INFO - [2024-10-15T21:35:10.818+0530] {dagbag.py:588} INFO - Filling up the DagBag from /usr/local/lib/python3.10/dist-packages/airflow/example_dags/example_bash_operator.py
[2024-10-15T21:35:10.833+0530] {processor.py:925} INFO - DAG(s) 'example_bash_operator' retrieved from /usr/local/lib/python3.10/dist-packages/airflow/example_dags/example_bash_operator.py
[2024-10-15T21:35:10.856+0530] {logging_mixin.py:190} INFO - [2024-10-15T21:35:10.856+0530] {dag.py:3239} INFO - Sync 1 DAGs
[2024-10-15T21:35:10.873+0530] {logging_mixin.py:190} INFO - [2024-10-15T21:35:10.873+0530] {dag.py:4180} INFO - Setting next_dagrun for example_bash_operator to 2024-10-15 00:00:00+00:00, run_after=2024-10-16 00:00:00+00:00
[2024-10-15T21:35:10.901+0530] {processor.py:208} INFO - Processing /usr/local/lib/python3.10/dist-packages/airflow/example_dags/example_bash_operator.py took 0.101 seconds
[2024-10-15T21:38:14.160+0530] {processor.py:186} INFO - Started process (PID=13439) to work on /usr/local/lib/python3.10/dist-packages/airflow/example_dags/example_bash_operator.py
[2024-10-15T21:38:14.164+0530] {processor.py:914} INFO - Processing file /usr/local/lib/python3.10/dist-packages/airflow/example_dags/example_bash_operator.py for tasks to queue
[2024-10-15T21:38:14.166+0530] {logging_mixin.py:190} INFO - [2024-10-15T21:38:14.166+0530] {dagbag.py:588} INFO - Filling up the DagBag from /usr/local/lib/python3.10/dist-packages/airflow/example_dags/example_bash_operator.py
[2024-10-15T21:38:14.178+0530] {processor.py:925} INFO - DAG(s) 'example_bash_operator' retrieved from /usr/local/lib/python3.10/dist-packages/airflow/example_dags/example_bash_operator.py
[2024-10-15T21:38:14.195+0530] {logging_mixin.py:190} INFO - [2024-10-15T21:38:14.195+0530] {dag.py:3239} INFO - Sync 1 DAGs
[2024-10-15T21:38:14.210+0530] {logging_mixin.py:190} INFO - [2024-10-15T21:38:14.210+0530] {dag.py:4180} INFO - Setting next_dagrun for example_bash_operator to 2024-10-15 00:00:00+00:00, run_after=2024-10-16 00:00:00+00:00
[2024-10-15T21:38:14.232+0530] {processor.py:208} INFO - Processing /usr/local/lib/python3.10/dist-packages/airflow/example_dags/example_bash_operator.py took 0.082 seconds
[2024-10-15T21:41:32.525+0530] {processor.py:186} INFO - Started process (PID=15302) to work on /usr/local/lib/python3.10/dist-packages/airflow/example_dags/example_bash_operator.py
[2024-10-15T21:41:32.528+0530] {processor.py:914} INFO - Processing file /usr/local/lib/python3.10/dist-packages/airflow/example_dags/example_bash_operator.py for tasks to queue
[2024-10-15T21:41:32.530+0530] {logging_mixin.py:190} INFO - [2024-10-15T21:41:32.530+0530] {dagbag.py:588} INFO - Filling up the DagBag from /usr/local/lib/python3.10/dist-packages/airflow/example_dags/example_bash_operator.py
[2024-10-15T21:41:32.544+0530] {processor.py:925} INFO - DAG(s) 'example_bash_operator' retrieved from /usr/local/lib/python3.10/dist-packages/airflow/example_dags/example_bash_operator.py
[2024-10-15T21:41:32.564+0530] {logging_mixin.py:190} INFO - [2024-10-15T21:41:32.563+0530] {dag.py:3239} INFO - Sync 1 DAGs
[2024-10-15T21:41:32.583+0530] {logging_mixin.py:190} INFO - [2024-10-15T21:41:32.583+0530] {dag.py:4180} INFO - Setting next_dagrun for example_bash_operator to 2024-10-15 00:00:00+00:00, run_after=2024-10-16 00:00:00+00:00
[2024-10-15T21:41:32.599+0530] {processor.py:208} INFO - Processing /usr/local/lib/python3.10/dist-packages/airflow/example_dags/example_bash_operator.py took 0.080 seconds
[2024-10-15T21:46:10.869+0530] {processor.py:186} INFO - Started process (PID=17812) to work on /usr/local/lib/python3.10/dist-packages/airflow/example_dags/example_bash_operator.py
[2024-10-15T21:46:10.871+0530] {processor.py:914} INFO - Processing file /usr/local/lib/python3.10/dist-packages/airflow/example_dags/example_bash_operator.py for tasks to queue
[2024-10-15T21:46:10.877+0530] {logging_mixin.py:190} INFO - [2024-10-15T21:46:10.876+0530] {dagbag.py:588} INFO - Filling up the DagBag from /usr/local/lib/python3.10/dist-packages/airflow/example_dags/example_bash_operator.py
[2024-10-15T21:46:10.897+0530] {processor.py:925} INFO - DAG(s) 'example_bash_operator' retrieved from /usr/local/lib/python3.10/dist-packages/airflow/example_dags/example_bash_operator.py
[2024-10-15T21:46:10.919+0530] {logging_mixin.py:190} INFO - [2024-10-15T21:46:10.919+0530] {dag.py:3239} INFO - Sync 1 DAGs
[2024-10-15T21:46:10.953+0530] {logging_mixin.py:190} INFO - [2024-10-15T21:46:10.952+0530] {dag.py:4180} INFO - Setting next_dagrun for example_bash_operator to 2024-10-15 00:00:00+00:00, run_after=2024-10-16 00:00:00+00:00
[2024-10-15T21:46:10.976+0530] {processor.py:208} INFO - Processing /usr/local/lib/python3.10/dist-packages/airflow/example_dags/example_bash_operator.py took 0.119 seconds
[2024-10-15T21:49:35.180+0530] {processor.py:186} INFO - Started process (PID=19157) to work on /usr/local/lib/python3.10/dist-packages/airflow/example_dags/example_bash_operator.py
[2024-10-15T21:49:35.184+0530] {processor.py:914} INFO - Processing file /usr/local/lib/python3.10/dist-packages/airflow/example_dags/example_bash_operator.py for tasks to queue
[2024-10-15T21:49:35.187+0530] {logging_mixin.py:190} INFO - [2024-10-15T21:49:35.187+0530] {dagbag.py:588} INFO - Filling up the DagBag from /usr/local/lib/python3.10/dist-packages/airflow/example_dags/example_bash_operator.py
[2024-10-15T21:49:35.199+0530] {processor.py:925} INFO - DAG(s) 'example_bash_operator' retrieved from /usr/local/lib/python3.10/dist-packages/airflow/example_dags/example_bash_operator.py
[2024-10-15T21:49:35.220+0530] {logging_mixin.py:190} INFO - [2024-10-15T21:49:35.219+0530] {dag.py:3239} INFO - Sync 1 DAGs
[2024-10-15T21:49:35.237+0530] {logging_mixin.py:190} INFO - [2024-10-15T21:49:35.237+0530] {dag.py:4180} INFO - Setting next_dagrun for example_bash_operator to 2024-10-15 00:00:00+00:00, run_after=2024-10-16 00:00:00+00:00
[2024-10-15T21:49:35.257+0530] {processor.py:208} INFO - Processing /usr/local/lib/python3.10/dist-packages/airflow/example_dags/example_bash_operator.py took 0.082 seconds
[2024-10-15T21:50:47.380+0530] {processor.py:186} INFO - Started process (PID=19479) to work on /usr/local/lib/python3.10/dist-packages/airflow/example_dags/example_bash_operator.py
[2024-10-15T21:50:47.385+0530] {processor.py:914} INFO - Processing file /usr/local/lib/python3.10/dist-packages/airflow/example_dags/example_bash_operator.py for tasks to queue
[2024-10-15T21:50:47.388+0530] {logging_mixin.py:190} INFO - [2024-10-15T21:50:47.387+0530] {dagbag.py:588} INFO - Filling up the DagBag from /usr/local/lib/python3.10/dist-packages/airflow/example_dags/example_bash_operator.py
[2024-10-15T21:50:47.401+0530] {processor.py:925} INFO - DAG(s) 'example_bash_operator' retrieved from /usr/local/lib/python3.10/dist-packages/airflow/example_dags/example_bash_operator.py
[2024-10-15T21:50:47.425+0530] {logging_mixin.py:190} INFO - [2024-10-15T21:50:47.424+0530] {dag.py:3239} INFO - Sync 1 DAGs
[2024-10-15T21:50:47.443+0530] {logging_mixin.py:190} INFO - [2024-10-15T21:50:47.443+0530] {dag.py:4180} INFO - Setting next_dagrun for example_bash_operator to 2024-10-15 00:00:00+00:00, run_after=2024-10-16 00:00:00+00:00
[2024-10-15T21:50:47.462+0530] {processor.py:208} INFO - Processing /usr/local/lib/python3.10/dist-packages/airflow/example_dags/example_bash_operator.py took 0.088 seconds
[2024-10-15T21:51:46.643+0530] {processor.py:186} INFO - Started process (PID=19556) to work on /usr/local/lib/python3.10/dist-packages/airflow/example_dags/example_bash_operator.py
[2024-10-15T21:51:46.647+0530] {processor.py:914} INFO - Processing file /usr/local/lib/python3.10/dist-packages/airflow/example_dags/example_bash_operator.py for tasks to queue
[2024-10-15T21:51:46.649+0530] {logging_mixin.py:190} INFO - [2024-10-15T21:51:46.649+0530] {dagbag.py:588} INFO - Filling up the DagBag from /usr/local/lib/python3.10/dist-packages/airflow/example_dags/example_bash_operator.py
[2024-10-15T21:51:46.668+0530] {processor.py:925} INFO - DAG(s) 'example_bash_operator' retrieved from /usr/local/lib/python3.10/dist-packages/airflow/example_dags/example_bash_operator.py
[2024-10-15T21:51:46.689+0530] {logging_mixin.py:190} INFO - [2024-10-15T21:51:46.689+0530] {dag.py:3239} INFO - Sync 1 DAGs
[2024-10-15T21:51:46.718+0530] {logging_mixin.py:190} INFO - [2024-10-15T21:51:46.717+0530] {dag.py:4180} INFO - Setting next_dagrun for example_bash_operator to 2024-10-15 00:00:00+00:00, run_after=2024-10-16 00:00:00+00:00
[2024-10-15T21:51:46.739+0530] {processor.py:208} INFO - Processing /usr/local/lib/python3.10/dist-packages/airflow/example_dags/example_bash_operator.py took 0.107 seconds
