[2024-10-15T12:43:49.901+0530] {processor.py:186} INFO - Started process (PID=6838) to work on /usr/local/lib/python3.10/dist-packages/airflow/example_dags/example_short_circuit_operator.py
[2024-10-15T12:43:49.902+0530] {processor.py:914} INFO - Processing file /usr/local/lib/python3.10/dist-packages/airflow/example_dags/example_short_circuit_operator.py for tasks to queue
[2024-10-15T12:43:49.904+0530] {logging_mixin.py:190} INFO - [2024-10-15T12:43:49.904+0530] {dagbag.py:588} INFO - Filling up the DagBag from /usr/local/lib/python3.10/dist-packages/airflow/example_dags/example_short_circuit_operator.py
[2024-10-15T12:43:49.912+0530] {processor.py:925} INFO - DAG(s) 'example_short_circuit_operator' retrieved from /usr/local/lib/python3.10/dist-packages/airflow/example_dags/example_short_circuit_operator.py
[2024-10-15T12:43:49.998+0530] {logging_mixin.py:190} INFO - [2024-10-15T12:43:49.997+0530] {override.py:1901} INFO - Created Permission View: can read on DAG:example_short_circuit_operator
[2024-10-15T12:43:50.008+0530] {logging_mixin.py:190} INFO - [2024-10-15T12:43:50.007+0530] {override.py:1901} INFO - Created Permission View: can delete on DAG:example_short_circuit_operator
[2024-10-15T12:43:50.020+0530] {logging_mixin.py:190} INFO - [2024-10-15T12:43:50.019+0530] {override.py:1901} INFO - Created Permission View: can edit on DAG:example_short_circuit_operator
[2024-10-15T12:43:50.037+0530] {logging_mixin.py:190} INFO - [2024-10-15T12:43:50.036+0530] {override.py:1901} INFO - Created Permission View: can read on DAG Run:example_short_circuit_operator
[2024-10-15T12:43:50.046+0530] {logging_mixin.py:190} INFO - [2024-10-15T12:43:50.046+0530] {override.py:1901} INFO - Created Permission View: can delete on DAG Run:example_short_circuit_operator
[2024-10-15T12:43:50.055+0530] {logging_mixin.py:190} INFO - [2024-10-15T12:43:50.055+0530] {override.py:1901} INFO - Created Permission View: menu access on DAG Run:example_short_circuit_operator
[2024-10-15T12:43:50.064+0530] {logging_mixin.py:190} INFO - [2024-10-15T12:43:50.064+0530] {override.py:1901} INFO - Created Permission View: can create on DAG Run:example_short_circuit_operator
[2024-10-15T12:43:50.065+0530] {logging_mixin.py:190} INFO - [2024-10-15T12:43:50.065+0530] {dag.py:3239} INFO - Sync 1 DAGs
[2024-10-15T12:43:50.074+0530] {logging_mixin.py:190} INFO - [2024-10-15T12:43:50.074+0530] {dag.py:3262} INFO - Creating ORM DAG for example_short_circuit_operator
[2024-10-15T12:43:50.074+0530] {logging_mixin.py:190} INFO - [2024-10-15T12:43:50.074+0530] {dag.py:4180} INFO - Setting next_dagrun for example_short_circuit_operator to None, run_after=None
[2024-10-15T12:43:50.092+0530] {processor.py:208} INFO - Processing /usr/local/lib/python3.10/dist-packages/airflow/example_dags/example_short_circuit_operator.py took 0.196 seconds
[2024-10-15T12:44:55.537+0530] {processor.py:186} INFO - Started process (PID=7124) to work on /usr/local/lib/python3.10/dist-packages/airflow/example_dags/example_short_circuit_operator.py
[2024-10-15T12:44:55.541+0530] {processor.py:914} INFO - Processing file /usr/local/lib/python3.10/dist-packages/airflow/example_dags/example_short_circuit_operator.py for tasks to queue
[2024-10-15T12:44:55.543+0530] {logging_mixin.py:190} INFO - [2024-10-15T12:44:55.542+0530] {dagbag.py:588} INFO - Filling up the DagBag from /usr/local/lib/python3.10/dist-packages/airflow/example_dags/example_short_circuit_operator.py
[2024-10-15T12:44:55.552+0530] {processor.py:925} INFO - DAG(s) 'example_short_circuit_operator' retrieved from /usr/local/lib/python3.10/dist-packages/airflow/example_dags/example_short_circuit_operator.py
[2024-10-15T12:44:55.568+0530] {logging_mixin.py:190} INFO - [2024-10-15T12:44:55.567+0530] {dag.py:3239} INFO - Sync 1 DAGs
[2024-10-15T12:44:55.579+0530] {logging_mixin.py:190} INFO - [2024-10-15T12:44:55.579+0530] {dag.py:4180} INFO - Setting next_dagrun for example_short_circuit_operator to None, run_after=None
[2024-10-15T12:44:55.598+0530] {processor.py:208} INFO - Processing /usr/local/lib/python3.10/dist-packages/airflow/example_dags/example_short_circuit_operator.py took 0.068 seconds
[2024-10-15T12:45:51.358+0530] {processor.py:186} INFO - Started process (PID=7277) to work on /usr/local/lib/python3.10/dist-packages/airflow/example_dags/example_short_circuit_operator.py
[2024-10-15T12:45:51.361+0530] {processor.py:914} INFO - Processing file /usr/local/lib/python3.10/dist-packages/airflow/example_dags/example_short_circuit_operator.py for tasks to queue
[2024-10-15T12:45:51.364+0530] {logging_mixin.py:190} INFO - [2024-10-15T12:45:51.363+0530] {dagbag.py:588} INFO - Filling up the DagBag from /usr/local/lib/python3.10/dist-packages/airflow/example_dags/example_short_circuit_operator.py
[2024-10-15T12:45:51.371+0530] {processor.py:925} INFO - DAG(s) 'example_short_circuit_operator' retrieved from /usr/local/lib/python3.10/dist-packages/airflow/example_dags/example_short_circuit_operator.py
[2024-10-15T12:45:51.388+0530] {logging_mixin.py:190} INFO - [2024-10-15T12:45:51.387+0530] {dag.py:3239} INFO - Sync 1 DAGs
[2024-10-15T12:45:51.398+0530] {logging_mixin.py:190} INFO - [2024-10-15T12:45:51.397+0530] {dag.py:4180} INFO - Setting next_dagrun for example_short_circuit_operator to None, run_after=None
[2024-10-15T12:45:51.414+0530] {processor.py:208} INFO - Processing /usr/local/lib/python3.10/dist-packages/airflow/example_dags/example_short_circuit_operator.py took 0.062 seconds
[2024-10-15T12:47:26.575+0530] {processor.py:186} INFO - Started process (PID=8485) to work on /usr/local/lib/python3.10/dist-packages/airflow/example_dags/example_short_circuit_operator.py
[2024-10-15T12:47:26.582+0530] {processor.py:914} INFO - Processing file /usr/local/lib/python3.10/dist-packages/airflow/example_dags/example_short_circuit_operator.py for tasks to queue
[2024-10-15T12:47:26.588+0530] {logging_mixin.py:190} INFO - [2024-10-15T12:47:26.587+0530] {dagbag.py:588} INFO - Filling up the DagBag from /usr/local/lib/python3.10/dist-packages/airflow/example_dags/example_short_circuit_operator.py
[2024-10-15T12:47:26.614+0530] {processor.py:925} INFO - DAG(s) 'example_short_circuit_operator' retrieved from /usr/local/lib/python3.10/dist-packages/airflow/example_dags/example_short_circuit_operator.py
[2024-10-15T12:47:26.662+0530] {logging_mixin.py:190} INFO - [2024-10-15T12:47:26.661+0530] {dag.py:3239} INFO - Sync 1 DAGs
[2024-10-15T12:47:26.700+0530] {logging_mixin.py:190} INFO - [2024-10-15T12:47:26.699+0530] {dag.py:4180} INFO - Setting next_dagrun for example_short_circuit_operator to None, run_after=None
[2024-10-15T12:47:26.747+0530] {processor.py:208} INFO - Processing /usr/local/lib/python3.10/dist-packages/airflow/example_dags/example_short_circuit_operator.py took 0.192 seconds
[2024-10-15T12:48:26.358+0530] {processor.py:186} INFO - Started process (PID=8847) to work on /usr/local/lib/python3.10/dist-packages/airflow/example_dags/example_short_circuit_operator.py
[2024-10-15T12:48:26.361+0530] {processor.py:914} INFO - Processing file /usr/local/lib/python3.10/dist-packages/airflow/example_dags/example_short_circuit_operator.py for tasks to queue
[2024-10-15T12:48:26.364+0530] {logging_mixin.py:190} INFO - [2024-10-15T12:48:26.363+0530] {dagbag.py:588} INFO - Filling up the DagBag from /usr/local/lib/python3.10/dist-packages/airflow/example_dags/example_short_circuit_operator.py
[2024-10-15T12:48:26.376+0530] {processor.py:925} INFO - DAG(s) 'example_short_circuit_operator' retrieved from /usr/local/lib/python3.10/dist-packages/airflow/example_dags/example_short_circuit_operator.py
[2024-10-15T12:48:26.398+0530] {logging_mixin.py:190} INFO - [2024-10-15T12:48:26.398+0530] {dag.py:3239} INFO - Sync 1 DAGs
[2024-10-15T12:48:26.408+0530] {logging_mixin.py:190} INFO - [2024-10-15T12:48:26.408+0530] {dag.py:4180} INFO - Setting next_dagrun for example_short_circuit_operator to None, run_after=None
[2024-10-15T12:48:26.432+0530] {processor.py:208} INFO - Processing /usr/local/lib/python3.10/dist-packages/airflow/example_dags/example_short_circuit_operator.py took 0.080 seconds
[2024-10-15T12:49:17.828+0530] {processor.py:186} INFO - Started process (PID=9239) to work on /usr/local/lib/python3.10/dist-packages/airflow/example_dags/example_short_circuit_operator.py
[2024-10-15T12:49:17.829+0530] {processor.py:914} INFO - Processing file /usr/local/lib/python3.10/dist-packages/airflow/example_dags/example_short_circuit_operator.py for tasks to queue
[2024-10-15T12:49:17.831+0530] {logging_mixin.py:190} INFO - [2024-10-15T12:49:17.830+0530] {dagbag.py:588} INFO - Filling up the DagBag from /usr/local/lib/python3.10/dist-packages/airflow/example_dags/example_short_circuit_operator.py
[2024-10-15T12:49:17.848+0530] {processor.py:925} INFO - DAG(s) 'example_short_circuit_operator' retrieved from /usr/local/lib/python3.10/dist-packages/airflow/example_dags/example_short_circuit_operator.py
[2024-10-15T12:49:17.879+0530] {logging_mixin.py:190} INFO - [2024-10-15T12:49:17.878+0530] {dag.py:3239} INFO - Sync 1 DAGs
[2024-10-15T12:49:17.895+0530] {logging_mixin.py:190} INFO - [2024-10-15T12:49:17.895+0530] {dag.py:4180} INFO - Setting next_dagrun for example_short_circuit_operator to None, run_after=None
[2024-10-15T12:49:17.916+0530] {processor.py:208} INFO - Processing /usr/local/lib/python3.10/dist-packages/airflow/example_dags/example_short_circuit_operator.py took 0.105 seconds
[2024-10-15T12:50:08.255+0530] {processor.py:186} INFO - Started process (PID=9458) to work on /usr/local/lib/python3.10/dist-packages/airflow/example_dags/example_short_circuit_operator.py
[2024-10-15T12:50:08.257+0530] {processor.py:914} INFO - Processing file /usr/local/lib/python3.10/dist-packages/airflow/example_dags/example_short_circuit_operator.py for tasks to queue
[2024-10-15T12:50:08.258+0530] {logging_mixin.py:190} INFO - [2024-10-15T12:50:08.258+0530] {dagbag.py:588} INFO - Filling up the DagBag from /usr/local/lib/python3.10/dist-packages/airflow/example_dags/example_short_circuit_operator.py
[2024-10-15T12:50:08.267+0530] {processor.py:925} INFO - DAG(s) 'example_short_circuit_operator' retrieved from /usr/local/lib/python3.10/dist-packages/airflow/example_dags/example_short_circuit_operator.py
[2024-10-15T12:50:08.283+0530] {logging_mixin.py:190} INFO - [2024-10-15T12:50:08.283+0530] {dag.py:3239} INFO - Sync 1 DAGs
[2024-10-15T12:50:08.295+0530] {logging_mixin.py:190} INFO - [2024-10-15T12:50:08.294+0530] {dag.py:4180} INFO - Setting next_dagrun for example_short_circuit_operator to None, run_after=None
[2024-10-15T12:50:08.325+0530] {processor.py:208} INFO - Processing /usr/local/lib/python3.10/dist-packages/airflow/example_dags/example_short_circuit_operator.py took 0.075 seconds
[2024-10-15T12:51:01.693+0530] {processor.py:186} INFO - Started process (PID=9730) to work on /usr/local/lib/python3.10/dist-packages/airflow/example_dags/example_short_circuit_operator.py
[2024-10-15T12:51:01.695+0530] {processor.py:914} INFO - Processing file /usr/local/lib/python3.10/dist-packages/airflow/example_dags/example_short_circuit_operator.py for tasks to queue
[2024-10-15T12:51:01.696+0530] {logging_mixin.py:190} INFO - [2024-10-15T12:51:01.696+0530] {dagbag.py:588} INFO - Filling up the DagBag from /usr/local/lib/python3.10/dist-packages/airflow/example_dags/example_short_circuit_operator.py
[2024-10-15T12:51:01.704+0530] {processor.py:925} INFO - DAG(s) 'example_short_circuit_operator' retrieved from /usr/local/lib/python3.10/dist-packages/airflow/example_dags/example_short_circuit_operator.py
[2024-10-15T12:51:01.718+0530] {logging_mixin.py:190} INFO - [2024-10-15T12:51:01.718+0530] {dag.py:3239} INFO - Sync 1 DAGs
[2024-10-15T12:51:01.728+0530] {logging_mixin.py:190} INFO - [2024-10-15T12:51:01.728+0530] {dag.py:4180} INFO - Setting next_dagrun for example_short_circuit_operator to None, run_after=None
[2024-10-15T12:51:01.747+0530] {processor.py:208} INFO - Processing /usr/local/lib/python3.10/dist-packages/airflow/example_dags/example_short_circuit_operator.py took 0.058 seconds
[2024-10-15T13:04:44.988+0530] {processor.py:186} INFO - Started process (PID=12217) to work on /usr/local/lib/python3.10/dist-packages/airflow/example_dags/example_short_circuit_operator.py
[2024-10-15T13:04:44.991+0530] {processor.py:914} INFO - Processing file /usr/local/lib/python3.10/dist-packages/airflow/example_dags/example_short_circuit_operator.py for tasks to queue
[2024-10-15T13:04:44.999+0530] {logging_mixin.py:190} INFO - [2024-10-15T13:04:44.999+0530] {dagbag.py:588} INFO - Filling up the DagBag from /usr/local/lib/python3.10/dist-packages/airflow/example_dags/example_short_circuit_operator.py
[2024-10-15T13:04:45.021+0530] {processor.py:925} INFO - DAG(s) 'example_short_circuit_operator' retrieved from /usr/local/lib/python3.10/dist-packages/airflow/example_dags/example_short_circuit_operator.py
[2024-10-15T13:04:45.060+0530] {logging_mixin.py:190} INFO - [2024-10-15T13:04:45.060+0530] {dag.py:3239} INFO - Sync 1 DAGs
[2024-10-15T13:04:45.078+0530] {logging_mixin.py:190} INFO - [2024-10-15T13:04:45.077+0530] {dag.py:4180} INFO - Setting next_dagrun for example_short_circuit_operator to None, run_after=None
[2024-10-15T13:04:45.100+0530] {processor.py:208} INFO - Processing /usr/local/lib/python3.10/dist-packages/airflow/example_dags/example_short_circuit_operator.py took 0.132 seconds
[2024-10-15T13:05:44.898+0530] {processor.py:186} INFO - Started process (PID=12660) to work on /usr/local/lib/python3.10/dist-packages/airflow/example_dags/example_short_circuit_operator.py
[2024-10-15T13:05:44.900+0530] {processor.py:914} INFO - Processing file /usr/local/lib/python3.10/dist-packages/airflow/example_dags/example_short_circuit_operator.py for tasks to queue
[2024-10-15T13:05:44.902+0530] {logging_mixin.py:190} INFO - [2024-10-15T13:05:44.901+0530] {dagbag.py:588} INFO - Filling up the DagBag from /usr/local/lib/python3.10/dist-packages/airflow/example_dags/example_short_circuit_operator.py
[2024-10-15T13:05:44.916+0530] {processor.py:925} INFO - DAG(s) 'example_short_circuit_operator' retrieved from /usr/local/lib/python3.10/dist-packages/airflow/example_dags/example_short_circuit_operator.py
[2024-10-15T13:05:44.936+0530] {logging_mixin.py:190} INFO - [2024-10-15T13:05:44.935+0530] {dag.py:3239} INFO - Sync 1 DAGs
[2024-10-15T13:05:44.946+0530] {logging_mixin.py:190} INFO - [2024-10-15T13:05:44.946+0530] {dag.py:4180} INFO - Setting next_dagrun for example_short_circuit_operator to None, run_after=None
[2024-10-15T13:05:44.976+0530] {processor.py:208} INFO - Processing /usr/local/lib/python3.10/dist-packages/airflow/example_dags/example_short_circuit_operator.py took 0.089 seconds
[2024-10-15T13:06:41.369+0530] {processor.py:186} INFO - Started process (PID=12912) to work on /usr/local/lib/python3.10/dist-packages/airflow/example_dags/example_short_circuit_operator.py
[2024-10-15T13:06:41.370+0530] {processor.py:914} INFO - Processing file /usr/local/lib/python3.10/dist-packages/airflow/example_dags/example_short_circuit_operator.py for tasks to queue
[2024-10-15T13:06:41.372+0530] {logging_mixin.py:190} INFO - [2024-10-15T13:06:41.372+0530] {dagbag.py:588} INFO - Filling up the DagBag from /usr/local/lib/python3.10/dist-packages/airflow/example_dags/example_short_circuit_operator.py
[2024-10-15T13:06:41.380+0530] {processor.py:925} INFO - DAG(s) 'example_short_circuit_operator' retrieved from /usr/local/lib/python3.10/dist-packages/airflow/example_dags/example_short_circuit_operator.py
[2024-10-15T13:06:41.395+0530] {logging_mixin.py:190} INFO - [2024-10-15T13:06:41.395+0530] {dag.py:3239} INFO - Sync 1 DAGs
[2024-10-15T13:06:41.405+0530] {logging_mixin.py:190} INFO - [2024-10-15T13:06:41.405+0530] {dag.py:4180} INFO - Setting next_dagrun for example_short_circuit_operator to None, run_after=None
[2024-10-15T13:06:41.430+0530] {processor.py:208} INFO - Processing /usr/local/lib/python3.10/dist-packages/airflow/example_dags/example_short_circuit_operator.py took 0.068 seconds
[2024-10-15T13:07:33.955+0530] {processor.py:186} INFO - Started process (PID=13008) to work on /usr/local/lib/python3.10/dist-packages/airflow/example_dags/example_short_circuit_operator.py
[2024-10-15T13:07:33.956+0530] {processor.py:914} INFO - Processing file /usr/local/lib/python3.10/dist-packages/airflow/example_dags/example_short_circuit_operator.py for tasks to queue
[2024-10-15T13:07:33.958+0530] {logging_mixin.py:190} INFO - [2024-10-15T13:07:33.958+0530] {dagbag.py:588} INFO - Filling up the DagBag from /usr/local/lib/python3.10/dist-packages/airflow/example_dags/example_short_circuit_operator.py
[2024-10-15T13:07:33.966+0530] {processor.py:925} INFO - DAG(s) 'example_short_circuit_operator' retrieved from /usr/local/lib/python3.10/dist-packages/airflow/example_dags/example_short_circuit_operator.py
[2024-10-15T13:07:33.982+0530] {logging_mixin.py:190} INFO - [2024-10-15T13:07:33.982+0530] {dag.py:3239} INFO - Sync 1 DAGs
[2024-10-15T13:07:33.991+0530] {logging_mixin.py:190} INFO - [2024-10-15T13:07:33.991+0530] {dag.py:4180} INFO - Setting next_dagrun for example_short_circuit_operator to None, run_after=None
[2024-10-15T13:07:34.018+0530] {processor.py:208} INFO - Processing /usr/local/lib/python3.10/dist-packages/airflow/example_dags/example_short_circuit_operator.py took 0.069 seconds
[2024-10-15T21:18:12.452+0530] {processor.py:186} INFO - Started process (PID=3921) to work on /usr/local/lib/python3.10/dist-packages/airflow/example_dags/example_short_circuit_operator.py
[2024-10-15T21:18:12.454+0530] {processor.py:914} INFO - Processing file /usr/local/lib/python3.10/dist-packages/airflow/example_dags/example_short_circuit_operator.py for tasks to queue
[2024-10-15T21:18:12.457+0530] {logging_mixin.py:190} INFO - [2024-10-15T21:18:12.457+0530] {dagbag.py:588} INFO - Filling up the DagBag from /usr/local/lib/python3.10/dist-packages/airflow/example_dags/example_short_circuit_operator.py
[2024-10-15T21:18:12.475+0530] {processor.py:925} INFO - DAG(s) 'example_short_circuit_operator' retrieved from /usr/local/lib/python3.10/dist-packages/airflow/example_dags/example_short_circuit_operator.py
[2024-10-15T21:18:12.509+0530] {logging_mixin.py:190} INFO - [2024-10-15T21:18:12.509+0530] {dag.py:3239} INFO - Sync 1 DAGs
[2024-10-15T21:18:12.536+0530] {logging_mixin.py:190} INFO - [2024-10-15T21:18:12.536+0530] {dag.py:4180} INFO - Setting next_dagrun for example_short_circuit_operator to None, run_after=None
[2024-10-15T21:18:12.557+0530] {processor.py:208} INFO - Processing /usr/local/lib/python3.10/dist-packages/airflow/example_dags/example_short_circuit_operator.py took 0.112 seconds
[2024-10-15T21:19:09.589+0530] {processor.py:186} INFO - Started process (PID=4009) to work on /usr/local/lib/python3.10/dist-packages/airflow/example_dags/example_short_circuit_operator.py
[2024-10-15T21:19:09.593+0530] {processor.py:914} INFO - Processing file /usr/local/lib/python3.10/dist-packages/airflow/example_dags/example_short_circuit_operator.py for tasks to queue
[2024-10-15T21:19:09.595+0530] {logging_mixin.py:190} INFO - [2024-10-15T21:19:09.595+0530] {dagbag.py:588} INFO - Filling up the DagBag from /usr/local/lib/python3.10/dist-packages/airflow/example_dags/example_short_circuit_operator.py
[2024-10-15T21:19:09.604+0530] {processor.py:925} INFO - DAG(s) 'example_short_circuit_operator' retrieved from /usr/local/lib/python3.10/dist-packages/airflow/example_dags/example_short_circuit_operator.py
[2024-10-15T21:19:09.621+0530] {logging_mixin.py:190} INFO - [2024-10-15T21:19:09.621+0530] {dag.py:3239} INFO - Sync 1 DAGs
[2024-10-15T21:19:09.631+0530] {logging_mixin.py:190} INFO - [2024-10-15T21:19:09.631+0530] {dag.py:4180} INFO - Setting next_dagrun for example_short_circuit_operator to None, run_after=None
[2024-10-15T21:19:09.653+0530] {processor.py:208} INFO - Processing /usr/local/lib/python3.10/dist-packages/airflow/example_dags/example_short_circuit_operator.py took 0.069 seconds
[2024-10-15T21:20:09.228+0530] {processor.py:186} INFO - Started process (PID=4469) to work on /usr/local/lib/python3.10/dist-packages/airflow/example_dags/example_short_circuit_operator.py
[2024-10-15T21:20:09.231+0530] {processor.py:914} INFO - Processing file /usr/local/lib/python3.10/dist-packages/airflow/example_dags/example_short_circuit_operator.py for tasks to queue
[2024-10-15T21:20:09.234+0530] {logging_mixin.py:190} INFO - [2024-10-15T21:20:09.233+0530] {dagbag.py:588} INFO - Filling up the DagBag from /usr/local/lib/python3.10/dist-packages/airflow/example_dags/example_short_circuit_operator.py
[2024-10-15T21:20:09.241+0530] {processor.py:925} INFO - DAG(s) 'example_short_circuit_operator' retrieved from /usr/local/lib/python3.10/dist-packages/airflow/example_dags/example_short_circuit_operator.py
[2024-10-15T21:20:09.260+0530] {logging_mixin.py:190} INFO - [2024-10-15T21:20:09.260+0530] {dag.py:3239} INFO - Sync 1 DAGs
[2024-10-15T21:20:09.269+0530] {logging_mixin.py:190} INFO - [2024-10-15T21:20:09.269+0530] {dag.py:4180} INFO - Setting next_dagrun for example_short_circuit_operator to None, run_after=None
[2024-10-15T21:20:09.288+0530] {processor.py:208} INFO - Processing /usr/local/lib/python3.10/dist-packages/airflow/example_dags/example_short_circuit_operator.py took 0.066 seconds
[2024-10-15T21:21:06.853+0530] {processor.py:186} INFO - Started process (PID=4747) to work on /usr/local/lib/python3.10/dist-packages/airflow/example_dags/example_short_circuit_operator.py
[2024-10-15T21:21:06.857+0530] {processor.py:914} INFO - Processing file /usr/local/lib/python3.10/dist-packages/airflow/example_dags/example_short_circuit_operator.py for tasks to queue
[2024-10-15T21:21:06.859+0530] {logging_mixin.py:190} INFO - [2024-10-15T21:21:06.859+0530] {dagbag.py:588} INFO - Filling up the DagBag from /usr/local/lib/python3.10/dist-packages/airflow/example_dags/example_short_circuit_operator.py
[2024-10-15T21:21:06.867+0530] {processor.py:925} INFO - DAG(s) 'example_short_circuit_operator' retrieved from /usr/local/lib/python3.10/dist-packages/airflow/example_dags/example_short_circuit_operator.py
[2024-10-15T21:21:06.881+0530] {logging_mixin.py:190} INFO - [2024-10-15T21:21:06.881+0530] {dag.py:3239} INFO - Sync 1 DAGs
[2024-10-15T21:21:06.890+0530] {logging_mixin.py:190} INFO - [2024-10-15T21:21:06.890+0530] {dag.py:4180} INFO - Setting next_dagrun for example_short_circuit_operator to None, run_after=None
[2024-10-15T21:21:06.908+0530] {processor.py:208} INFO - Processing /usr/local/lib/python3.10/dist-packages/airflow/example_dags/example_short_circuit_operator.py took 0.060 seconds
[2024-10-15T21:22:01.500+0530] {processor.py:186} INFO - Started process (PID=4826) to work on /usr/local/lib/python3.10/dist-packages/airflow/example_dags/example_short_circuit_operator.py
[2024-10-15T21:22:01.503+0530] {processor.py:914} INFO - Processing file /usr/local/lib/python3.10/dist-packages/airflow/example_dags/example_short_circuit_operator.py for tasks to queue
[2024-10-15T21:22:01.506+0530] {logging_mixin.py:190} INFO - [2024-10-15T21:22:01.505+0530] {dagbag.py:588} INFO - Filling up the DagBag from /usr/local/lib/python3.10/dist-packages/airflow/example_dags/example_short_circuit_operator.py
[2024-10-15T21:22:01.520+0530] {processor.py:925} INFO - DAG(s) 'example_short_circuit_operator' retrieved from /usr/local/lib/python3.10/dist-packages/airflow/example_dags/example_short_circuit_operator.py
[2024-10-15T21:22:01.543+0530] {logging_mixin.py:190} INFO - [2024-10-15T21:22:01.542+0530] {dag.py:3239} INFO - Sync 1 DAGs
[2024-10-15T21:22:01.571+0530] {logging_mixin.py:190} INFO - [2024-10-15T21:22:01.571+0530] {dag.py:4180} INFO - Setting next_dagrun for example_short_circuit_operator to None, run_after=None
[2024-10-15T21:22:01.595+0530] {processor.py:208} INFO - Processing /usr/local/lib/python3.10/dist-packages/airflow/example_dags/example_short_circuit_operator.py took 0.103 seconds
[2024-10-15T21:22:57.626+0530] {processor.py:186} INFO - Started process (PID=4909) to work on /usr/local/lib/python3.10/dist-packages/airflow/example_dags/example_short_circuit_operator.py
[2024-10-15T21:22:57.628+0530] {processor.py:914} INFO - Processing file /usr/local/lib/python3.10/dist-packages/airflow/example_dags/example_short_circuit_operator.py for tasks to queue
[2024-10-15T21:22:57.632+0530] {logging_mixin.py:190} INFO - [2024-10-15T21:22:57.632+0530] {dagbag.py:588} INFO - Filling up the DagBag from /usr/local/lib/python3.10/dist-packages/airflow/example_dags/example_short_circuit_operator.py
[2024-10-15T21:22:57.644+0530] {processor.py:925} INFO - DAG(s) 'example_short_circuit_operator' retrieved from /usr/local/lib/python3.10/dist-packages/airflow/example_dags/example_short_circuit_operator.py
[2024-10-15T21:22:57.672+0530] {logging_mixin.py:190} INFO - [2024-10-15T21:22:57.672+0530] {dag.py:3239} INFO - Sync 1 DAGs
[2024-10-15T21:22:57.683+0530] {logging_mixin.py:190} INFO - [2024-10-15T21:22:57.682+0530] {dag.py:4180} INFO - Setting next_dagrun for example_short_circuit_operator to None, run_after=None
[2024-10-15T21:22:57.724+0530] {processor.py:208} INFO - Processing /usr/local/lib/python3.10/dist-packages/airflow/example_dags/example_short_circuit_operator.py took 0.108 seconds
[2024-10-15T21:26:34.629+0530] {processor.py:186} INFO - Started process (PID=7077) to work on /usr/local/lib/python3.10/dist-packages/airflow/example_dags/example_short_circuit_operator.py
[2024-10-15T21:26:34.633+0530] {processor.py:914} INFO - Processing file /usr/local/lib/python3.10/dist-packages/airflow/example_dags/example_short_circuit_operator.py for tasks to queue
[2024-10-15T21:26:34.636+0530] {logging_mixin.py:190} INFO - [2024-10-15T21:26:34.635+0530] {dagbag.py:588} INFO - Filling up the DagBag from /usr/local/lib/python3.10/dist-packages/airflow/example_dags/example_short_circuit_operator.py
[2024-10-15T21:26:34.645+0530] {processor.py:925} INFO - DAG(s) 'example_short_circuit_operator' retrieved from /usr/local/lib/python3.10/dist-packages/airflow/example_dags/example_short_circuit_operator.py
[2024-10-15T21:26:34.670+0530] {logging_mixin.py:190} INFO - [2024-10-15T21:26:34.670+0530] {dag.py:3239} INFO - Sync 1 DAGs
[2024-10-15T21:26:34.685+0530] {logging_mixin.py:190} INFO - [2024-10-15T21:26:34.685+0530] {dag.py:4180} INFO - Setting next_dagrun for example_short_circuit_operator to None, run_after=None
[2024-10-15T21:26:34.714+0530] {processor.py:208} INFO - Processing /usr/local/lib/python3.10/dist-packages/airflow/example_dags/example_short_circuit_operator.py took 0.092 seconds
[2024-10-15T21:28:35.813+0530] {processor.py:186} INFO - Started process (PID=7938) to work on /usr/local/lib/python3.10/dist-packages/airflow/example_dags/example_short_circuit_operator.py
[2024-10-15T21:28:35.817+0530] {processor.py:914} INFO - Processing file /usr/local/lib/python3.10/dist-packages/airflow/example_dags/example_short_circuit_operator.py for tasks to queue
[2024-10-15T21:28:35.820+0530] {logging_mixin.py:190} INFO - [2024-10-15T21:28:35.820+0530] {dagbag.py:588} INFO - Filling up the DagBag from /usr/local/lib/python3.10/dist-packages/airflow/example_dags/example_short_circuit_operator.py
[2024-10-15T21:28:35.829+0530] {processor.py:925} INFO - DAG(s) 'example_short_circuit_operator' retrieved from /usr/local/lib/python3.10/dist-packages/airflow/example_dags/example_short_circuit_operator.py
[2024-10-15T21:28:35.843+0530] {logging_mixin.py:190} INFO - [2024-10-15T21:28:35.843+0530] {dag.py:3239} INFO - Sync 1 DAGs
[2024-10-15T21:28:35.853+0530] {logging_mixin.py:190} INFO - [2024-10-15T21:28:35.852+0530] {dag.py:4180} INFO - Setting next_dagrun for example_short_circuit_operator to None, run_after=None
[2024-10-15T21:28:35.871+0530] {processor.py:208} INFO - Processing /usr/local/lib/python3.10/dist-packages/airflow/example_dags/example_short_circuit_operator.py took 0.063 seconds
[2024-10-15T21:31:05.096+0530] {processor.py:186} INFO - Started process (PID=9467) to work on /usr/local/lib/python3.10/dist-packages/airflow/example_dags/example_short_circuit_operator.py
[2024-10-15T21:31:05.098+0530] {processor.py:914} INFO - Processing file /usr/local/lib/python3.10/dist-packages/airflow/example_dags/example_short_circuit_operator.py for tasks to queue
[2024-10-15T21:31:05.100+0530] {logging_mixin.py:190} INFO - [2024-10-15T21:31:05.099+0530] {dagbag.py:588} INFO - Filling up the DagBag from /usr/local/lib/python3.10/dist-packages/airflow/example_dags/example_short_circuit_operator.py
[2024-10-15T21:31:05.120+0530] {processor.py:925} INFO - DAG(s) 'example_short_circuit_operator' retrieved from /usr/local/lib/python3.10/dist-packages/airflow/example_dags/example_short_circuit_operator.py
[2024-10-15T21:31:05.146+0530] {logging_mixin.py:190} INFO - [2024-10-15T21:31:05.146+0530] {dag.py:3239} INFO - Sync 1 DAGs
[2024-10-15T21:31:05.161+0530] {logging_mixin.py:190} INFO - [2024-10-15T21:31:05.161+0530] {dag.py:4180} INFO - Setting next_dagrun for example_short_circuit_operator to None, run_after=None
[2024-10-15T21:31:05.183+0530] {processor.py:208} INFO - Processing /usr/local/lib/python3.10/dist-packages/airflow/example_dags/example_short_circuit_operator.py took 0.095 seconds
[2024-10-15T21:33:35.359+0530] {processor.py:186} INFO - Started process (PID=10883) to work on /usr/local/lib/python3.10/dist-packages/airflow/example_dags/example_short_circuit_operator.py
[2024-10-15T21:33:35.361+0530] {processor.py:914} INFO - Processing file /usr/local/lib/python3.10/dist-packages/airflow/example_dags/example_short_circuit_operator.py for tasks to queue
[2024-10-15T21:33:35.363+0530] {logging_mixin.py:190} INFO - [2024-10-15T21:33:35.362+0530] {dagbag.py:588} INFO - Filling up the DagBag from /usr/local/lib/python3.10/dist-packages/airflow/example_dags/example_short_circuit_operator.py
[2024-10-15T21:33:35.370+0530] {processor.py:925} INFO - DAG(s) 'example_short_circuit_operator' retrieved from /usr/local/lib/python3.10/dist-packages/airflow/example_dags/example_short_circuit_operator.py
[2024-10-15T21:33:35.386+0530] {logging_mixin.py:190} INFO - [2024-10-15T21:33:35.386+0530] {dag.py:3239} INFO - Sync 1 DAGs
[2024-10-15T21:33:35.396+0530] {logging_mixin.py:190} INFO - [2024-10-15T21:33:35.396+0530] {dag.py:4180} INFO - Setting next_dagrun for example_short_circuit_operator to None, run_after=None
[2024-10-15T21:33:35.413+0530] {processor.py:208} INFO - Processing /usr/local/lib/python3.10/dist-packages/airflow/example_dags/example_short_circuit_operator.py took 0.062 seconds
[2024-10-15T21:36:29.397+0530] {processor.py:186} INFO - Started process (PID=12415) to work on /usr/local/lib/python3.10/dist-packages/airflow/example_dags/example_short_circuit_operator.py
[2024-10-15T21:36:29.400+0530] {processor.py:914} INFO - Processing file /usr/local/lib/python3.10/dist-packages/airflow/example_dags/example_short_circuit_operator.py for tasks to queue
[2024-10-15T21:36:29.402+0530] {logging_mixin.py:190} INFO - [2024-10-15T21:36:29.402+0530] {dagbag.py:588} INFO - Filling up the DagBag from /usr/local/lib/python3.10/dist-packages/airflow/example_dags/example_short_circuit_operator.py
[2024-10-15T21:36:29.410+0530] {processor.py:925} INFO - DAG(s) 'example_short_circuit_operator' retrieved from /usr/local/lib/python3.10/dist-packages/airflow/example_dags/example_short_circuit_operator.py
[2024-10-15T21:36:29.428+0530] {logging_mixin.py:190} INFO - [2024-10-15T21:36:29.428+0530] {dag.py:3239} INFO - Sync 1 DAGs
[2024-10-15T21:36:29.438+0530] {logging_mixin.py:190} INFO - [2024-10-15T21:36:29.437+0530] {dag.py:4180} INFO - Setting next_dagrun for example_short_circuit_operator to None, run_after=None
[2024-10-15T21:36:29.453+0530] {processor.py:208} INFO - Processing /usr/local/lib/python3.10/dist-packages/airflow/example_dags/example_short_circuit_operator.py took 0.063 seconds
[2024-10-15T21:40:46.525+0530] {processor.py:186} INFO - Started process (PID=15243) to work on /usr/local/lib/python3.10/dist-packages/airflow/example_dags/example_short_circuit_operator.py
[2024-10-15T21:40:46.528+0530] {processor.py:914} INFO - Processing file /usr/local/lib/python3.10/dist-packages/airflow/example_dags/example_short_circuit_operator.py for tasks to queue
[2024-10-15T21:40:46.533+0530] {logging_mixin.py:190} INFO - [2024-10-15T21:40:46.533+0530] {dagbag.py:588} INFO - Filling up the DagBag from /usr/local/lib/python3.10/dist-packages/airflow/example_dags/example_short_circuit_operator.py
[2024-10-15T21:40:46.543+0530] {processor.py:925} INFO - DAG(s) 'example_short_circuit_operator' retrieved from /usr/local/lib/python3.10/dist-packages/airflow/example_dags/example_short_circuit_operator.py
[2024-10-15T21:40:46.571+0530] {logging_mixin.py:190} INFO - [2024-10-15T21:40:46.571+0530] {dag.py:3239} INFO - Sync 1 DAGs
[2024-10-15T21:40:46.585+0530] {logging_mixin.py:190} INFO - [2024-10-15T21:40:46.585+0530] {dag.py:4180} INFO - Setting next_dagrun for example_short_circuit_operator to None, run_after=None
[2024-10-15T21:40:46.608+0530] {processor.py:208} INFO - Processing /usr/local/lib/python3.10/dist-packages/airflow/example_dags/example_short_circuit_operator.py took 0.089 seconds
[2024-10-15T21:42:47.546+0530] {processor.py:186} INFO - Started process (PID=16151) to work on /usr/local/lib/python3.10/dist-packages/airflow/example_dags/example_short_circuit_operator.py
[2024-10-15T21:42:47.550+0530] {processor.py:914} INFO - Processing file /usr/local/lib/python3.10/dist-packages/airflow/example_dags/example_short_circuit_operator.py for tasks to queue
[2024-10-15T21:42:47.552+0530] {logging_mixin.py:190} INFO - [2024-10-15T21:42:47.552+0530] {dagbag.py:588} INFO - Filling up the DagBag from /usr/local/lib/python3.10/dist-packages/airflow/example_dags/example_short_circuit_operator.py
[2024-10-15T21:42:47.560+0530] {processor.py:925} INFO - DAG(s) 'example_short_circuit_operator' retrieved from /usr/local/lib/python3.10/dist-packages/airflow/example_dags/example_short_circuit_operator.py
[2024-10-15T21:42:47.574+0530] {logging_mixin.py:190} INFO - [2024-10-15T21:42:47.574+0530] {dag.py:3239} INFO - Sync 1 DAGs
[2024-10-15T21:42:47.583+0530] {logging_mixin.py:190} INFO - [2024-10-15T21:42:47.583+0530] {dag.py:4180} INFO - Setting next_dagrun for example_short_circuit_operator to None, run_after=None
[2024-10-15T21:42:47.602+0530] {processor.py:208} INFO - Processing /usr/local/lib/python3.10/dist-packages/airflow/example_dags/example_short_circuit_operator.py took 0.060 seconds
[2024-10-15T21:45:25.396+0530] {processor.py:186} INFO - Started process (PID=17736) to work on /usr/local/lib/python3.10/dist-packages/airflow/example_dags/example_short_circuit_operator.py
[2024-10-15T21:45:25.400+0530] {processor.py:914} INFO - Processing file /usr/local/lib/python3.10/dist-packages/airflow/example_dags/example_short_circuit_operator.py for tasks to queue
[2024-10-15T21:45:25.402+0530] {logging_mixin.py:190} INFO - [2024-10-15T21:45:25.402+0530] {dagbag.py:588} INFO - Filling up the DagBag from /usr/local/lib/python3.10/dist-packages/airflow/example_dags/example_short_circuit_operator.py
[2024-10-15T21:45:25.411+0530] {processor.py:925} INFO - DAG(s) 'example_short_circuit_operator' retrieved from /usr/local/lib/python3.10/dist-packages/airflow/example_dags/example_short_circuit_operator.py
[2024-10-15T21:45:25.468+0530] {logging_mixin.py:190} INFO - [2024-10-15T21:45:25.468+0530] {dag.py:3239} INFO - Sync 1 DAGs
[2024-10-15T21:45:25.489+0530] {logging_mixin.py:190} INFO - [2024-10-15T21:45:25.489+0530] {dag.py:4180} INFO - Setting next_dagrun for example_short_circuit_operator to None, run_after=None
[2024-10-15T21:45:25.518+0530] {processor.py:208} INFO - Processing /usr/local/lib/python3.10/dist-packages/airflow/example_dags/example_short_circuit_operator.py took 0.129 seconds
[2024-10-15T21:46:24.115+0530] {processor.py:186} INFO - Started process (PID=17892) to work on /usr/local/lib/python3.10/dist-packages/airflow/example_dags/example_short_circuit_operator.py
[2024-10-15T21:46:24.120+0530] {processor.py:914} INFO - Processing file /usr/local/lib/python3.10/dist-packages/airflow/example_dags/example_short_circuit_operator.py for tasks to queue
[2024-10-15T21:46:24.122+0530] {logging_mixin.py:190} INFO - [2024-10-15T21:46:24.121+0530] {dagbag.py:588} INFO - Filling up the DagBag from /usr/local/lib/python3.10/dist-packages/airflow/example_dags/example_short_circuit_operator.py
[2024-10-15T21:46:24.135+0530] {processor.py:925} INFO - DAG(s) 'example_short_circuit_operator' retrieved from /usr/local/lib/python3.10/dist-packages/airflow/example_dags/example_short_circuit_operator.py
[2024-10-15T21:46:24.166+0530] {logging_mixin.py:190} INFO - [2024-10-15T21:46:24.165+0530] {dag.py:3239} INFO - Sync 1 DAGs
[2024-10-15T21:46:24.181+0530] {logging_mixin.py:190} INFO - [2024-10-15T21:46:24.181+0530] {dag.py:4180} INFO - Setting next_dagrun for example_short_circuit_operator to None, run_after=None
[2024-10-15T21:46:24.211+0530] {processor.py:208} INFO - Processing /usr/local/lib/python3.10/dist-packages/airflow/example_dags/example_short_circuit_operator.py took 0.103 seconds
[2024-10-15T21:48:10.163+0530] {processor.py:186} INFO - Started process (PID=18376) to work on /usr/local/lib/python3.10/dist-packages/airflow/example_dags/example_short_circuit_operator.py
[2024-10-15T21:48:10.166+0530] {processor.py:914} INFO - Processing file /usr/local/lib/python3.10/dist-packages/airflow/example_dags/example_short_circuit_operator.py for tasks to queue
[2024-10-15T21:48:10.170+0530] {logging_mixin.py:190} INFO - [2024-10-15T21:48:10.170+0530] {dagbag.py:588} INFO - Filling up the DagBag from /usr/local/lib/python3.10/dist-packages/airflow/example_dags/example_short_circuit_operator.py
[2024-10-15T21:48:10.183+0530] {processor.py:925} INFO - DAG(s) 'example_short_circuit_operator' retrieved from /usr/local/lib/python3.10/dist-packages/airflow/example_dags/example_short_circuit_operator.py
[2024-10-15T21:48:10.224+0530] {logging_mixin.py:190} INFO - [2024-10-15T21:48:10.224+0530] {dag.py:3239} INFO - Sync 1 DAGs
[2024-10-15T21:48:10.239+0530] {logging_mixin.py:190} INFO - [2024-10-15T21:48:10.239+0530] {dag.py:4180} INFO - Setting next_dagrun for example_short_circuit_operator to None, run_after=None
[2024-10-15T21:48:10.261+0530] {processor.py:208} INFO - Processing /usr/local/lib/python3.10/dist-packages/airflow/example_dags/example_short_circuit_operator.py took 0.112 seconds
[2024-10-15T21:49:53.314+0530] {processor.py:186} INFO - Started process (PID=19235) to work on /usr/local/lib/python3.10/dist-packages/airflow/example_dags/example_short_circuit_operator.py
[2024-10-15T21:49:53.318+0530] {processor.py:914} INFO - Processing file /usr/local/lib/python3.10/dist-packages/airflow/example_dags/example_short_circuit_operator.py for tasks to queue
[2024-10-15T21:49:53.320+0530] {logging_mixin.py:190} INFO - [2024-10-15T21:49:53.320+0530] {dagbag.py:588} INFO - Filling up the DagBag from /usr/local/lib/python3.10/dist-packages/airflow/example_dags/example_short_circuit_operator.py
[2024-10-15T21:49:53.329+0530] {processor.py:925} INFO - DAG(s) 'example_short_circuit_operator' retrieved from /usr/local/lib/python3.10/dist-packages/airflow/example_dags/example_short_circuit_operator.py
[2024-10-15T21:49:53.345+0530] {logging_mixin.py:190} INFO - [2024-10-15T21:49:53.344+0530] {dag.py:3239} INFO - Sync 1 DAGs
[2024-10-15T21:49:53.355+0530] {logging_mixin.py:190} INFO - [2024-10-15T21:49:53.355+0530] {dag.py:4180} INFO - Setting next_dagrun for example_short_circuit_operator to None, run_after=None
[2024-10-15T21:49:53.382+0530] {processor.py:208} INFO - Processing /usr/local/lib/python3.10/dist-packages/airflow/example_dags/example_short_circuit_operator.py took 0.076 seconds
[2024-10-15T21:50:54.259+0530] {processor.py:186} INFO - Started process (PID=19489) to work on /usr/local/lib/python3.10/dist-packages/airflow/example_dags/example_short_circuit_operator.py
[2024-10-15T21:50:54.263+0530] {processor.py:914} INFO - Processing file /usr/local/lib/python3.10/dist-packages/airflow/example_dags/example_short_circuit_operator.py for tasks to queue
[2024-10-15T21:50:54.265+0530] {logging_mixin.py:190} INFO - [2024-10-15T21:50:54.264+0530] {dagbag.py:588} INFO - Filling up the DagBag from /usr/local/lib/python3.10/dist-packages/airflow/example_dags/example_short_circuit_operator.py
[2024-10-15T21:50:54.272+0530] {processor.py:925} INFO - DAG(s) 'example_short_circuit_operator' retrieved from /usr/local/lib/python3.10/dist-packages/airflow/example_dags/example_short_circuit_operator.py
[2024-10-15T21:50:54.289+0530] {logging_mixin.py:190} INFO - [2024-10-15T21:50:54.288+0530] {dag.py:3239} INFO - Sync 1 DAGs
[2024-10-15T21:50:54.302+0530] {logging_mixin.py:190} INFO - [2024-10-15T21:50:54.302+0530] {dag.py:4180} INFO - Setting next_dagrun for example_short_circuit_operator to None, run_after=None
[2024-10-15T21:50:54.317+0530] {processor.py:208} INFO - Processing /usr/local/lib/python3.10/dist-packages/airflow/example_dags/example_short_circuit_operator.py took 0.063 seconds
[2024-10-15T21:51:53.396+0530] {processor.py:186} INFO - Started process (PID=19563) to work on /usr/local/lib/python3.10/dist-packages/airflow/example_dags/example_short_circuit_operator.py
[2024-10-15T21:51:53.399+0530] {processor.py:914} INFO - Processing file /usr/local/lib/python3.10/dist-packages/airflow/example_dags/example_short_circuit_operator.py for tasks to queue
[2024-10-15T21:51:53.401+0530] {logging_mixin.py:190} INFO - [2024-10-15T21:51:53.401+0530] {dagbag.py:588} INFO - Filling up the DagBag from /usr/local/lib/python3.10/dist-packages/airflow/example_dags/example_short_circuit_operator.py
[2024-10-15T21:51:53.410+0530] {processor.py:925} INFO - DAG(s) 'example_short_circuit_operator' retrieved from /usr/local/lib/python3.10/dist-packages/airflow/example_dags/example_short_circuit_operator.py
[2024-10-15T21:51:53.428+0530] {logging_mixin.py:190} INFO - [2024-10-15T21:51:53.428+0530] {dag.py:3239} INFO - Sync 1 DAGs
[2024-10-15T21:51:53.462+0530] {logging_mixin.py:190} INFO - [2024-10-15T21:51:53.461+0530] {dag.py:4180} INFO - Setting next_dagrun for example_short_circuit_operator to None, run_after=None
[2024-10-15T21:51:53.495+0530] {processor.py:208} INFO - Processing /usr/local/lib/python3.10/dist-packages/airflow/example_dags/example_short_circuit_operator.py took 0.105 seconds
                                                                                                                                                                                                                                                                                                                                                                                                                                                                                                                                                                                                                                                                                                                                                                                                                                                                                                                                                                                                                                                                                                                                                                                                                                                                                                                                                                         