[2024-10-15T12:43:36.649+0530] {processor.py:186} INFO - Started process (PID=6678) to work on /usr/local/lib/python3.10/dist-packages/airflow/example_dags/tutorial_dag.py
[2024-10-15T12:43:36.654+0530] {processor.py:914} INFO - Processing file /usr/local/lib/python3.10/dist-packages/airflow/example_dags/tutorial_dag.py for tasks to queue
[2024-10-15T12:43:36.661+0530] {logging_mixin.py:190} INFO - [2024-10-15T12:43:36.659+0530] {dagbag.py:588} INFO - Filling up the DagBag from /usr/local/lib/python3.10/dist-packages/airflow/example_dags/tutorial_dag.py
[2024-10-15T12:43:36.715+0530] {processor.py:925} INFO - DAG(s) 'tutorial_dag' retrieved from /usr/local/lib/python3.10/dist-packages/airflow/example_dags/tutorial_dag.py
[2024-10-15T12:43:37.028+0530] {logging_mixin.py:190} INFO - [2024-10-15T12:43:37.026+0530] {override.py:1901} INFO - Created Permission View: can read on DAG:tutorial_dag
[2024-10-15T12:43:37.058+0530] {logging_mixin.py:190} INFO - [2024-10-15T12:43:37.056+0530] {override.py:1901} INFO - Created Permission View: can delete on DAG:tutorial_dag
[2024-10-15T12:43:37.078+0530] {logging_mixin.py:190} INFO - [2024-10-15T12:43:37.077+0530] {override.py:1901} INFO - Created Permission View: can edit on DAG:tutorial_dag
[2024-10-15T12:43:37.116+0530] {logging_mixin.py:190} INFO - [2024-10-15T12:43:37.115+0530] {override.py:1901} INFO - Created Permission View: can read on DAG Run:tutorial_dag
[2024-10-15T12:43:37.138+0530] {logging_mixin.py:190} INFO - [2024-10-15T12:43:37.137+0530] {override.py:1901} INFO - Created Permission View: can delete on DAG Run:tutorial_dag
[2024-10-15T12:43:37.159+0530] {logging_mixin.py:190} INFO - [2024-10-15T12:43:37.158+0530] {override.py:1901} INFO - Created Permission View: menu access on DAG Run:tutorial_dag
[2024-10-15T12:43:37.183+0530] {logging_mixin.py:190} INFO - [2024-10-15T12:43:37.183+0530] {override.py:1901} INFO - Created Permission View: can create on DAG Run:tutorial_dag
[2024-10-15T12:43:37.185+0530] {logging_mixin.py:190} INFO - [2024-10-15T12:43:37.185+0530] {dag.py:3239} INFO - Sync 1 DAGs
[2024-10-15T12:43:37.211+0530] {logging_mixin.py:190} INFO - [2024-10-15T12:43:37.210+0530] {dag.py:3262} INFO - Creating ORM DAG for tutorial_dag
[2024-10-15T12:43:37.212+0530] {logging_mixin.py:190} INFO - [2024-10-15T12:43:37.212+0530] {dag.py:4180} INFO - Setting next_dagrun for tutorial_dag to None, run_after=None
[2024-10-15T12:43:37.274+0530] {processor.py:208} INFO - Processing /usr/local/lib/python3.10/dist-packages/airflow/example_dags/tutorial_dag.py took 0.646 seconds
[2024-10-15T12:44:45.340+0530] {processor.py:186} INFO - Started process (PID=7112) to work on /usr/local/lib/python3.10/dist-packages/airflow/example_dags/tutorial_dag.py
[2024-10-15T12:44:45.344+0530] {processor.py:914} INFO - Processing file /usr/local/lib/python3.10/dist-packages/airflow/example_dags/tutorial_dag.py for tasks to queue
[2024-10-15T12:44:45.347+0530] {logging_mixin.py:190} INFO - [2024-10-15T12:44:45.347+0530] {dagbag.py:588} INFO - Filling up the DagBag from /usr/local/lib/python3.10/dist-packages/airflow/example_dags/tutorial_dag.py
[2024-10-15T12:44:45.355+0530] {processor.py:925} INFO - DAG(s) 'tutorial_dag' retrieved from /usr/local/lib/python3.10/dist-packages/airflow/example_dags/tutorial_dag.py
[2024-10-15T12:44:45.373+0530] {logging_mixin.py:190} INFO - [2024-10-15T12:44:45.373+0530] {dag.py:3239} INFO - Sync 1 DAGs
[2024-10-15T12:44:45.388+0530] {logging_mixin.py:190} INFO - [2024-10-15T12:44:45.387+0530] {dag.py:4180} INFO - Setting next_dagrun for tutorial_dag to None, run_after=None
[2024-10-15T12:44:45.407+0530] {processor.py:208} INFO - Processing /usr/local/lib/python3.10/dist-packages/airflow/example_dags/tutorial_dag.py took 0.076 seconds
[2024-10-15T12:45:16.154+0530] {processor.py:186} INFO - Started process (PID=7196) to work on /usr/local/lib/python3.10/dist-packages/airflow/example_dags/tutorial_dag.py
[2024-10-15T12:45:16.155+0530] {processor.py:914} INFO - Processing file /usr/local/lib/python3.10/dist-packages/airflow/example_dags/tutorial_dag.py for tasks to queue
[2024-10-15T12:45:16.158+0530] {logging_mixin.py:190} INFO - [2024-10-15T12:45:16.158+0530] {dagbag.py:588} INFO - Filling up the DagBag from /usr/local/lib/python3.10/dist-packages/airflow/example_dags/tutorial_dag.py
[2024-10-15T12:45:16.169+0530] {processor.py:925} INFO - DAG(s) 'tutorial_dag' retrieved from /usr/local/lib/python3.10/dist-packages/airflow/example_dags/tutorial_dag.py
[2024-10-15T12:45:16.189+0530] {logging_mixin.py:190} INFO - [2024-10-15T12:45:16.188+0530] {dag.py:3239} INFO - Sync 1 DAGs
[2024-10-15T12:45:16.206+0530] {logging_mixin.py:190} INFO - [2024-10-15T12:45:16.206+0530] {dag.py:4180} INFO - Setting next_dagrun for tutorial_dag to None, run_after=None
[2024-10-15T12:45:16.245+0530] {processor.py:208} INFO - Processing /usr/local/lib/python3.10/dist-packages/airflow/example_dags/tutorial_dag.py took 0.101 seconds
[2024-10-15T12:46:07.965+0530] {processor.py:186} INFO - Started process (PID=7399) to work on /usr/local/lib/python3.10/dist-packages/airflow/example_dags/tutorial_dag.py
[2024-10-15T12:46:07.968+0530] {processor.py:914} INFO - Processing file /usr/local/lib/python3.10/dist-packages/airflow/example_dags/tutorial_dag.py for tasks to queue
[2024-10-15T12:46:07.970+0530] {logging_mixin.py:190} INFO - [2024-10-15T12:46:07.970+0530] {dagbag.py:588} INFO - Filling up the DagBag from /usr/local/lib/python3.10/dist-packages/airflow/example_dags/tutorial_dag.py
[2024-10-15T12:46:07.981+0530] {processor.py:925} INFO - DAG(s) 'tutorial_dag' retrieved from /usr/local/lib/python3.10/dist-packages/airflow/example_dags/tutorial_dag.py
[2024-10-15T12:46:07.996+0530] {logging_mixin.py:190} INFO - [2024-10-15T12:46:07.995+0530] {dag.py:3239} INFO - Sync 1 DAGs
[2024-10-15T12:46:08.009+0530] {logging_mixin.py:190} INFO - [2024-10-15T12:46:08.008+0530] {dag.py:4180} INFO - Setting next_dagrun for tutorial_dag to None, run_after=None
[2024-10-15T12:46:08.057+0530] {processor.py:208} INFO - Processing /usr/local/lib/python3.10/dist-packages/airflow/example_dags/tutorial_dag.py took 0.103 seconds
[2024-10-15T12:47:43.433+0530] {processor.py:186} INFO - Started process (PID=8510) to work on /usr/local/lib/python3.10/dist-packages/airflow/example_dags/tutorial_dag.py
[2024-10-15T12:47:43.437+0530] {processor.py:914} INFO - Processing file /usr/local/lib/python3.10/dist-packages/airflow/example_dags/tutorial_dag.py for tasks to queue
[2024-10-15T12:47:43.439+0530] {logging_mixin.py:190} INFO - [2024-10-15T12:47:43.438+0530] {dagbag.py:588} INFO - Filling up the DagBag from /usr/local/lib/python3.10/dist-packages/airflow/example_dags/tutorial_dag.py
[2024-10-15T12:47:43.446+0530] {processor.py:925} INFO - DAG(s) 'tutorial_dag' retrieved from /usr/local/lib/python3.10/dist-packages/airflow/example_dags/tutorial_dag.py
[2024-10-15T12:47:43.462+0530] {logging_mixin.py:190} INFO - [2024-10-15T12:47:43.462+0530] {dag.py:3239} INFO - Sync 1 DAGs
[2024-10-15T12:47:43.474+0530] {logging_mixin.py:190} INFO - [2024-10-15T12:47:43.474+0530] {dag.py:4180} INFO - Setting next_dagrun for tutorial_dag to None, run_after=None
[2024-10-15T12:47:43.492+0530] {processor.py:208} INFO - Processing /usr/local/lib/python3.10/dist-packages/airflow/example_dags/tutorial_dag.py took 0.066 seconds
[2024-10-15T12:48:16.043+0530] {processor.py:186} INFO - Started process (PID=8745) to work on /usr/local/lib/python3.10/dist-packages/airflow/example_dags/tutorial_dag.py
[2024-10-15T12:48:16.044+0530] {processor.py:914} INFO - Processing file /usr/local/lib/python3.10/dist-packages/airflow/example_dags/tutorial_dag.py for tasks to queue
[2024-10-15T12:48:16.046+0530] {logging_mixin.py:190} INFO - [2024-10-15T12:48:16.045+0530] {dagbag.py:588} INFO - Filling up the DagBag from /usr/local/lib/python3.10/dist-packages/airflow/example_dags/tutorial_dag.py
[2024-10-15T12:48:16.056+0530] {processor.py:925} INFO - DAG(s) 'tutorial_dag' retrieved from /usr/local/lib/python3.10/dist-packages/airflow/example_dags/tutorial_dag.py
[2024-10-15T12:48:16.072+0530] {logging_mixin.py:190} INFO - [2024-10-15T12:48:16.072+0530] {dag.py:3239} INFO - Sync 1 DAGs
[2024-10-15T12:48:16.083+0530] {logging_mixin.py:190} INFO - [2024-10-15T12:48:16.083+0530] {dag.py:4180} INFO - Setting next_dagrun for tutorial_dag to None, run_after=None
[2024-10-15T12:48:16.103+0530] {processor.py:208} INFO - Processing /usr/local/lib/python3.10/dist-packages/airflow/example_dags/tutorial_dag.py took 0.068 seconds
[2024-10-15T12:49:08.115+0530] {processor.py:186} INFO - Started process (PID=9137) to work on /usr/local/lib/python3.10/dist-packages/airflow/example_dags/tutorial_dag.py
[2024-10-15T12:49:08.119+0530] {processor.py:914} INFO - Processing file /usr/local/lib/python3.10/dist-packages/airflow/example_dags/tutorial_dag.py for tasks to queue
[2024-10-15T12:49:08.121+0530] {logging_mixin.py:190} INFO - [2024-10-15T12:49:08.120+0530] {dagbag.py:588} INFO - Filling up the DagBag from /usr/local/lib/python3.10/dist-packages/airflow/example_dags/tutorial_dag.py
[2024-10-15T12:49:08.128+0530] {processor.py:925} INFO - DAG(s) 'tutorial_dag' retrieved from /usr/local/lib/python3.10/dist-packages/airflow/example_dags/tutorial_dag.py
[2024-10-15T12:49:08.141+0530] {logging_mixin.py:190} INFO - [2024-10-15T12:49:08.140+0530] {dag.py:3239} INFO - Sync 1 DAGs
[2024-10-15T12:49:08.151+0530] {logging_mixin.py:190} INFO - [2024-10-15T12:49:08.151+0530] {dag.py:4180} INFO - Setting next_dagrun for tutorial_dag to None, run_after=None
[2024-10-15T12:49:08.168+0530] {processor.py:208} INFO - Processing /usr/local/lib/python3.10/dist-packages/airflow/example_dags/tutorial_dag.py took 0.058 seconds
[2024-10-15T12:49:57.210+0530] {processor.py:186} INFO - Started process (PID=9446) to work on /usr/local/lib/python3.10/dist-packages/airflow/example_dags/tutorial_dag.py
[2024-10-15T12:49:57.211+0530] {processor.py:914} INFO - Processing file /usr/local/lib/python3.10/dist-packages/airflow/example_dags/tutorial_dag.py for tasks to queue
[2024-10-15T12:49:57.213+0530] {logging_mixin.py:190} INFO - [2024-10-15T12:49:57.212+0530] {dagbag.py:588} INFO - Filling up the DagBag from /usr/local/lib/python3.10/dist-packages/airflow/example_dags/tutorial_dag.py
[2024-10-15T12:49:57.220+0530] {processor.py:925} INFO - DAG(s) 'tutorial_dag' retrieved from /usr/local/lib/python3.10/dist-packages/airflow/example_dags/tutorial_dag.py
[2024-10-15T12:49:57.232+0530] {logging_mixin.py:190} INFO - [2024-10-15T12:49:57.232+0530] {dag.py:3239} INFO - Sync 1 DAGs
[2024-10-15T12:49:57.241+0530] {logging_mixin.py:190} INFO - [2024-10-15T12:49:57.241+0530] {dag.py:4180} INFO - Setting next_dagrun for tutorial_dag to None, run_after=None
[2024-10-15T12:49:57.261+0530] {processor.py:208} INFO - Processing /usr/local/lib/python3.10/dist-packages/airflow/example_dags/tutorial_dag.py took 0.056 seconds
[2024-10-15T12:50:50.336+0530] {processor.py:186} INFO - Started process (PID=9719) to work on /usr/local/lib/python3.10/dist-packages/airflow/example_dags/tutorial_dag.py
[2024-10-15T12:50:50.337+0530] {processor.py:914} INFO - Processing file /usr/local/lib/python3.10/dist-packages/airflow/example_dags/tutorial_dag.py for tasks to queue
[2024-10-15T12:50:50.339+0530] {logging_mixin.py:190} INFO - [2024-10-15T12:50:50.338+0530] {dagbag.py:588} INFO - Filling up the DagBag from /usr/local/lib/python3.10/dist-packages/airflow/example_dags/tutorial_dag.py
[2024-10-15T12:50:50.349+0530] {processor.py:925} INFO - DAG(s) 'tutorial_dag' retrieved from /usr/local/lib/python3.10/dist-packages/airflow/example_dags/tutorial_dag.py
[2024-10-15T12:50:50.367+0530] {logging_mixin.py:190} INFO - [2024-10-15T12:50:50.367+0530] {dag.py:3239} INFO - Sync 1 DAGs
[2024-10-15T12:50:50.377+0530] {logging_mixin.py:190} INFO - [2024-10-15T12:50:50.377+0530] {dag.py:4180} INFO - Setting next_dagrun for tutorial_dag to None, run_after=None
[2024-10-15T12:50:50.393+0530] {processor.py:208} INFO - Processing /usr/local/lib/python3.10/dist-packages/airflow/example_dags/tutorial_dag.py took 0.063 seconds
[2024-10-15T13:04:34.904+0530] {processor.py:186} INFO - Started process (PID=12126) to work on /usr/local/lib/python3.10/dist-packages/airflow/example_dags/tutorial_dag.py
[2024-10-15T13:04:34.907+0530] {processor.py:914} INFO - Processing file /usr/local/lib/python3.10/dist-packages/airflow/example_dags/tutorial_dag.py for tasks to queue
[2024-10-15T13:04:34.909+0530] {logging_mixin.py:190} INFO - [2024-10-15T13:04:34.909+0530] {dagbag.py:588} INFO - Filling up the DagBag from /usr/local/lib/python3.10/dist-packages/airflow/example_dags/tutorial_dag.py
[2024-10-15T13:04:34.917+0530] {processor.py:925} INFO - DAG(s) 'tutorial_dag' retrieved from /usr/local/lib/python3.10/dist-packages/airflow/example_dags/tutorial_dag.py
[2024-10-15T13:04:34.934+0530] {logging_mixin.py:190} INFO - [2024-10-15T13:04:34.934+0530] {dag.py:3239} INFO - Sync 1 DAGs
[2024-10-15T13:04:34.943+0530] {logging_mixin.py:190} INFO - [2024-10-15T13:04:34.943+0530] {dag.py:4180} INFO - Setting next_dagrun for tutorial_dag to None, run_after=None
[2024-10-15T13:04:34.962+0530] {processor.py:208} INFO - Processing /usr/local/lib/python3.10/dist-packages/airflow/example_dags/tutorial_dag.py took 0.063 seconds
[2024-10-15T13:05:34.570+0530] {processor.py:186} INFO - Started process (PID=12586) to work on /usr/local/lib/python3.10/dist-packages/airflow/example_dags/tutorial_dag.py
[2024-10-15T13:05:34.571+0530] {processor.py:914} INFO - Processing file /usr/local/lib/python3.10/dist-packages/airflow/example_dags/tutorial_dag.py for tasks to queue
[2024-10-15T13:05:34.573+0530] {logging_mixin.py:190} INFO - [2024-10-15T13:05:34.573+0530] {dagbag.py:588} INFO - Filling up the DagBag from /usr/local/lib/python3.10/dist-packages/airflow/example_dags/tutorial_dag.py
[2024-10-15T13:05:34.581+0530] {processor.py:925} INFO - DAG(s) 'tutorial_dag' retrieved from /usr/local/lib/python3.10/dist-packages/airflow/example_dags/tutorial_dag.py
[2024-10-15T13:05:34.595+0530] {logging_mixin.py:190} INFO - [2024-10-15T13:05:34.595+0530] {dag.py:3239} INFO - Sync 1 DAGs
[2024-10-15T13:05:34.607+0530] {logging_mixin.py:190} INFO - [2024-10-15T13:05:34.606+0530] {dag.py:4180} INFO - Setting next_dagrun for tutorial_dag to None, run_after=None
[2024-10-15T13:05:34.628+0530] {processor.py:208} INFO - Processing /usr/local/lib/python3.10/dist-packages/airflow/example_dags/tutorial_dag.py took 0.064 seconds
[2024-10-15T13:06:31.058+0530] {processor.py:186} INFO - Started process (PID=12901) to work on /usr/local/lib/python3.10/dist-packages/airflow/example_dags/tutorial_dag.py
[2024-10-15T13:06:31.063+0530] {processor.py:914} INFO - Processing file /usr/local/lib/python3.10/dist-packages/airflow/example_dags/tutorial_dag.py for tasks to queue
[2024-10-15T13:06:31.065+0530] {logging_mixin.py:190} INFO - [2024-10-15T13:06:31.065+0530] {dagbag.py:588} INFO - Filling up the DagBag from /usr/local/lib/python3.10/dist-packages/airflow/example_dags/tutorial_dag.py
[2024-10-15T13:06:31.082+0530] {processor.py:925} INFO - DAG(s) 'tutorial_dag' retrieved from /usr/local/lib/python3.10/dist-packages/airflow/example_dags/tutorial_dag.py
[2024-10-15T13:06:31.098+0530] {logging_mixin.py:190} INFO - [2024-10-15T13:06:31.098+0530] {dag.py:3239} INFO - Sync 1 DAGs
[2024-10-15T13:06:31.108+0530] {logging_mixin.py:190} INFO - [2024-10-15T13:06:31.107+0530] {dag.py:4180} INFO - Setting next_dagrun for tutorial_dag to None, run_after=None
[2024-10-15T13:06:31.127+0530] {processor.py:208} INFO - Processing /usr/local/lib/python3.10/dist-packages/airflow/example_dags/tutorial_dag.py took 0.076 seconds
[2024-10-15T13:07:23.168+0530] {processor.py:186} INFO - Started process (PID=12996) to work on /usr/local/lib/python3.10/dist-packages/airflow/example_dags/tutorial_dag.py
[2024-10-15T13:07:23.171+0530] {processor.py:914} INFO - Processing file /usr/local/lib/python3.10/dist-packages/airflow/example_dags/tutorial_dag.py for tasks to queue
[2024-10-15T13:07:23.175+0530] {logging_mixin.py:190} INFO - [2024-10-15T13:07:23.175+0530] {dagbag.py:588} INFO - Filling up the DagBag from /usr/local/lib/python3.10/dist-packages/airflow/example_dags/tutorial_dag.py
[2024-10-15T13:07:23.191+0530] {processor.py:925} INFO - DAG(s) 'tutorial_dag' retrieved from /usr/local/lib/python3.10/dist-packages/airflow/example_dags/tutorial_dag.py
[2024-10-15T13:07:23.214+0530] {logging_mixin.py:190} INFO - [2024-10-15T13:07:23.214+0530] {dag.py:3239} INFO - Sync 1 DAGs
[2024-10-15T13:07:23.224+0530] {logging_mixin.py:190} INFO - [2024-10-15T13:07:23.224+0530] {dag.py:4180} INFO - Setting next_dagrun for tutorial_dag to None, run_after=None
[2024-10-15T13:07:23.244+0530] {processor.py:208} INFO - Processing /usr/local/lib/python3.10/dist-packages/airflow/example_dags/tutorial_dag.py took 0.082 seconds
[2024-10-15T21:18:00.248+0530] {processor.py:186} INFO - Started process (PID=3338) to work on /usr/local/lib/python3.10/dist-packages/airflow/example_dags/tutorial_dag.py
[2024-10-15T21:18:00.252+0530] {processor.py:914} INFO - Processing file /usr/local/lib/python3.10/dist-packages/airflow/example_dags/tutorial_dag.py for tasks to queue
[2024-10-15T21:18:00.255+0530] {logging_mixin.py:190} INFO - [2024-10-15T21:18:00.255+0530] {dagbag.py:588} INFO - Filling up the DagBag from /usr/local/lib/python3.10/dist-packages/airflow/example_dags/tutorial_dag.py
[2024-10-15T21:18:00.264+0530] {processor.py:925} INFO - DAG(s) 'tutorial_dag' retrieved from /usr/local/lib/python3.10/dist-packages/airflow/example_dags/tutorial_dag.py
[2024-10-15T21:18:00.301+0530] {logging_mixin.py:190} INFO - [2024-10-15T21:18:00.301+0530] {dag.py:3239} INFO - Sync 1 DAGs
[2024-10-15T21:18:00.312+0530] {logging_mixin.py:190} INFO - [2024-10-15T21:18:00.312+0530] {dag.py:4180} INFO - Setting next_dagrun for tutorial_dag to None, run_after=None
[2024-10-15T21:18:00.334+0530] {processor.py:208} INFO - Processing /usr/local/lib/python3.10/dist-packages/airflow/example_dags/tutorial_dag.py took 0.092 seconds
[2024-10-15T21:18:58.876+0530] {processor.py:186} INFO - Started process (PID=3993) to work on /usr/local/lib/python3.10/dist-packages/airflow/example_dags/tutorial_dag.py
[2024-10-15T21:18:58.878+0530] {processor.py:914} INFO - Processing file /usr/local/lib/python3.10/dist-packages/airflow/example_dags/tutorial_dag.py for tasks to queue
[2024-10-15T21:18:58.881+0530] {logging_mixin.py:190} INFO - [2024-10-15T21:18:58.881+0530] {dagbag.py:588} INFO - Filling up the DagBag from /usr/local/lib/python3.10/dist-packages/airflow/example_dags/tutorial_dag.py
[2024-10-15T21:18:58.903+0530] {processor.py:925} INFO - DAG(s) 'tutorial_dag' retrieved from /usr/local/lib/python3.10/dist-packages/airflow/example_dags/tutorial_dag.py
[2024-10-15T21:18:58.924+0530] {logging_mixin.py:190} INFO - [2024-10-15T21:18:58.923+0530] {dag.py:3239} INFO - Sync 1 DAGs
[2024-10-15T21:18:58.938+0530] {logging_mixin.py:190} INFO - [2024-10-15T21:18:58.938+0530] {dag.py:4180} INFO - Setting next_dagrun for tutorial_dag to None, run_after=None
[2024-10-15T21:18:58.967+0530] {processor.py:208} INFO - Processing /usr/local/lib/python3.10/dist-packages/airflow/example_dags/tutorial_dag.py took 0.099 seconds
[2024-10-15T21:19:58.878+0530] {processor.py:186} INFO - Started process (PID=4412) to work on /usr/local/lib/python3.10/dist-packages/airflow/example_dags/tutorial_dag.py
[2024-10-15T21:19:58.882+0530] {processor.py:914} INFO - Processing file /usr/local/lib/python3.10/dist-packages/airflow/example_dags/tutorial_dag.py for tasks to queue
[2024-10-15T21:19:58.884+0530] {logging_mixin.py:190} INFO - [2024-10-15T21:19:58.884+0530] {dagbag.py:588} INFO - Filling up the DagBag from /usr/local/lib/python3.10/dist-packages/airflow/example_dags/tutorial_dag.py
[2024-10-15T21:19:58.890+0530] {processor.py:925} INFO - DAG(s) 'tutorial_dag' retrieved from /usr/local/lib/python3.10/dist-packages/airflow/example_dags/tutorial_dag.py
[2024-10-15T21:19:58.905+0530] {logging_mixin.py:190} INFO - [2024-10-15T21:19:58.904+0530] {dag.py:3239} INFO - Sync 1 DAGs
[2024-10-15T21:19:58.915+0530] {logging_mixin.py:190} INFO - [2024-10-15T21:19:58.915+0530] {dag.py:4180} INFO - Setting next_dagrun for tutorial_dag to None, run_after=None
[2024-10-15T21:19:58.938+0530] {processor.py:208} INFO - Processing /usr/local/lib/python3.10/dist-packages/airflow/example_dags/tutorial_dag.py took 0.065 seconds
[2024-10-15T21:20:30.308+0530] {processor.py:186} INFO - Started process (PID=4559) to work on /usr/local/lib/python3.10/dist-packages/airflow/example_dags/tutorial_dag.py
[2024-10-15T21:20:30.308+0530] {processor.py:914} INFO - Processing file /usr/local/lib/python3.10/dist-packages/airflow/example_dags/tutorial_dag.py for tasks to queue
[2024-10-15T21:20:30.310+0530] {logging_mixin.py:190} INFO - [2024-10-15T21:20:30.310+0530] {dagbag.py:588} INFO - Filling up the DagBag from /usr/local/lib/python3.10/dist-packages/airflow/example_dags/tutorial_dag.py
[2024-10-15T21:20:30.324+0530] {processor.py:925} INFO - DAG(s) 'tutorial_dag' retrieved from /usr/local/lib/python3.10/dist-packages/airflow/example_dags/tutorial_dag.py
[2024-10-15T21:20:30.349+0530] {logging_mixin.py:190} INFO - [2024-10-15T21:20:30.349+0530] {dag.py:3239} INFO - Sync 1 DAGs
[2024-10-15T21:20:30.363+0530] {logging_mixin.py:190} INFO - [2024-10-15T21:20:30.363+0530] {dag.py:4180} INFO - Setting next_dagrun for tutorial_dag to None, run_after=None
[2024-10-15T21:20:30.395+0530] {processor.py:208} INFO - Processing /usr/local/lib/python3.10/dist-packages/airflow/example_dags/tutorial_dag.py took 0.100 seconds
[2024-10-15T21:21:25.241+0530] {processor.py:186} INFO - Started process (PID=4776) to work on /usr/local/lib/python3.10/dist-packages/airflow/example_dags/tutorial_dag.py
[2024-10-15T21:21:25.243+0530] {processor.py:914} INFO - Processing file /usr/local/lib/python3.10/dist-packages/airflow/example_dags/tutorial_dag.py for tasks to queue
[2024-10-15T21:21:25.245+0530] {logging_mixin.py:190} INFO - [2024-10-15T21:21:25.244+0530] {dagbag.py:588} INFO - Filling up the DagBag from /usr/local/lib/python3.10/dist-packages/airflow/example_dags/tutorial_dag.py
[2024-10-15T21:21:25.252+0530] {processor.py:925} INFO - DAG(s) 'tutorial_dag' retrieved from /usr/local/lib/python3.10/dist-packages/airflow/example_dags/tutorial_dag.py
[2024-10-15T21:21:25.266+0530] {logging_mixin.py:190} INFO - [2024-10-15T21:21:25.266+0530] {dag.py:3239} INFO - Sync 1 DAGs
[2024-10-15T21:21:25.276+0530] {logging_mixin.py:190} INFO - [2024-10-15T21:21:25.276+0530] {dag.py:4180} INFO - Setting next_dagrun for tutorial_dag to None, run_after=None
[2024-10-15T21:21:25.297+0530] {processor.py:208} INFO - Processing /usr/local/lib/python3.10/dist-packages/airflow/example_dags/tutorial_dag.py took 0.062 seconds
[2024-10-15T21:22:22.345+0530] {processor.py:186} INFO - Started process (PID=4859) to work on /usr/local/lib/python3.10/dist-packages/airflow/example_dags/tutorial_dag.py
[2024-10-15T21:22:22.347+0530] {processor.py:914} INFO - Processing file /usr/local/lib/python3.10/dist-packages/airflow/example_dags/tutorial_dag.py for tasks to queue
[2024-10-15T21:22:22.350+0530] {logging_mixin.py:190} INFO - [2024-10-15T21:22:22.350+0530] {dagbag.py:588} INFO - Filling up the DagBag from /usr/local/lib/python3.10/dist-packages/airflow/example_dags/tutorial_dag.py
[2024-10-15T21:22:22.358+0530] {processor.py:925} INFO - DAG(s) 'tutorial_dag' retrieved from /usr/local/lib/python3.10/dist-packages/airflow/example_dags/tutorial_dag.py
[2024-10-15T21:22:22.388+0530] {logging_mixin.py:190} INFO - [2024-10-15T21:22:22.387+0530] {dag.py:3239} INFO - Sync 1 DAGs
[2024-10-15T21:22:22.402+0530] {logging_mixin.py:190} INFO - [2024-10-15T21:22:22.402+0530] {dag.py:4180} INFO - Setting next_dagrun for tutorial_dag to None, run_after=None
[2024-10-15T21:22:22.426+0530] {processor.py:208} INFO - Processing /usr/local/lib/python3.10/dist-packages/airflow/example_dags/tutorial_dag.py took 0.092 seconds
[2024-10-15T21:26:23.442+0530] {processor.py:186} INFO - Started process (PID=7038) to work on /usr/local/lib/python3.10/dist-packages/airflow/example_dags/tutorial_dag.py
[2024-10-15T21:26:23.444+0530] {processor.py:914} INFO - Processing file /usr/local/lib/python3.10/dist-packages/airflow/example_dags/tutorial_dag.py for tasks to queue
[2024-10-15T21:26:23.446+0530] {logging_mixin.py:190} INFO - [2024-10-15T21:26:23.446+0530] {dagbag.py:588} INFO - Filling up the DagBag from /usr/local/lib/python3.10/dist-packages/airflow/example_dags/tutorial_dag.py
[2024-10-15T21:26:23.456+0530] {processor.py:925} INFO - DAG(s) 'tutorial_dag' retrieved from /usr/local/lib/python3.10/dist-packages/airflow/example_dags/tutorial_dag.py
[2024-10-15T21:26:23.475+0530] {logging_mixin.py:190} INFO - [2024-10-15T21:26:23.475+0530] {dag.py:3239} INFO - Sync 1 DAGs
[2024-10-15T21:26:23.485+0530] {logging_mixin.py:190} INFO - [2024-10-15T21:26:23.485+0530] {dag.py:4180} INFO - Setting next_dagrun for tutorial_dag to None, run_after=None
[2024-10-15T21:26:23.505+0530] {processor.py:208} INFO - Processing /usr/local/lib/python3.10/dist-packages/airflow/example_dags/tutorial_dag.py took 0.068 seconds
[2024-10-15T21:28:24.469+0530] {processor.py:186} INFO - Started process (PID=7895) to work on /usr/local/lib/python3.10/dist-packages/airflow/example_dags/tutorial_dag.py
[2024-10-15T21:28:24.473+0530] {processor.py:914} INFO - Processing file /usr/local/lib/python3.10/dist-packages/airflow/example_dags/tutorial_dag.py for tasks to queue
[2024-10-15T21:28:24.475+0530] {logging_mixin.py:190} INFO - [2024-10-15T21:28:24.475+0530] {dagbag.py:588} INFO - Filling up the DagBag from /usr/local/lib/python3.10/dist-packages/airflow/example_dags/tutorial_dag.py
[2024-10-15T21:28:24.483+0530] {processor.py:925} INFO - DAG(s) 'tutorial_dag' retrieved from /usr/local/lib/python3.10/dist-packages/airflow/example_dags/tutorial_dag.py
[2024-10-15T21:28:24.496+0530] {logging_mixin.py:190} INFO - [2024-10-15T21:28:24.496+0530] {dag.py:3239} INFO - Sync 1 DAGs
[2024-10-15T21:28:24.506+0530] {logging_mixin.py:190} INFO - [2024-10-15T21:28:24.506+0530] {dag.py:4180} INFO - Setting next_dagrun for tutorial_dag to None, run_after=None
[2024-10-15T21:28:24.527+0530] {processor.py:208} INFO - Processing /usr/local/lib/python3.10/dist-packages/airflow/example_dags/tutorial_dag.py took 0.064 seconds
[2024-10-15T21:30:54.751+0530] {processor.py:186} INFO - Started process (PID=9415) to work on /usr/local/lib/python3.10/dist-packages/airflow/example_dags/tutorial_dag.py
[2024-10-15T21:30:54.756+0530] {processor.py:914} INFO - Processing file /usr/local/lib/python3.10/dist-packages/airflow/example_dags/tutorial_dag.py for tasks to queue
[2024-10-15T21:30:54.759+0530] {logging_mixin.py:190} INFO - [2024-10-15T21:30:54.758+0530] {dagbag.py:588} INFO - Filling up the DagBag from /usr/local/lib/python3.10/dist-packages/airflow/example_dags/tutorial_dag.py
[2024-10-15T21:30:54.766+0530] {processor.py:925} INFO - DAG(s) 'tutorial_dag' retrieved from /usr/local/lib/python3.10/dist-packages/airflow/example_dags/tutorial_dag.py
[2024-10-15T21:30:54.784+0530] {logging_mixin.py:190} INFO - [2024-10-15T21:30:54.784+0530] {dag.py:3239} INFO - Sync 1 DAGs
[2024-10-15T21:30:54.793+0530] {logging_mixin.py:190} INFO - [2024-10-15T21:30:54.793+0530] {dag.py:4180} INFO - Setting next_dagrun for tutorial_dag to None, run_after=None
[2024-10-15T21:30:54.819+0530] {processor.py:208} INFO - Processing /usr/local/lib/python3.10/dist-packages/airflow/example_dags/tutorial_dag.py took 0.072 seconds
[2024-10-15T21:33:24.832+0530] {processor.py:186} INFO - Started process (PID=10871) to work on /usr/local/lib/python3.10/dist-packages/airflow/example_dags/tutorial_dag.py
[2024-10-15T21:33:24.835+0530] {processor.py:914} INFO - Processing file /usr/local/lib/python3.10/dist-packages/airflow/example_dags/tutorial_dag.py for tasks to queue
[2024-10-15T21:33:24.838+0530] {logging_mixin.py:190} INFO - [2024-10-15T21:33:24.837+0530] {dagbag.py:588} INFO - Filling up the DagBag from /usr/local/lib/python3.10/dist-packages/airflow/example_dags/tutorial_dag.py
[2024-10-15T21:33:24.847+0530] {processor.py:925} INFO - DAG(s) 'tutorial_dag' retrieved from /usr/local/lib/python3.10/dist-packages/airflow/example_dags/tutorial_dag.py
[2024-10-15T21:33:24.860+0530] {logging_mixin.py:190} INFO - [2024-10-15T21:33:24.859+0530] {dag.py:3239} INFO - Sync 1 DAGs
[2024-10-15T21:33:24.870+0530] {logging_mixin.py:190} INFO - [2024-10-15T21:33:24.869+0530] {dag.py:4180} INFO - Setting next_dagrun for tutorial_dag to None, run_after=None
[2024-10-15T21:33:24.888+0530] {processor.py:208} INFO - Processing /usr/local/lib/python3.10/dist-packages/airflow/example_dags/tutorial_dag.py took 0.061 seconds
[2024-10-15T21:36:18.163+0530] {processor.py:186} INFO - Started process (PID=12401) to work on /usr/local/lib/python3.10/dist-packages/airflow/example_dags/tutorial_dag.py
[2024-10-15T21:36:18.167+0530] {processor.py:914} INFO - Processing file /usr/local/lib/python3.10/dist-packages/airflow/example_dags/tutorial_dag.py for tasks to queue
[2024-10-15T21:36:18.169+0530] {logging_mixin.py:190} INFO - [2024-10-15T21:36:18.169+0530] {dagbag.py:588} INFO - Filling up the DagBag from /usr/local/lib/python3.10/dist-packages/airflow/example_dags/tutorial_dag.py
[2024-10-15T21:36:18.176+0530] {processor.py:925} INFO - DAG(s) 'tutorial_dag' retrieved from /usr/local/lib/python3.10/dist-packages/airflow/example_dags/tutorial_dag.py
[2024-10-15T21:36:18.189+0530] {logging_mixin.py:190} INFO - [2024-10-15T21:36:18.189+0530] {dag.py:3239} INFO - Sync 1 DAGs
[2024-10-15T21:36:18.201+0530] {logging_mixin.py:190} INFO - [2024-10-15T21:36:18.201+0530] {dag.py:4180} INFO - Setting next_dagrun for tutorial_dag to None, run_after=None
[2024-10-15T21:36:18.217+0530] {processor.py:208} INFO - Processing /usr/local/lib/python3.10/dist-packages/airflow/example_dags/tutorial_dag.py took 0.059 seconds
[2024-10-15T21:40:33.936+0530] {processor.py:186} INFO - Started process (PID=15119) to work on /usr/local/lib/python3.10/dist-packages/airflow/example_dags/tutorial_dag.py
[2024-10-15T21:40:33.939+0530] {processor.py:914} INFO - Processing file /usr/local/lib/python3.10/dist-packages/airflow/example_dags/tutorial_dag.py for tasks to queue
[2024-10-15T21:40:33.941+0530] {logging_mixin.py:190} INFO - [2024-10-15T21:40:33.941+0530] {dagbag.py:588} INFO - Filling up the DagBag from /usr/local/lib/python3.10/dist-packages/airflow/example_dags/tutorial_dag.py
[2024-10-15T21:40:33.952+0530] {processor.py:925} INFO - DAG(s) 'tutorial_dag' retrieved from /usr/local/lib/python3.10/dist-packages/airflow/example_dags/tutorial_dag.py
[2024-10-15T21:40:33.982+0530] {logging_mixin.py:190} INFO - [2024-10-15T21:40:33.979+0530] {dag.py:3239} INFO - Sync 1 DAGs
[2024-10-15T21:40:33.997+0530] {logging_mixin.py:190} INFO - [2024-10-15T21:40:33.996+0530] {dag.py:4180} INFO - Setting next_dagrun for tutorial_dag to None, run_after=None
[2024-10-15T21:40:34.017+0530] {processor.py:208} INFO - Processing /usr/local/lib/python3.10/dist-packages/airflow/example_dags/tutorial_dag.py took 0.087 seconds
[2024-10-15T21:42:37.102+0530] {processor.py:186} INFO - Started process (PID=16115) to work on /usr/local/lib/python3.10/dist-packages/airflow/example_dags/tutorial_dag.py
[2024-10-15T21:42:37.109+0530] {processor.py:914} INFO - Processing file /usr/local/lib/python3.10/dist-packages/airflow/example_dags/tutorial_dag.py for tasks to queue
[2024-10-15T21:42:37.114+0530] {logging_mixin.py:190} INFO - [2024-10-15T21:42:37.113+0530] {dagbag.py:588} INFO - Filling up the DagBag from /usr/local/lib/python3.10/dist-packages/airflow/example_dags/tutorial_dag.py
[2024-10-15T21:42:37.127+0530] {processor.py:925} INFO - DAG(s) 'tutorial_dag' retrieved from /usr/local/lib/python3.10/dist-packages/airflow/example_dags/tutorial_dag.py
[2024-10-15T21:42:37.147+0530] {logging_mixin.py:190} INFO - [2024-10-15T21:42:37.147+0530] {dag.py:3239} INFO - Sync 1 DAGs
[2024-10-15T21:42:37.175+0530] {logging_mixin.py:190} INFO - [2024-10-15T21:42:37.175+0530] {dag.py:4180} INFO - Setting next_dagrun for tutorial_dag to None, run_after=None
[2024-10-15T21:42:37.200+0530] {processor.py:208} INFO - Processing /usr/local/lib/python3.10/dist-packages/airflow/example_dags/tutorial_dag.py took 0.103 seconds
[2024-10-15T21:45:13.990+0530] {processor.py:186} INFO - Started process (PID=17698) to work on /usr/local/lib/python3.10/dist-packages/airflow/example_dags/tutorial_dag.py
[2024-10-15T21:45:13.994+0530] {processor.py:914} INFO - Processing file /usr/local/lib/python3.10/dist-packages/airflow/example_dags/tutorial_dag.py for tasks to queue
[2024-10-15T21:45:13.998+0530] {logging_mixin.py:190} INFO - [2024-10-15T21:45:13.998+0530] {dagbag.py:588} INFO - Filling up the DagBag from /usr/local/lib/python3.10/dist-packages/airflow/example_dags/tutorial_dag.py
[2024-10-15T21:45:14.009+0530] {processor.py:925} INFO - DAG(s) 'tutorial_dag' retrieved from /usr/local/lib/python3.10/dist-packages/airflow/example_dags/tutorial_dag.py
[2024-10-15T21:45:14.040+0530] {logging_mixin.py:190} INFO - [2024-10-15T21:45:14.040+0530] {dag.py:3239} INFO - Sync 1 DAGs
[2024-10-15T21:45:14.057+0530] {logging_mixin.py:190} INFO - [2024-10-15T21:45:14.057+0530] {dag.py:4180} INFO - Setting next_dagrun for tutorial_dag to None, run_after=None
[2024-10-15T21:45:14.076+0530] {processor.py:208} INFO - Processing /usr/local/lib/python3.10/dist-packages/airflow/example_dags/tutorial_dag.py took 0.091 seconds
[2024-10-15T21:46:14.001+0530] {processor.py:186} INFO - Started process (PID=17818) to work on /usr/local/lib/python3.10/dist-packages/airflow/example_dags/tutorial_dag.py
[2024-10-15T21:46:14.004+0530] {processor.py:914} INFO - Processing file /usr/local/lib/python3.10/dist-packages/airflow/example_dags/tutorial_dag.py for tasks to queue
[2024-10-15T21:46:14.006+0530] {logging_mixin.py:190} INFO - [2024-10-15T21:46:14.005+0530] {dagbag.py:588} INFO - Filling up the DagBag from /usr/local/lib/python3.10/dist-packages/airflow/example_dags/tutorial_dag.py
[2024-10-15T21:46:14.016+0530] {processor.py:925} INFO - DAG(s) 'tutorial_dag' retrieved from /usr/local/lib/python3.10/dist-packages/airflow/example_dags/tutorial_dag.py
[2024-10-15T21:46:14.034+0530] {logging_mixin.py:190} INFO - [2024-10-15T21:46:14.034+0530] {dag.py:3239} INFO - Sync 1 DAGs
[2024-10-15T21:46:14.046+0530] {logging_mixin.py:190} INFO - [2024-10-15T21:46:14.046+0530] {dag.py:4180} INFO - Setting next_dagrun for tutorial_dag to None, run_after=None
[2024-10-15T21:46:14.073+0530] {processor.py:208} INFO - Processing /usr/local/lib/python3.10/dist-packages/airflow/example_dags/tutorial_dag.py took 0.082 seconds
[2024-10-15T21:47:59.059+0530] {processor.py:186} INFO - Started process (PID=18338) to work on /usr/local/lib/python3.10/dist-packages/airflow/example_dags/tutorial_dag.py
[2024-10-15T21:47:59.060+0530] {processor.py:914} INFO - Processing file /usr/local/lib/python3.10/dist-packages/airflow/example_dags/tutorial_dag.py for tasks to queue
[2024-10-15T21:47:59.062+0530] {logging_mixin.py:190} INFO - [2024-10-15T21:47:59.062+0530] {dagbag.py:588} INFO - Filling up the DagBag from /usr/local/lib/python3.10/dist-packages/airflow/example_dags/tutorial_dag.py
[2024-10-15T21:47:59.070+0530] {processor.py:925} INFO - DAG(s) 'tutorial_dag' retrieved from /usr/local/lib/python3.10/dist-packages/airflow/example_dags/tutorial_dag.py
[2024-10-15T21:47:59.088+0530] {logging_mixin.py:190} INFO - [2024-10-15T21:47:59.088+0530] {dag.py:3239} INFO - Sync 1 DAGs
[2024-10-15T21:47:59.098+0530] {logging_mixin.py:190} INFO - [2024-10-15T21:47:59.097+0530] {dag.py:4180} INFO - Setting next_dagrun for tutorial_dag to None, run_after=None
[2024-10-15T21:47:59.117+0530] {processor.py:208} INFO - Processing /usr/local/lib/python3.10/dist-packages/airflow/example_dags/tutorial_dag.py took 0.064 seconds
[2024-10-15T21:49:39.090+0530] {processor.py:186} INFO - Started process (PID=19191) to work on /usr/local/lib/python3.10/dist-packages/airflow/example_dags/tutorial_dag.py
[2024-10-15T21:49:39.094+0530] {processor.py:914} INFO - Processing file /usr/local/lib/python3.10/dist-packages/airflow/example_dags/tutorial_dag.py for tasks to queue
[2024-10-15T21:49:39.099+0530] {logging_mixin.py:190} INFO - [2024-10-15T21:49:39.098+0530] {dagbag.py:588} INFO - Filling up the DagBag from /usr/local/lib/python3.10/dist-packages/airflow/example_dags/tutorial_dag.py
[2024-10-15T21:49:39.113+0530] {processor.py:925} INFO - DAG(s) 'tutorial_dag' retrieved from /usr/local/lib/python3.10/dist-packages/airflow/example_dags/tutorial_dag.py
[2024-10-15T21:49:39.135+0530] {logging_mixin.py:190} INFO - [2024-10-15T21:49:39.135+0530] {dag.py:3239} INFO - Sync 1 DAGs
[2024-10-15T21:49:39.153+0530] {logging_mixin.py:190} INFO - [2024-10-15T21:49:39.152+0530] {dag.py:4180} INFO - Setting next_dagrun for tutorial_dag to None, run_after=None
[2024-10-15T21:49:39.172+0530] {processor.py:208} INFO - Processing /usr/local/lib/python3.10/dist-packages/airflow/example_dags/tutorial_dag.py took 0.089 seconds
[2024-10-15T21:50:20.660+0530] {processor.py:186} INFO - Started process (PID=19329) to work on /usr/local/lib/python3.10/dist-packages/airflow/example_dags/tutorial_dag.py
[2024-10-15T21:50:20.663+0530] {processor.py:914} INFO - Processing file /usr/local/lib/python3.10/dist-packages/airflow/example_dags/tutorial_dag.py for tasks to queue
[2024-10-15T21:50:20.666+0530] {logging_mixin.py:190} INFO - [2024-10-15T21:50:20.666+0530] {dagbag.py:588} INFO - Filling up the DagBag from /usr/local/lib/python3.10/dist-packages/airflow/example_dags/tutorial_dag.py
[2024-10-15T21:50:20.678+0530] {processor.py:925} INFO - DAG(s) 'tutorial_dag' retrieved from /usr/local/lib/python3.10/dist-packages/airflow/example_dags/tutorial_dag.py
[2024-10-15T21:50:20.692+0530] {logging_mixin.py:190} INFO - [2024-10-15T21:50:20.692+0530] {dag.py:3239} INFO - Sync 1 DAGs
[2024-10-15T21:50:20.707+0530] {logging_mixin.py:190} INFO - [2024-10-15T21:50:20.707+0530] {dag.py:4180} INFO - Setting next_dagrun for tutorial_dag to None, run_after=None
[2024-10-15T21:50:20.737+0530] {processor.py:208} INFO - Processing /usr/local/lib/python3.10/dist-packages/airflow/example_dags/tutorial_dag.py took 0.090 seconds
[2024-10-15T21:51:19.383+0530] {processor.py:186} INFO - Started process (PID=19521) to work on /usr/local/lib/python3.10/dist-packages/airflow/example_dags/tutorial_dag.py
[2024-10-15T21:51:19.386+0530] {processor.py:914} INFO - Processing file /usr/local/lib/python3.10/dist-packages/airflow/example_dags/tutorial_dag.py for tasks to queue
[2024-10-15T21:51:19.388+0530] {logging_mixin.py:190} INFO - [2024-10-15T21:51:19.388+0530] {dagbag.py:588} INFO - Filling up the DagBag from /usr/local/lib/python3.10/dist-packages/airflow/example_dags/tutorial_dag.py
[2024-10-15T21:51:19.398+0530] {processor.py:925} INFO - DAG(s) 'tutorial_dag' retrieved from /usr/local/lib/python3.10/dist-packages/airflow/example_dags/tutorial_dag.py
[2024-10-15T21:51:19.413+0530] {logging_mixin.py:190} INFO - [2024-10-15T21:51:19.413+0530] {dag.py:3239} INFO - Sync 1 DAGs
[2024-10-15T21:51:19.422+0530] {logging_mixin.py:190} INFO - [2024-10-15T21:51:19.422+0530] {dag.py:4180} INFO - Setting next_dagrun for tutorial_dag to None, run_after=None
[2024-10-15T21:51:19.439+0530] {processor.py:208} INFO - Processing /usr/local/lib/python3.10/dist-packages/airflow/example_dags/tutorial_dag.py took 0.075 seconds
[2024-10-15T21:57:57.081+0530] {processor.py:186} INFO - Started process (PID=20258) to work on /usr/local/lib/python3.10/dist-packages/airflow/example_dags/tutorial_dag.py
[2024-10-15T21:57:57.086+0530] {processor.py:914} INFO - Processing file /usr/local/lib/python3.10/dist-packages/airflow/example_dags/tutorial_dag.py for tasks to queue
[2024-10-15T21:57:57.089+0530] {logging_mixin.py:190} INFO - [2024-10-15T21:57:57.088+0530] {dagbag.py:588} INFO - Filling up the DagBag from /usr/local/lib/python3.10/dist-packages/airflow/example_dags/tutorial_dag.py
[2024-10-15T21:57:57.101+0530] {processor.py:925} INFO - DAG(s) 'tutorial_dag' retrieved from /usr/local/lib/python3.10/dist-packages/airflow/example_dags/tutorial_dag.py
[2024-10-15T21:57:57.115+0530] {logging_mixin.py:190} INFO - [2024-10-15T21:57:57.115+0530] {dag.py:3239} INFO - Sync 1 DAGs
[2024-10-15T21:57:57.126+0530] {logging_mixin.py:190} INFO - [2024-10-15T21:57:57.126+0530] {dag.py:4180} INFO - Setting next_dagrun for tutorial_dag to None, run_after=None
[2024-10-15T21:57:57.150+0530] {processor.py:208} INFO - Processing /usr/local/lib/python3.10/dist-packages/airflow/example_dags/tutorial_dag.py took 0.076 seconds
