[2024-10-15T12:47:01.913+0530] {local_task_job_runner.py:123} INFO - ::group::Pre task execution logs
[2024-10-15T12:47:01.920+0530] {taskinstance.py:2612} INFO - Dependencies all met for dep_context=non-requeueable deps ti=<TaskInstance: example_bash_operator.also_run_this scheduled__2024-10-14T00:00:00+00:00 [queued]>
[2024-10-15T12:47:01.924+0530] {taskinstance.py:2612} INFO - Dependencies all met for dep_context=requeueable deps ti=<TaskInstance: example_bash_operator.also_run_this scheduled__2024-10-14T00:00:00+00:00 [queued]>
[2024-10-15T12:47:01.925+0530] {taskinstance.py:2865} INFO - Starting attempt 1 of 1
[2024-10-15T12:47:01.937+0530] {taskinstance.py:2888} INFO - Executing <Task(BashOperator): also_run_this> on 2024-10-14 00:00:00+00:00
[2024-10-15T12:47:01.940+0530] {standard_task_runner.py:72} INFO - Started process 8183 to run task
[2024-10-15T12:47:01.946+0530] {standard_task_runner.py:104} INFO - Running: ['airflow', 'tasks', 'run', 'example_bash_operator', 'also_run_this', 'scheduled__2024-10-14T00:00:00+00:00', '--job-id', '9', '--raw', '--subdir', '/usr/local/lib/python3.10/dist-packages/airflow/example_dags/example_bash_operator.py', '--cfg-path', '/tmp/tmp2lgkplwv']
[2024-10-15T12:47:01.947+0530] {standard_task_runner.py:105} INFO - Job 9: Subtask also_run_this
[2024-10-15T12:47:01.984+0530] {task_command.py:467} INFO - Running <TaskInstance: example_bash_operator.also_run_this scheduled__2024-10-14T00:00:00+00:00 [running]> on host tce.myguest.virtualbox.org
[2024-10-15T12:47:02.036+0530] {taskinstance.py:3131} INFO - Exporting env vars: AIRFLOW_CTX_DAG_OWNER='airflow' AIRFLOW_CTX_DAG_ID='example_bash_operator' AIRFLOW_CTX_TASK_ID='also_run_this' AIRFLOW_CTX_EXECUTION_DATE='2024-10-14T00:00:00+00:00' AIRFLOW_CTX_TRY_NUMBER='1' AIRFLOW_CTX_DAG_RUN_ID='scheduled__2024-10-14T00:00:00+00:00'
[2024-10-15T12:47:02.037+0530] {logging_mixin.py:190} INFO - Task instance is in running state
[2024-10-15T12:47:02.037+0530] {logging_mixin.py:190} INFO -  Previous state of the Task instance: queued
[2024-10-15T12:47:02.037+0530] {logging_mixin.py:190} INFO - Current task name:also_run_this state:running start_date:2024-10-15 07:17:01.921203+00:00
[2024-10-15T12:47:02.037+0530] {logging_mixin.py:190} INFO - Dag name:example_bash_operator and current dag run status:running
[2024-10-15T12:47:02.037+0530] {taskinstance.py:731} INFO - ::endgroup::
[2024-10-15T12:47:02.038+0530] {subprocess.py:63} INFO - Tmp dir root location: /tmp
[2024-10-15T12:47:02.038+0530] {subprocess.py:75} INFO - Running command: ['/usr/bin/bash', '-c', 'echo "ti_key=example_bash_operator__also_run_this__20241014"']
[2024-10-15T12:47:02.044+0530] {subprocess.py:86} INFO - Output:
[2024-10-15T12:47:02.045+0530] {subprocess.py:93} INFO - ti_key=example_bash_operator__also_run_this__20241014
[2024-10-15T12:47:02.045+0530] {subprocess.py:97} INFO - Command exited with return code 0
[2024-10-15T12:47:02.059+0530] {taskinstance.py:340} INFO - ::group::Post task execution logs
[2024-10-15T12:47:02.059+0530] {taskinstance.py:352} INFO - Marking task as SUCCESS. dag_id=example_bash_operator, task_id=also_run_this, run_id=scheduled__2024-10-14T00:00:00+00:00, execution_date=20241014T000000, start_date=20241015T071701, end_date=20241015T071702
[2024-10-15T12:47:02.066+0530] {logging_mixin.py:190} INFO - Task instance in success state
[2024-10-15T12:47:02.066+0530] {logging_mixin.py:190} INFO -  Previous state of the Task instance: running
[2024-10-15T12:47:02.067+0530] {logging_mixin.py:190} INFO - Dag name:example_bash_operator queued_at:2024-10-15 07:16:36.767315+00:00
[2024-10-15T12:47:02.067+0530] {logging_mixin.py:190} INFO - Task hostname:tce.myguest.virtualbox.org operator:BashOperator
[2024-10-15T12:47:02.088+0530] {local_task_job_runner.py:266} INFO - Task exited with return code 0
[2024-10-15T12:47:02.100+0530] {taskinstance.py:3900} INFO - 0 downstream tasks scheduled from follow-on schedule check
[2024-10-15T12:47:02.101+0530] {local_task_job_runner.py:245} INFO - ::endgroup::
