[2024-10-16T10:27:49.861+0530] {local_task_job_runner.py:123} INFO - ::group::Pre task execution logs
[2024-10-16T10:27:49.869+0530] {taskinstance.py:2612} INFO - Dependencies all met for dep_context=non-requeueable deps ti=<TaskInstance: home_schedule_dag.perform_analytics manual__2024-10-16T04:57:46.509718+00:00 [queued]>
[2024-10-16T10:27:49.873+0530] {taskinstance.py:2612} INFO - Dependencies all met for dep_context=requeueable deps ti=<TaskInstance: home_schedule_dag.perform_analytics manual__2024-10-16T04:57:46.509718+00:00 [queued]>
[2024-10-16T10:27:49.873+0530] {taskinstance.py:2865} INFO - Starting attempt 1 of 11
[2024-10-16T10:27:49.887+0530] {taskinstance.py:2888} INFO - Executing <Task(PythonOperator): perform_analytics> on 2024-10-16 04:57:46.509718+00:00
[2024-10-16T10:27:49.890+0530] {standard_task_runner.py:72} INFO - Started process 7104 to run task
[2024-10-16T10:27:49.896+0530] {standard_task_runner.py:104} INFO - Running: ['airflow', 'tasks', 'run', 'home_schedule_dag', 'perform_analytics', 'manual__2024-10-16T04:57:46.509718+00:00', '--job-id', '33', '--raw', '--subdir', 'DAGS_FOLDER/home_schedule_dag.py', '--cfg-path', '/tmp/tmpfofcm3s3']
[2024-10-16T10:27:49.897+0530] {standard_task_runner.py:105} INFO - Job 33: Subtask perform_analytics
[2024-10-16T10:27:49.934+0530] {task_command.py:467} INFO - Running <TaskInstance: home_schedule_dag.perform_analytics manual__2024-10-16T04:57:46.509718+00:00 [running]> on host tce.myguest.virtualbox.org
[2024-10-16T10:27:49.989+0530] {taskinstance.py:3131} INFO - Exporting env vars: AIRFLOW_CTX_DAG_OWNER='airflow' AIRFLOW_CTX_DAG_ID='home_schedule_dag' AIRFLOW_CTX_TASK_ID='perform_analytics' AIRFLOW_CTX_EXECUTION_DATE='2024-10-16T04:57:46.509718+00:00' AIRFLOW_CTX_TRY_NUMBER='1' AIRFLOW_CTX_DAG_RUN_ID='manual__2024-10-16T04:57:46.509718+00:00'
[2024-10-16T10:27:49.990+0530] {logging_mixin.py:190} INFO - Task instance is in running state
[2024-10-16T10:27:49.990+0530] {logging_mixin.py:190} INFO -  Previous state of the Task instance: queued
[2024-10-16T10:27:49.990+0530] {logging_mixin.py:190} INFO - Current task name:perform_analytics state:running start_date:2024-10-16 04:57:49.869431+00:00
[2024-10-16T10:27:49.990+0530] {logging_mixin.py:190} INFO - Dag name:home_schedule_dag and current dag run status:running
[2024-10-16T10:27:49.991+0530] {taskinstance.py:731} INFO - ::endgroup::
[2024-10-16T10:27:55.457+0530] {logging_mixin.py:190} INFO - Reading the CSV file...
[2024-10-16T10:28:02.389+0530] {logging_mixin.py:190} INFO - CSV file loaded successfully!
[2024-10-16T10:28:02.389+0530] {logging_mixin.py:190} INFO - DataFrame Schema:
[2024-10-16T10:28:02.391+0530] {logging_mixin.py:190} INFO - root
 |-- id: string (nullable = true)
 |-- date: string (nullable = true)
 |-- price: double (nullable = true)
 |-- bedrooms: string (nullable = true)
 |-- bathrooms: string (nullable = true)
 |-- sqft_living: string (nullable = true)
 |-- sqft_lot: string (nullable = true)
 |-- floors: string (nullable = true)
 |-- waterfront: string (nullable = true)
 |-- view: string (nullable = true)
 |-- condition: string (nullable = true)
 |-- grade: string (nullable = true)
 |-- yr_built: string (nullable = true)
 |-- zipcode: string (nullable = true)
 |-- lat: string (nullable = true)
 |-- long: string (nullable = true)
[2024-10-16T10:28:02.391+0530] {logging_mixin.py:190} INFO - First few rows of the DataFrame:
[2024-10-16T10:28:03.211+0530] {logging_mixin.py:190} INFO - +----------+---------------+---------+--------+---------+-----------+--------+------+----------+-------+---------+-----+--------+-------+-------+--------+
|        id|           date|    price|bedrooms|bathrooms|sqft_living|sqft_lot|floors|waterfront|   view|condition|grade|yr_built|zipcode|    lat|    long|
+----------+---------------+---------+--------+---------+-----------+--------+------+----------+-------+---------+-----+--------+-------+-------+--------+
|        id|           date|     NULL|bedrooms|bathrooms|sqft_living|sqft_lot|floors|waterfront|   view|condition|grade|yr_built|zipcode|    lat|    long|
| 629000615|20141022T000000|1495000.0|       4|     3.25|       3070|   10375|     2|        No|No View|  Average|   10|    1962|  98004|47.5862|-122.198|
|4141800215|20141126T000000|1495000.0|       4|     3.75|       3770|    4000|   2.5|        No|No View|Very Good|    9|    1916|  98122|47.6157|-122.287|
|6448000020|20150129T000000|1490000.0|       4|      2.5|       2420|   18480|     1|        No|No View|     Good|    9|    1967|  98004|47.6214|-122.227|
|9522300010|20150331T000000|1490000.0|       3|      3.5|       4560|   14608|     2|        No|Average|  Average|   12|    1990|  98034|47.6995|-122.228|
+----------+---------------+---------+--------+---------+-----------+--------+------+----------+-------+---------+-----+--------+-------+-------+--------+
only showing top 5 rows
[2024-10-16T10:28:04.097+0530] {logging_mixin.py:190} INFO - Calculating price statistics by zipcode...
[2024-10-16T10:28:05.512+0530] {logging_mixin.py:190} INFO - Price statistics saved to /home/vboxuser/airflow/dags/analytics/price_stats_by_zipcode
[2024-10-16T10:28:05.512+0530] {logging_mixin.py:190} INFO - Analyzing house features...
[2024-10-16T10:28:06.501+0530] {logging_mixin.py:190} INFO - House features analysis saved to /home/vboxuser/airflow/dags/analytics/house_features_analysis
[2024-10-16T10:28:06.502+0530] {logging_mixin.py:190} INFO - Analyzing condition and grade distribution...
[2024-10-16T10:28:07.258+0530] {logging_mixin.py:190} INFO - Condition and grade distribution saved to /home/vboxuser/airflow/dags/analytics/condition_distribution
[2024-10-16T10:28:07.258+0530] {logging_mixin.py:190} INFO - Analyzing waterfront properties...
[2024-10-16T10:28:07.915+0530] {logging_mixin.py:190} INFO - Waterfront analysis saved to /home/vboxuser/airflow/dags/analytics/waterfront_analysis
[2024-10-16T10:28:07.915+0530] {logging_mixin.py:190} INFO - Consolidating CSV files from /home/vboxuser/airflow/dags/analytics/price_stats_by_zipcode into /home/vboxuser/airflow/dags/analytics/price_stats_by_zipcode_final.csv...
[2024-10-16T10:28:07.916+0530] {logging_mixin.py:190} INFO - Consolidated files into /home/vboxuser/airflow/dags/analytics/price_stats_by_zipcode_final.csv
[2024-10-16T10:28:07.916+0530] {logging_mixin.py:190} INFO - Consolidating CSV files from /home/vboxuser/airflow/dags/analytics/house_features_analysis into /home/vboxuser/airflow/dags/analytics/house_features_analysis_final.csv...
[2024-10-16T10:28:07.920+0530] {logging_mixin.py:190} INFO - Consolidated files into /home/vboxuser/airflow/dags/analytics/house_features_analysis_final.csv
[2024-10-16T10:28:07.920+0530] {logging_mixin.py:190} INFO - Consolidating CSV files from /home/vboxuser/airflow/dags/analytics/condition_distribution into /home/vboxuser/airflow/dags/analytics/condition_distribution_final.csv...
[2024-10-16T10:28:07.921+0530] {logging_mixin.py:190} INFO - Consolidated files into /home/vboxuser/airflow/dags/analytics/condition_distribution_final.csv
[2024-10-16T10:28:07.921+0530] {logging_mixin.py:190} INFO - Consolidating CSV files from /home/vboxuser/airflow/dags/analytics/waterfront_analysis into /home/vboxuser/airflow/dags/analytics/waterfront_analysis_final.csv...
[2024-10-16T10:28:07.921+0530] {logging_mixin.py:190} INFO - Consolidated files into /home/vboxuser/airflow/dags/analytics/waterfront_analysis_final.csv
[2024-10-16T10:28:07.922+0530] {logging_mixin.py:190} INFO - Integrating with Google Drive...
[2024-10-16T10:28:07.926+0530] {__init__.py:49} INFO - file_cache is only supported with oauth2client<4.0.0
[2024-10-16T10:28:07.928+0530] {logging_mixin.py:190} INFO - Google Drive authentication successful!
[2024-10-16T10:28:07.929+0530] {logging_mixin.py:190} INFO - Deleting old files from Google Drive folder...
[2024-10-16T10:28:10.558+0530] {logging_mixin.py:190} INFO - Error deleting files: ('invalid_grant: Token has been expired or revoked.', {'error': 'invalid_grant', 'error_description': 'Token has been expired or revoked.'})
[2024-10-16T10:28:10.561+0530] {logging_mixin.py:190} INFO - Uploading consolidated CSV files to Google Drive...
[2024-10-16T10:28:11.150+0530] {logging_mixin.py:190} INFO - Error uploading price_stats_by_zipcode_final.csv to Google Drive: ('invalid_grant: Token has been expired or revoked.', {'error': 'invalid_grant', 'error_description': 'Token has been expired or revoked.'})
[2024-10-16T10:28:11.749+0530] {logging_mixin.py:190} INFO - Error uploading house_features_analysis_final.csv to Google Drive: ('invalid_grant: Token has been expired or revoked.', {'error': 'invalid_grant', 'error_description': 'Token has been expired or revoked.'})
[2024-10-16T10:28:12.325+0530] {logging_mixin.py:190} INFO - Error uploading condition_distribution_final.csv to Google Drive: ('invalid_grant: Token has been expired or revoked.', {'error': 'invalid_grant', 'error_description': 'Token has been expired or revoked.'})
[2024-10-16T10:28:13.031+0530] {logging_mixin.py:190} INFO - Error uploading waterfront_analysis_final.csv to Google Drive: ('invalid_grant: Token has been expired or revoked.', {'error': 'invalid_grant', 'error_description': 'Token has been expired or revoked.'})
[2024-10-16T10:28:13.031+0530] {python.py:240} INFO - Done. Returned value was: None
[2024-10-16T10:28:13.040+0530] {taskinstance.py:340} INFO - ::group::Post task execution logs
[2024-10-16T10:28:13.040+0530] {taskinstance.py:352} INFO - Marking task as SUCCESS. dag_id=home_schedule_dag, task_id=perform_analytics, run_id=manual__2024-10-16T04:57:46.509718+00:00, execution_date=20241016T045746, start_date=20241016T045749, end_date=20241016T045813
[2024-10-16T10:28:13.052+0530] {logging_mixin.py:190} INFO - Task instance in success state
[2024-10-16T10:28:13.053+0530] {logging_mixin.py:190} INFO -  Previous state of the Task instance: running
[2024-10-16T10:28:13.053+0530] {logging_mixin.py:190} INFO - Dag name:home_schedule_dag queued_at:2024-10-16 04:57:46.526784+00:00
[2024-10-16T10:28:13.053+0530] {logging_mixin.py:190} INFO - Task hostname:tce.myguest.virtualbox.org operator:PythonOperator
[2024-10-16T10:28:13.081+0530] {local_task_job_runner.py:266} INFO - Task exited with return code 0
[2024-10-16T10:28:13.110+0530] {taskinstance.py:3900} INFO - 0 downstream tasks scheduled from follow-on schedule check
[2024-10-16T10:28:13.111+0530] {local_task_job_runner.py:245} INFO - ::endgroup::
