[2024-10-16T10:03:45.658+0530] {local_task_job_runner.py:123} INFO - ::group::Pre task execution logs
[2024-10-16T10:03:45.667+0530] {taskinstance.py:2612} INFO - Dependencies all met for dep_context=non-requeueable deps ti=<TaskInstance: example_bash_operator.runme_2 scheduled__2024-10-15T00:00:00+00:00 [queued]>
[2024-10-16T10:03:45.674+0530] {taskinstance.py:2612} INFO - Dependencies all met for dep_context=requeueable deps ti=<TaskInstance: example_bash_operator.runme_2 scheduled__2024-10-15T00:00:00+00:00 [queued]>
[2024-10-16T10:03:45.676+0530] {taskinstance.py:2865} INFO - Starting attempt 1 of 1
[2024-10-16T10:03:45.692+0530] {taskinstance.py:2888} INFO - Executing <Task(BashOperator): runme_2> on 2024-10-15 00:00:00+00:00
[2024-10-16T10:03:45.706+0530] {standard_task_runner.py:72} INFO - Started process 3047 to run task
[2024-10-16T10:03:45.711+0530] {standard_task_runner.py:104} INFO - Running: ['airflow', 'tasks', 'run', 'example_bash_operator', 'runme_2', 'scheduled__2024-10-15T00:00:00+00:00', '--job-id', '28', '--raw', '--subdir', '/usr/local/lib/python3.10/dist-packages/airflow/example_dags/example_bash_operator.py', '--cfg-path', '/tmp/tmp2p0cr66y']
[2024-10-16T10:03:45.712+0530] {standard_task_runner.py:105} INFO - Job 28: Subtask runme_2
[2024-10-16T10:03:45.747+0530] {task_command.py:467} INFO - Running <TaskInstance: example_bash_operator.runme_2 scheduled__2024-10-15T00:00:00+00:00 [running]> on host tce.myguest.virtualbox.org
[2024-10-16T10:03:45.797+0530] {taskinstance.py:3131} INFO - Exporting env vars: AIRFLOW_CTX_DAG_OWNER='airflow' AIRFLOW_CTX_DAG_ID='example_bash_operator' AIRFLOW_CTX_TASK_ID='runme_2' AIRFLOW_CTX_EXECUTION_DATE='2024-10-15T00:00:00+00:00' AIRFLOW_CTX_TRY_NUMBER='1' AIRFLOW_CTX_DAG_RUN_ID='scheduled__2024-10-15T00:00:00+00:00'
[2024-10-16T10:03:45.798+0530] {logging_mixin.py:190} INFO - Task instance is in running state
[2024-10-16T10:03:45.799+0530] {logging_mixin.py:190} INFO -  Previous state of the Task instance: queued
[2024-10-16T10:03:45.799+0530] {logging_mixin.py:190} INFO - Current task name:runme_2 state:running start_date:2024-10-16 04:33:45.667649+00:00
[2024-10-16T10:03:45.799+0530] {logging_mixin.py:190} INFO - Dag name:example_bash_operator and current dag run status:running
[2024-10-16T10:03:45.799+0530] {taskinstance.py:731} INFO - ::endgroup::
[2024-10-16T10:03:45.800+0530] {subprocess.py:63} INFO - Tmp dir root location: /tmp
[2024-10-16T10:03:45.800+0530] {subprocess.py:75} INFO - Running command: ['/usr/bin/bash', '-c', 'echo "example_bash_operator__runme_2__20241015" && sleep 1']
[2024-10-16T10:03:45.805+0530] {subprocess.py:86} INFO - Output:
[2024-10-16T10:03:45.806+0530] {subprocess.py:93} INFO - example_bash_operator__runme_2__20241015
[2024-10-16T10:03:46.809+0530] {subprocess.py:97} INFO - Command exited with return code 0
[2024-10-16T10:03:46.839+0530] {taskinstance.py:340} INFO - ::group::Post task execution logs
[2024-10-16T10:03:46.841+0530] {taskinstance.py:352} INFO - Marking task as SUCCESS. dag_id=example_bash_operator, task_id=runme_2, run_id=scheduled__2024-10-15T00:00:00+00:00, execution_date=20241015T000000, start_date=20241016T043345, end_date=20241016T043346
[2024-10-16T10:03:46.856+0530] {logging_mixin.py:190} INFO - Task instance in success state
[2024-10-16T10:03:46.857+0530] {logging_mixin.py:190} INFO -  Previous state of the Task instance: running
[2024-10-16T10:03:46.857+0530] {logging_mixin.py:190} INFO - Dag name:example_bash_operator queued_at:2024-10-16 04:33:37.862635+00:00
[2024-10-16T10:03:46.857+0530] {logging_mixin.py:190} INFO - Task hostname:tce.myguest.virtualbox.org operator:BashOperator
[2024-10-16T10:03:46.878+0530] {local_task_job_runner.py:266} INFO - Task exited with return code 0
[2024-10-16T10:03:46.904+0530] {taskinstance.py:3900} INFO - 1 downstream tasks scheduled from follow-on schedule check
[2024-10-16T10:03:46.909+0530] {local_task_job_runner.py:245} INFO - ::endgroup::
